ARM GAS  /tmp/cc9C4usx.s 			page 1


   1              		.syntax unified
   2              		.cpu cortex-m4
   3              		.fpu softvfp
   4              		.eabi_attribute 20, 1
   5              		.eabi_attribute 21, 1
   6              		.eabi_attribute 23, 3
   7              		.eabi_attribute 24, 1
   8              		.eabi_attribute 25, 1
   9              		.eabi_attribute 26, 1
  10              		.eabi_attribute 30, 6
  11              		.eabi_attribute 34, 1
  12              		.eabi_attribute 18, 4
  13              		.thumb
  14              		.file	"chmemcore.c"
  15              		.text
  16              	.Ltext0:
  17              		.cfi_sections	.debug_frame
  18              		.section	.text.port_lock,"ax",%progbits
  19              		.align	2
  20              		.p2align 4,,15
  21              		.thumb
  22              		.thumb_func
  23              		.type	port_lock, %function
  24              	port_lock:
  25              	.LFB127:
  26              		.file 1 "/home/efe/ChibiOS/os/rt/ports/ARMCMx/chcore_v7m.h"
  27              		.loc 1 456 0
  28              		.cfi_startproc
  29              		@ args = 0, pretend = 0, frame = 8
  30              		@ frame_needed = 0, uses_anonymous_args = 0
  31              		@ link register save eliminated.
  32 0000 82B0     		sub	sp, sp, #8
  33              		.cfi_def_cfa_offset 8
  34 0002 2023     		movs	r3, #32
  35 0004 0193     		str	r3, [sp, #4]
  36              	.LBB6:
  37              	.LBB7:
  38              		.file 2 "/home/efe/ChibiOS/os/ext/CMSIS/include/core_cmFunc.h"
  39              		.loc 2 548 0
  40 0006 019B     		ldr	r3, [sp, #4]
  41              	@ 548 "/home/efe/ChibiOS/os/ext/CMSIS/include/core_cmFunc.h" 1
  42 0008 83F31188 		MSR basepri, r3
  43              	@ 0 "" 2
  44              		.thumb
  45              	.LBE7:
  46              	.LBE6:
  47              		.loc 1 463 0
  48 000c 02B0     		add	sp, sp, #8
  49              		@ sp needed
  50 000e 7047     		bx	lr
  51              		.cfi_endproc
  52              	.LFE127:
  53              		.size	port_lock, .-port_lock
  54              		.section	.text.port_unlock,"ax",%progbits
  55              		.align	2
  56              		.p2align 4,,15
  57              		.thumb
ARM GAS  /tmp/cc9C4usx.s 			page 2


  58              		.thumb_func
  59              		.type	port_unlock, %function
  60              	port_unlock:
  61              	.LFB128:
  62              		.loc 1 470 0
  63              		.cfi_startproc
  64              		@ args = 0, pretend = 0, frame = 8
  65              		@ frame_needed = 0, uses_anonymous_args = 0
  66              		@ link register save eliminated.
  67 0000 82B0     		sub	sp, sp, #8
  68              		.cfi_def_cfa_offset 8
  69 0002 0023     		movs	r3, #0
  70 0004 0193     		str	r3, [sp, #4]
  71              	.LBB8:
  72              	.LBB9:
  73              		.loc 2 548 0
  74 0006 019B     		ldr	r3, [sp, #4]
  75              	@ 548 "/home/efe/ChibiOS/os/ext/CMSIS/include/core_cmFunc.h" 1
  76 0008 83F31188 		MSR basepri, r3
  77              	@ 0 "" 2
  78              		.thumb
  79              	.LBE9:
  80              	.LBE8:
  81              		.loc 1 477 0
  82 000c 02B0     		add	sp, sp, #8
  83              		@ sp needed
  84 000e 7047     		bx	lr
  85              		.cfi_endproc
  86              	.LFE128:
  87              		.size	port_unlock, .-port_unlock
  88              		.section	.text.chSysLock,"ax",%progbits
  89              		.align	2
  90              		.p2align 4,,15
  91              		.thumb
  92              		.thumb_func
  93              		.type	chSysLock, %function
  94              	chSysLock:
  95              	.LFB167:
  96              		.file 3 "/home/efe/ChibiOS/os/rt/include/chsys.h"
  97              		.loc 3 346 0
  98              		.cfi_startproc
  99              		@ args = 0, pretend = 0, frame = 0
 100              		@ frame_needed = 0, uses_anonymous_args = 0
 101 0000 08B5     		push	{r3, lr}
 102              		.cfi_def_cfa_offset 8
 103              		.cfi_offset 3, -8
 104              		.cfi_offset 14, -4
 105              		.loc 3 348 0
 106 0002 FFF7FEFF 		bl	port_lock
 107              		.loc 3 349 0
 108 0006 FFF7FEFF 		bl	_stats_start_measure_crit_thd
 109              		.loc 3 350 0
 110 000a FFF7FEFF 		bl	_dbg_check_lock
 111              		.loc 3 351 0
 112 000e 08BD     		pop	{r3, pc}
 113              		.cfi_endproc
 114              	.LFE167:
ARM GAS  /tmp/cc9C4usx.s 			page 3


 115              		.size	chSysLock, .-chSysLock
 116              		.section	.text.chSysUnlock,"ax",%progbits
 117              		.align	2
 118              		.p2align 4,,15
 119              		.thumb
 120              		.thumb_func
 121              		.type	chSysUnlock, %function
 122              	chSysUnlock:
 123              	.LFB168:
 124              		.loc 3 358 0
 125              		.cfi_startproc
 126              		@ args = 0, pretend = 0, frame = 0
 127              		@ frame_needed = 0, uses_anonymous_args = 0
 128 0000 08B5     		push	{r3, lr}
 129              		.cfi_def_cfa_offset 8
 130              		.cfi_offset 3, -8
 131              		.cfi_offset 14, -4
 132              		.loc 3 360 0
 133 0002 FFF7FEFF 		bl	_dbg_check_unlock
 134              		.loc 3 361 0
 135 0006 FFF7FEFF 		bl	_stats_stop_measure_crit_thd
 136              		.loc 3 367 0
 137 000a 094B     		ldr	r3, .L6
 138 000c 1A68     		ldr	r2, [r3]
 139 000e 084B     		ldr	r3, .L6
 140 0010 9A42     		cmp	r2, r3
 141 0012 0AD0     		beq	.L5
 142              		.loc 3 367 0 is_stmt 0 discriminator 1
 143 0014 064B     		ldr	r3, .L6
 144 0016 9B69     		ldr	r3, [r3, #24]
 145 0018 9A68     		ldr	r2, [r3, #8]
 146 001a 054B     		ldr	r3, .L6
 147 001c 1B68     		ldr	r3, [r3]
 148 001e 9B68     		ldr	r3, [r3, #8]
 149 0020 9A42     		cmp	r2, r3
 150 0022 02D2     		bcs	.L5
 151 0024 0348     		ldr	r0, .L6+4
 152 0026 FFF7FEFF 		bl	chSysHalt
 153              	.L5:
 154              		.loc 3 371 0 is_stmt 1
 155 002a FFF7FEFF 		bl	port_unlock
 156              		.loc 3 372 0
 157 002e 08BD     		pop	{r3, pc}
 158              	.L7:
 159              		.align	2
 160              	.L6:
 161 0030 00000000 		.word	ch
 162 0034 00000000 		.word	__func__.5925
 163              		.cfi_endproc
 164              	.LFE168:
 165              		.size	chSysUnlock, .-chSysUnlock
 166 0038 AFF30080 		.section	.bss.nextmem,"aw",%nobits
 166      AFF30080 
 167              		.align	2
 168              		.type	nextmem, %object
 169              		.size	nextmem, 4
 170              	nextmem:
ARM GAS  /tmp/cc9C4usx.s 			page 4


 171 0000 00000000 		.space	4
 172              		.section	.bss.endmem,"aw",%nobits
 173              		.align	2
 174              		.type	endmem, %object
 175              		.size	endmem, 4
 176              	endmem:
 177 0000 00000000 		.space	4
 178              		.section	.text._core_init,"ax",%progbits
 179              		.align	2
 180              		.p2align 4,,15
 181              		.global	_core_init
 182              		.thumb
 183              		.thumb_func
 184              		.type	_core_init, %function
 185              	_core_init:
 186              	.LFB240:
 187              		.file 4 "/home/efe/ChibiOS/os/rt/src/chmemcore.c"
 188              		.loc 4 78 0
 189              		.cfi_startproc
 190              		@ args = 0, pretend = 0, frame = 0
 191              		@ frame_needed = 0, uses_anonymous_args = 0
 192              		@ link register save eliminated.
 193              		.loc 4 84 0
 194 0000 064B     		ldr	r3, .L9
 195 0002 0733     		adds	r3, r3, #7
 196 0004 23F00703 		bic	r3, r3, #7
 197 0008 1A46     		mov	r2, r3
 198 000a 054B     		ldr	r3, .L9+4
 199 000c 1A60     		str	r2, [r3]
 200              		.loc 4 85 0
 201 000e 054B     		ldr	r3, .L9+8
 202 0010 23F00703 		bic	r3, r3, #7
 203 0014 1A46     		mov	r2, r3
 204 0016 044B     		ldr	r3, .L9+12
 205 0018 1A60     		str	r2, [r3]
 206              		.loc 4 95 0
 207 001a 7047     		bx	lr
 208              	.L10:
 209              		.align	2
 210              	.L9:
 211 001c 00000000 		.word	__heap_base__
 212 0020 00000000 		.word	nextmem
 213 0024 00000000 		.word	__heap_end__
 214 0028 00000000 		.word	endmem
 215              		.cfi_endproc
 216              	.LFE240:
 217              		.size	_core_init, .-_core_init
 218 002c AFF30080 		.section	.text.chCoreAlloc,"ax",%progbits
 219              		.align	2
 220              		.p2align 4,,15
 221              		.global	chCoreAlloc
 222              		.thumb
 223              		.thumb_func
 224              		.type	chCoreAlloc, %function
 225              	chCoreAlloc:
 226              	.LFB241:
 227              		.loc 4 109 0
ARM GAS  /tmp/cc9C4usx.s 			page 5


 228              		.cfi_startproc
 229              		@ args = 0, pretend = 0, frame = 16
 230              		@ frame_needed = 0, uses_anonymous_args = 0
 231 0000 00B5     		push	{lr}
 232              		.cfi_def_cfa_offset 4
 233              		.cfi_offset 14, -4
 234 0002 85B0     		sub	sp, sp, #20
 235              		.cfi_def_cfa_offset 24
 236 0004 0190     		str	r0, [sp, #4]
 237              		.loc 4 112 0
 238 0006 FFF7FEFF 		bl	chSysLock
 239              		.loc 4 113 0
 240 000a 0198     		ldr	r0, [sp, #4]
 241 000c FFF7FEFF 		bl	chCoreAllocI
 242 0010 0390     		str	r0, [sp, #12]
 243              		.loc 4 114 0
 244 0012 FFF7FEFF 		bl	chSysUnlock
 245              		.loc 4 116 0
 246 0016 039B     		ldr	r3, [sp, #12]
 247              		.loc 4 117 0
 248 0018 1846     		mov	r0, r3
 249 001a 05B0     		add	sp, sp, #20
 250              		@ sp needed
 251 001c 5DF804FB 		ldr	pc, [sp], #4
 252              		.cfi_endproc
 253              	.LFE241:
 254              		.size	chCoreAlloc, .-chCoreAlloc
 255              		.section	.text.chCoreAllocI,"ax",%progbits
 256              		.align	2
 257              		.p2align 4,,15
 258              		.global	chCoreAllocI
 259              		.thumb
 260              		.thumb_func
 261              		.type	chCoreAllocI, %function
 262              	chCoreAllocI:
 263              	.LFB242:
 264              		.loc 4 131 0
 265              		.cfi_startproc
 266              		@ args = 0, pretend = 0, frame = 16
 267              		@ frame_needed = 0, uses_anonymous_args = 0
 268 0000 00B5     		push	{lr}
 269              		.cfi_def_cfa_offset 4
 270              		.cfi_offset 14, -4
 271 0002 85B0     		sub	sp, sp, #20
 272              		.cfi_def_cfa_offset 24
 273 0004 0190     		str	r0, [sp, #4]
 274              		.loc 4 134 0
 275 0006 FFF7FEFF 		bl	chDbgCheckClassI
 276              		.loc 4 136 0
 277 000a 019B     		ldr	r3, [sp, #4]
 278 000c 0733     		adds	r3, r3, #7
 279 000e 23F00703 		bic	r3, r3, #7
 280 0012 0193     		str	r3, [sp, #4]
 281              		.loc 4 138 0
 282 0014 0C4B     		ldr	r3, .L16
 283 0016 1B68     		ldr	r3, [r3]
 284 0018 1A46     		mov	r2, r3
ARM GAS  /tmp/cc9C4usx.s 			page 6


 285 001a 0C4B     		ldr	r3, .L16+4
 286 001c 1B68     		ldr	r3, [r3]
 287 001e D31A     		subs	r3, r2, r3
 288 0020 1A46     		mov	r2, r3
 289 0022 019B     		ldr	r3, [sp, #4]
 290 0024 9A42     		cmp	r2, r3
 291 0026 01D2     		bcs	.L14
 292              		.loc 4 140 0
 293 0028 0023     		movs	r3, #0
 294 002a 09E0     		b	.L15
 295              	.L14:
 296              		.loc 4 142 0
 297 002c 074B     		ldr	r3, .L16+4
 298 002e 1B68     		ldr	r3, [r3]
 299 0030 0393     		str	r3, [sp, #12]
 300              		.loc 4 143 0
 301 0032 064B     		ldr	r3, .L16+4
 302 0034 1A68     		ldr	r2, [r3]
 303 0036 019B     		ldr	r3, [sp, #4]
 304 0038 1A44     		add	r2, r2, r3
 305 003a 044B     		ldr	r3, .L16+4
 306 003c 1A60     		str	r2, [r3]
 307              		.loc 4 145 0
 308 003e 039B     		ldr	r3, [sp, #12]
 309              	.L15:
 310              		.loc 4 146 0
 311 0040 1846     		mov	r0, r3
 312 0042 05B0     		add	sp, sp, #20
 313              		@ sp needed
 314 0044 5DF804FB 		ldr	pc, [sp], #4
 315              	.L17:
 316              		.align	2
 317              	.L16:
 318 0048 00000000 		.word	endmem
 319 004c 00000000 		.word	nextmem
 320              		.cfi_endproc
 321              	.LFE242:
 322              		.size	chCoreAllocI, .-chCoreAllocI
 323              		.section	.text.chCoreGetStatusX,"ax",%progbits
 324              		.align	2
 325              		.p2align 4,,15
 326              		.global	chCoreGetStatusX
 327              		.thumb
 328              		.thumb_func
 329              		.type	chCoreGetStatusX, %function
 330              	chCoreGetStatusX:
 331              	.LFB243:
 332              		.loc 4 155 0
 333              		.cfi_startproc
 334              		@ args = 0, pretend = 0, frame = 0
 335              		@ frame_needed = 0, uses_anonymous_args = 0
 336              		@ link register save eliminated.
 337              		.loc 4 158 0
 338 0000 034B     		ldr	r3, .L20
 339 0002 1B68     		ldr	r3, [r3]
 340 0004 1A46     		mov	r2, r3
 341 0006 034B     		ldr	r3, .L20+4
ARM GAS  /tmp/cc9C4usx.s 			page 7


 342 0008 1B68     		ldr	r3, [r3]
 343 000a D31A     		subs	r3, r2, r3
 344              		.loc 4 160 0
 345 000c 1846     		mov	r0, r3
 346 000e 7047     		bx	lr
 347              	.L21:
 348              		.align	2
 349              	.L20:
 350 0010 00000000 		.word	endmem
 351 0014 00000000 		.word	nextmem
 352              		.cfi_endproc
 353              	.LFE243:
 354              		.size	chCoreGetStatusX, .-chCoreGetStatusX
 355 0018 AFF30080 		.section	.rodata.__func__.5925,"a",%progbits
 355      AFF30080 
 356              		.align	2
 357              		.type	__func__.5925, %object
 358              		.size	__func__.5925, 12
 359              	__func__.5925:
 360 0000 63685379 		.ascii	"chSysUnlock\000"
 360      73556E6C 
 360      6F636B00 
 361              		.text
 362              	.Letext0:
 363              		.file 5 "/usr/lib/gcc/arm-none-eabi/4.8/include/stddef.h"
 364              		.file 6 "/usr/include/newlib/machine/_default_types.h"
 365              		.file 7 "/usr/include/newlib/stdint.h"
 366              		.file 8 "/home/efe/ChibiOS/os/rt/ports/ARMCMx/compilers/GCC/chtypes.h"
 367              		.file 9 "/home/efe/ChibiOS/os/rt/include/chsystypes.h"
 368              		.file 10 "/home/efe/ChibiOS/os/rt/include/chschd.h"
 369              		.file 11 "/home/efe/ChibiOS/os/rt/ports/ARMCMx/chcore.h"
 370              		.file 12 "/home/efe/ChibiOS/os/rt/include/chdebug.h"
 371              		.file 13 "/home/efe/ChibiOS/os/rt/include/chtm.h"
 372              		.file 14 "/home/efe/ChibiOS/os/rt/include/chstats.h"
 373              		.file 15 "/home/efe/ChibiOS/os/rt/include/chsem.h"
 374              		.file 16 "/home/efe/ChibiOS/os/rt/include/chmtx.h"
 375              		.file 17 "/home/efe/ChibiOS/os/ext/CMSIS/include/core_cm4.h"
 376              		.section	.debug_info,"",%progbits
 377              	.Ldebug_info0:
 378 0000 82090000 		.4byte	0x982
 379 0004 0400     		.2byte	0x4
 380 0006 00000000 		.4byte	.Ldebug_abbrev0
 381 000a 04       		.byte	0x4
 382 000b 01       		.uleb128 0x1
 383 000c 94010000 		.4byte	.LASF140
 384 0010 01       		.byte	0x1
 385 0011 5B050000 		.4byte	.LASF141
 386 0015 00000000 		.4byte	.Ldebug_ranges0+0
 387 0019 00000000 		.4byte	0
 388 001d 00000000 		.4byte	.Ldebug_line0
 389 0021 02       		.uleb128 0x2
 390 0022 04       		.byte	0x4
 391 0023 05       		.byte	0x5
 392 0024 696E7400 		.ascii	"int\000"
 393 0028 03       		.uleb128 0x3
 394 0029 1C000000 		.4byte	.LASF2
 395 002d 05       		.byte	0x5
ARM GAS  /tmp/cc9C4usx.s 			page 8


 396 002e D4       		.byte	0xd4
 397 002f 33000000 		.4byte	0x33
 398 0033 04       		.uleb128 0x4
 399 0034 04       		.byte	0x4
 400 0035 07       		.byte	0x7
 401 0036 C9020000 		.4byte	.LASF0
 402 003a 04       		.uleb128 0x4
 403 003b 01       		.byte	0x1
 404 003c 06       		.byte	0x6
 405 003d 2C010000 		.4byte	.LASF1
 406 0041 03       		.uleb128 0x3
 407 0042 4C000000 		.4byte	.LASF3
 408 0046 06       		.byte	0x6
 409 0047 1D       		.byte	0x1d
 410 0048 4C000000 		.4byte	0x4c
 411 004c 04       		.uleb128 0x4
 412 004d 01       		.byte	0x1
 413 004e 08       		.byte	0x8
 414 004f 70040000 		.4byte	.LASF4
 415 0053 04       		.uleb128 0x4
 416 0054 02       		.byte	0x2
 417 0055 05       		.byte	0x5
 418 0056 93040000 		.4byte	.LASF5
 419 005a 04       		.uleb128 0x4
 420 005b 02       		.byte	0x2
 421 005c 07       		.byte	0x7
 422 005d FC020000 		.4byte	.LASF6
 423 0061 03       		.uleb128 0x3
 424 0062 73030000 		.4byte	.LASF7
 425 0066 06       		.byte	0x6
 426 0067 3F       		.byte	0x3f
 427 0068 6C000000 		.4byte	0x6c
 428 006c 04       		.uleb128 0x4
 429 006d 04       		.byte	0x4
 430 006e 05       		.byte	0x5
 431 006f 7C010000 		.4byte	.LASF8
 432 0073 03       		.uleb128 0x3
 433 0074 BE050000 		.4byte	.LASF9
 434 0078 06       		.byte	0x6
 435 0079 41       		.byte	0x41
 436 007a 7E000000 		.4byte	0x7e
 437 007e 04       		.uleb128 0x4
 438 007f 04       		.byte	0x4
 439 0080 07       		.byte	0x7
 440 0081 44050000 		.4byte	.LASF10
 441 0085 04       		.uleb128 0x4
 442 0086 08       		.byte	0x8
 443 0087 05       		.byte	0x5
 444 0088 1E010000 		.4byte	.LASF11
 445 008c 03       		.uleb128 0x3
 446 008d 18040000 		.4byte	.LASF12
 447 0091 06       		.byte	0x6
 448 0092 5B       		.byte	0x5b
 449 0093 97000000 		.4byte	0x97
 450 0097 04       		.uleb128 0x4
 451 0098 08       		.byte	0x8
 452 0099 07       		.byte	0x7
ARM GAS  /tmp/cc9C4usx.s 			page 9


 453 009a A5000000 		.4byte	.LASF13
 454 009e 03       		.uleb128 0x3
 455 009f 3B060000 		.4byte	.LASF14
 456 00a3 07       		.byte	0x7
 457 00a4 2A       		.byte	0x2a
 458 00a5 41000000 		.4byte	0x41
 459 00a9 03       		.uleb128 0x3
 460 00aa 68040000 		.4byte	.LASF15
 461 00ae 07       		.byte	0x7
 462 00af 41       		.byte	0x41
 463 00b0 61000000 		.4byte	0x61
 464 00b4 03       		.uleb128 0x3
 465 00b5 13050000 		.4byte	.LASF16
 466 00b9 07       		.byte	0x7
 467 00ba 42       		.byte	0x42
 468 00bb 73000000 		.4byte	0x73
 469 00bf 03       		.uleb128 0x3
 470 00c0 2A000000 		.4byte	.LASF17
 471 00c4 07       		.byte	0x7
 472 00c5 4E       		.byte	0x4e
 473 00c6 8C000000 		.4byte	0x8c
 474 00ca 05       		.uleb128 0x5
 475 00cb A9000000 		.4byte	0xa9
 476 00cf 03       		.uleb128 0x3
 477 00d0 F0050000 		.4byte	.LASF18
 478 00d4 08       		.byte	0x8
 479 00d5 45       		.byte	0x45
 480 00d6 B4000000 		.4byte	0xb4
 481 00da 03       		.uleb128 0x3
 482 00db 0E010000 		.4byte	.LASF19
 483 00df 08       		.byte	0x8
 484 00e0 46       		.byte	0x46
 485 00e1 BF000000 		.4byte	0xbf
 486 00e5 03       		.uleb128 0x3
 487 00e6 46030000 		.4byte	.LASF20
 488 00ea 08       		.byte	0x8
 489 00eb 48       		.byte	0x48
 490 00ec 9E000000 		.4byte	0x9e
 491 00f0 03       		.uleb128 0x3
 492 00f1 85010000 		.4byte	.LASF21
 493 00f5 08       		.byte	0x8
 494 00f6 49       		.byte	0x49
 495 00f7 9E000000 		.4byte	0x9e
 496 00fb 03       		.uleb128 0x3
 497 00fc 2E040000 		.4byte	.LASF22
 498 0100 08       		.byte	0x8
 499 0101 4A       		.byte	0x4a
 500 0102 9E000000 		.4byte	0x9e
 501 0106 03       		.uleb128 0x3
 502 0107 57040000 		.4byte	.LASF23
 503 010b 08       		.byte	0x8
 504 010c 4C       		.byte	0x4c
 505 010d B4000000 		.4byte	0xb4
 506 0111 03       		.uleb128 0x3
 507 0112 28030000 		.4byte	.LASF24
 508 0116 08       		.byte	0x8
 509 0117 4D       		.byte	0x4d
ARM GAS  /tmp/cc9C4usx.s 			page 10


 510 0118 A9000000 		.4byte	0xa9
 511 011c 03       		.uleb128 0x3
 512 011d 67030000 		.4byte	.LASF25
 513 0121 08       		.byte	0x8
 514 0122 4F       		.byte	0x4f
 515 0123 B4000000 		.4byte	0xb4
 516 0127 03       		.uleb128 0x3
 517 0128 B8020000 		.4byte	.LASF26
 518 012c 08       		.byte	0x8
 519 012d 51       		.byte	0x51
 520 012e A9000000 		.4byte	0xa9
 521 0132 03       		.uleb128 0x3
 522 0133 33030000 		.4byte	.LASF27
 523 0137 08       		.byte	0x8
 524 0138 52       		.byte	0x52
 525 0139 B4000000 		.4byte	0xb4
 526 013d 03       		.uleb128 0x3
 527 013e A0050000 		.4byte	.LASF28
 528 0142 09       		.byte	0x9
 529 0143 33       		.byte	0x33
 530 0144 B4000000 		.4byte	0xb4
 531 0148 03       		.uleb128 0x3
 532 0149 83050000 		.4byte	.LASF29
 533 014d 09       		.byte	0x9
 534 014e 3F       		.byte	0x3f
 535 014f 53010000 		.4byte	0x153
 536 0153 06       		.uleb128 0x6
 537 0154 1E030000 		.4byte	.LASF51
 538 0158 60       		.byte	0x60
 539 0159 0A       		.byte	0xa
 540 015a C2       		.byte	0xc2
 541 015b 59020000 		.4byte	0x259
 542 015f 07       		.uleb128 0x7
 543 0160 C0040000 		.4byte	.LASF30
 544 0164 0A       		.byte	0xa
 545 0165 C3       		.byte	0xc3
 546 0166 64020000 		.4byte	0x264
 547 016a 00       		.byte	0
 548 016b 07       		.uleb128 0x7
 549 016c 50040000 		.4byte	.LASF31
 550 0170 0A       		.byte	0xa
 551 0171 C5       		.byte	0xc5
 552 0172 64020000 		.4byte	0x264
 553 0176 04       		.byte	0x4
 554 0177 07       		.uleb128 0x7
 555 0178 17010000 		.4byte	.LASF32
 556 017c 0A       		.byte	0xa
 557 017d C7       		.byte	0xc7
 558 017e 06010000 		.4byte	0x106
 559 0182 08       		.byte	0x8
 560 0183 07       		.uleb128 0x7
 561 0184 A1060000 		.4byte	.LASF33
 562 0188 0A       		.byte	0xa
 563 0189 C8       		.byte	0xc8
 564 018a CD040000 		.4byte	0x4cd
 565 018e 0C       		.byte	0xc
 566 018f 07       		.uleb128 0x7
ARM GAS  /tmp/cc9C4usx.s 			page 11


 567 0190 44020000 		.4byte	.LASF34
 568 0194 0A       		.byte	0xa
 569 0195 CA       		.byte	0xca
 570 0196 64020000 		.4byte	0x264
 571 019a 10       		.byte	0x10
 572 019b 07       		.uleb128 0x7
 573 019c E7030000 		.4byte	.LASF35
 574 01a0 0A       		.byte	0xa
 575 01a1 CB       		.byte	0xcb
 576 01a2 64020000 		.4byte	0x264
 577 01a6 14       		.byte	0x14
 578 01a7 07       		.uleb128 0x7
 579 01a8 4A060000 		.4byte	.LASF36
 580 01ac 0A       		.byte	0xa
 581 01ad D2       		.byte	0xd2
 582 01ae 71070000 		.4byte	0x771
 583 01b2 18       		.byte	0x18
 584 01b3 07       		.uleb128 0x7
 585 01b4 BE020000 		.4byte	.LASF37
 586 01b8 0A       		.byte	0xa
 587 01b9 D8       		.byte	0xd8
 588 01ba 83070000 		.4byte	0x783
 589 01be 1C       		.byte	0x1c
 590 01bf 07       		.uleb128 0x7
 591 01c0 9D040000 		.4byte	.LASF38
 592 01c4 0A       		.byte	0xa
 593 01c5 DD       		.byte	0xdd
 594 01c6 F0000000 		.4byte	0xf0
 595 01ca 20       		.byte	0x20
 596 01cb 07       		.uleb128 0x7
 597 01cc C7040000 		.4byte	.LASF39
 598 01d0 0A       		.byte	0xa
 599 01d1 E1       		.byte	0xe1
 600 01d2 E5000000 		.4byte	0xe5
 601 01d6 21       		.byte	0x21
 602 01d7 07       		.uleb128 0x7
 603 01d8 26060000 		.4byte	.LASF40
 604 01dc 0A       		.byte	0xa
 605 01dd E6       		.byte	0xe6
 606 01de FB000000 		.4byte	0xfb
 607 01e2 22       		.byte	0x22
 608 01e3 08       		.uleb128 0x8
 609 01e4 705F7500 		.ascii	"p_u\000"
 610 01e8 0A       		.byte	0xa
 611 01e9 3101     		.2byte	0x131
 612 01eb AC060000 		.4byte	0x6ac
 613 01ef 24       		.byte	0x24
 614 01f0 09       		.uleb128 0x9
 615 01f1 88030000 		.4byte	.LASF41
 616 01f5 0A       		.byte	0xa
 617 01f6 3601     		.2byte	0x136
 618 01f8 6A020000 		.4byte	0x26a
 619 01fc 28       		.byte	0x28
 620 01fd 09       		.uleb128 0x9
 621 01fe E5020000 		.4byte	.LASF42
 622 0202 0A       		.byte	0xa
 623 0203 3C01     		.2byte	0x13c
ARM GAS  /tmp/cc9C4usx.s 			page 12


 624 0205 8E020000 		.4byte	0x28e
 625 0209 2C       		.byte	0x2c
 626 020a 09       		.uleb128 0x9
 627 020b 7E060000 		.4byte	.LASF43
 628 020f 0A       		.byte	0xa
 629 0210 4001     		.2byte	0x140
 630 0212 11010000 		.4byte	0x111
 631 0216 34       		.byte	0x34
 632 0217 09       		.uleb128 0x9
 633 0218 08050000 		.4byte	.LASF44
 634 021c 0A       		.byte	0xa
 635 021d 4601     		.2byte	0x146
 636 021f 1C010000 		.4byte	0x11c
 637 0223 38       		.byte	0x38
 638 0224 09       		.uleb128 0x9
 639 0225 89040000 		.4byte	.LASF45
 640 0229 0A       		.byte	0xa
 641 022a 4D01     		.2byte	0x14d
 642 022c 6B070000 		.4byte	0x76b
 643 0230 3C       		.byte	0x3c
 644 0231 09       		.uleb128 0x9
 645 0232 AA050000 		.4byte	.LASF46
 646 0236 0A       		.byte	0xa
 647 0237 5101     		.2byte	0x151
 648 0239 06010000 		.4byte	0x106
 649 023d 40       		.byte	0x40
 650 023e 09       		.uleb128 0x9
 651 023f 38010000 		.4byte	.LASF47
 652 0243 0A       		.byte	0xa
 653 0244 5801     		.2byte	0x158
 654 0246 41030000 		.4byte	0x341
 655 024a 44       		.byte	0x44
 656 024b 09       		.uleb128 0x9
 657 024c D8040000 		.4byte	.LASF48
 658 0250 0A       		.byte	0xa
 659 0251 5E01     		.2byte	0x15e
 660 0253 5D060000 		.4byte	0x65d
 661 0257 48       		.byte	0x48
 662 0258 00       		.byte	0
 663 0259 03       		.uleb128 0x3
 664 025a 9B030000 		.4byte	.LASF49
 665 025e 09       		.byte	0x9
 666 025f 44       		.byte	0x44
 667 0260 64020000 		.4byte	0x264
 668 0264 0A       		.uleb128 0xa
 669 0265 04       		.byte	0x4
 670 0266 48010000 		.4byte	0x148
 671 026a 03       		.uleb128 0x3
 672 026b 56060000 		.4byte	.LASF50
 673 026f 09       		.byte	0x9
 674 0270 49       		.byte	0x49
 675 0271 75020000 		.4byte	0x275
 676 0275 06       		.uleb128 0x6
 677 0276 34050000 		.4byte	.LASF52
 678 027a 04       		.byte	0x4
 679 027b 0A       		.byte	0xa
 680 027c B0       		.byte	0xb0
ARM GAS  /tmp/cc9C4usx.s 			page 13


 681 027d 8E020000 		.4byte	0x28e
 682 0281 07       		.uleb128 0x7
 683 0282 C0040000 		.4byte	.LASF30
 684 0286 0A       		.byte	0xa
 685 0287 B1       		.byte	0xb1
 686 0288 64020000 		.4byte	0x264
 687 028c 00       		.byte	0
 688 028d 00       		.byte	0
 689 028e 03       		.uleb128 0x3
 690 028f 0D060000 		.4byte	.LASF53
 691 0293 09       		.byte	0x9
 692 0294 50       		.byte	0x50
 693 0295 99020000 		.4byte	0x299
 694 0299 06       		.uleb128 0x6
 695 029a 62000000 		.4byte	.LASF54
 696 029e 08       		.byte	0x8
 697 029f 0A       		.byte	0xa
 698 02a0 B7       		.byte	0xb7
 699 02a1 BE020000 		.4byte	0x2be
 700 02a5 07       		.uleb128 0x7
 701 02a6 C0040000 		.4byte	.LASF30
 702 02aa 0A       		.byte	0xa
 703 02ab B8       		.byte	0xb8
 704 02ac 64020000 		.4byte	0x264
 705 02b0 00       		.byte	0
 706 02b1 07       		.uleb128 0x7
 707 02b2 50040000 		.4byte	.LASF31
 708 02b6 0A       		.byte	0xa
 709 02b7 B9       		.byte	0xb9
 710 02b8 64020000 		.4byte	0x264
 711 02bc 04       		.byte	0x4
 712 02bd 00       		.byte	0
 713 02be 03       		.uleb128 0x3
 714 02bf 07000000 		.4byte	.LASF55
 715 02c3 09       		.byte	0x9
 716 02c4 57       		.byte	0x57
 717 02c5 C9020000 		.4byte	0x2c9
 718 02c9 0B       		.uleb128 0xb
 719 02ca 59030000 		.4byte	.LASF56
 720 02ce 1C       		.byte	0x1c
 721 02cf 0A       		.byte	0xa
 722 02d0 9001     		.2byte	0x190
 723 02d2 25030000 		.4byte	0x325
 724 02d6 09       		.uleb128 0x9
 725 02d7 23050000 		.4byte	.LASF57
 726 02db 0A       		.byte	0xa
 727 02dc 9101     		.2byte	0x191
 728 02de 8E020000 		.4byte	0x28e
 729 02e2 00       		.byte	0
 730 02e3 09       		.uleb128 0x9
 731 02e4 B2040000 		.4byte	.LASF58
 732 02e8 0A       		.byte	0xa
 733 02e9 9201     		.2byte	0x192
 734 02eb 06010000 		.4byte	0x106
 735 02ef 08       		.byte	0x8
 736 02f0 09       		.uleb128 0x9
 737 02f1 EF030000 		.4byte	.LASF59
ARM GAS  /tmp/cc9C4usx.s 			page 14


 738 02f5 0A       		.byte	0xa
 739 02f6 9401     		.2byte	0x194
 740 02f8 CD040000 		.4byte	0x4cd
 741 02fc 0C       		.byte	0xc
 742 02fd 09       		.uleb128 0x9
 743 02fe 69020000 		.4byte	.LASF60
 744 0302 0A       		.byte	0xa
 745 0303 9701     		.2byte	0x197
 746 0305 64020000 		.4byte	0x264
 747 0309 10       		.byte	0x10
 748 030a 09       		.uleb128 0x9
 749 030b 10040000 		.4byte	.LASF61
 750 030f 0A       		.byte	0xa
 751 0310 9801     		.2byte	0x198
 752 0312 64020000 		.4byte	0x264
 753 0316 14       		.byte	0x14
 754 0317 09       		.uleb128 0x9
 755 0318 06040000 		.4byte	.LASF62
 756 031c 0A       		.byte	0xa
 757 031d 9B01     		.2byte	0x19b
 758 031f 64020000 		.4byte	0x264
 759 0323 18       		.byte	0x18
 760 0324 00       		.byte	0
 761 0325 03       		.uleb128 0x3
 762 0326 B5050000 		.4byte	.LASF63
 763 032a 09       		.byte	0x9
 764 032b 5C       		.byte	0x5c
 765 032c 30030000 		.4byte	0x330
 766 0330 0A       		.uleb128 0xa
 767 0331 04       		.byte	0x4
 768 0332 36030000 		.4byte	0x336
 769 0336 0C       		.uleb128 0xc
 770 0337 41030000 		.4byte	0x341
 771 033b 0D       		.uleb128 0xd
 772 033c 41030000 		.4byte	0x341
 773 0340 00       		.byte	0
 774 0341 0E       		.uleb128 0xe
 775 0342 04       		.byte	0x4
 776 0343 03       		.uleb128 0x3
 777 0344 40040000 		.4byte	.LASF64
 778 0348 09       		.byte	0x9
 779 0349 61       		.byte	0x61
 780 034a 4E030000 		.4byte	0x34e
 781 034e 0B       		.uleb128 0xb
 782 034f EA040000 		.4byte	.LASF65
 783 0353 14       		.byte	0x14
 784 0354 0A       		.byte	0xa
 785 0355 6B01     		.2byte	0x16b
 786 0357 9D030000 		.4byte	0x39d
 787 035b 09       		.uleb128 0x9
 788 035c D6020000 		.4byte	.LASF66
 789 0360 0A       		.byte	0xa
 790 0361 6C01     		.2byte	0x16c
 791 0363 89070000 		.4byte	0x789
 792 0367 00       		.byte	0
 793 0368 09       		.uleb128 0x9
 794 0369 7A020000 		.4byte	.LASF67
ARM GAS  /tmp/cc9C4usx.s 			page 15


 795 036d 0A       		.byte	0xa
 796 036e 6D01     		.2byte	0x16d
 797 0370 89070000 		.4byte	0x789
 798 0374 04       		.byte	0x4
 799 0375 09       		.uleb128 0x9
 800 0376 2B050000 		.4byte	.LASF68
 801 037a 0A       		.byte	0xa
 802 037b 6E01     		.2byte	0x16e
 803 037d 3D010000 		.4byte	0x13d
 804 0381 08       		.byte	0x8
 805 0382 09       		.uleb128 0x9
 806 0383 A7060000 		.4byte	.LASF69
 807 0387 0A       		.byte	0xa
 808 0388 6F01     		.2byte	0x16f
 809 038a 25030000 		.4byte	0x325
 810 038e 0C       		.byte	0xc
 811 038f 09       		.uleb128 0x9
 812 0390 F8050000 		.4byte	.LASF70
 813 0394 0A       		.byte	0xa
 814 0395 7101     		.2byte	0x171
 815 0397 41030000 		.4byte	0x341
 816 039b 10       		.byte	0x10
 817 039c 00       		.byte	0
 818 039d 03       		.uleb128 0x3
 819 039e EB000000 		.4byte	.LASF71
 820 03a2 09       		.byte	0x9
 821 03a3 66       		.byte	0x66
 822 03a4 A8030000 		.4byte	0x3a8
 823 03a8 0B       		.uleb128 0xb
 824 03a9 AE030000 		.4byte	.LASF72
 825 03ad 10       		.byte	0x10
 826 03ae 0A       		.byte	0xa
 827 03af 7B01     		.2byte	0x17b
 828 03b1 EA030000 		.4byte	0x3ea
 829 03b5 09       		.uleb128 0x9
 830 03b6 D6020000 		.4byte	.LASF66
 831 03ba 0A       		.byte	0xa
 832 03bb 7C01     		.2byte	0x17c
 833 03bd 89070000 		.4byte	0x789
 834 03c1 00       		.byte	0
 835 03c2 09       		.uleb128 0x9
 836 03c3 7A020000 		.4byte	.LASF67
 837 03c7 0A       		.byte	0xa
 838 03c8 7E01     		.2byte	0x17e
 839 03ca 89070000 		.4byte	0x789
 840 03ce 04       		.byte	0x4
 841 03cf 09       		.uleb128 0x9
 842 03d0 2B050000 		.4byte	.LASF68
 843 03d4 0A       		.byte	0xa
 844 03d5 8001     		.2byte	0x180
 845 03d7 3D010000 		.4byte	0x13d
 846 03db 08       		.byte	0x8
 847 03dc 09       		.uleb128 0x9
 848 03dd DB030000 		.4byte	.LASF73
 849 03e1 0A       		.byte	0xa
 850 03e2 8801     		.2byte	0x188
 851 03e4 3D010000 		.4byte	0x13d
ARM GAS  /tmp/cc9C4usx.s 			page 16


 852 03e8 0C       		.byte	0xc
 853 03e9 00       		.byte	0
 854 03ea 03       		.uleb128 0x3
 855 03eb 73000000 		.4byte	.LASF74
 856 03ef 09       		.byte	0x9
 857 03f0 6B       		.byte	0x6b
 858 03f1 F5030000 		.4byte	0x3f5
 859 03f5 0F       		.uleb128 0xf
 860 03f6 82020000 		.4byte	.LASF75
 861 03fa 1404     		.2byte	0x414
 862 03fc 0A       		.byte	0xa
 863 03fd A201     		.2byte	0x1a2
 864 03ff 38040000 		.4byte	0x438
 865 0403 09       		.uleb128 0x9
 866 0404 D7050000 		.4byte	.LASF76
 867 0408 0A       		.byte	0xa
 868 0409 AA01     		.2byte	0x1aa
 869 040b 8F070000 		.4byte	0x78f
 870 040f 00       		.byte	0
 871 0410 09       		.uleb128 0x9
 872 0411 2D060000 		.4byte	.LASF77
 873 0415 0A       		.byte	0xa
 874 0416 AF01     		.2byte	0x1af
 875 0418 27010000 		.4byte	0x127
 876 041c 04       		.byte	0x4
 877 041d 09       		.uleb128 0x9
 878 041e A0020000 		.4byte	.LASF78
 879 0422 0A       		.byte	0xa
 880 0423 B301     		.2byte	0x1b3
 881 0425 27010000 		.4byte	0x127
 882 0429 08       		.byte	0x8
 883 042a 09       		.uleb128 0x9
 884 042b 65060000 		.4byte	.LASF79
 885 042f 0A       		.byte	0xa
 886 0430 B901     		.2byte	0x1b9
 887 0432 EF050000 		.4byte	0x5ef
 888 0436 0C       		.byte	0xc
 889 0437 00       		.byte	0
 890 0438 03       		.uleb128 0x3
 891 0439 3A030000 		.4byte	.LASF80
 892 043d 09       		.byte	0x9
 893 043e 70       		.byte	0x70
 894 043f 43040000 		.4byte	0x443
 895 0443 0F       		.uleb128 0xf
 896 0444 72010000 		.4byte	.LASF81
 897 0448 D805     		.2byte	0x5d8
 898 044a 0A       		.byte	0xa
 899 044b C201     		.2byte	0x1c2
 900 044d B0040000 		.4byte	0x4b0
 901 0451 09       		.uleb128 0x9
 902 0452 35060000 		.4byte	.LASF82
 903 0456 0A       		.byte	0xa
 904 0457 C601     		.2byte	0x1c6
 905 0459 BE020000 		.4byte	0x2be
 906 045d 00       		.byte	0
 907 045e 09       		.uleb128 0x9
 908 045f 48010000 		.4byte	.LASF83
ARM GAS  /tmp/cc9C4usx.s 			page 17


 909 0463 0A       		.byte	0xa
 910 0464 CA01     		.2byte	0x1ca
 911 0466 9D030000 		.4byte	0x39d
 912 046a 1C       		.byte	0x1c
 913 046b 08       		.uleb128 0x8
 914 046c 64626700 		.ascii	"dbg\000"
 915 0470 0A       		.byte	0xa
 916 0471 CE01     		.2byte	0x1ce
 917 0473 EA030000 		.4byte	0x3ea
 918 0477 2C       		.byte	0x2c
 919 0478 10       		.uleb128 0x10
 920 0479 E0000000 		.4byte	.LASF84
 921 047d 0A       		.byte	0xa
 922 047e D201     		.2byte	0x1d2
 923 0480 48010000 		.4byte	0x148
 924 0484 4004     		.2byte	0x440
 925 0486 11       		.uleb128 0x11
 926 0487 746D00   		.ascii	"tm\000"
 927 048a 0A       		.byte	0xa
 928 048b D701     		.2byte	0x1d7
 929 048d 0F060000 		.4byte	0x60f
 930 0491 A004     		.2byte	0x4a0
 931 0493 10       		.uleb128 0x10
 932 0494 33000000 		.4byte	.LASF85
 933 0498 0A       		.byte	0xa
 934 0499 DD01     		.2byte	0x1dd
 935 049b A1060000 		.4byte	0x6a1
 936 049f A804     		.2byte	0x4a8
 937 04a1 10       		.uleb128 0x10
 938 04a2 A9020000 		.4byte	.LASF86
 939 04a6 0A       		.byte	0xa
 940 04a7 E301     		.2byte	0x1e3
 941 04a9 94070000 		.4byte	0x794
 942 04ad E004     		.2byte	0x4e0
 943 04af 00       		.byte	0
 944 04b0 04       		.uleb128 0x4
 945 04b1 04       		.byte	0x4
 946 04b2 07       		.byte	0x7
 947 04b3 92030000 		.4byte	.LASF87
 948 04b7 03       		.uleb128 0x3
 949 04b8 71020000 		.4byte	.LASF88
 950 04bc 0B       		.byte	0xb
 951 04bd 65       		.byte	0x65
 952 04be 41030000 		.4byte	0x341
 953 04c2 03       		.uleb128 0x3
 954 04c3 7D030000 		.4byte	.LASF89
 955 04c7 0B       		.byte	0xb
 956 04c8 6D       		.byte	0x6d
 957 04c9 BF000000 		.4byte	0xbf
 958 04cd 06       		.uleb128 0x6
 959 04ce E8050000 		.4byte	.LASF90
 960 04d2 04       		.byte	0x4
 961 04d3 0B       		.byte	0xb
 962 04d4 89       		.byte	0x89
 963 04d5 E6040000 		.4byte	0x4e6
 964 04d9 12       		.uleb128 0x12
 965 04da 72313300 		.ascii	"r13\000"
ARM GAS  /tmp/cc9C4usx.s 			page 18


 966 04de 0B       		.byte	0xb
 967 04df 8A       		.byte	0x8a
 968 04e0 61050000 		.4byte	0x561
 969 04e4 00       		.byte	0
 970 04e5 00       		.byte	0
 971 04e6 06       		.uleb128 0x6
 972 04e7 56000000 		.4byte	.LASF91
 973 04eb 24       		.byte	0x24
 974 04ec 01       		.byte	0x1
 975 04ed FD       		.byte	0xfd
 976 04ee 61050000 		.4byte	0x561
 977 04f2 08       		.uleb128 0x8
 978 04f3 723400   		.ascii	"r4\000"
 979 04f6 01       		.byte	0x1
 980 04f7 1001     		.2byte	0x110
 981 04f9 B7040000 		.4byte	0x4b7
 982 04fd 00       		.byte	0
 983 04fe 08       		.uleb128 0x8
 984 04ff 723500   		.ascii	"r5\000"
 985 0502 01       		.byte	0x1
 986 0503 1101     		.2byte	0x111
 987 0505 B7040000 		.4byte	0x4b7
 988 0509 04       		.byte	0x4
 989 050a 08       		.uleb128 0x8
 990 050b 723600   		.ascii	"r6\000"
 991 050e 01       		.byte	0x1
 992 050f 1201     		.2byte	0x112
 993 0511 B7040000 		.4byte	0x4b7
 994 0515 08       		.byte	0x8
 995 0516 08       		.uleb128 0x8
 996 0517 723700   		.ascii	"r7\000"
 997 051a 01       		.byte	0x1
 998 051b 1301     		.2byte	0x113
 999 051d B7040000 		.4byte	0x4b7
 1000 0521 0C       		.byte	0xc
 1001 0522 08       		.uleb128 0x8
 1002 0523 723800   		.ascii	"r8\000"
 1003 0526 01       		.byte	0x1
 1004 0527 1401     		.2byte	0x114
 1005 0529 B7040000 		.4byte	0x4b7
 1006 052d 10       		.byte	0x10
 1007 052e 08       		.uleb128 0x8
 1008 052f 723900   		.ascii	"r9\000"
 1009 0532 01       		.byte	0x1
 1010 0533 1501     		.2byte	0x115
 1011 0535 B7040000 		.4byte	0x4b7
 1012 0539 14       		.byte	0x14
 1013 053a 08       		.uleb128 0x8
 1014 053b 72313000 		.ascii	"r10\000"
 1015 053f 01       		.byte	0x1
 1016 0540 1601     		.2byte	0x116
 1017 0542 B7040000 		.4byte	0x4b7
 1018 0546 18       		.byte	0x18
 1019 0547 08       		.uleb128 0x8
 1020 0548 72313100 		.ascii	"r11\000"
 1021 054c 01       		.byte	0x1
 1022 054d 1701     		.2byte	0x117
ARM GAS  /tmp/cc9C4usx.s 			page 19


 1023 054f B7040000 		.4byte	0x4b7
 1024 0553 1C       		.byte	0x1c
 1025 0554 08       		.uleb128 0x8
 1026 0555 6C7200   		.ascii	"lr\000"
 1027 0558 01       		.byte	0x1
 1028 0559 1801     		.2byte	0x118
 1029 055b B7040000 		.4byte	0x4b7
 1030 055f 20       		.byte	0x20
 1031 0560 00       		.byte	0
 1032 0561 0A       		.uleb128 0xa
 1033 0562 04       		.byte	0x4
 1034 0563 E6040000 		.4byte	0x4e6
 1035 0567 13       		.uleb128 0x13
 1036 0568 10       		.byte	0x10
 1037 0569 0C       		.byte	0xc
 1038 056a 51       		.byte	0x51
 1039 056b A0050000 		.4byte	0x5a0
 1040 056f 07       		.uleb128 0x7
 1041 0570 14000000 		.4byte	.LASF92
 1042 0574 0C       		.byte	0xc
 1043 0575 55       		.byte	0x55
 1044 0576 3D010000 		.4byte	0x13d
 1045 057a 00       		.byte	0
 1046 057b 07       		.uleb128 0x7
 1047 057c 8E010000 		.4byte	.LASF93
 1048 0580 0C       		.byte	0xc
 1049 0581 59       		.byte	0x59
 1050 0582 64020000 		.4byte	0x264
 1051 0586 04       		.byte	0x4
 1052 0587 07       		.uleb128 0x7
 1053 0588 97060000 		.4byte	.LASF94
 1054 058c 0C       		.byte	0xc
 1055 058d 5D       		.byte	0x5d
 1056 058e 41030000 		.4byte	0x341
 1057 0592 08       		.byte	0x8
 1058 0593 07       		.uleb128 0x7
 1059 0594 CE000000 		.4byte	.LASF95
 1060 0598 0C       		.byte	0xc
 1061 0599 61       		.byte	0x61
 1062 059a 9E000000 		.4byte	0x9e
 1063 059e 0C       		.byte	0xc
 1064 059f 00       		.byte	0
 1065 05a0 03       		.uleb128 0x3
 1066 05a1 CC030000 		.4byte	.LASF96
 1067 05a5 0C       		.byte	0xc
 1068 05a6 62       		.byte	0x62
 1069 05a7 67050000 		.4byte	0x567
 1070 05ab 14       		.uleb128 0x14
 1071 05ac 0804     		.2byte	0x408
 1072 05ae 0C       		.byte	0xc
 1073 05af 67       		.byte	0x67
 1074 05b0 D9050000 		.4byte	0x5d9
 1075 05b4 07       		.uleb128 0x7
 1076 05b5 61020000 		.4byte	.LASF97
 1077 05b9 0C       		.byte	0xc
 1078 05ba 6B       		.byte	0x6b
 1079 05bb 33000000 		.4byte	0x33
ARM GAS  /tmp/cc9C4usx.s 			page 20


 1080 05bf 00       		.byte	0
 1081 05c0 07       		.uleb128 0x7
 1082 05c1 C5030000 		.4byte	.LASF98
 1083 05c5 0C       		.byte	0xc
 1084 05c6 6F       		.byte	0x6f
 1085 05c7 D9050000 		.4byte	0x5d9
 1086 05cb 04       		.byte	0x4
 1087 05cc 07       		.uleb128 0x7
 1088 05cd 36040000 		.4byte	.LASF99
 1089 05d1 0C       		.byte	0xc
 1090 05d2 73       		.byte	0x73
 1091 05d3 DF050000 		.4byte	0x5df
 1092 05d7 08       		.byte	0x8
 1093 05d8 00       		.byte	0
 1094 05d9 0A       		.uleb128 0xa
 1095 05da 04       		.byte	0x4
 1096 05db A0050000 		.4byte	0x5a0
 1097 05df 15       		.uleb128 0x15
 1098 05e0 A0050000 		.4byte	0x5a0
 1099 05e4 EF050000 		.4byte	0x5ef
 1100 05e8 16       		.uleb128 0x16
 1101 05e9 B0040000 		.4byte	0x4b0
 1102 05ed 3F       		.byte	0x3f
 1103 05ee 00       		.byte	0
 1104 05ef 03       		.uleb128 0x3
 1105 05f0 BC000000 		.4byte	.LASF100
 1106 05f4 0C       		.byte	0xc
 1107 05f5 74       		.byte	0x74
 1108 05f6 AB050000 		.4byte	0x5ab
 1109 05fa 13       		.uleb128 0x13
 1110 05fb 04       		.byte	0x4
 1111 05fc 0D       		.byte	0xd
 1112 05fd 38       		.byte	0x38
 1113 05fe 0F060000 		.4byte	0x60f
 1114 0602 07       		.uleb128 0x7
 1115 0603 E1050000 		.4byte	.LASF101
 1116 0607 0D       		.byte	0xd
 1117 0608 3C       		.byte	0x3c
 1118 0609 CF000000 		.4byte	0xcf
 1119 060d 00       		.byte	0
 1120 060e 00       		.byte	0
 1121 060f 03       		.uleb128 0x3
 1122 0610 F5030000 		.4byte	.LASF102
 1123 0614 0D       		.byte	0xd
 1124 0615 3D       		.byte	0x3d
 1125 0616 FA050000 		.4byte	0x5fa
 1126 061a 13       		.uleb128 0x13
 1127 061b 18       		.byte	0x18
 1128 061c 0D       		.byte	0xd
 1129 061d 48       		.byte	0x48
 1130 061e 5D060000 		.4byte	0x65d
 1131 0622 07       		.uleb128 0x7
 1132 0623 8C050000 		.4byte	.LASF103
 1133 0627 0D       		.byte	0xd
 1134 0628 49       		.byte	0x49
 1135 0629 CF000000 		.4byte	0xcf
 1136 062d 00       		.byte	0
ARM GAS  /tmp/cc9C4usx.s 			page 21


 1137 062e 07       		.uleb128 0x7
 1138 062f 8C000000 		.4byte	.LASF104
 1139 0633 0D       		.byte	0xd
 1140 0634 4A       		.byte	0x4a
 1141 0635 CF000000 		.4byte	0xcf
 1142 0639 04       		.byte	0x4
 1143 063a 07       		.uleb128 0x7
 1144 063b 2E030000 		.4byte	.LASF105
 1145 063f 0D       		.byte	0xd
 1146 0640 4B       		.byte	0x4b
 1147 0641 CF000000 		.4byte	0xcf
 1148 0645 08       		.byte	0x8
 1149 0646 12       		.uleb128 0x12
 1150 0647 6E00     		.ascii	"n\000"
 1151 0649 0D       		.byte	0xd
 1152 064a 4C       		.byte	0x4c
 1153 064b 32010000 		.4byte	0x132
 1154 064f 0C       		.byte	0xc
 1155 0650 07       		.uleb128 0x7
 1156 0651 23040000 		.4byte	.LASF106
 1157 0655 0D       		.byte	0xd
 1158 0656 4D       		.byte	0x4d
 1159 0657 DA000000 		.4byte	0xda
 1160 065b 10       		.byte	0x10
 1161 065c 00       		.byte	0
 1162 065d 03       		.uleb128 0x3
 1163 065e 92000000 		.4byte	.LASF107
 1164 0662 0D       		.byte	0xd
 1165 0663 4E       		.byte	0x4e
 1166 0664 1A060000 		.4byte	0x61a
 1167 0668 13       		.uleb128 0x13
 1168 0669 38       		.byte	0x38
 1169 066a 0E       		.byte	0xe
 1170 066b 38       		.byte	0x38
 1171 066c A1060000 		.4byte	0x6a1
 1172 0670 07       		.uleb128 0x7
 1173 0671 F0020000 		.4byte	.LASF108
 1174 0675 0E       		.byte	0xe
 1175 0676 39       		.byte	0x39
 1176 0677 32010000 		.4byte	0x132
 1177 067b 00       		.byte	0
 1178 067c 07       		.uleb128 0x7
 1179 067d 5F040000 		.4byte	.LASF109
 1180 0681 0E       		.byte	0xe
 1181 0682 3A       		.byte	0x3a
 1182 0683 32010000 		.4byte	0x132
 1183 0687 04       		.byte	0x4
 1184 0688 07       		.uleb128 0x7
 1185 0689 84060000 		.4byte	.LASF110
 1186 068d 0E       		.byte	0xe
 1187 068e 3B       		.byte	0x3b
 1188 068f 5D060000 		.4byte	0x65d
 1189 0693 08       		.byte	0x8
 1190 0694 07       		.uleb128 0x7
 1191 0695 4E030000 		.4byte	.LASF111
 1192 0699 0E       		.byte	0xe
 1193 069a 3D       		.byte	0x3d
ARM GAS  /tmp/cc9C4usx.s 			page 22


 1194 069b 5D060000 		.4byte	0x65d
 1195 069f 20       		.byte	0x20
 1196 06a0 00       		.byte	0
 1197 06a1 03       		.uleb128 0x3
 1198 06a2 0F030000 		.4byte	.LASF112
 1199 06a6 0E       		.byte	0xe
 1200 06a7 3F       		.byte	0x3f
 1201 06a8 68060000 		.4byte	0x668
 1202 06ac 17       		.uleb128 0x17
 1203 06ad 04       		.byte	0x4
 1204 06ae 0A       		.byte	0xa
 1205 06af FA       		.byte	0xfa
 1206 06b0 09070000 		.4byte	0x709
 1207 06b4 18       		.uleb128 0x18
 1208 06b5 23000000 		.4byte	.LASF113
 1209 06b9 0A       		.byte	0xa
 1210 06ba 0101     		.2byte	0x101
 1211 06bc 11010000 		.4byte	0x111
 1212 06c0 18       		.uleb128 0x18
 1213 06c1 D7000000 		.4byte	.LASF114
 1214 06c5 0A       		.byte	0xa
 1215 06c6 0801     		.2byte	0x108
 1216 06c8 11010000 		.4byte	0x111
 1217 06cc 18       		.uleb128 0x18
 1218 06cd 43060000 		.4byte	.LASF115
 1219 06d1 0A       		.byte	0xa
 1220 06d2 0F01     		.2byte	0x10f
 1221 06d4 41030000 		.4byte	0x341
 1222 06d8 18       		.uleb128 0x18
 1223 06d9 6C010000 		.4byte	.LASF116
 1224 06dd 0A       		.byte	0xa
 1225 06de 1601     		.2byte	0x116
 1226 06e0 09070000 		.4byte	0x709
 1227 06e4 18       		.uleb128 0x18
 1228 06e5 DE020000 		.4byte	.LASF117
 1229 06e9 0A       		.byte	0xa
 1230 06ea 1E01     		.2byte	0x11e
 1231 06ec 34070000 		.4byte	0x734
 1232 06f0 18       		.uleb128 0x18
 1233 06f1 1C050000 		.4byte	.LASF118
 1234 06f5 0A       		.byte	0xa
 1235 06f6 2701     		.2byte	0x127
 1236 06f8 6B070000 		.4byte	0x76b
 1237 06fc 18       		.uleb128 0x18
 1238 06fd B9040000 		.4byte	.LASF119
 1239 0701 0A       		.byte	0xa
 1240 0702 2F01     		.2byte	0x12f
 1241 0704 1C010000 		.4byte	0x11c
 1242 0708 00       		.byte	0
 1243 0709 0A       		.uleb128 0xa
 1244 070a 04       		.byte	0x4
 1245 070b 59020000 		.4byte	0x259
 1246 070f 06       		.uleb128 0x6
 1247 0710 FB040000 		.4byte	.LASF120
 1248 0714 0C       		.byte	0xc
 1249 0715 0F       		.byte	0xf
 1250 0716 34       		.byte	0x34
ARM GAS  /tmp/cc9C4usx.s 			page 23


 1251 0717 34070000 		.4byte	0x734
 1252 071b 07       		.uleb128 0x7
 1253 071c 4C020000 		.4byte	.LASF121
 1254 0720 0F       		.byte	0xf
 1255 0721 35       		.byte	0x35
 1256 0722 8E020000 		.4byte	0x28e
 1257 0726 00       		.byte	0
 1258 0727 07       		.uleb128 0x7
 1259 0728 F6020000 		.4byte	.LASF122
 1260 072c 0F       		.byte	0xf
 1261 072d 37       		.byte	0x37
 1262 072e 27010000 		.4byte	0x127
 1263 0732 08       		.byte	0x8
 1264 0733 00       		.byte	0
 1265 0734 0A       		.uleb128 0xa
 1266 0735 04       		.byte	0x4
 1267 0736 0F070000 		.4byte	0x70f
 1268 073a 06       		.uleb128 0x6
 1269 073b 1D060000 		.4byte	.LASF123
 1270 073f 10       		.byte	0x10
 1271 0740 10       		.byte	0x10
 1272 0741 39       		.byte	0x39
 1273 0742 6B070000 		.4byte	0x76b
 1274 0746 07       		.uleb128 0x7
 1275 0747 40010000 		.4byte	.LASF124
 1276 074b 10       		.byte	0x10
 1277 074c 3A       		.byte	0x3a
 1278 074d 8E020000 		.4byte	0x28e
 1279 0751 00       		.byte	0
 1280 0752 07       		.uleb128 0x7
 1281 0753 8F060000 		.4byte	.LASF125
 1282 0757 10       		.byte	0x10
 1283 0758 3C       		.byte	0x3c
 1284 0759 64020000 		.4byte	0x264
 1285 075d 08       		.byte	0x8
 1286 075e 07       		.uleb128 0x7
 1287 075f 99050000 		.4byte	.LASF126
 1288 0763 10       		.byte	0x10
 1289 0764 3E       		.byte	0x3e
 1290 0765 AF070000 		.4byte	0x7af
 1291 0769 0C       		.byte	0xc
 1292 076a 00       		.byte	0
 1293 076b 0A       		.uleb128 0xa
 1294 076c 04       		.byte	0x4
 1295 076d 3A070000 		.4byte	0x73a
 1296 0771 0A       		.uleb128 0xa
 1297 0772 04       		.byte	0x4
 1298 0773 77070000 		.4byte	0x777
 1299 0777 19       		.uleb128 0x19
 1300 0778 7C070000 		.4byte	0x77c
 1301 077c 04       		.uleb128 0x4
 1302 077d 01       		.byte	0x1
 1303 077e 08       		.byte	0x8
 1304 077f 56050000 		.4byte	.LASF127
 1305 0783 0A       		.uleb128 0xa
 1306 0784 04       		.byte	0x4
 1307 0785 C2040000 		.4byte	0x4c2
ARM GAS  /tmp/cc9C4usx.s 			page 24


 1308 0789 0A       		.uleb128 0xa
 1309 078a 04       		.byte	0x4
 1310 078b 43030000 		.4byte	0x343
 1311 078f 05       		.uleb128 0x5
 1312 0790 71070000 		.4byte	0x771
 1313 0794 15       		.uleb128 0x15
 1314 0795 C2040000 		.4byte	0x4c2
 1315 0799 A4070000 		.4byte	0x7a4
 1316 079d 16       		.uleb128 0x16
 1317 079e B0040000 		.4byte	0x4b0
 1318 07a2 1E       		.byte	0x1e
 1319 07a3 00       		.byte	0
 1320 07a4 03       		.uleb128 0x3
 1321 07a5 92020000 		.4byte	.LASF128
 1322 07a9 10       		.byte	0x10
 1323 07aa 34       		.byte	0x34
 1324 07ab 3A070000 		.4byte	0x73a
 1325 07af 0A       		.uleb128 0xa
 1326 07b0 04       		.byte	0x4
 1327 07b1 A4070000 		.4byte	0x7a4
 1328 07b5 0A       		.uleb128 0xa
 1329 07b6 04       		.byte	0x4
 1330 07b7 9E000000 		.4byte	0x9e
 1331 07bb 1A       		.uleb128 0x1a
 1332 07bc C9050000 		.4byte	.LASF142
 1333 07c0 02       		.byte	0x2
 1334 07c1 2202     		.2byte	0x222
 1335 07c3 03       		.byte	0x3
 1336 07c4 D5070000 		.4byte	0x7d5
 1337 07c8 1B       		.uleb128 0x1b
 1338 07c9 9A020000 		.4byte	.LASF143
 1339 07cd 02       		.byte	0x2
 1340 07ce 2202     		.2byte	0x222
 1341 07d0 B4000000 		.4byte	0xb4
 1342 07d4 00       		.byte	0
 1343 07d5 1C       		.uleb128 0x1c
 1344 07d6 82000000 		.4byte	.LASF129
 1345 07da 01       		.byte	0x1
 1346 07db C801     		.2byte	0x1c8
 1347 07dd 00000000 		.4byte	.LFB127
 1348 07e1 10000000 		.4byte	.LFE127-.LFB127
 1349 07e5 01       		.uleb128 0x1
 1350 07e6 9C       		.byte	0x9c
 1351 07e7 05080000 		.4byte	0x805
 1352 07eb 1D       		.uleb128 0x1d
 1353 07ec BB070000 		.4byte	0x7bb
 1354 07f0 06000000 		.4byte	.LBB6
 1355 07f4 06000000 		.4byte	.LBE6-.LBB6
 1356 07f8 01       		.byte	0x1
 1357 07f9 CB01     		.2byte	0x1cb
 1358 07fb 1E       		.uleb128 0x1e
 1359 07fc C8070000 		.4byte	0x7c8
 1360 0800 02       		.uleb128 0x2
 1361 0801 91       		.byte	0x91
 1362 0802 7C       		.sleb128 -4
 1363 0803 00       		.byte	0
 1364 0804 00       		.byte	0
ARM GAS  /tmp/cc9C4usx.s 			page 25


 1365 0805 1C       		.uleb128 0x1c
 1366 0806 4F010000 		.4byte	.LASF130
 1367 080a 01       		.byte	0x1
 1368 080b D601     		.2byte	0x1d6
 1369 080d 00000000 		.4byte	.LFB128
 1370 0811 10000000 		.4byte	.LFE128-.LFB128
 1371 0815 01       		.uleb128 0x1
 1372 0816 9C       		.byte	0x9c
 1373 0817 35080000 		.4byte	0x835
 1374 081b 1D       		.uleb128 0x1d
 1375 081c BB070000 		.4byte	0x7bb
 1376 0820 06000000 		.4byte	.LBB8
 1377 0824 06000000 		.4byte	.LBE8-.LBB8
 1378 0828 01       		.byte	0x1
 1379 0829 D901     		.2byte	0x1d9
 1380 082b 1E       		.uleb128 0x1e
 1381 082c C8070000 		.4byte	0x7c8
 1382 0830 02       		.uleb128 0x2
 1383 0831 91       		.byte	0x91
 1384 0832 7C       		.sleb128 -4
 1385 0833 00       		.byte	0
 1386 0834 00       		.byte	0
 1387 0835 1F       		.uleb128 0x1f
 1388 0836 E0040000 		.4byte	.LASF144
 1389 083a 03       		.byte	0x3
 1390 083b 5A01     		.2byte	0x15a
 1391 083d 00000000 		.4byte	.LFB167
 1392 0841 10000000 		.4byte	.LFE167-.LFB167
 1393 0845 01       		.uleb128 0x1
 1394 0846 9C       		.byte	0x9c
 1395 0847 20       		.uleb128 0x20
 1396 0848 72060000 		.4byte	.LASF131
 1397 084c 03       		.byte	0x3
 1398 084d 6601     		.2byte	0x166
 1399 084f 00000000 		.4byte	.LFB168
 1400 0853 38000000 		.4byte	.LFE168-.LFB168
 1401 0857 01       		.uleb128 0x1
 1402 0858 9C       		.byte	0x9c
 1403 0859 6D080000 		.4byte	0x86d
 1404 085d 21       		.uleb128 0x21
 1405 085e CF040000 		.4byte	.LASF145
 1406 0862 7D080000 		.4byte	0x87d
 1407 0866 05       		.uleb128 0x5
 1408 0867 03       		.byte	0x3
 1409 0868 00000000 		.4byte	__func__.5925
 1410 086c 00       		.byte	0
 1411 086d 15       		.uleb128 0x15
 1412 086e 7C070000 		.4byte	0x77c
 1413 0872 7D080000 		.4byte	0x87d
 1414 0876 16       		.uleb128 0x16
 1415 0877 B0040000 		.4byte	0x4b0
 1416 087b 0B       		.byte	0xb
 1417 087c 00       		.byte	0
 1418 087d 19       		.uleb128 0x19
 1419 087e 6D080000 		.4byte	0x86d
 1420 0882 22       		.uleb128 0x22
 1421 0883 7E040000 		.4byte	.LASF146
ARM GAS  /tmp/cc9C4usx.s 			page 26


 1422 0887 04       		.byte	0x4
 1423 0888 4E       		.byte	0x4e
 1424 0889 00000000 		.4byte	.LFB240
 1425 088d 2C000000 		.4byte	.LFE240-.LFB240
 1426 0891 01       		.uleb128 0x1
 1427 0892 9C       		.byte	0x9c
 1428 0893 AE080000 		.4byte	0x8ae
 1429 0897 23       		.uleb128 0x23
 1430 0898 FF050000 		.4byte	.LASF132
 1431 089c 04       		.byte	0x4
 1432 089d 50       		.byte	0x50
 1433 089e AE080000 		.4byte	0x8ae
 1434 08a2 23       		.uleb128 0x23
 1435 08a3 A5040000 		.4byte	.LASF133
 1436 08a7 04       		.byte	0x4
 1437 08a8 51       		.byte	0x51
 1438 08a9 AE080000 		.4byte	0x8ae
 1439 08ad 00       		.byte	0
 1440 08ae 15       		.uleb128 0x15
 1441 08af 9E000000 		.4byte	0x9e
 1442 08b3 B9080000 		.4byte	0x8b9
 1443 08b7 24       		.uleb128 0x24
 1444 08b8 00       		.byte	0
 1445 08b9 25       		.uleb128 0x25
 1446 08ba 40000000 		.4byte	.LASF134
 1447 08be 04       		.byte	0x4
 1448 08bf 6D       		.byte	0x6d
 1449 08c0 41030000 		.4byte	0x341
 1450 08c4 00000000 		.4byte	.LFB241
 1451 08c8 20000000 		.4byte	.LFE241-.LFB241
 1452 08cc 01       		.uleb128 0x1
 1453 08cd 9C       		.byte	0x9c
 1454 08ce ED080000 		.4byte	0x8ed
 1455 08d2 26       		.uleb128 0x26
 1456 08d3 51060000 		.4byte	.LASF136
 1457 08d7 04       		.byte	0x4
 1458 08d8 6D       		.byte	0x6d
 1459 08d9 28000000 		.4byte	0x28
 1460 08dd 02       		.uleb128 0x2
 1461 08de 91       		.byte	0x91
 1462 08df 6C       		.sleb128 -20
 1463 08e0 27       		.uleb128 0x27
 1464 08e1 7000     		.ascii	"p\000"
 1465 08e3 04       		.byte	0x4
 1466 08e4 6E       		.byte	0x6e
 1467 08e5 41030000 		.4byte	0x341
 1468 08e9 02       		.uleb128 0x2
 1469 08ea 91       		.byte	0x91
 1470 08eb 74       		.sleb128 -12
 1471 08ec 00       		.byte	0
 1472 08ed 25       		.uleb128 0x25
 1473 08ee 54020000 		.4byte	.LASF135
 1474 08f2 04       		.byte	0x4
 1475 08f3 83       		.byte	0x83
 1476 08f4 41030000 		.4byte	0x341
 1477 08f8 00000000 		.4byte	.LFB242
 1478 08fc 50000000 		.4byte	.LFE242-.LFB242
ARM GAS  /tmp/cc9C4usx.s 			page 27


 1479 0900 01       		.uleb128 0x1
 1480 0901 9C       		.byte	0x9c
 1481 0902 21090000 		.4byte	0x921
 1482 0906 26       		.uleb128 0x26
 1483 0907 51060000 		.4byte	.LASF136
 1484 090b 04       		.byte	0x4
 1485 090c 83       		.byte	0x83
 1486 090d 28000000 		.4byte	0x28
 1487 0911 02       		.uleb128 0x2
 1488 0912 91       		.byte	0x91
 1489 0913 6C       		.sleb128 -20
 1490 0914 27       		.uleb128 0x27
 1491 0915 7000     		.ascii	"p\000"
 1492 0917 04       		.byte	0x4
 1493 0918 84       		.byte	0x84
 1494 0919 41030000 		.4byte	0x341
 1495 091d 02       		.uleb128 0x2
 1496 091e 91       		.byte	0x91
 1497 091f 74       		.sleb128 -12
 1498 0920 00       		.byte	0
 1499 0921 28       		.uleb128 0x28
 1500 0922 5B010000 		.4byte	.LASF147
 1501 0926 04       		.byte	0x4
 1502 0927 9B       		.byte	0x9b
 1503 0928 28000000 		.4byte	0x28
 1504 092c 00000000 		.4byte	.LFB243
 1505 0930 18000000 		.4byte	.LFE243-.LFB243
 1506 0934 01       		.uleb128 0x1
 1507 0935 9C       		.byte	0x9c
 1508 0936 29       		.uleb128 0x29
 1509 0937 91050000 		.4byte	.LASF137
 1510 093b 04       		.byte	0x4
 1511 093c 3E       		.byte	0x3e
 1512 093d B5070000 		.4byte	0x7b5
 1513 0941 05       		.uleb128 0x5
 1514 0942 03       		.byte	0x3
 1515 0943 00000000 		.4byte	nextmem
 1516 0947 29       		.uleb128 0x29
 1517 0948 00000000 		.4byte	.LASF138
 1518 094c 04       		.byte	0x4
 1519 094d 3F       		.byte	0x3f
 1520 094e B5070000 		.4byte	0x7b5
 1521 0952 05       		.uleb128 0x5
 1522 0953 03       		.byte	0x3
 1523 0954 00000000 		.4byte	endmem
 1524 0958 2A       		.uleb128 0x2a
 1525 0959 01010000 		.4byte	.LASF139
 1526 095d 11       		.byte	0x11
 1527 095e FA06     		.2byte	0x6fa
 1528 0960 CA000000 		.4byte	0xca
 1529 0964 2B       		.uleb128 0x2b
 1530 0965 636800   		.ascii	"ch\000"
 1531 0968 0A       		.byte	0xa
 1532 0969 0902     		.2byte	0x209
 1533 096b 38040000 		.4byte	0x438
 1534 096f 23       		.uleb128 0x23
 1535 0970 FF050000 		.4byte	.LASF132
ARM GAS  /tmp/cc9C4usx.s 			page 28


 1536 0974 04       		.byte	0x4
 1537 0975 50       		.byte	0x50
 1538 0976 AE080000 		.4byte	0x8ae
 1539 097a 23       		.uleb128 0x23
 1540 097b A5040000 		.4byte	.LASF133
 1541 097f 04       		.byte	0x4
 1542 0980 51       		.byte	0x51
 1543 0981 AE080000 		.4byte	0x8ae
 1544 0985 00       		.byte	0
 1545              		.section	.debug_abbrev,"",%progbits
 1546              	.Ldebug_abbrev0:
 1547 0000 01       		.uleb128 0x1
 1548 0001 11       		.uleb128 0x11
 1549 0002 01       		.byte	0x1
 1550 0003 25       		.uleb128 0x25
 1551 0004 0E       		.uleb128 0xe
 1552 0005 13       		.uleb128 0x13
 1553 0006 0B       		.uleb128 0xb
 1554 0007 03       		.uleb128 0x3
 1555 0008 0E       		.uleb128 0xe
 1556 0009 55       		.uleb128 0x55
 1557 000a 17       		.uleb128 0x17
 1558 000b 11       		.uleb128 0x11
 1559 000c 01       		.uleb128 0x1
 1560 000d 10       		.uleb128 0x10
 1561 000e 17       		.uleb128 0x17
 1562 000f 00       		.byte	0
 1563 0010 00       		.byte	0
 1564 0011 02       		.uleb128 0x2
 1565 0012 24       		.uleb128 0x24
 1566 0013 00       		.byte	0
 1567 0014 0B       		.uleb128 0xb
 1568 0015 0B       		.uleb128 0xb
 1569 0016 3E       		.uleb128 0x3e
 1570 0017 0B       		.uleb128 0xb
 1571 0018 03       		.uleb128 0x3
 1572 0019 08       		.uleb128 0x8
 1573 001a 00       		.byte	0
 1574 001b 00       		.byte	0
 1575 001c 03       		.uleb128 0x3
 1576 001d 16       		.uleb128 0x16
 1577 001e 00       		.byte	0
 1578 001f 03       		.uleb128 0x3
 1579 0020 0E       		.uleb128 0xe
 1580 0021 3A       		.uleb128 0x3a
 1581 0022 0B       		.uleb128 0xb
 1582 0023 3B       		.uleb128 0x3b
 1583 0024 0B       		.uleb128 0xb
 1584 0025 49       		.uleb128 0x49
 1585 0026 13       		.uleb128 0x13
 1586 0027 00       		.byte	0
 1587 0028 00       		.byte	0
 1588 0029 04       		.uleb128 0x4
 1589 002a 24       		.uleb128 0x24
 1590 002b 00       		.byte	0
 1591 002c 0B       		.uleb128 0xb
 1592 002d 0B       		.uleb128 0xb
ARM GAS  /tmp/cc9C4usx.s 			page 29


 1593 002e 3E       		.uleb128 0x3e
 1594 002f 0B       		.uleb128 0xb
 1595 0030 03       		.uleb128 0x3
 1596 0031 0E       		.uleb128 0xe
 1597 0032 00       		.byte	0
 1598 0033 00       		.byte	0
 1599 0034 05       		.uleb128 0x5
 1600 0035 35       		.uleb128 0x35
 1601 0036 00       		.byte	0
 1602 0037 49       		.uleb128 0x49
 1603 0038 13       		.uleb128 0x13
 1604 0039 00       		.byte	0
 1605 003a 00       		.byte	0
 1606 003b 06       		.uleb128 0x6
 1607 003c 13       		.uleb128 0x13
 1608 003d 01       		.byte	0x1
 1609 003e 03       		.uleb128 0x3
 1610 003f 0E       		.uleb128 0xe
 1611 0040 0B       		.uleb128 0xb
 1612 0041 0B       		.uleb128 0xb
 1613 0042 3A       		.uleb128 0x3a
 1614 0043 0B       		.uleb128 0xb
 1615 0044 3B       		.uleb128 0x3b
 1616 0045 0B       		.uleb128 0xb
 1617 0046 01       		.uleb128 0x1
 1618 0047 13       		.uleb128 0x13
 1619 0048 00       		.byte	0
 1620 0049 00       		.byte	0
 1621 004a 07       		.uleb128 0x7
 1622 004b 0D       		.uleb128 0xd
 1623 004c 00       		.byte	0
 1624 004d 03       		.uleb128 0x3
 1625 004e 0E       		.uleb128 0xe
 1626 004f 3A       		.uleb128 0x3a
 1627 0050 0B       		.uleb128 0xb
 1628 0051 3B       		.uleb128 0x3b
 1629 0052 0B       		.uleb128 0xb
 1630 0053 49       		.uleb128 0x49
 1631 0054 13       		.uleb128 0x13
 1632 0055 38       		.uleb128 0x38
 1633 0056 0B       		.uleb128 0xb
 1634 0057 00       		.byte	0
 1635 0058 00       		.byte	0
 1636 0059 08       		.uleb128 0x8
 1637 005a 0D       		.uleb128 0xd
 1638 005b 00       		.byte	0
 1639 005c 03       		.uleb128 0x3
 1640 005d 08       		.uleb128 0x8
 1641 005e 3A       		.uleb128 0x3a
 1642 005f 0B       		.uleb128 0xb
 1643 0060 3B       		.uleb128 0x3b
 1644 0061 05       		.uleb128 0x5
 1645 0062 49       		.uleb128 0x49
 1646 0063 13       		.uleb128 0x13
 1647 0064 38       		.uleb128 0x38
 1648 0065 0B       		.uleb128 0xb
 1649 0066 00       		.byte	0
ARM GAS  /tmp/cc9C4usx.s 			page 30


 1650 0067 00       		.byte	0
 1651 0068 09       		.uleb128 0x9
 1652 0069 0D       		.uleb128 0xd
 1653 006a 00       		.byte	0
 1654 006b 03       		.uleb128 0x3
 1655 006c 0E       		.uleb128 0xe
 1656 006d 3A       		.uleb128 0x3a
 1657 006e 0B       		.uleb128 0xb
 1658 006f 3B       		.uleb128 0x3b
 1659 0070 05       		.uleb128 0x5
 1660 0071 49       		.uleb128 0x49
 1661 0072 13       		.uleb128 0x13
 1662 0073 38       		.uleb128 0x38
 1663 0074 0B       		.uleb128 0xb
 1664 0075 00       		.byte	0
 1665 0076 00       		.byte	0
 1666 0077 0A       		.uleb128 0xa
 1667 0078 0F       		.uleb128 0xf
 1668 0079 00       		.byte	0
 1669 007a 0B       		.uleb128 0xb
 1670 007b 0B       		.uleb128 0xb
 1671 007c 49       		.uleb128 0x49
 1672 007d 13       		.uleb128 0x13
 1673 007e 00       		.byte	0
 1674 007f 00       		.byte	0
 1675 0080 0B       		.uleb128 0xb
 1676 0081 13       		.uleb128 0x13
 1677 0082 01       		.byte	0x1
 1678 0083 03       		.uleb128 0x3
 1679 0084 0E       		.uleb128 0xe
 1680 0085 0B       		.uleb128 0xb
 1681 0086 0B       		.uleb128 0xb
 1682 0087 3A       		.uleb128 0x3a
 1683 0088 0B       		.uleb128 0xb
 1684 0089 3B       		.uleb128 0x3b
 1685 008a 05       		.uleb128 0x5
 1686 008b 01       		.uleb128 0x1
 1687 008c 13       		.uleb128 0x13
 1688 008d 00       		.byte	0
 1689 008e 00       		.byte	0
 1690 008f 0C       		.uleb128 0xc
 1691 0090 15       		.uleb128 0x15
 1692 0091 01       		.byte	0x1
 1693 0092 27       		.uleb128 0x27
 1694 0093 19       		.uleb128 0x19
 1695 0094 01       		.uleb128 0x1
 1696 0095 13       		.uleb128 0x13
 1697 0096 00       		.byte	0
 1698 0097 00       		.byte	0
 1699 0098 0D       		.uleb128 0xd
 1700 0099 05       		.uleb128 0x5
 1701 009a 00       		.byte	0
 1702 009b 49       		.uleb128 0x49
 1703 009c 13       		.uleb128 0x13
 1704 009d 00       		.byte	0
 1705 009e 00       		.byte	0
 1706 009f 0E       		.uleb128 0xe
ARM GAS  /tmp/cc9C4usx.s 			page 31


 1707 00a0 0F       		.uleb128 0xf
 1708 00a1 00       		.byte	0
 1709 00a2 0B       		.uleb128 0xb
 1710 00a3 0B       		.uleb128 0xb
 1711 00a4 00       		.byte	0
 1712 00a5 00       		.byte	0
 1713 00a6 0F       		.uleb128 0xf
 1714 00a7 13       		.uleb128 0x13
 1715 00a8 01       		.byte	0x1
 1716 00a9 03       		.uleb128 0x3
 1717 00aa 0E       		.uleb128 0xe
 1718 00ab 0B       		.uleb128 0xb
 1719 00ac 05       		.uleb128 0x5
 1720 00ad 3A       		.uleb128 0x3a
 1721 00ae 0B       		.uleb128 0xb
 1722 00af 3B       		.uleb128 0x3b
 1723 00b0 05       		.uleb128 0x5
 1724 00b1 01       		.uleb128 0x1
 1725 00b2 13       		.uleb128 0x13
 1726 00b3 00       		.byte	0
 1727 00b4 00       		.byte	0
 1728 00b5 10       		.uleb128 0x10
 1729 00b6 0D       		.uleb128 0xd
 1730 00b7 00       		.byte	0
 1731 00b8 03       		.uleb128 0x3
 1732 00b9 0E       		.uleb128 0xe
 1733 00ba 3A       		.uleb128 0x3a
 1734 00bb 0B       		.uleb128 0xb
 1735 00bc 3B       		.uleb128 0x3b
 1736 00bd 05       		.uleb128 0x5
 1737 00be 49       		.uleb128 0x49
 1738 00bf 13       		.uleb128 0x13
 1739 00c0 38       		.uleb128 0x38
 1740 00c1 05       		.uleb128 0x5
 1741 00c2 00       		.byte	0
 1742 00c3 00       		.byte	0
 1743 00c4 11       		.uleb128 0x11
 1744 00c5 0D       		.uleb128 0xd
 1745 00c6 00       		.byte	0
 1746 00c7 03       		.uleb128 0x3
 1747 00c8 08       		.uleb128 0x8
 1748 00c9 3A       		.uleb128 0x3a
 1749 00ca 0B       		.uleb128 0xb
 1750 00cb 3B       		.uleb128 0x3b
 1751 00cc 05       		.uleb128 0x5
 1752 00cd 49       		.uleb128 0x49
 1753 00ce 13       		.uleb128 0x13
 1754 00cf 38       		.uleb128 0x38
 1755 00d0 05       		.uleb128 0x5
 1756 00d1 00       		.byte	0
 1757 00d2 00       		.byte	0
 1758 00d3 12       		.uleb128 0x12
 1759 00d4 0D       		.uleb128 0xd
 1760 00d5 00       		.byte	0
 1761 00d6 03       		.uleb128 0x3
 1762 00d7 08       		.uleb128 0x8
 1763 00d8 3A       		.uleb128 0x3a
ARM GAS  /tmp/cc9C4usx.s 			page 32


 1764 00d9 0B       		.uleb128 0xb
 1765 00da 3B       		.uleb128 0x3b
 1766 00db 0B       		.uleb128 0xb
 1767 00dc 49       		.uleb128 0x49
 1768 00dd 13       		.uleb128 0x13
 1769 00de 38       		.uleb128 0x38
 1770 00df 0B       		.uleb128 0xb
 1771 00e0 00       		.byte	0
 1772 00e1 00       		.byte	0
 1773 00e2 13       		.uleb128 0x13
 1774 00e3 13       		.uleb128 0x13
 1775 00e4 01       		.byte	0x1
 1776 00e5 0B       		.uleb128 0xb
 1777 00e6 0B       		.uleb128 0xb
 1778 00e7 3A       		.uleb128 0x3a
 1779 00e8 0B       		.uleb128 0xb
 1780 00e9 3B       		.uleb128 0x3b
 1781 00ea 0B       		.uleb128 0xb
 1782 00eb 01       		.uleb128 0x1
 1783 00ec 13       		.uleb128 0x13
 1784 00ed 00       		.byte	0
 1785 00ee 00       		.byte	0
 1786 00ef 14       		.uleb128 0x14
 1787 00f0 13       		.uleb128 0x13
 1788 00f1 01       		.byte	0x1
 1789 00f2 0B       		.uleb128 0xb
 1790 00f3 05       		.uleb128 0x5
 1791 00f4 3A       		.uleb128 0x3a
 1792 00f5 0B       		.uleb128 0xb
 1793 00f6 3B       		.uleb128 0x3b
 1794 00f7 0B       		.uleb128 0xb
 1795 00f8 01       		.uleb128 0x1
 1796 00f9 13       		.uleb128 0x13
 1797 00fa 00       		.byte	0
 1798 00fb 00       		.byte	0
 1799 00fc 15       		.uleb128 0x15
 1800 00fd 01       		.uleb128 0x1
 1801 00fe 01       		.byte	0x1
 1802 00ff 49       		.uleb128 0x49
 1803 0100 13       		.uleb128 0x13
 1804 0101 01       		.uleb128 0x1
 1805 0102 13       		.uleb128 0x13
 1806 0103 00       		.byte	0
 1807 0104 00       		.byte	0
 1808 0105 16       		.uleb128 0x16
 1809 0106 21       		.uleb128 0x21
 1810 0107 00       		.byte	0
 1811 0108 49       		.uleb128 0x49
 1812 0109 13       		.uleb128 0x13
 1813 010a 2F       		.uleb128 0x2f
 1814 010b 0B       		.uleb128 0xb
 1815 010c 00       		.byte	0
 1816 010d 00       		.byte	0
 1817 010e 17       		.uleb128 0x17
 1818 010f 17       		.uleb128 0x17
 1819 0110 01       		.byte	0x1
 1820 0111 0B       		.uleb128 0xb
ARM GAS  /tmp/cc9C4usx.s 			page 33


 1821 0112 0B       		.uleb128 0xb
 1822 0113 3A       		.uleb128 0x3a
 1823 0114 0B       		.uleb128 0xb
 1824 0115 3B       		.uleb128 0x3b
 1825 0116 0B       		.uleb128 0xb
 1826 0117 01       		.uleb128 0x1
 1827 0118 13       		.uleb128 0x13
 1828 0119 00       		.byte	0
 1829 011a 00       		.byte	0
 1830 011b 18       		.uleb128 0x18
 1831 011c 0D       		.uleb128 0xd
 1832 011d 00       		.byte	0
 1833 011e 03       		.uleb128 0x3
 1834 011f 0E       		.uleb128 0xe
 1835 0120 3A       		.uleb128 0x3a
 1836 0121 0B       		.uleb128 0xb
 1837 0122 3B       		.uleb128 0x3b
 1838 0123 05       		.uleb128 0x5
 1839 0124 49       		.uleb128 0x49
 1840 0125 13       		.uleb128 0x13
 1841 0126 00       		.byte	0
 1842 0127 00       		.byte	0
 1843 0128 19       		.uleb128 0x19
 1844 0129 26       		.uleb128 0x26
 1845 012a 00       		.byte	0
 1846 012b 49       		.uleb128 0x49
 1847 012c 13       		.uleb128 0x13
 1848 012d 00       		.byte	0
 1849 012e 00       		.byte	0
 1850 012f 1A       		.uleb128 0x1a
 1851 0130 2E       		.uleb128 0x2e
 1852 0131 01       		.byte	0x1
 1853 0132 03       		.uleb128 0x3
 1854 0133 0E       		.uleb128 0xe
 1855 0134 3A       		.uleb128 0x3a
 1856 0135 0B       		.uleb128 0xb
 1857 0136 3B       		.uleb128 0x3b
 1858 0137 05       		.uleb128 0x5
 1859 0138 27       		.uleb128 0x27
 1860 0139 19       		.uleb128 0x19
 1861 013a 20       		.uleb128 0x20
 1862 013b 0B       		.uleb128 0xb
 1863 013c 01       		.uleb128 0x1
 1864 013d 13       		.uleb128 0x13
 1865 013e 00       		.byte	0
 1866 013f 00       		.byte	0
 1867 0140 1B       		.uleb128 0x1b
 1868 0141 05       		.uleb128 0x5
 1869 0142 00       		.byte	0
 1870 0143 03       		.uleb128 0x3
 1871 0144 0E       		.uleb128 0xe
 1872 0145 3A       		.uleb128 0x3a
 1873 0146 0B       		.uleb128 0xb
 1874 0147 3B       		.uleb128 0x3b
 1875 0148 05       		.uleb128 0x5
 1876 0149 49       		.uleb128 0x49
 1877 014a 13       		.uleb128 0x13
ARM GAS  /tmp/cc9C4usx.s 			page 34


 1878 014b 00       		.byte	0
 1879 014c 00       		.byte	0
 1880 014d 1C       		.uleb128 0x1c
 1881 014e 2E       		.uleb128 0x2e
 1882 014f 01       		.byte	0x1
 1883 0150 03       		.uleb128 0x3
 1884 0151 0E       		.uleb128 0xe
 1885 0152 3A       		.uleb128 0x3a
 1886 0153 0B       		.uleb128 0xb
 1887 0154 3B       		.uleb128 0x3b
 1888 0155 05       		.uleb128 0x5
 1889 0156 27       		.uleb128 0x27
 1890 0157 19       		.uleb128 0x19
 1891 0158 11       		.uleb128 0x11
 1892 0159 01       		.uleb128 0x1
 1893 015a 12       		.uleb128 0x12
 1894 015b 06       		.uleb128 0x6
 1895 015c 40       		.uleb128 0x40
 1896 015d 18       		.uleb128 0x18
 1897 015e 9742     		.uleb128 0x2117
 1898 0160 19       		.uleb128 0x19
 1899 0161 01       		.uleb128 0x1
 1900 0162 13       		.uleb128 0x13
 1901 0163 00       		.byte	0
 1902 0164 00       		.byte	0
 1903 0165 1D       		.uleb128 0x1d
 1904 0166 1D       		.uleb128 0x1d
 1905 0167 01       		.byte	0x1
 1906 0168 31       		.uleb128 0x31
 1907 0169 13       		.uleb128 0x13
 1908 016a 11       		.uleb128 0x11
 1909 016b 01       		.uleb128 0x1
 1910 016c 12       		.uleb128 0x12
 1911 016d 06       		.uleb128 0x6
 1912 016e 58       		.uleb128 0x58
 1913 016f 0B       		.uleb128 0xb
 1914 0170 59       		.uleb128 0x59
 1915 0171 05       		.uleb128 0x5
 1916 0172 00       		.byte	0
 1917 0173 00       		.byte	0
 1918 0174 1E       		.uleb128 0x1e
 1919 0175 05       		.uleb128 0x5
 1920 0176 00       		.byte	0
 1921 0177 31       		.uleb128 0x31
 1922 0178 13       		.uleb128 0x13
 1923 0179 02       		.uleb128 0x2
 1924 017a 18       		.uleb128 0x18
 1925 017b 00       		.byte	0
 1926 017c 00       		.byte	0
 1927 017d 1F       		.uleb128 0x1f
 1928 017e 2E       		.uleb128 0x2e
 1929 017f 00       		.byte	0
 1930 0180 03       		.uleb128 0x3
 1931 0181 0E       		.uleb128 0xe
 1932 0182 3A       		.uleb128 0x3a
 1933 0183 0B       		.uleb128 0xb
 1934 0184 3B       		.uleb128 0x3b
ARM GAS  /tmp/cc9C4usx.s 			page 35


 1935 0185 05       		.uleb128 0x5
 1936 0186 27       		.uleb128 0x27
 1937 0187 19       		.uleb128 0x19
 1938 0188 11       		.uleb128 0x11
 1939 0189 01       		.uleb128 0x1
 1940 018a 12       		.uleb128 0x12
 1941 018b 06       		.uleb128 0x6
 1942 018c 40       		.uleb128 0x40
 1943 018d 18       		.uleb128 0x18
 1944 018e 9642     		.uleb128 0x2116
 1945 0190 19       		.uleb128 0x19
 1946 0191 00       		.byte	0
 1947 0192 00       		.byte	0
 1948 0193 20       		.uleb128 0x20
 1949 0194 2E       		.uleb128 0x2e
 1950 0195 01       		.byte	0x1
 1951 0196 03       		.uleb128 0x3
 1952 0197 0E       		.uleb128 0xe
 1953 0198 3A       		.uleb128 0x3a
 1954 0199 0B       		.uleb128 0xb
 1955 019a 3B       		.uleb128 0x3b
 1956 019b 05       		.uleb128 0x5
 1957 019c 27       		.uleb128 0x27
 1958 019d 19       		.uleb128 0x19
 1959 019e 11       		.uleb128 0x11
 1960 019f 01       		.uleb128 0x1
 1961 01a0 12       		.uleb128 0x12
 1962 01a1 06       		.uleb128 0x6
 1963 01a2 40       		.uleb128 0x40
 1964 01a3 18       		.uleb128 0x18
 1965 01a4 9642     		.uleb128 0x2116
 1966 01a6 19       		.uleb128 0x19
 1967 01a7 01       		.uleb128 0x1
 1968 01a8 13       		.uleb128 0x13
 1969 01a9 00       		.byte	0
 1970 01aa 00       		.byte	0
 1971 01ab 21       		.uleb128 0x21
 1972 01ac 34       		.uleb128 0x34
 1973 01ad 00       		.byte	0
 1974 01ae 03       		.uleb128 0x3
 1975 01af 0E       		.uleb128 0xe
 1976 01b0 49       		.uleb128 0x49
 1977 01b1 13       		.uleb128 0x13
 1978 01b2 34       		.uleb128 0x34
 1979 01b3 19       		.uleb128 0x19
 1980 01b4 02       		.uleb128 0x2
 1981 01b5 18       		.uleb128 0x18
 1982 01b6 00       		.byte	0
 1983 01b7 00       		.byte	0
 1984 01b8 22       		.uleb128 0x22
 1985 01b9 2E       		.uleb128 0x2e
 1986 01ba 01       		.byte	0x1
 1987 01bb 3F       		.uleb128 0x3f
 1988 01bc 19       		.uleb128 0x19
 1989 01bd 03       		.uleb128 0x3
 1990 01be 0E       		.uleb128 0xe
 1991 01bf 3A       		.uleb128 0x3a
ARM GAS  /tmp/cc9C4usx.s 			page 36


 1992 01c0 0B       		.uleb128 0xb
 1993 01c1 3B       		.uleb128 0x3b
 1994 01c2 0B       		.uleb128 0xb
 1995 01c3 27       		.uleb128 0x27
 1996 01c4 19       		.uleb128 0x19
 1997 01c5 11       		.uleb128 0x11
 1998 01c6 01       		.uleb128 0x1
 1999 01c7 12       		.uleb128 0x12
 2000 01c8 06       		.uleb128 0x6
 2001 01c9 40       		.uleb128 0x40
 2002 01ca 18       		.uleb128 0x18
 2003 01cb 9742     		.uleb128 0x2117
 2004 01cd 19       		.uleb128 0x19
 2005 01ce 01       		.uleb128 0x1
 2006 01cf 13       		.uleb128 0x13
 2007 01d0 00       		.byte	0
 2008 01d1 00       		.byte	0
 2009 01d2 23       		.uleb128 0x23
 2010 01d3 34       		.uleb128 0x34
 2011 01d4 00       		.byte	0
 2012 01d5 03       		.uleb128 0x3
 2013 01d6 0E       		.uleb128 0xe
 2014 01d7 3A       		.uleb128 0x3a
 2015 01d8 0B       		.uleb128 0xb
 2016 01d9 3B       		.uleb128 0x3b
 2017 01da 0B       		.uleb128 0xb
 2018 01db 49       		.uleb128 0x49
 2019 01dc 13       		.uleb128 0x13
 2020 01dd 3F       		.uleb128 0x3f
 2021 01de 19       		.uleb128 0x19
 2022 01df 3C       		.uleb128 0x3c
 2023 01e0 19       		.uleb128 0x19
 2024 01e1 00       		.byte	0
 2025 01e2 00       		.byte	0
 2026 01e3 24       		.uleb128 0x24
 2027 01e4 21       		.uleb128 0x21
 2028 01e5 00       		.byte	0
 2029 01e6 00       		.byte	0
 2030 01e7 00       		.byte	0
 2031 01e8 25       		.uleb128 0x25
 2032 01e9 2E       		.uleb128 0x2e
 2033 01ea 01       		.byte	0x1
 2034 01eb 3F       		.uleb128 0x3f
 2035 01ec 19       		.uleb128 0x19
 2036 01ed 03       		.uleb128 0x3
 2037 01ee 0E       		.uleb128 0xe
 2038 01ef 3A       		.uleb128 0x3a
 2039 01f0 0B       		.uleb128 0xb
 2040 01f1 3B       		.uleb128 0x3b
 2041 01f2 0B       		.uleb128 0xb
 2042 01f3 27       		.uleb128 0x27
 2043 01f4 19       		.uleb128 0x19
 2044 01f5 49       		.uleb128 0x49
 2045 01f6 13       		.uleb128 0x13
 2046 01f7 11       		.uleb128 0x11
 2047 01f8 01       		.uleb128 0x1
 2048 01f9 12       		.uleb128 0x12
ARM GAS  /tmp/cc9C4usx.s 			page 37


 2049 01fa 06       		.uleb128 0x6
 2050 01fb 40       		.uleb128 0x40
 2051 01fc 18       		.uleb128 0x18
 2052 01fd 9642     		.uleb128 0x2116
 2053 01ff 19       		.uleb128 0x19
 2054 0200 01       		.uleb128 0x1
 2055 0201 13       		.uleb128 0x13
 2056 0202 00       		.byte	0
 2057 0203 00       		.byte	0
 2058 0204 26       		.uleb128 0x26
 2059 0205 05       		.uleb128 0x5
 2060 0206 00       		.byte	0
 2061 0207 03       		.uleb128 0x3
 2062 0208 0E       		.uleb128 0xe
 2063 0209 3A       		.uleb128 0x3a
 2064 020a 0B       		.uleb128 0xb
 2065 020b 3B       		.uleb128 0x3b
 2066 020c 0B       		.uleb128 0xb
 2067 020d 49       		.uleb128 0x49
 2068 020e 13       		.uleb128 0x13
 2069 020f 02       		.uleb128 0x2
 2070 0210 18       		.uleb128 0x18
 2071 0211 00       		.byte	0
 2072 0212 00       		.byte	0
 2073 0213 27       		.uleb128 0x27
 2074 0214 34       		.uleb128 0x34
 2075 0215 00       		.byte	0
 2076 0216 03       		.uleb128 0x3
 2077 0217 08       		.uleb128 0x8
 2078 0218 3A       		.uleb128 0x3a
 2079 0219 0B       		.uleb128 0xb
 2080 021a 3B       		.uleb128 0x3b
 2081 021b 0B       		.uleb128 0xb
 2082 021c 49       		.uleb128 0x49
 2083 021d 13       		.uleb128 0x13
 2084 021e 02       		.uleb128 0x2
 2085 021f 18       		.uleb128 0x18
 2086 0220 00       		.byte	0
 2087 0221 00       		.byte	0
 2088 0222 28       		.uleb128 0x28
 2089 0223 2E       		.uleb128 0x2e
 2090 0224 00       		.byte	0
 2091 0225 3F       		.uleb128 0x3f
 2092 0226 19       		.uleb128 0x19
 2093 0227 03       		.uleb128 0x3
 2094 0228 0E       		.uleb128 0xe
 2095 0229 3A       		.uleb128 0x3a
 2096 022a 0B       		.uleb128 0xb
 2097 022b 3B       		.uleb128 0x3b
 2098 022c 0B       		.uleb128 0xb
 2099 022d 27       		.uleb128 0x27
 2100 022e 19       		.uleb128 0x19
 2101 022f 49       		.uleb128 0x49
 2102 0230 13       		.uleb128 0x13
 2103 0231 11       		.uleb128 0x11
 2104 0232 01       		.uleb128 0x1
 2105 0233 12       		.uleb128 0x12
ARM GAS  /tmp/cc9C4usx.s 			page 38


 2106 0234 06       		.uleb128 0x6
 2107 0235 40       		.uleb128 0x40
 2108 0236 18       		.uleb128 0x18
 2109 0237 9742     		.uleb128 0x2117
 2110 0239 19       		.uleb128 0x19
 2111 023a 00       		.byte	0
 2112 023b 00       		.byte	0
 2113 023c 29       		.uleb128 0x29
 2114 023d 34       		.uleb128 0x34
 2115 023e 00       		.byte	0
 2116 023f 03       		.uleb128 0x3
 2117 0240 0E       		.uleb128 0xe
 2118 0241 3A       		.uleb128 0x3a
 2119 0242 0B       		.uleb128 0xb
 2120 0243 3B       		.uleb128 0x3b
 2121 0244 0B       		.uleb128 0xb
 2122 0245 49       		.uleb128 0x49
 2123 0246 13       		.uleb128 0x13
 2124 0247 02       		.uleb128 0x2
 2125 0248 18       		.uleb128 0x18
 2126 0249 00       		.byte	0
 2127 024a 00       		.byte	0
 2128 024b 2A       		.uleb128 0x2a
 2129 024c 34       		.uleb128 0x34
 2130 024d 00       		.byte	0
 2131 024e 03       		.uleb128 0x3
 2132 024f 0E       		.uleb128 0xe
 2133 0250 3A       		.uleb128 0x3a
 2134 0251 0B       		.uleb128 0xb
 2135 0252 3B       		.uleb128 0x3b
 2136 0253 05       		.uleb128 0x5
 2137 0254 49       		.uleb128 0x49
 2138 0255 13       		.uleb128 0x13
 2139 0256 3F       		.uleb128 0x3f
 2140 0257 19       		.uleb128 0x19
 2141 0258 3C       		.uleb128 0x3c
 2142 0259 19       		.uleb128 0x19
 2143 025a 00       		.byte	0
 2144 025b 00       		.byte	0
 2145 025c 2B       		.uleb128 0x2b
 2146 025d 34       		.uleb128 0x34
 2147 025e 00       		.byte	0
 2148 025f 03       		.uleb128 0x3
 2149 0260 08       		.uleb128 0x8
 2150 0261 3A       		.uleb128 0x3a
 2151 0262 0B       		.uleb128 0xb
 2152 0263 3B       		.uleb128 0x3b
 2153 0264 05       		.uleb128 0x5
 2154 0265 49       		.uleb128 0x49
 2155 0266 13       		.uleb128 0x13
 2156 0267 3F       		.uleb128 0x3f
 2157 0268 19       		.uleb128 0x19
 2158 0269 3C       		.uleb128 0x3c
 2159 026a 19       		.uleb128 0x19
 2160 026b 00       		.byte	0
 2161 026c 00       		.byte	0
 2162 026d 00       		.byte	0
ARM GAS  /tmp/cc9C4usx.s 			page 39


 2163              		.section	.debug_aranges,"",%progbits
 2164 0000 54000000 		.4byte	0x54
 2165 0004 0200     		.2byte	0x2
 2166 0006 00000000 		.4byte	.Ldebug_info0
 2167 000a 04       		.byte	0x4
 2168 000b 00       		.byte	0
 2169 000c 0000     		.2byte	0
 2170 000e 0000     		.2byte	0
 2171 0010 00000000 		.4byte	.LFB127
 2172 0014 10000000 		.4byte	.LFE127-.LFB127
 2173 0018 00000000 		.4byte	.LFB128
 2174 001c 10000000 		.4byte	.LFE128-.LFB128
 2175 0020 00000000 		.4byte	.LFB167
 2176 0024 10000000 		.4byte	.LFE167-.LFB167
 2177 0028 00000000 		.4byte	.LFB168
 2178 002c 38000000 		.4byte	.LFE168-.LFB168
 2179 0030 00000000 		.4byte	.LFB240
 2180 0034 2C000000 		.4byte	.LFE240-.LFB240
 2181 0038 00000000 		.4byte	.LFB241
 2182 003c 20000000 		.4byte	.LFE241-.LFB241
 2183 0040 00000000 		.4byte	.LFB242
 2184 0044 50000000 		.4byte	.LFE242-.LFB242
 2185 0048 00000000 		.4byte	.LFB243
 2186 004c 18000000 		.4byte	.LFE243-.LFB243
 2187 0050 00000000 		.4byte	0
 2188 0054 00000000 		.4byte	0
 2189              		.section	.debug_ranges,"",%progbits
 2190              	.Ldebug_ranges0:
 2191 0000 00000000 		.4byte	.LFB127
 2192 0004 10000000 		.4byte	.LFE127
 2193 0008 00000000 		.4byte	.LFB128
 2194 000c 10000000 		.4byte	.LFE128
 2195 0010 00000000 		.4byte	.LFB167
 2196 0014 10000000 		.4byte	.LFE167
 2197 0018 00000000 		.4byte	.LFB168
 2198 001c 38000000 		.4byte	.LFE168
 2199 0020 00000000 		.4byte	.LFB240
 2200 0024 2C000000 		.4byte	.LFE240
 2201 0028 00000000 		.4byte	.LFB241
 2202 002c 20000000 		.4byte	.LFE241
 2203 0030 00000000 		.4byte	.LFB242
 2204 0034 50000000 		.4byte	.LFE242
 2205 0038 00000000 		.4byte	.LFB243
 2206 003c 18000000 		.4byte	.LFE243
 2207 0040 00000000 		.4byte	0
 2208 0044 00000000 		.4byte	0
 2209              		.section	.debug_line,"",%progbits
 2210              	.Ldebug_line0:
 2211 0000 D7020000 		.section	.debug_str,"MS",%progbits,1
 2211      02000902 
 2211      00000201 
 2211      FB0E0D00 
 2211      01010101 
 2212              	.LASF138:
 2213 0000 656E646D 		.ascii	"endmem\000"
 2213      656D00
 2214              	.LASF55:
ARM GAS  /tmp/cc9C4usx.s 			page 40


 2215 0007 72656164 		.ascii	"ready_list_t\000"
 2215      795F6C69 
 2215      73745F74 
 2215      00
 2216              	.LASF92:
 2217 0014 73655F74 		.ascii	"se_time\000"
 2217      696D6500 
 2218              	.LASF2:
 2219 001c 73697A65 		.ascii	"size_t\000"
 2219      5F7400
 2220              	.LASF113:
 2221 0023 7264796D 		.ascii	"rdymsg\000"
 2221      736700
 2222              	.LASF17:
 2223 002a 75696E74 		.ascii	"uint64_t\000"
 2223      36345F74 
 2223      00
 2224              	.LASF85:
 2225 0033 6B65726E 		.ascii	"kernel_stats\000"
 2225      656C5F73 
 2225      74617473 
 2225      00
 2226              	.LASF134:
 2227 0040 6368436F 		.ascii	"chCoreAlloc\000"
 2227      7265416C 
 2227      6C6F6300 
 2228              	.LASF3:
 2229 004c 5F5F7569 		.ascii	"__uint8_t\000"
 2229      6E74385F 
 2229      7400
 2230              	.LASF91:
 2231 0056 706F7274 		.ascii	"port_intctx\000"
 2231      5F696E74 
 2231      63747800 
 2232              	.LASF54:
 2233 0062 63685F74 		.ascii	"ch_threads_queue\000"
 2233      68726561 
 2233      64735F71 
 2233      75657565 
 2233      00
 2234              	.LASF74:
 2235 0073 73797374 		.ascii	"system_debug_t\000"
 2235      656D5F64 
 2235      65627567 
 2235      5F7400
 2236              	.LASF129:
 2237 0082 706F7274 		.ascii	"port_lock\000"
 2237      5F6C6F63 
 2237      6B00
 2238              	.LASF104:
 2239 008c 776F7273 		.ascii	"worst\000"
 2239      7400
 2240              	.LASF107:
 2241 0092 74696D65 		.ascii	"time_measurement_t\000"
 2241      5F6D6561 
 2241      73757265 
 2241      6D656E74 
ARM GAS  /tmp/cc9C4usx.s 			page 41


 2241      5F7400
 2242              	.LASF13:
 2243 00a5 6C6F6E67 		.ascii	"long long unsigned int\000"
 2243      206C6F6E 
 2243      6720756E 
 2243      7369676E 
 2243      65642069 
 2244              	.LASF100:
 2245 00bc 63685F74 		.ascii	"ch_trace_buffer_t\000"
 2245      72616365 
 2245      5F627566 
 2245      6665725F 
 2245      7400
 2246              	.LASF95:
 2247 00ce 73655F73 		.ascii	"se_state\000"
 2247      74617465 
 2247      00
 2248              	.LASF114:
 2249 00d7 65786974 		.ascii	"exitcode\000"
 2249      636F6465 
 2249      00
 2250              	.LASF84:
 2251 00e0 6D61696E 		.ascii	"mainthread\000"
 2251      74687265 
 2251      616400
 2252              	.LASF71:
 2253 00eb 76697274 		.ascii	"virtual_timers_list_t\000"
 2253      75616C5F 
 2253      74696D65 
 2253      72735F6C 
 2253      6973745F 
 2254              	.LASF139:
 2255 0101 49544D5F 		.ascii	"ITM_RxBuffer\000"
 2255      52784275 
 2255      66666572 
 2255      00
 2256              	.LASF19:
 2257 010e 72747469 		.ascii	"rttime_t\000"
 2257      6D655F74 
 2257      00
 2258              	.LASF32:
 2259 0117 705F7072 		.ascii	"p_prio\000"
 2259      696F00
 2260              	.LASF11:
 2261 011e 6C6F6E67 		.ascii	"long long int\000"
 2261      206C6F6E 
 2261      6720696E 
 2261      7400
 2262              	.LASF1:
 2263 012c 7369676E 		.ascii	"signed char\000"
 2263      65642063 
 2263      68617200 
 2264              	.LASF47:
 2265 0138 705F6D70 		.ascii	"p_mpool\000"
 2265      6F6F6C00 
 2266              	.LASF124:
 2267 0140 6D5F7175 		.ascii	"m_queue\000"
ARM GAS  /tmp/cc9C4usx.s 			page 42


 2267      65756500 
 2268              	.LASF83:
 2269 0148 76746C69 		.ascii	"vtlist\000"
 2269      737400
 2270              	.LASF130:
 2271 014f 706F7274 		.ascii	"port_unlock\000"
 2271      5F756E6C 
 2271      6F636B00 
 2272              	.LASF147:
 2273 015b 6368436F 		.ascii	"chCoreGetStatusX\000"
 2273      72654765 
 2273      74537461 
 2273      74757358 
 2273      00
 2274              	.LASF116:
 2275 016c 77747472 		.ascii	"wttrp\000"
 2275      7000
 2276              	.LASF81:
 2277 0172 63685F73 		.ascii	"ch_system\000"
 2277      79737465 
 2277      6D00
 2278              	.LASF8:
 2279 017c 6C6F6E67 		.ascii	"long int\000"
 2279      20696E74 
 2279      00
 2280              	.LASF21:
 2281 0185 74737461 		.ascii	"tstate_t\000"
 2281      74655F74 
 2281      00
 2282              	.LASF93:
 2283 018e 73655F74 		.ascii	"se_tp\000"
 2283      7000
 2284              	.LASF140:
 2285 0194 474E5520 		.ascii	"GNU C 4.8.4 20141219 (release) -mcpu=cortex-m4 -mno"
 2285      4320342E 
 2285      382E3420 
 2285      32303134 
 2285      31323139 
 2286 01c7 2D746875 		.ascii	"-thumb-interwork -mthumb -ggdb -O0 -fomit-frame-poi"
 2286      6D622D69 
 2286      6E746572 
 2286      776F726B 
 2286      202D6D74 
 2287 01fa 6E746572 		.ascii	"nter -falign-functions=16 -ffunction-sections -fdat"
 2287      202D6661 
 2287      6C69676E 
 2287      2D66756E 
 2287      6374696F 
 2288 022d 612D7365 		.ascii	"a-sections -fno-common\000"
 2288      6374696F 
 2288      6E73202D 
 2288      666E6F2D 
 2288      636F6D6D 
 2289              	.LASF34:
 2290 0244 705F6E65 		.ascii	"p_newer\000"
 2290      77657200 
 2291              	.LASF121:
ARM GAS  /tmp/cc9C4usx.s 			page 43


 2292 024c 735F7175 		.ascii	"s_queue\000"
 2292      65756500 
 2293              	.LASF135:
 2294 0254 6368436F 		.ascii	"chCoreAllocI\000"
 2294      7265416C 
 2294      6C6F6349 
 2294      00
 2295              	.LASF97:
 2296 0261 74625F73 		.ascii	"tb_size\000"
 2296      697A6500 
 2297              	.LASF60:
 2298 0269 725F6E65 		.ascii	"r_newer\000"
 2298      77657200 
 2299              	.LASF88:
 2300 0271 72656761 		.ascii	"regarm_t\000"
 2300      726D5F74 
 2300      00
 2301              	.LASF67:
 2302 027a 76745F70 		.ascii	"vt_prev\000"
 2302      72657600 
 2303              	.LASF75:
 2304 0282 63685F73 		.ascii	"ch_system_debug\000"
 2304      79737465 
 2304      6D5F6465 
 2304      62756700 
 2305              	.LASF128:
 2306 0292 6D757465 		.ascii	"mutex_t\000"
 2306      785F7400 
 2307              	.LASF143:
 2308 029a 76616C75 		.ascii	"value\000"
 2308      6500
 2309              	.LASF78:
 2310 02a0 6C6F636B 		.ascii	"lock_cnt\000"
 2310      5F636E74 
 2310      00
 2311              	.LASF86:
 2312 02a9 69646C65 		.ascii	"idle_thread_wa\000"
 2312      5F746872 
 2312      6561645F 
 2312      776100
 2313              	.LASF26:
 2314 02b8 636E745F 		.ascii	"cnt_t\000"
 2314      7400
 2315              	.LASF37:
 2316 02be 705F7374 		.ascii	"p_stklimit\000"
 2316      6B6C696D 
 2316      697400
 2317              	.LASF0:
 2318 02c9 756E7369 		.ascii	"unsigned int\000"
 2318      676E6564 
 2318      20696E74 
 2318      00
 2319              	.LASF66:
 2320 02d6 76745F6E 		.ascii	"vt_next\000"
 2320      65787400 
 2321              	.LASF117:
 2322 02de 77747365 		.ascii	"wtsemp\000"
ARM GAS  /tmp/cc9C4usx.s 			page 44


 2322      6D7000
 2323              	.LASF42:
 2324 02e5 705F6D73 		.ascii	"p_msgqueue\000"
 2324      67717565 
 2324      756500
 2325              	.LASF108:
 2326 02f0 6E5F6972 		.ascii	"n_irq\000"
 2326      7100
 2327              	.LASF122:
 2328 02f6 735F636E 		.ascii	"s_cnt\000"
 2328      7400
 2329              	.LASF6:
 2330 02fc 73686F72 		.ascii	"short unsigned int\000"
 2330      7420756E 
 2330      7369676E 
 2330      65642069 
 2330      6E7400
 2331              	.LASF112:
 2332 030f 6B65726E 		.ascii	"kernel_stats_t\000"
 2332      656C5F73 
 2332      74617473 
 2332      5F7400
 2333              	.LASF51:
 2334 031e 63685F74 		.ascii	"ch_thread\000"
 2334      68726561 
 2334      6400
 2335              	.LASF24:
 2336 0328 6D73675F 		.ascii	"msg_t\000"
 2336      7400
 2337              	.LASF105:
 2338 032e 6C617374 		.ascii	"last\000"
 2338      00
 2339              	.LASF27:
 2340 0333 75636E74 		.ascii	"ucnt_t\000"
 2340      5F7400
 2341              	.LASF80:
 2342 033a 63685F73 		.ascii	"ch_system_t\000"
 2342      79737465 
 2342      6D5F7400 
 2343              	.LASF20:
 2344 0346 746D6F64 		.ascii	"tmode_t\000"
 2344      655F7400 
 2345              	.LASF111:
 2346 034e 6D5F6372 		.ascii	"m_crit_isr\000"
 2346      69745F69 
 2346      737200
 2347              	.LASF56:
 2348 0359 63685F72 		.ascii	"ch_ready_list\000"
 2348      65616479 
 2348      5F6C6973 
 2348      7400
 2349              	.LASF25:
 2350 0367 6576656E 		.ascii	"eventmask_t\000"
 2350      746D6173 
 2350      6B5F7400 
 2351              	.LASF7:
 2352 0373 5F5F696E 		.ascii	"__int32_t\000"
ARM GAS  /tmp/cc9C4usx.s 			page 45


 2352      7433325F 
 2352      7400
 2353              	.LASF89:
 2354 037d 73746B61 		.ascii	"stkalign_t\000"
 2354      6C69676E 
 2354      5F7400
 2355              	.LASF41:
 2356 0388 705F7761 		.ascii	"p_waiting\000"
 2356      6974696E 
 2356      6700
 2357              	.LASF87:
 2358 0392 73697A65 		.ascii	"sizetype\000"
 2358      74797065 
 2358      00
 2359              	.LASF49:
 2360 039b 74687265 		.ascii	"thread_reference_t\000"
 2360      61645F72 
 2360      65666572 
 2360      656E6365 
 2360      5F7400
 2361              	.LASF72:
 2362 03ae 63685F76 		.ascii	"ch_virtual_timers_list\000"
 2362      69727475 
 2362      616C5F74 
 2362      696D6572 
 2362      735F6C69 
 2363              	.LASF98:
 2364 03c5 74625F70 		.ascii	"tb_ptr\000"
 2364      747200
 2365              	.LASF96:
 2366 03cc 63685F73 		.ascii	"ch_swc_event_t\000"
 2366      77635F65 
 2366      76656E74 
 2366      5F7400
 2367              	.LASF73:
 2368 03db 76745F6C 		.ascii	"vt_lasttime\000"
 2368      61737474 
 2368      696D6500 
 2369              	.LASF35:
 2370 03e7 705F6F6C 		.ascii	"p_older\000"
 2370      64657200 
 2371              	.LASF59:
 2372 03ef 725F6374 		.ascii	"r_ctx\000"
 2372      7800
 2373              	.LASF102:
 2374 03f5 746D5F63 		.ascii	"tm_calibration_t\000"
 2374      616C6962 
 2374      72617469 
 2374      6F6E5F74 
 2374      00
 2375              	.LASF62:
 2376 0406 725F6375 		.ascii	"r_current\000"
 2376      7272656E 
 2376      7400
 2377              	.LASF61:
 2378 0410 725F6F6C 		.ascii	"r_older\000"
 2378      64657200 
ARM GAS  /tmp/cc9C4usx.s 			page 46


 2379              	.LASF12:
 2380 0418 5F5F7569 		.ascii	"__uint64_t\000"
 2380      6E743634 
 2380      5F7400
 2381              	.LASF106:
 2382 0423 63756D75 		.ascii	"cumulative\000"
 2382      6C617469 
 2382      766500
 2383              	.LASF22:
 2384 042e 74726566 		.ascii	"trefs_t\000"
 2384      735F7400 
 2385              	.LASF99:
 2386 0436 74625F62 		.ascii	"tb_buffer\000"
 2386      75666665 
 2386      7200
 2387              	.LASF64:
 2388 0440 76697274 		.ascii	"virtual_timer_t\000"
 2388      75616C5F 
 2388      74696D65 
 2388      725F7400 
 2389              	.LASF31:
 2390 0450 705F7072 		.ascii	"p_prev\000"
 2390      657600
 2391              	.LASF23:
 2392 0457 74707269 		.ascii	"tprio_t\000"
 2392      6F5F7400 
 2393              	.LASF109:
 2394 045f 6E5F6374 		.ascii	"n_ctxswc\000"
 2394      78737763 
 2394      00
 2395              	.LASF15:
 2396 0468 696E7433 		.ascii	"int32_t\000"
 2396      325F7400 
 2397              	.LASF4:
 2398 0470 756E7369 		.ascii	"unsigned char\000"
 2398      676E6564 
 2398      20636861 
 2398      7200
 2399              	.LASF146:
 2400 047e 5F636F72 		.ascii	"_core_init\000"
 2400      655F696E 
 2400      697400
 2401              	.LASF45:
 2402 0489 705F6D74 		.ascii	"p_mtxlist\000"
 2402      786C6973 
 2402      7400
 2403              	.LASF5:
 2404 0493 73686F72 		.ascii	"short int\000"
 2404      7420696E 
 2404      7400
 2405              	.LASF38:
 2406 049d 705F7374 		.ascii	"p_state\000"
 2406      61746500 
 2407              	.LASF133:
 2408 04a5 5F5F6865 		.ascii	"__heap_end__\000"
 2408      61705F65 
 2408      6E645F5F 
ARM GAS  /tmp/cc9C4usx.s 			page 47


 2408      00
 2409              	.LASF58:
 2410 04b2 725F7072 		.ascii	"r_prio\000"
 2410      696F00
 2411              	.LASF119:
 2412 04b9 65776D61 		.ascii	"ewmask\000"
 2412      736B00
 2413              	.LASF30:
 2414 04c0 705F6E65 		.ascii	"p_next\000"
 2414      787400
 2415              	.LASF39:
 2416 04c7 705F666C 		.ascii	"p_flags\000"
 2416      61677300 
 2417              	.LASF145:
 2418 04cf 5F5F6675 		.ascii	"__func__\000"
 2418      6E635F5F 
 2418      00
 2419              	.LASF48:
 2420 04d8 705F7374 		.ascii	"p_stats\000"
 2420      61747300 
 2421              	.LASF144:
 2422 04e0 63685379 		.ascii	"chSysLock\000"
 2422      734C6F63 
 2422      6B00
 2423              	.LASF65:
 2424 04ea 63685F76 		.ascii	"ch_virtual_timer\000"
 2424      69727475 
 2424      616C5F74 
 2424      696D6572 
 2424      00
 2425              	.LASF120:
 2426 04fb 63685F73 		.ascii	"ch_semaphore\000"
 2426      656D6170 
 2426      686F7265 
 2426      00
 2427              	.LASF44:
 2428 0508 705F6570 		.ascii	"p_epending\000"
 2428      656E6469 
 2428      6E6700
 2429              	.LASF16:
 2430 0513 75696E74 		.ascii	"uint32_t\000"
 2430      33325F74 
 2430      00
 2431              	.LASF118:
 2432 051c 77746D74 		.ascii	"wtmtxp\000"
 2432      787000
 2433              	.LASF57:
 2434 0523 725F7175 		.ascii	"r_queue\000"
 2434      65756500 
 2435              	.LASF68:
 2436 052b 76745F64 		.ascii	"vt_delta\000"
 2436      656C7461 
 2436      00
 2437              	.LASF52:
 2438 0534 63685F74 		.ascii	"ch_threads_list\000"
 2438      68726561 
 2438      64735F6C 
ARM GAS  /tmp/cc9C4usx.s 			page 48


 2438      69737400 
 2439              	.LASF10:
 2440 0544 6C6F6E67 		.ascii	"long unsigned int\000"
 2440      20756E73 
 2440      69676E65 
 2440      6420696E 
 2440      7400
 2441              	.LASF127:
 2442 0556 63686172 		.ascii	"char\000"
 2442      00
 2443              	.LASF141:
 2444 055b 2F686F6D 		.ascii	"/home/efe/ChibiOS/os/rt/src/chmemcore.c\000"
 2444      652F6566 
 2444      652F4368 
 2444      6962694F 
 2444      532F6F73 
 2445              	.LASF29:
 2446 0583 74687265 		.ascii	"thread_t\000"
 2446      61645F74 
 2446      00
 2447              	.LASF103:
 2448 058c 62657374 		.ascii	"best\000"
 2448      00
 2449              	.LASF137:
 2450 0591 6E657874 		.ascii	"nextmem\000"
 2450      6D656D00 
 2451              	.LASF126:
 2452 0599 6D5F6E65 		.ascii	"m_next\000"
 2452      787400
 2453              	.LASF28:
 2454 05a0 73797374 		.ascii	"systime_t\000"
 2454      696D655F 
 2454      7400
 2455              	.LASF46:
 2456 05aa 705F7265 		.ascii	"p_realprio\000"
 2456      616C7072 
 2456      696F00
 2457              	.LASF63:
 2458 05b5 76746675 		.ascii	"vtfunc_t\000"
 2458      6E635F74 
 2458      00
 2459              	.LASF9:
 2460 05be 5F5F7569 		.ascii	"__uint32_t\000"
 2460      6E743332 
 2460      5F7400
 2461              	.LASF142:
 2462 05c9 5F5F7365 		.ascii	"__set_BASEPRI\000"
 2462      745F4241 
 2462      53455052 
 2462      4900
 2463              	.LASF76:
 2464 05d7 70616E69 		.ascii	"panic_msg\000"
 2464      635F6D73 
 2464      6700
 2465              	.LASF101:
 2466 05e1 6F666673 		.ascii	"offset\000"
 2466      657400
ARM GAS  /tmp/cc9C4usx.s 			page 49


 2467              	.LASF90:
 2468 05e8 636F6E74 		.ascii	"context\000"
 2468      65787400 
 2469              	.LASF18:
 2470 05f0 7274636E 		.ascii	"rtcnt_t\000"
 2470      745F7400 
 2471              	.LASF70:
 2472 05f8 76745F70 		.ascii	"vt_par\000"
 2472      617200
 2473              	.LASF132:
 2474 05ff 5F5F6865 		.ascii	"__heap_base__\000"
 2474      61705F62 
 2474      6173655F 
 2474      5F00
 2475              	.LASF53:
 2476 060d 74687265 		.ascii	"threads_queue_t\000"
 2476      6164735F 
 2476      71756575 
 2476      655F7400 
 2477              	.LASF123:
 2478 061d 63685F6D 		.ascii	"ch_mutex\000"
 2478      75746578 
 2478      00
 2479              	.LASF40:
 2480 0626 705F7265 		.ascii	"p_refs\000"
 2480      667300
 2481              	.LASF77:
 2482 062d 6973725F 		.ascii	"isr_cnt\000"
 2482      636E7400 
 2483              	.LASF82:
 2484 0635 726C6973 		.ascii	"rlist\000"
 2484      7400
 2485              	.LASF14:
 2486 063b 75696E74 		.ascii	"uint8_t\000"
 2486      385F7400 
 2487              	.LASF115:
 2488 0643 77746F62 		.ascii	"wtobjp\000"
 2488      6A7000
 2489              	.LASF36:
 2490 064a 705F6E61 		.ascii	"p_name\000"
 2490      6D6500
 2491              	.LASF136:
 2492 0651 73697A65 		.ascii	"size\000"
 2492      00
 2493              	.LASF50:
 2494 0656 74687265 		.ascii	"threads_list_t\000"
 2494      6164735F 
 2494      6C697374 
 2494      5F7400
 2495              	.LASF79:
 2496 0665 74726163 		.ascii	"trace_buffer\000"
 2496      655F6275 
 2496      66666572 
 2496      00
 2497              	.LASF131:
 2498 0672 63685379 		.ascii	"chSysUnlock\000"
 2498      73556E6C 
ARM GAS  /tmp/cc9C4usx.s 			page 50


 2498      6F636B00 
 2499              	.LASF43:
 2500 067e 705F6D73 		.ascii	"p_msg\000"
 2500      6700
 2501              	.LASF110:
 2502 0684 6D5F6372 		.ascii	"m_crit_thd\000"
 2502      69745F74 
 2502      686400
 2503              	.LASF125:
 2504 068f 6D5F6F77 		.ascii	"m_owner\000"
 2504      6E657200 
 2505              	.LASF94:
 2506 0697 73655F77 		.ascii	"se_wtobjp\000"
 2506      746F626A 
 2506      7000
 2507              	.LASF33:
 2508 06a1 705F6374 		.ascii	"p_ctx\000"
 2508      7800
 2509              	.LASF69:
 2510 06a7 76745F66 		.ascii	"vt_func\000"
 2510      756E6300 
 2511              		.ident	"GCC: (4.8.4-1+11-1) 4.8.4 20141219 (release)"
ARM GAS  /tmp/cc9C4usx.s 			page 51


DEFINED SYMBOLS
                            *ABS*:0000000000000000 chmemcore.c
     /tmp/cc9C4usx.s:19     .text.port_lock:0000000000000000 $t
     /tmp/cc9C4usx.s:24     .text.port_lock:0000000000000000 port_lock
     /tmp/cc9C4usx.s:55     .text.port_unlock:0000000000000000 $t
     /tmp/cc9C4usx.s:60     .text.port_unlock:0000000000000000 port_unlock
     /tmp/cc9C4usx.s:89     .text.chSysLock:0000000000000000 $t
     /tmp/cc9C4usx.s:94     .text.chSysLock:0000000000000000 chSysLock
     /tmp/cc9C4usx.s:117    .text.chSysUnlock:0000000000000000 $t
     /tmp/cc9C4usx.s:122    .text.chSysUnlock:0000000000000000 chSysUnlock
     /tmp/cc9C4usx.s:161    .text.chSysUnlock:0000000000000030 $d
     /tmp/cc9C4usx.s:359    .rodata.__func__.5925:0000000000000000 __func__.5925
     /tmp/cc9C4usx.s:167    .bss.nextmem:0000000000000000 $d
     /tmp/cc9C4usx.s:170    .bss.nextmem:0000000000000000 nextmem
     /tmp/cc9C4usx.s:173    .bss.endmem:0000000000000000 $d
     /tmp/cc9C4usx.s:176    .bss.endmem:0000000000000000 endmem
     /tmp/cc9C4usx.s:179    .text._core_init:0000000000000000 $t
     /tmp/cc9C4usx.s:185    .text._core_init:0000000000000000 _core_init
     /tmp/cc9C4usx.s:211    .text._core_init:000000000000001c $d
     /tmp/cc9C4usx.s:219    .text.chCoreAlloc:0000000000000000 $t
     /tmp/cc9C4usx.s:225    .text.chCoreAlloc:0000000000000000 chCoreAlloc
     /tmp/cc9C4usx.s:262    .text.chCoreAllocI:0000000000000000 chCoreAllocI
     /tmp/cc9C4usx.s:256    .text.chCoreAllocI:0000000000000000 $t
     /tmp/cc9C4usx.s:318    .text.chCoreAllocI:0000000000000048 $d
     /tmp/cc9C4usx.s:324    .text.chCoreGetStatusX:0000000000000000 $t
     /tmp/cc9C4usx.s:330    .text.chCoreGetStatusX:0000000000000000 chCoreGetStatusX
     /tmp/cc9C4usx.s:350    .text.chCoreGetStatusX:0000000000000010 $d
     /tmp/cc9C4usx.s:356    .rodata.__func__.5925:0000000000000000 $d
                     .debug_frame:0000000000000010 $d
     /tmp/cc9C4usx.s:166    .text.chSysUnlock:0000000000000038 $t
     /tmp/cc9C4usx.s:218    .text._core_init:000000000000002c $t
     /tmp/cc9C4usx.s:355    .text.chCoreGetStatusX:0000000000000018 $t

UNDEFINED SYMBOLS
_stats_start_measure_crit_thd
_dbg_check_lock
_dbg_check_unlock
_stats_stop_measure_crit_thd
chSysHalt
ch
__heap_base__
__heap_end__
chDbgCheckClassI
