ARM GAS  /tmp/ccwdGqxn.s 			page 1


   1              		.syntax unified
   2              		.cpu cortex-m4
   3              		.fpu softvfp
   4              		.eabi_attribute 20, 1
   5              		.eabi_attribute 21, 1
   6              		.eabi_attribute 23, 3
   7              		.eabi_attribute 24, 1
   8              		.eabi_attribute 25, 1
   9              		.eabi_attribute 26, 1
  10              		.eabi_attribute 30, 6
  11              		.eabi_attribute 34, 1
  12              		.eabi_attribute 18, 4
  13              		.thumb
  14              		.file	"chtm.c"
  15              		.text
  16              	.Ltext0:
  17              		.cfi_sections	.debug_frame
  18              		.section	.text.port_rt_get_counter_value,"ax",%progbits
  19              		.align	2
  20              		.p2align 4,,15
  21              		.thumb
  22              		.thumb_func
  23              		.type	port_rt_get_counter_value, %function
  24              	port_rt_get_counter_value:
  25              	.LFB135:
  26              		.file 1 "/home/efe/ChibiOS/os/rt/ports/ARMCMx/chcore_v7m.h"
  27              		.loc 1 558 0
  28              		.cfi_startproc
  29              		@ args = 0, pretend = 0, frame = 0
  30              		@ frame_needed = 0, uses_anonymous_args = 0
  31              		@ link register save eliminated.
  32              		.loc 1 560 0
  33 0000 014B     		ldr	r3, .L3
  34 0002 5B68     		ldr	r3, [r3, #4]
  35              		.loc 1 561 0
  36 0004 1846     		mov	r0, r3
  37 0006 7047     		bx	lr
  38              	.L4:
  39              		.align	2
  40              	.L3:
  41 0008 001000E0 		.word	-536866816
  42              		.cfi_endproc
  43              	.LFE135:
  44              		.size	port_rt_get_counter_value, .-port_rt_get_counter_value
  45 000c AFF30080 		.section	.text.tm_stop,"ax",%progbits
  46              		.align	2
  47              		.p2align 4,,15
  48              		.thumb
  49              		.thumb_func
  50              		.type	tm_stop, %function
  51              	tm_stop:
  52              	.LFB240:
  53              		.file 2 "/home/efe/ChibiOS/os/rt/src/chtm.c"
  54              		.loc 2 55 0
  55              		.cfi_startproc
  56              		@ args = 0, pretend = 0, frame = 16
  57              		@ frame_needed = 0, uses_anonymous_args = 0
ARM GAS  /tmp/ccwdGqxn.s 			page 2


  58              		@ link register save eliminated.
  59 0000 84B0     		sub	sp, sp, #16
  60              		.cfi_def_cfa_offset 16
  61 0002 0390     		str	r0, [sp, #12]
  62 0004 0291     		str	r1, [sp, #8]
  63 0006 0192     		str	r2, [sp, #4]
  64              		.loc 2 57 0
  65 0008 039B     		ldr	r3, [sp, #12]
  66 000a DB68     		ldr	r3, [r3, #12]
  67 000c 5A1C     		adds	r2, r3, #1
  68 000e 039B     		ldr	r3, [sp, #12]
  69 0010 DA60     		str	r2, [r3, #12]
  70              		.loc 2 58 0
  71 0012 039B     		ldr	r3, [sp, #12]
  72 0014 9B68     		ldr	r3, [r3, #8]
  73 0016 029A     		ldr	r2, [sp, #8]
  74 0018 D21A     		subs	r2, r2, r3
  75 001a 019B     		ldr	r3, [sp, #4]
  76 001c D21A     		subs	r2, r2, r3
  77 001e 039B     		ldr	r3, [sp, #12]
  78 0020 9A60     		str	r2, [r3, #8]
  79              		.loc 2 59 0
  80 0022 039B     		ldr	r3, [sp, #12]
  81 0024 D3E90401 		ldrd	r0, [r3, #16]
  82 0028 039B     		ldr	r3, [sp, #12]
  83 002a 9B68     		ldr	r3, [r3, #8]
  84 002c 1A46     		mov	r2, r3
  85 002e 4FF00003 		mov	r3, #0
  86 0032 1218     		adds	r2, r2, r0
  87 0034 43EB0103 		adc	r3, r3, r1
  88 0038 0399     		ldr	r1, [sp, #12]
  89 003a C1E90423 		strd	r2, [r1, #16]
  90              		.loc 2 61 0
  91 003e 039B     		ldr	r3, [sp, #12]
  92 0040 9A68     		ldr	r2, [r3, #8]
  93 0042 039B     		ldr	r3, [sp, #12]
  94 0044 5B68     		ldr	r3, [r3, #4]
  95 0046 9A42     		cmp	r2, r3
  96 0048 04D9     		bls	.L6
  97              		.loc 2 62 0
  98 004a 039B     		ldr	r3, [sp, #12]
  99 004c 9A68     		ldr	r2, [r3, #8]
 100 004e 039B     		ldr	r3, [sp, #12]
 101 0050 5A60     		str	r2, [r3, #4]
 102 0052 09E0     		b	.L5
 103              	.L6:
 104              		.loc 2 64 0
 105 0054 039B     		ldr	r3, [sp, #12]
 106 0056 9A68     		ldr	r2, [r3, #8]
 107 0058 039B     		ldr	r3, [sp, #12]
 108 005a 1B68     		ldr	r3, [r3]
 109 005c 9A42     		cmp	r2, r3
 110 005e 03D2     		bcs	.L5
 111              		.loc 2 65 0
 112 0060 039B     		ldr	r3, [sp, #12]
 113 0062 9A68     		ldr	r2, [r3, #8]
 114 0064 039B     		ldr	r3, [sp, #12]
ARM GAS  /tmp/ccwdGqxn.s 			page 3


 115 0066 1A60     		str	r2, [r3]
 116              	.L5:
 117              		.loc 2 68 0
 118 0068 04B0     		add	sp, sp, #16
 119              		@ sp needed
 120 006a 7047     		bx	lr
 121              		.cfi_endproc
 122              	.LFE240:
 123              		.size	tm_stop, .-tm_stop
 124 006c AFF30080 		.section	.text._tm_init,"ax",%progbits
 125              		.align	2
 126              		.p2align 4,,15
 127              		.global	_tm_init
 128              		.thumb
 129              		.thumb_func
 130              		.type	_tm_init, %function
 131              	_tm_init:
 132              	.LFB241:
 133              		.loc 2 79 0
 134              		.cfi_startproc
 135              		@ args = 0, pretend = 0, frame = 24
 136              		@ frame_needed = 0, uses_anonymous_args = 0
 137 0000 00B5     		push	{lr}
 138              		.cfi_def_cfa_offset 4
 139              		.cfi_offset 14, -4
 140 0002 87B0     		sub	sp, sp, #28
 141              		.cfi_def_cfa_offset 32
 142              		.loc 2 85 0
 143 0004 0B4B     		ldr	r3, .L9
 144 0006 0022     		movs	r2, #0
 145 0008 C3F8A024 		str	r2, [r3, #1184]
 146              		.loc 2 86 0
 147 000c 6B46     		mov	r3, sp
 148 000e 1846     		mov	r0, r3
 149 0010 FFF7FEFF 		bl	chTMObjectInit
 150              		.loc 2 87 0
 151 0014 6B46     		mov	r3, sp
 152 0016 1846     		mov	r0, r3
 153 0018 FFF7FEFF 		bl	chTMStartMeasurementX
 154              		.loc 2 88 0
 155 001c 6B46     		mov	r3, sp
 156 001e 1846     		mov	r0, r3
 157 0020 FFF7FEFF 		bl	chTMStopMeasurementX
 158              		.loc 2 89 0
 159 0024 029A     		ldr	r2, [sp, #8]
 160 0026 034B     		ldr	r3, .L9
 161 0028 C3F8A024 		str	r2, [r3, #1184]
 162              		.loc 2 90 0
 163 002c 07B0     		add	sp, sp, #28
 164              		@ sp needed
 165 002e 5DF804FB 		ldr	pc, [sp], #4
 166              	.L10:
 167 0032 00BF     		.align	2
 168              	.L9:
 169 0034 00000000 		.word	ch
 170              		.cfi_endproc
 171              	.LFE241:
ARM GAS  /tmp/ccwdGqxn.s 			page 4


 172              		.size	_tm_init, .-_tm_init
 173 0038 AFF30080 		.section	.text.chTMObjectInit,"ax",%progbits
 173      AFF30080 
 174              		.align	2
 175              		.p2align 4,,15
 176              		.global	chTMObjectInit
 177              		.thumb
 178              		.thumb_func
 179              		.type	chTMObjectInit, %function
 180              	chTMObjectInit:
 181              	.LFB242:
 182              		.loc 2 99 0
 183              		.cfi_startproc
 184              		@ args = 0, pretend = 0, frame = 8
 185              		@ frame_needed = 0, uses_anonymous_args = 0
 186              		@ link register save eliminated.
 187 0000 82B0     		sub	sp, sp, #8
 188              		.cfi_def_cfa_offset 8
 189 0002 0190     		str	r0, [sp, #4]
 190              		.loc 2 101 0
 191 0004 019B     		ldr	r3, [sp, #4]
 192 0006 4FF0FF32 		mov	r2, #-1
 193 000a 1A60     		str	r2, [r3]
 194              		.loc 2 102 0
 195 000c 019B     		ldr	r3, [sp, #4]
 196 000e 0022     		movs	r2, #0
 197 0010 5A60     		str	r2, [r3, #4]
 198              		.loc 2 103 0
 199 0012 019B     		ldr	r3, [sp, #4]
 200 0014 0022     		movs	r2, #0
 201 0016 9A60     		str	r2, [r3, #8]
 202              		.loc 2 104 0
 203 0018 019B     		ldr	r3, [sp, #4]
 204 001a 0022     		movs	r2, #0
 205 001c DA60     		str	r2, [r3, #12]
 206              		.loc 2 105 0
 207 001e 0199     		ldr	r1, [sp, #4]
 208 0020 4FF00002 		mov	r2, #0
 209 0024 4FF00003 		mov	r3, #0
 210 0028 C1E90423 		strd	r2, [r1, #16]
 211              		.loc 2 106 0
 212 002c 02B0     		add	sp, sp, #8
 213              		@ sp needed
 214 002e 7047     		bx	lr
 215              		.cfi_endproc
 216              	.LFE242:
 217              		.size	chTMObjectInit, .-chTMObjectInit
 218              		.section	.text.chTMStartMeasurementX,"ax",%progbits
 219              		.align	2
 220              		.p2align 4,,15
 221              		.global	chTMStartMeasurementX
 222              		.thumb
 223              		.thumb_func
 224              		.type	chTMStartMeasurementX, %function
 225              	chTMStartMeasurementX:
 226              	.LFB243:
 227              		.loc 2 116 0
ARM GAS  /tmp/ccwdGqxn.s 			page 5


 228              		.cfi_startproc
 229              		@ args = 0, pretend = 0, frame = 8
 230              		@ frame_needed = 0, uses_anonymous_args = 0
 231 0000 00B5     		push	{lr}
 232              		.cfi_def_cfa_offset 4
 233              		.cfi_offset 14, -4
 234 0002 83B0     		sub	sp, sp, #12
 235              		.cfi_def_cfa_offset 16
 236 0004 0190     		str	r0, [sp, #4]
 237              		.loc 2 118 0
 238 0006 FFF7FEFF 		bl	port_rt_get_counter_value
 239 000a 0246     		mov	r2, r0
 240 000c 019B     		ldr	r3, [sp, #4]
 241 000e 9A60     		str	r2, [r3, #8]
 242              		.loc 2 119 0
 243 0010 03B0     		add	sp, sp, #12
 244              		@ sp needed
 245 0012 5DF804FB 		ldr	pc, [sp], #4
 246              		.cfi_endproc
 247              	.LFE243:
 248              		.size	chTMStartMeasurementX, .-chTMStartMeasurementX
 249 0016 00BFAFF3 		.section	.text.chTMStopMeasurementX,"ax",%progbits
 249      0080AFF3 
 249      0080
 250              		.align	2
 251              		.p2align 4,,15
 252              		.global	chTMStopMeasurementX
 253              		.thumb
 254              		.thumb_func
 255              		.type	chTMStopMeasurementX, %function
 256              	chTMStopMeasurementX:
 257              	.LFB244:
 258              		.loc 2 129 0
 259              		.cfi_startproc
 260              		@ args = 0, pretend = 0, frame = 8
 261              		@ frame_needed = 0, uses_anonymous_args = 0
 262 0000 00B5     		push	{lr}
 263              		.cfi_def_cfa_offset 4
 264              		.cfi_offset 14, -4
 265 0002 83B0     		sub	sp, sp, #12
 266              		.cfi_def_cfa_offset 16
 267 0004 0190     		str	r0, [sp, #4]
 268              		.loc 2 131 0
 269 0006 FFF7FEFF 		bl	port_rt_get_counter_value
 270 000a 0246     		mov	r2, r0
 271 000c 054B     		ldr	r3, .L14
 272 000e D3F8A034 		ldr	r3, [r3, #1184]
 273 0012 0198     		ldr	r0, [sp, #4]
 274 0014 1146     		mov	r1, r2
 275 0016 1A46     		mov	r2, r3
 276 0018 FFF7FEFF 		bl	tm_stop
 277              		.loc 2 132 0
 278 001c 03B0     		add	sp, sp, #12
 279              		@ sp needed
 280 001e 5DF804FB 		ldr	pc, [sp], #4
 281              	.L15:
 282 0022 00BF     		.align	2
ARM GAS  /tmp/ccwdGqxn.s 			page 6


 283              	.L14:
 284 0024 00000000 		.word	ch
 285              		.cfi_endproc
 286              	.LFE244:
 287              		.size	chTMStopMeasurementX, .-chTMStopMeasurementX
 288 0028 AFF30080 		.section	.text.chTMChainMeasurementToX,"ax",%progbits
 288      AFF30080 
 289              		.align	2
 290              		.p2align 4,,15
 291              		.global	chTMChainMeasurementToX
 292              		.thumb
 293              		.thumb_func
 294              		.type	chTMChainMeasurementToX, %function
 295              	chTMChainMeasurementToX:
 296              	.LFB245:
 297              		.loc 2 147 0
 298              		.cfi_startproc
 299              		@ args = 0, pretend = 0, frame = 8
 300              		@ frame_needed = 0, uses_anonymous_args = 0
 301 0000 00B5     		push	{lr}
 302              		.cfi_def_cfa_offset 4
 303              		.cfi_offset 14, -4
 304 0002 83B0     		sub	sp, sp, #12
 305              		.cfi_def_cfa_offset 16
 306 0004 0190     		str	r0, [sp, #4]
 307 0006 0091     		str	r1, [sp]
 308              		.loc 2 150 0
 309 0008 FFF7FEFF 		bl	port_rt_get_counter_value
 310 000c 0246     		mov	r2, r0
 311 000e 009B     		ldr	r3, [sp]
 312 0010 9A60     		str	r2, [r3, #8]
 313              		.loc 2 153 0
 314 0012 009B     		ldr	r3, [sp]
 315 0014 9B68     		ldr	r3, [r3, #8]
 316 0016 0198     		ldr	r0, [sp, #4]
 317 0018 1946     		mov	r1, r3
 318 001a 0022     		movs	r2, #0
 319 001c FFF7FEFF 		bl	tm_stop
 320              		.loc 2 154 0
 321 0020 03B0     		add	sp, sp, #12
 322              		@ sp needed
 323 0022 5DF804FB 		ldr	pc, [sp], #4
 324              		.cfi_endproc
 325              	.LFE245:
 326              		.size	chTMChainMeasurementToX, .-chTMChainMeasurementToX
 327 0026 00BFAFF3 		.text
 327      0080AFF3 
 327      0080
 328              	.Letext0:
 329              		.file 3 "/usr/include/newlib/machine/_default_types.h"
 330              		.file 4 "/usr/include/newlib/stdint.h"
 331              		.file 5 "/home/efe/ChibiOS/os/rt/ports/ARMCMx/compilers/GCC/chtypes.h"
 332              		.file 6 "/home/efe/ChibiOS/os/rt/include/chsystypes.h"
 333              		.file 7 "/home/efe/ChibiOS/os/rt/include/chschd.h"
 334              		.file 8 "/home/efe/ChibiOS/os/ext/CMSIS/include/core_cm4.h"
 335              		.file 9 "/home/efe/ChibiOS/os/rt/ports/ARMCMx/chcore.h"
 336              		.file 10 "/home/efe/ChibiOS/os/rt/include/chdebug.h"
ARM GAS  /tmp/ccwdGqxn.s 			page 7


 337              		.file 11 "/home/efe/ChibiOS/os/rt/include/chtm.h"
 338              		.file 12 "/home/efe/ChibiOS/os/rt/include/chstats.h"
 339              		.file 13 "/home/efe/ChibiOS/os/rt/include/chsem.h"
 340              		.file 14 "/home/efe/ChibiOS/os/rt/include/chmtx.h"
 341              		.section	.debug_info,"",%progbits
 342              	.Ldebug_info0:
 343 0000 360A0000 		.4byte	0xa36
 344 0004 0400     		.2byte	0x4
 345 0006 00000000 		.4byte	.Ldebug_abbrev0
 346 000a 04       		.byte	0x4
 347 000b 01       		.uleb128 0x1
 348 000c 9F010000 		.4byte	.LASF160
 349 0010 01       		.byte	0x1
 350 0011 42060000 		.4byte	.LASF161
 351 0015 00000000 		.4byte	.Ldebug_ranges0+0
 352 0019 00000000 		.4byte	0
 353 001d 00000000 		.4byte	.Ldebug_line0
 354 0021 02       		.uleb128 0x2
 355 0022 04       		.byte	0x4
 356 0023 05       		.byte	0x5
 357 0024 696E7400 		.ascii	"int\000"
 358 0028 03       		.uleb128 0x3
 359 0029 04       		.byte	0x4
 360 002a 07       		.byte	0x7
 361 002b BC020000 		.4byte	.LASF0
 362 002f 03       		.uleb128 0x3
 363 0030 01       		.byte	0x1
 364 0031 06       		.byte	0x6
 365 0032 29010000 		.4byte	.LASF1
 366 0036 04       		.uleb128 0x4
 367 0037 3F000000 		.4byte	.LASF5
 368 003b 03       		.byte	0x3
 369 003c 1D       		.byte	0x1d
 370 003d 41000000 		.4byte	0x41
 371 0041 03       		.uleb128 0x3
 372 0042 01       		.byte	0x1
 373 0043 08       		.byte	0x8
 374 0044 E1040000 		.4byte	.LASF2
 375 0048 03       		.uleb128 0x3
 376 0049 02       		.byte	0x2
 377 004a 05       		.byte	0x5
 378 004b 24050000 		.4byte	.LASF3
 379 004f 03       		.uleb128 0x3
 380 0050 02       		.byte	0x2
 381 0051 07       		.byte	0x7
 382 0052 0E030000 		.4byte	.LASF4
 383 0056 04       		.uleb128 0x4
 384 0057 8A030000 		.4byte	.LASF6
 385 005b 03       		.byte	0x3
 386 005c 3F       		.byte	0x3f
 387 005d 61000000 		.4byte	0x61
 388 0061 03       		.uleb128 0x3
 389 0062 04       		.byte	0x4
 390 0063 05       		.byte	0x5
 391 0064 7E010000 		.4byte	.LASF7
 392 0068 04       		.uleb128 0x4
 393 0069 2D060000 		.4byte	.LASF8
ARM GAS  /tmp/ccwdGqxn.s 			page 8


 394 006d 03       		.byte	0x3
 395 006e 41       		.byte	0x41
 396 006f 73000000 		.4byte	0x73
 397 0073 03       		.uleb128 0x3
 398 0074 04       		.byte	0x4
 399 0075 07       		.byte	0x7
 400 0076 CE050000 		.4byte	.LASF9
 401 007a 03       		.uleb128 0x3
 402 007b 08       		.byte	0x8
 403 007c 05       		.byte	0x5
 404 007d 1B010000 		.4byte	.LASF10
 405 0081 04       		.uleb128 0x4
 406 0082 6A040000 		.4byte	.LASF11
 407 0086 03       		.byte	0x3
 408 0087 5B       		.byte	0x5b
 409 0088 8C000000 		.4byte	0x8c
 410 008c 03       		.uleb128 0x3
 411 008d 08       		.byte	0x8
 412 008e 07       		.byte	0x7
 413 008f 8E000000 		.4byte	.LASF12
 414 0093 04       		.uleb128 0x4
 415 0094 C5060000 		.4byte	.LASF13
 416 0098 04       		.byte	0x4
 417 0099 2A       		.byte	0x2a
 418 009a 36000000 		.4byte	0x36
 419 009e 04       		.uleb128 0x4
 420 009f D9040000 		.4byte	.LASF14
 421 00a3 04       		.byte	0x4
 422 00a4 41       		.byte	0x41
 423 00a5 56000000 		.4byte	0x56
 424 00a9 04       		.uleb128 0x4
 425 00aa 9D050000 		.4byte	.LASF15
 426 00ae 04       		.byte	0x4
 427 00af 42       		.byte	0x42
 428 00b0 68000000 		.4byte	0x68
 429 00b4 04       		.uleb128 0x4
 430 00b5 29000000 		.4byte	.LASF16
 431 00b9 04       		.byte	0x4
 432 00ba 4E       		.byte	0x4e
 433 00bb 81000000 		.4byte	0x81
 434 00bf 05       		.uleb128 0x5
 435 00c0 9E000000 		.4byte	0x9e
 436 00c4 05       		.uleb128 0x5
 437 00c5 A9000000 		.4byte	0xa9
 438 00c9 04       		.uleb128 0x4
 439 00ca 7D060000 		.4byte	.LASF17
 440 00ce 05       		.byte	0x5
 441 00cf 45       		.byte	0x45
 442 00d0 A9000000 		.4byte	0xa9
 443 00d4 04       		.uleb128 0x4
 444 00d5 01010000 		.4byte	.LASF18
 445 00d9 05       		.byte	0x5
 446 00da 46       		.byte	0x46
 447 00db B4000000 		.4byte	0xb4
 448 00df 04       		.uleb128 0x4
 449 00e0 4B050000 		.4byte	.LASF19
 450 00e4 05       		.byte	0x5
ARM GAS  /tmp/ccwdGqxn.s 			page 9


 451 00e5 48       		.byte	0x48
 452 00e6 93000000 		.4byte	0x93
 453 00ea 04       		.uleb128 0x4
 454 00eb 87010000 		.4byte	.LASF20
 455 00ef 05       		.byte	0x5
 456 00f0 49       		.byte	0x49
 457 00f1 93000000 		.4byte	0x93
 458 00f5 04       		.uleb128 0x4
 459 00f6 80040000 		.4byte	.LASF21
 460 00fa 05       		.byte	0x5
 461 00fb 4A       		.byte	0x4a
 462 00fc 93000000 		.4byte	0x93
 463 0100 04       		.uleb128 0x4
 464 0101 BD040000 		.4byte	.LASF22
 465 0105 05       		.byte	0x5
 466 0106 4C       		.byte	0x4c
 467 0107 A9000000 		.4byte	0xa9
 468 010b 04       		.uleb128 0x4
 469 010c 41030000 		.4byte	.LASF23
 470 0110 05       		.byte	0x5
 471 0111 4D       		.byte	0x4d
 472 0112 9E000000 		.4byte	0x9e
 473 0116 04       		.uleb128 0x4
 474 0117 7E030000 		.4byte	.LASF24
 475 011b 05       		.byte	0x5
 476 011c 4F       		.byte	0x4f
 477 011d A9000000 		.4byte	0xa9
 478 0121 04       		.uleb128 0x4
 479 0122 B0020000 		.4byte	.LASF25
 480 0126 05       		.byte	0x5
 481 0127 51       		.byte	0x51
 482 0128 9E000000 		.4byte	0x9e
 483 012c 04       		.uleb128 0x4
 484 012d 4C030000 		.4byte	.LASF26
 485 0131 05       		.byte	0x5
 486 0132 52       		.byte	0x52
 487 0133 A9000000 		.4byte	0xa9
 488 0137 04       		.uleb128 0x4
 489 0138 0F060000 		.4byte	.LASF27
 490 013c 06       		.byte	0x6
 491 013d 33       		.byte	0x33
 492 013e A9000000 		.4byte	0xa9
 493 0142 04       		.uleb128 0x4
 494 0143 E5050000 		.4byte	.LASF28
 495 0147 06       		.byte	0x6
 496 0148 3F       		.byte	0x3f
 497 0149 4D010000 		.4byte	0x14d
 498 014d 06       		.uleb128 0x6
 499 014e 30030000 		.4byte	.LASF50
 500 0152 60       		.byte	0x60
 501 0153 07       		.byte	0x7
 502 0154 C2       		.byte	0xc2
 503 0155 53020000 		.4byte	0x253
 504 0159 07       		.uleb128 0x7
 505 015a 44050000 		.4byte	.LASF29
 506 015e 07       		.byte	0x7
 507 015f C3       		.byte	0xc3
ARM GAS  /tmp/ccwdGqxn.s 			page 10


 508 0160 5E020000 		.4byte	0x25e
 509 0164 00       		.byte	0
 510 0165 07       		.uleb128 0x7
 511 0166 B6040000 		.4byte	.LASF30
 512 016a 07       		.byte	0x7
 513 016b C5       		.byte	0xc5
 514 016c 5E020000 		.4byte	0x25e
 515 0170 04       		.byte	0x4
 516 0171 07       		.uleb128 0x7
 517 0172 0A010000 		.4byte	.LASF31
 518 0176 07       		.byte	0x7
 519 0177 C7       		.byte	0xc7
 520 0178 00010000 		.4byte	0x100
 521 017c 08       		.byte	0x8
 522 017d 07       		.uleb128 0x7
 523 017e 35040000 		.4byte	.LASF32
 524 0182 07       		.byte	0x7
 525 0183 C8       		.byte	0xc8
 526 0184 1D060000 		.4byte	0x61d
 527 0188 0C       		.byte	0xc
 528 0189 07       		.uleb128 0x7
 529 018a 4F020000 		.4byte	.LASF33
 530 018e 07       		.byte	0x7
 531 018f CA       		.byte	0xca
 532 0190 5E020000 		.4byte	0x25e
 533 0194 10       		.byte	0x10
 534 0195 07       		.uleb128 0x7
 535 0196 27040000 		.4byte	.LASF34
 536 019a 07       		.byte	0x7
 537 019b CB       		.byte	0xcb
 538 019c 5E020000 		.4byte	0x25e
 539 01a0 14       		.byte	0x14
 540 01a1 07       		.uleb128 0x7
 541 01a2 DC060000 		.4byte	.LASF35
 542 01a6 07       		.byte	0x7
 543 01a7 D2       		.byte	0xd2
 544 01a8 C1080000 		.4byte	0x8c1
 545 01ac 18       		.byte	0x18
 546 01ad 07       		.uleb128 0x7
 547 01ae 4D040000 		.4byte	.LASF36
 548 01b2 07       		.byte	0x7
 549 01b3 D8       		.byte	0xd8
 550 01b4 D3080000 		.4byte	0x8d3
 551 01b8 1C       		.byte	0x1c
 552 01b9 07       		.uleb128 0x7
 553 01ba 2E050000 		.4byte	.LASF37
 554 01be 07       		.byte	0x7
 555 01bf DD       		.byte	0xdd
 556 01c0 EA000000 		.4byte	0xea
 557 01c4 20       		.byte	0x20
 558 01c5 07       		.uleb128 0x7
 559 01c6 53050000 		.4byte	.LASF38
 560 01ca 07       		.byte	0x7
 561 01cb E1       		.byte	0xe1
 562 01cc DF000000 		.4byte	0xdf
 563 01d0 21       		.byte	0x21
 564 01d1 07       		.uleb128 0x7
ARM GAS  /tmp/ccwdGqxn.s 			page 11


 565 01d2 B0060000 		.4byte	.LASF39
 566 01d6 07       		.byte	0x7
 567 01d7 E6       		.byte	0xe6
 568 01d8 F5000000 		.4byte	0xf5
 569 01dc 22       		.byte	0x22
 570 01dd 08       		.uleb128 0x8
 571 01de 705F7500 		.ascii	"p_u\000"
 572 01e2 07       		.byte	0x7
 573 01e3 3101     		.2byte	0x131
 574 01e5 FC070000 		.4byte	0x7fc
 575 01e9 24       		.byte	0x24
 576 01ea 09       		.uleb128 0x9
 577 01eb BE030000 		.4byte	.LASF40
 578 01ef 07       		.byte	0x7
 579 01f0 3601     		.2byte	0x136
 580 01f2 64020000 		.4byte	0x264
 581 01f6 28       		.byte	0x28
 582 01f7 09       		.uleb128 0x9
 583 01f8 E4020000 		.4byte	.LASF41
 584 01fc 07       		.byte	0x7
 585 01fd 3C01     		.2byte	0x13c
 586 01ff 88020000 		.4byte	0x288
 587 0203 2C       		.byte	0x2c
 588 0204 09       		.uleb128 0x9
 589 0205 FF060000 		.4byte	.LASF42
 590 0209 07       		.byte	0x7
 591 020a 4001     		.2byte	0x140
 592 020c 0B010000 		.4byte	0x10b
 593 0210 34       		.byte	0x34
 594 0211 09       		.uleb128 0x9
 595 0212 8B050000 		.4byte	.LASF43
 596 0216 07       		.byte	0x7
 597 0217 4601     		.2byte	0x146
 598 0219 16010000 		.4byte	0x116
 599 021d 38       		.byte	0x38
 600 021e 09       		.uleb128 0x9
 601 021f 74030000 		.4byte	.LASF44
 602 0223 07       		.byte	0x7
 603 0224 4D01     		.2byte	0x14d
 604 0226 BB080000 		.4byte	0x8bb
 605 022a 3C       		.byte	0x3c
 606 022b 09       		.uleb128 0x9
 607 022c 19060000 		.4byte	.LASF45
 608 0230 07       		.byte	0x7
 609 0231 5101     		.2byte	0x151
 610 0233 00010000 		.4byte	0x100
 611 0237 40       		.byte	0x40
 612 0238 09       		.uleb128 0x9
 613 0239 35010000 		.4byte	.LASF46
 614 023d 07       		.byte	0x7
 615 023e 5801     		.2byte	0x158
 616 0240 3B030000 		.4byte	0x33b
 617 0244 44       		.byte	0x44
 618 0245 09       		.uleb128 0x9
 619 0246 5B050000 		.4byte	.LASF47
 620 024a 07       		.byte	0x7
 621 024b 5E01     		.2byte	0x15e
ARM GAS  /tmp/ccwdGqxn.s 			page 12


 622 024d AD070000 		.4byte	0x7ad
 623 0251 48       		.byte	0x48
 624 0252 00       		.byte	0
 625 0253 04       		.uleb128 0x4
 626 0254 D1030000 		.4byte	.LASF48
 627 0258 06       		.byte	0x6
 628 0259 44       		.byte	0x44
 629 025a 5E020000 		.4byte	0x25e
 630 025e 0A       		.uleb128 0xa
 631 025f 04       		.byte	0x4
 632 0260 42010000 		.4byte	0x142
 633 0264 04       		.uleb128 0x4
 634 0265 E3060000 		.4byte	.LASF49
 635 0269 06       		.byte	0x6
 636 026a 49       		.byte	0x49
 637 026b 6F020000 		.4byte	0x26f
 638 026f 06       		.uleb128 0x6
 639 0270 BE050000 		.4byte	.LASF51
 640 0274 04       		.byte	0x4
 641 0275 07       		.byte	0x7
 642 0276 B0       		.byte	0xb0
 643 0277 88020000 		.4byte	0x288
 644 027b 07       		.uleb128 0x7
 645 027c 44050000 		.4byte	.LASF29
 646 0280 07       		.byte	0x7
 647 0281 B1       		.byte	0xb1
 648 0282 5E020000 		.4byte	0x25e
 649 0286 00       		.byte	0
 650 0287 00       		.byte	0
 651 0288 04       		.uleb128 0x4
 652 0289 97060000 		.4byte	.LASF52
 653 028d 06       		.byte	0x6
 654 028e 50       		.byte	0x50
 655 028f 93020000 		.4byte	0x293
 656 0293 06       		.uleb128 0x6
 657 0294 55000000 		.4byte	.LASF53
 658 0298 08       		.byte	0x8
 659 0299 07       		.byte	0x7
 660 029a B7       		.byte	0xb7
 661 029b B8020000 		.4byte	0x2b8
 662 029f 07       		.uleb128 0x7
 663 02a0 44050000 		.4byte	.LASF29
 664 02a4 07       		.byte	0x7
 665 02a5 B8       		.byte	0xb8
 666 02a6 5E020000 		.4byte	0x25e
 667 02aa 00       		.byte	0
 668 02ab 07       		.uleb128 0x7
 669 02ac B6040000 		.4byte	.LASF30
 670 02b0 07       		.byte	0x7
 671 02b1 B9       		.byte	0xb9
 672 02b2 5E020000 		.4byte	0x25e
 673 02b6 04       		.byte	0x4
 674 02b7 00       		.byte	0
 675 02b8 04       		.uleb128 0x4
 676 02b9 07000000 		.4byte	.LASF54
 677 02bd 06       		.byte	0x6
 678 02be 57       		.byte	0x57
ARM GAS  /tmp/ccwdGqxn.s 			page 13


 679 02bf C3020000 		.4byte	0x2c3
 680 02c3 0B       		.uleb128 0xb
 681 02c4 EF020000 		.4byte	.LASF55
 682 02c8 1C       		.byte	0x1c
 683 02c9 07       		.byte	0x7
 684 02ca 9001     		.2byte	0x190
 685 02cc 1F030000 		.4byte	0x31f
 686 02d0 09       		.uleb128 0x9
 687 02d1 AD050000 		.4byte	.LASF56
 688 02d5 07       		.byte	0x7
 689 02d6 9101     		.2byte	0x191
 690 02d8 88020000 		.4byte	0x288
 691 02dc 00       		.byte	0
 692 02dd 09       		.uleb128 0x9
 693 02de 36050000 		.4byte	.LASF57
 694 02e2 07       		.byte	0x7
 695 02e3 9201     		.2byte	0x192
 696 02e5 00010000 		.4byte	0x100
 697 02e9 08       		.byte	0x8
 698 02ea 09       		.uleb128 0x9
 699 02eb 2F040000 		.4byte	.LASF58
 700 02ef 07       		.byte	0x7
 701 02f0 9401     		.2byte	0x194
 702 02f2 1D060000 		.4byte	0x61d
 703 02f6 0C       		.byte	0xc
 704 02f7 09       		.uleb128 0x9
 705 02f8 67020000 		.4byte	.LASF59
 706 02fc 07       		.byte	0x7
 707 02fd 9701     		.2byte	0x197
 708 02ff 5E020000 		.4byte	0x25e
 709 0303 10       		.byte	0x10
 710 0304 09       		.uleb128 0x9
 711 0305 62040000 		.4byte	.LASF60
 712 0309 07       		.byte	0x7
 713 030a 9801     		.2byte	0x198
 714 030c 5E020000 		.4byte	0x25e
 715 0310 14       		.byte	0x14
 716 0311 09       		.uleb128 0x9
 717 0312 58040000 		.4byte	.LASF61
 718 0316 07       		.byte	0x7
 719 0317 9B01     		.2byte	0x19b
 720 0319 5E020000 		.4byte	0x25e
 721 031d 18       		.byte	0x18
 722 031e 00       		.byte	0
 723 031f 04       		.uleb128 0x4
 724 0320 24060000 		.4byte	.LASF62
 725 0324 06       		.byte	0x6
 726 0325 5C       		.byte	0x5c
 727 0326 2A030000 		.4byte	0x32a
 728 032a 0A       		.uleb128 0xa
 729 032b 04       		.byte	0x4
 730 032c 30030000 		.4byte	0x330
 731 0330 0C       		.uleb128 0xc
 732 0331 3B030000 		.4byte	0x33b
 733 0335 0D       		.uleb128 0xd
 734 0336 3B030000 		.4byte	0x33b
 735 033a 00       		.byte	0
ARM GAS  /tmp/ccwdGqxn.s 			page 14


 736 033b 0E       		.uleb128 0xe
 737 033c 04       		.byte	0x4
 738 033d 04       		.uleb128 0x4
 739 033e A6040000 		.4byte	.LASF63
 740 0342 06       		.byte	0x6
 741 0343 61       		.byte	0x61
 742 0344 48030000 		.4byte	0x348
 743 0348 0B       		.uleb128 0xb
 744 0349 6D050000 		.4byte	.LASF64
 745 034d 14       		.byte	0x14
 746 034e 07       		.byte	0x7
 747 034f 6B01     		.2byte	0x16b
 748 0351 97030000 		.4byte	0x397
 749 0355 09       		.uleb128 0x9
 750 0356 C9020000 		.4byte	.LASF65
 751 035a 07       		.byte	0x7
 752 035b 6C01     		.2byte	0x16c
 753 035d D9080000 		.4byte	0x8d9
 754 0361 00       		.byte	0
 755 0362 09       		.uleb128 0x9
 756 0363 78020000 		.4byte	.LASF66
 757 0367 07       		.byte	0x7
 758 0368 6D01     		.2byte	0x16d
 759 036a D9080000 		.4byte	0x8d9
 760 036e 04       		.byte	0x4
 761 036f 09       		.uleb128 0x9
 762 0370 B5050000 		.4byte	.LASF67
 763 0374 07       		.byte	0x7
 764 0375 6E01     		.2byte	0x16e
 765 0377 37010000 		.4byte	0x137
 766 037b 08       		.byte	0x8
 767 037c 09       		.uleb128 0x9
 768 037d 22070000 		.4byte	.LASF68
 769 0381 07       		.byte	0x7
 770 0382 6F01     		.2byte	0x16f
 771 0384 1F030000 		.4byte	0x31f
 772 0388 0C       		.byte	0xc
 773 0389 09       		.uleb128 0x9
 774 038a 8A060000 		.4byte	.LASF69
 775 038e 07       		.byte	0x7
 776 038f 7101     		.2byte	0x171
 777 0391 3B030000 		.4byte	0x33b
 778 0395 10       		.byte	0x10
 779 0396 00       		.byte	0
 780 0397 04       		.uleb128 0x4
 781 0398 DC000000 		.4byte	.LASF70
 782 039c 06       		.byte	0x6
 783 039d 66       		.byte	0x66
 784 039e A2030000 		.4byte	0x3a2
 785 03a2 0B       		.uleb128 0xb
 786 03a3 F5030000 		.4byte	.LASF71
 787 03a7 10       		.byte	0x10
 788 03a8 07       		.byte	0x7
 789 03a9 7B01     		.2byte	0x17b
 790 03ab E4030000 		.4byte	0x3e4
 791 03af 09       		.uleb128 0x9
 792 03b0 C9020000 		.4byte	.LASF65
ARM GAS  /tmp/ccwdGqxn.s 			page 15


 793 03b4 07       		.byte	0x7
 794 03b5 7C01     		.2byte	0x17c
 795 03b7 D9080000 		.4byte	0x8d9
 796 03bb 00       		.byte	0
 797 03bc 09       		.uleb128 0x9
 798 03bd 78020000 		.4byte	.LASF66
 799 03c1 07       		.byte	0x7
 800 03c2 7E01     		.2byte	0x17e
 801 03c4 D9080000 		.4byte	0x8d9
 802 03c8 04       		.byte	0x4
 803 03c9 09       		.uleb128 0x9
 804 03ca B5050000 		.4byte	.LASF67
 805 03ce 07       		.byte	0x7
 806 03cf 8001     		.2byte	0x180
 807 03d1 37010000 		.4byte	0x137
 808 03d5 08       		.byte	0x8
 809 03d6 09       		.uleb128 0x9
 810 03d7 1B040000 		.4byte	.LASF72
 811 03db 07       		.byte	0x7
 812 03dc 8801     		.2byte	0x188
 813 03de 37010000 		.4byte	0x137
 814 03e2 0C       		.byte	0xc
 815 03e3 00       		.byte	0
 816 03e4 04       		.uleb128 0x4
 817 03e5 66000000 		.4byte	.LASF73
 818 03e9 06       		.byte	0x6
 819 03ea 6B       		.byte	0x6b
 820 03eb EF030000 		.4byte	0x3ef
 821 03ef 0F       		.uleb128 0xf
 822 03f0 80020000 		.4byte	.LASF74
 823 03f4 1404     		.2byte	0x414
 824 03f6 07       		.byte	0x7
 825 03f7 A201     		.2byte	0x1a2
 826 03f9 32040000 		.4byte	0x432
 827 03fd 09       		.uleb128 0x9
 828 03fe 38060000 		.4byte	.LASF75
 829 0402 07       		.byte	0x7
 830 0403 AA01     		.2byte	0x1aa
 831 0405 DF080000 		.4byte	0x8df
 832 0409 00       		.byte	0
 833 040a 09       		.uleb128 0x9
 834 040b B7060000 		.4byte	.LASF76
 835 040f 07       		.byte	0x7
 836 0410 AF01     		.2byte	0x1af
 837 0412 21010000 		.4byte	0x121
 838 0416 04       		.byte	0x4
 839 0417 09       		.uleb128 0x9
 840 0418 98020000 		.4byte	.LASF77
 841 041c 07       		.byte	0x7
 842 041d B301     		.2byte	0x1b3
 843 041f 21010000 		.4byte	0x121
 844 0423 08       		.byte	0x8
 845 0424 09       		.uleb128 0x9
 846 0425 F2060000 		.4byte	.LASF78
 847 0429 07       		.byte	0x7
 848 042a B901     		.2byte	0x1b9
 849 042c 3F070000 		.4byte	0x73f
ARM GAS  /tmp/ccwdGqxn.s 			page 16


 850 0430 0C       		.byte	0xc
 851 0431 00       		.byte	0
 852 0432 04       		.uleb128 0x4
 853 0433 53030000 		.4byte	.LASF79
 854 0437 06       		.byte	0x6
 855 0438 70       		.byte	0x70
 856 0439 3D040000 		.4byte	0x43d
 857 043d 0F       		.uleb128 0xf
 858 043e 63050000 		.4byte	.LASF80
 859 0442 D805     		.2byte	0x5d8
 860 0444 07       		.byte	0x7
 861 0445 C201     		.2byte	0x1c2
 862 0447 AA040000 		.4byte	0x4aa
 863 044b 09       		.uleb128 0x9
 864 044c BF060000 		.4byte	.LASF81
 865 0450 07       		.byte	0x7
 866 0451 C601     		.2byte	0x1c6
 867 0453 B8020000 		.4byte	0x2b8
 868 0457 00       		.byte	0
 869 0458 09       		.uleb128 0x9
 870 0459 4C010000 		.4byte	.LASF82
 871 045d 07       		.byte	0x7
 872 045e CA01     		.2byte	0x1ca
 873 0460 97030000 		.4byte	0x397
 874 0464 1C       		.byte	0x1c
 875 0465 08       		.uleb128 0x8
 876 0466 64626700 		.ascii	"dbg\000"
 877 046a 07       		.byte	0x7
 878 046b CE01     		.2byte	0x1ce
 879 046d E4030000 		.4byte	0x3e4
 880 0471 2C       		.byte	0x2c
 881 0472 10       		.uleb128 0x10
 882 0473 C9000000 		.4byte	.LASF83
 883 0477 07       		.byte	0x7
 884 0478 D201     		.2byte	0x1d2
 885 047a 42010000 		.4byte	0x142
 886 047e 4004     		.2byte	0x440
 887 0480 11       		.uleb128 0x11
 888 0481 746D00   		.ascii	"tm\000"
 889 0484 07       		.byte	0x7
 890 0485 D701     		.2byte	0x1d7
 891 0487 5F070000 		.4byte	0x75f
 892 048b A004     		.2byte	0x4a0
 893 048d 10       		.uleb128 0x10
 894 048e 32000000 		.4byte	.LASF84
 895 0492 07       		.byte	0x7
 896 0493 DD01     		.2byte	0x1dd
 897 0495 F1070000 		.4byte	0x7f1
 898 0499 A804     		.2byte	0x4a8
 899 049b 10       		.uleb128 0x10
 900 049c A1020000 		.4byte	.LASF85
 901 04a0 07       		.byte	0x7
 902 04a1 E301     		.2byte	0x1e3
 903 04a3 E4080000 		.4byte	0x8e4
 904 04a7 E004     		.2byte	0x4e0
 905 04a9 00       		.byte	0
 906 04aa 03       		.uleb128 0x3
ARM GAS  /tmp/ccwdGqxn.s 			page 17


 907 04ab 04       		.byte	0x4
 908 04ac 07       		.byte	0x7
 909 04ad C8030000 		.4byte	.LASF86
 910 04b1 12       		.uleb128 0x12
 911 04b2 C4000000 		.4byte	0xc4
 912 04b6 13       		.uleb128 0x13
 913 04b7 A9000000 		.4byte	0xa9
 914 04bb C6040000 		.4byte	0x4c6
 915 04bf 14       		.uleb128 0x14
 916 04c0 AA040000 		.4byte	0x4aa
 917 04c4 00       		.byte	0
 918 04c5 00       		.byte	0
 919 04c6 15       		.uleb128 0x15
 920 04c7 5C       		.byte	0x5c
 921 04c8 08       		.byte	0x8
 922 04c9 5603     		.2byte	0x356
 923 04cb FB050000 		.4byte	0x5fb
 924 04cf 09       		.uleb128 0x9
 925 04d0 85060000 		.4byte	.LASF87
 926 04d4 08       		.byte	0x8
 927 04d5 5803     		.2byte	0x358
 928 04d7 C4000000 		.4byte	0xc4
 929 04db 00       		.byte	0
 930 04dc 09       		.uleb128 0x9
 931 04dd B7030000 		.4byte	.LASF88
 932 04e1 08       		.byte	0x8
 933 04e2 5903     		.2byte	0x359
 934 04e4 C4000000 		.4byte	0xc4
 935 04e8 04       		.byte	0x4
 936 04e9 09       		.uleb128 0x9
 937 04ea 3D010000 		.4byte	.LASF89
 938 04ee 08       		.byte	0x8
 939 04ef 5A03     		.2byte	0x35a
 940 04f1 C4000000 		.4byte	0xc4
 941 04f5 08       		.byte	0x8
 942 04f6 09       		.uleb128 0x9
 943 04f7 3A030000 		.4byte	.LASF90
 944 04fb 08       		.byte	0x8
 945 04fc 5B03     		.2byte	0x35b
 946 04fe C4000000 		.4byte	0xc4
 947 0502 0C       		.byte	0xc
 948 0503 09       		.uleb128 0x9
 949 0504 96010000 		.4byte	.LASF91
 950 0508 08       		.byte	0x8
 951 0509 5C03     		.2byte	0x35c
 952 050b C4000000 		.4byte	0xc4
 953 050f 10       		.byte	0x10
 954 0510 09       		.uleb128 0x9
 955 0511 96050000 		.4byte	.LASF92
 956 0515 08       		.byte	0x8
 957 0516 5D03     		.2byte	0x35d
 958 0518 C4000000 		.4byte	0xc4
 959 051c 14       		.byte	0x14
 960 051d 09       		.uleb128 0x9
 961 051e CD060000 		.4byte	.LASF93
 962 0522 08       		.byte	0x8
 963 0523 5E03     		.2byte	0x35e
ARM GAS  /tmp/ccwdGqxn.s 			page 18


 964 0525 C4000000 		.4byte	0xc4
 965 0529 18       		.byte	0x18
 966 052a 09       		.uleb128 0x9
 967 052b C5040000 		.4byte	.LASF94
 968 052f 08       		.byte	0x8
 969 0530 5F03     		.2byte	0x35f
 970 0532 B1040000 		.4byte	0x4b1
 971 0536 1C       		.byte	0x1c
 972 0537 09       		.uleb128 0x9
 973 0538 91060000 		.4byte	.LASF95
 974 053c 08       		.byte	0x8
 975 053d 6003     		.2byte	0x360
 976 053f C4000000 		.4byte	0xc4
 977 0543 20       		.byte	0x20
 978 0544 09       		.uleb128 0x9
 979 0545 B6020000 		.4byte	.LASF96
 980 0549 08       		.byte	0x8
 981 054a 6103     		.2byte	0x361
 982 054c C4000000 		.4byte	0xc4
 983 0550 24       		.byte	0x24
 984 0551 09       		.uleb128 0x9
 985 0552 FC040000 		.4byte	.LASF97
 986 0556 08       		.byte	0x8
 987 0557 6203     		.2byte	0x362
 988 0559 C4000000 		.4byte	0xc4
 989 055d 28       		.byte	0x28
 990 055e 09       		.uleb128 0x9
 991 055f 88040000 		.4byte	.LASF98
 992 0563 08       		.byte	0x8
 993 0564 6303     		.2byte	0x363
 994 0566 B6040000 		.4byte	0x4b6
 995 056a 2C       		.byte	0x2c
 996 056b 09       		.uleb128 0x9
 997 056c 3B040000 		.4byte	.LASF99
 998 0570 08       		.byte	0x8
 999 0571 6403     		.2byte	0x364
 1000 0573 C4000000 		.4byte	0xc4
 1001 0577 30       		.byte	0x30
 1002 0578 09       		.uleb128 0x9
 1003 0579 D3040000 		.4byte	.LASF100
 1004 057d 08       		.byte	0x8
 1005 057e 6503     		.2byte	0x365
 1006 0580 C4000000 		.4byte	0xc4
 1007 0584 34       		.byte	0x34
 1008 0585 09       		.uleb128 0x9
 1009 0586 06050000 		.4byte	.LASF101
 1010 058a 08       		.byte	0x8
 1011 058b 6603     		.2byte	0x366
 1012 058d C4000000 		.4byte	0xc4
 1013 0591 38       		.byte	0x38
 1014 0592 09       		.uleb128 0x9
 1015 0593 92040000 		.4byte	.LASF102
 1016 0597 08       		.byte	0x8
 1017 0598 6703     		.2byte	0x367
 1018 059a B6040000 		.4byte	0x4b6
 1019 059e 3C       		.byte	0x3c
 1020 059f 09       		.uleb128 0x9
ARM GAS  /tmp/ccwdGqxn.s 			page 19


 1021 05a0 41040000 		.4byte	.LASF103
 1022 05a4 08       		.byte	0x8
 1023 05a5 6803     		.2byte	0x368
 1024 05a7 C4000000 		.4byte	0xc4
 1025 05ab 40       		.byte	0x40
 1026 05ac 09       		.uleb128 0x9
 1027 05ad D1020000 		.4byte	.LASF104
 1028 05b1 08       		.byte	0x8
 1029 05b2 6903     		.2byte	0x369
 1030 05b4 C4000000 		.4byte	0xc4
 1031 05b8 44       		.byte	0x44
 1032 05b9 09       		.uleb128 0x9
 1033 05ba 10050000 		.4byte	.LASF105
 1034 05be 08       		.byte	0x8
 1035 05bf 6A03     		.2byte	0x36a
 1036 05c1 C4000000 		.4byte	0xc4
 1037 05c5 48       		.byte	0x48
 1038 05c6 09       		.uleb128 0x9
 1039 05c7 9C040000 		.4byte	.LASF106
 1040 05cb 08       		.byte	0x8
 1041 05cc 6B03     		.2byte	0x36b
 1042 05ce B6040000 		.4byte	0x4b6
 1043 05d2 4C       		.byte	0x4c
 1044 05d3 09       		.uleb128 0x9
 1045 05d4 47040000 		.4byte	.LASF107
 1046 05d8 08       		.byte	0x8
 1047 05d9 6C03     		.2byte	0x36c
 1048 05db C4000000 		.4byte	0xc4
 1049 05df 50       		.byte	0x50
 1050 05e0 09       		.uleb128 0x9
 1051 05e1 D7020000 		.4byte	.LASF108
 1052 05e5 08       		.byte	0x8
 1053 05e6 6D03     		.2byte	0x36d
 1054 05e8 C4000000 		.4byte	0xc4
 1055 05ec 54       		.byte	0x54
 1056 05ed 09       		.uleb128 0x9
 1057 05ee 1A050000 		.4byte	.LASF109
 1058 05f2 08       		.byte	0x8
 1059 05f3 6E03     		.2byte	0x36e
 1060 05f5 C4000000 		.4byte	0xc4
 1061 05f9 58       		.byte	0x58
 1062 05fa 00       		.byte	0
 1063 05fb 16       		.uleb128 0x16
 1064 05fc 74060000 		.4byte	.LASF110
 1065 0600 08       		.byte	0x8
 1066 0601 6F03     		.2byte	0x36f
 1067 0603 C6040000 		.4byte	0x4c6
 1068 0607 04       		.uleb128 0x4
 1069 0608 6F020000 		.4byte	.LASF111
 1070 060c 09       		.byte	0x9
 1071 060d 65       		.byte	0x65
 1072 060e 3B030000 		.4byte	0x33b
 1073 0612 04       		.uleb128 0x4
 1074 0613 AC030000 		.4byte	.LASF112
 1075 0617 09       		.byte	0x9
 1076 0618 6D       		.byte	0x6d
 1077 0619 B4000000 		.4byte	0xb4
ARM GAS  /tmp/ccwdGqxn.s 			page 20


 1078 061d 06       		.uleb128 0x6
 1079 061e 6C060000 		.4byte	.LASF113
 1080 0622 04       		.byte	0x4
 1081 0623 09       		.byte	0x9
 1082 0624 89       		.byte	0x89
 1083 0625 36060000 		.4byte	0x636
 1084 0629 17       		.uleb128 0x17
 1085 062a 72313300 		.ascii	"r13\000"
 1086 062e 09       		.byte	0x9
 1087 062f 8A       		.byte	0x8a
 1088 0630 B1060000 		.4byte	0x6b1
 1089 0634 00       		.byte	0
 1090 0635 00       		.byte	0
 1091 0636 06       		.uleb128 0x6
 1092 0637 49000000 		.4byte	.LASF114
 1093 063b 24       		.byte	0x24
 1094 063c 01       		.byte	0x1
 1095 063d FD       		.byte	0xfd
 1096 063e B1060000 		.4byte	0x6b1
 1097 0642 08       		.uleb128 0x8
 1098 0643 723400   		.ascii	"r4\000"
 1099 0646 01       		.byte	0x1
 1100 0647 1001     		.2byte	0x110
 1101 0649 07060000 		.4byte	0x607
 1102 064d 00       		.byte	0
 1103 064e 08       		.uleb128 0x8
 1104 064f 723500   		.ascii	"r5\000"
 1105 0652 01       		.byte	0x1
 1106 0653 1101     		.2byte	0x111
 1107 0655 07060000 		.4byte	0x607
 1108 0659 04       		.byte	0x4
 1109 065a 08       		.uleb128 0x8
 1110 065b 723600   		.ascii	"r6\000"
 1111 065e 01       		.byte	0x1
 1112 065f 1201     		.2byte	0x112
 1113 0661 07060000 		.4byte	0x607
 1114 0665 08       		.byte	0x8
 1115 0666 08       		.uleb128 0x8
 1116 0667 723700   		.ascii	"r7\000"
 1117 066a 01       		.byte	0x1
 1118 066b 1301     		.2byte	0x113
 1119 066d 07060000 		.4byte	0x607
 1120 0671 0C       		.byte	0xc
 1121 0672 08       		.uleb128 0x8
 1122 0673 723800   		.ascii	"r8\000"
 1123 0676 01       		.byte	0x1
 1124 0677 1401     		.2byte	0x114
 1125 0679 07060000 		.4byte	0x607
 1126 067d 10       		.byte	0x10
 1127 067e 08       		.uleb128 0x8
 1128 067f 723900   		.ascii	"r9\000"
 1129 0682 01       		.byte	0x1
 1130 0683 1501     		.2byte	0x115
 1131 0685 07060000 		.4byte	0x607
 1132 0689 14       		.byte	0x14
 1133 068a 08       		.uleb128 0x8
 1134 068b 72313000 		.ascii	"r10\000"
ARM GAS  /tmp/ccwdGqxn.s 			page 21


 1135 068f 01       		.byte	0x1
 1136 0690 1601     		.2byte	0x116
 1137 0692 07060000 		.4byte	0x607
 1138 0696 18       		.byte	0x18
 1139 0697 08       		.uleb128 0x8
 1140 0698 72313100 		.ascii	"r11\000"
 1141 069c 01       		.byte	0x1
 1142 069d 1701     		.2byte	0x117
 1143 069f 07060000 		.4byte	0x607
 1144 06a3 1C       		.byte	0x1c
 1145 06a4 08       		.uleb128 0x8
 1146 06a5 6C7200   		.ascii	"lr\000"
 1147 06a8 01       		.byte	0x1
 1148 06a9 1801     		.2byte	0x118
 1149 06ab 07060000 		.4byte	0x607
 1150 06af 20       		.byte	0x20
 1151 06b0 00       		.byte	0
 1152 06b1 0A       		.uleb128 0xa
 1153 06b2 04       		.byte	0x4
 1154 06b3 36060000 		.4byte	0x636
 1155 06b7 18       		.uleb128 0x18
 1156 06b8 10       		.byte	0x10
 1157 06b9 0A       		.byte	0xa
 1158 06ba 51       		.byte	0x51
 1159 06bb F0060000 		.4byte	0x6f0
 1160 06bf 07       		.uleb128 0x7
 1161 06c0 14000000 		.4byte	.LASF115
 1162 06c4 0A       		.byte	0xa
 1163 06c5 55       		.byte	0x55
 1164 06c6 37010000 		.4byte	0x137
 1165 06ca 00       		.byte	0
 1166 06cb 07       		.uleb128 0x7
 1167 06cc 90010000 		.4byte	.LASF116
 1168 06d0 0A       		.byte	0xa
 1169 06d1 59       		.byte	0x59
 1170 06d2 5E020000 		.4byte	0x25e
 1171 06d6 04       		.byte	0x4
 1172 06d7 07       		.uleb128 0x7
 1173 06d8 18070000 		.4byte	.LASF117
 1174 06dc 0A       		.byte	0xa
 1175 06dd 5D       		.byte	0x5d
 1176 06de 3B030000 		.4byte	0x33b
 1177 06e2 08       		.byte	0x8
 1178 06e3 07       		.uleb128 0x7
 1179 06e4 B7000000 		.4byte	.LASF118
 1180 06e8 0A       		.byte	0xa
 1181 06e9 61       		.byte	0x61
 1182 06ea 93000000 		.4byte	0x93
 1183 06ee 0C       		.byte	0xc
 1184 06ef 00       		.byte	0
 1185 06f0 04       		.uleb128 0x4
 1186 06f1 0C040000 		.4byte	.LASF119
 1187 06f5 0A       		.byte	0xa
 1188 06f6 62       		.byte	0x62
 1189 06f7 B7060000 		.4byte	0x6b7
 1190 06fb 19       		.uleb128 0x19
 1191 06fc 0804     		.2byte	0x408
ARM GAS  /tmp/ccwdGqxn.s 			page 22


 1192 06fe 0A       		.byte	0xa
 1193 06ff 67       		.byte	0x67
 1194 0700 29070000 		.4byte	0x729
 1195 0704 07       		.uleb128 0x7
 1196 0705 5F020000 		.4byte	.LASF120
 1197 0709 0A       		.byte	0xa
 1198 070a 6B       		.byte	0x6b
 1199 070b 28000000 		.4byte	0x28
 1200 070f 00       		.byte	0
 1201 0710 07       		.uleb128 0x7
 1202 0711 00000000 		.4byte	.LASF121
 1203 0715 0A       		.byte	0xa
 1204 0716 6F       		.byte	0x6f
 1205 0717 29070000 		.4byte	0x729
 1206 071b 04       		.byte	0x4
 1207 071c 07       		.uleb128 0x7
 1208 071d 5F030000 		.4byte	.LASF122
 1209 0721 0A       		.byte	0xa
 1210 0722 73       		.byte	0x73
 1211 0723 2F070000 		.4byte	0x72f
 1212 0727 08       		.byte	0x8
 1213 0728 00       		.byte	0
 1214 0729 0A       		.uleb128 0xa
 1215 072a 04       		.byte	0x4
 1216 072b F0060000 		.4byte	0x6f0
 1217 072f 13       		.uleb128 0x13
 1218 0730 F0060000 		.4byte	0x6f0
 1219 0734 3F070000 		.4byte	0x73f
 1220 0738 14       		.uleb128 0x14
 1221 0739 AA040000 		.4byte	0x4aa
 1222 073d 3F       		.byte	0x3f
 1223 073e 00       		.byte	0
 1224 073f 04       		.uleb128 0x4
 1225 0740 A5000000 		.4byte	.LASF123
 1226 0744 0A       		.byte	0xa
 1227 0745 74       		.byte	0x74
 1228 0746 FB060000 		.4byte	0x6fb
 1229 074a 18       		.uleb128 0x18
 1230 074b 04       		.byte	0x4
 1231 074c 0B       		.byte	0xb
 1232 074d 38       		.byte	0x38
 1233 074e 5F070000 		.4byte	0x75f
 1234 0752 07       		.uleb128 0x7
 1235 0753 65060000 		.4byte	.LASF124
 1236 0757 0B       		.byte	0xb
 1237 0758 3C       		.byte	0x3c
 1238 0759 C9000000 		.4byte	0xc9
 1239 075d 00       		.byte	0
 1240 075e 00       		.byte	0
 1241 075f 04       		.uleb128 0x4
 1242 0760 E4030000 		.4byte	.LASF125
 1243 0764 0B       		.byte	0xb
 1244 0765 3D       		.byte	0x3d
 1245 0766 4A070000 		.4byte	0x74a
 1246 076a 18       		.uleb128 0x18
 1247 076b 18       		.byte	0x18
 1248 076c 0B       		.byte	0xb
ARM GAS  /tmp/ccwdGqxn.s 			page 23


 1249 076d 48       		.byte	0x48
 1250 076e AD070000 		.4byte	0x7ad
 1251 0772 07       		.uleb128 0x7
 1252 0773 09030000 		.4byte	.LASF126
 1253 0777 0B       		.byte	0xb
 1254 0778 49       		.byte	0x49
 1255 0779 C9000000 		.4byte	0xc9
 1256 077d 00       		.byte	0
 1257 077e 07       		.uleb128 0x7
 1258 077f 75000000 		.4byte	.LASF127
 1259 0783 0B       		.byte	0xb
 1260 0784 4A       		.byte	0x4a
 1261 0785 C9000000 		.4byte	0xc9
 1262 0789 04       		.byte	0x4
 1263 078a 07       		.uleb128 0x7
 1264 078b 47030000 		.4byte	.LASF128
 1265 078f 0B       		.byte	0xb
 1266 0790 4B       		.byte	0x4b
 1267 0791 C9000000 		.4byte	0xc9
 1268 0795 08       		.byte	0x8
 1269 0796 17       		.uleb128 0x17
 1270 0797 6E00     		.ascii	"n\000"
 1271 0799 0B       		.byte	0xb
 1272 079a 4C       		.byte	0x4c
 1273 079b 2C010000 		.4byte	0x12c
 1274 079f 0C       		.byte	0xc
 1275 07a0 07       		.uleb128 0x7
 1276 07a1 75040000 		.4byte	.LASF129
 1277 07a5 0B       		.byte	0xb
 1278 07a6 4D       		.byte	0x4d
 1279 07a7 D4000000 		.4byte	0xd4
 1280 07ab 10       		.byte	0x10
 1281 07ac 00       		.byte	0
 1282 07ad 04       		.uleb128 0x4
 1283 07ae 7B000000 		.4byte	.LASF130
 1284 07b2 0B       		.byte	0xb
 1285 07b3 4E       		.byte	0x4e
 1286 07b4 6A070000 		.4byte	0x76a
 1287 07b8 18       		.uleb128 0x18
 1288 07b9 38       		.byte	0x38
 1289 07ba 0C       		.byte	0xc
 1290 07bb 38       		.byte	0x38
 1291 07bc F1070000 		.4byte	0x7f1
 1292 07c0 07       		.uleb128 0x7
 1293 07c1 FD020000 		.4byte	.LASF131
 1294 07c5 0C       		.byte	0xc
 1295 07c6 39       		.byte	0x39
 1296 07c7 2C010000 		.4byte	0x12c
 1297 07cb 00       		.byte	0
 1298 07cc 07       		.uleb128 0x7
 1299 07cd CA040000 		.4byte	.LASF132
 1300 07d1 0C       		.byte	0xc
 1301 07d2 3A       		.byte	0x3a
 1302 07d3 2C010000 		.4byte	0x12c
 1303 07d7 04       		.byte	0x4
 1304 07d8 07       		.uleb128 0x7
 1305 07d9 05070000 		.4byte	.LASF133
ARM GAS  /tmp/ccwdGqxn.s 			page 24


 1306 07dd 0C       		.byte	0xc
 1307 07de 3B       		.byte	0x3b
 1308 07df AD070000 		.4byte	0x7ad
 1309 07e3 08       		.byte	0x8
 1310 07e4 07       		.uleb128 0x7
 1311 07e5 69030000 		.4byte	.LASF134
 1312 07e9 0C       		.byte	0xc
 1313 07ea 3D       		.byte	0x3d
 1314 07eb AD070000 		.4byte	0x7ad
 1315 07ef 20       		.byte	0x20
 1316 07f0 00       		.byte	0
 1317 07f1 04       		.uleb128 0x4
 1318 07f2 21030000 		.4byte	.LASF135
 1319 07f6 0C       		.byte	0xc
 1320 07f7 3F       		.byte	0x3f
 1321 07f8 B8070000 		.4byte	0x7b8
 1322 07fc 1A       		.uleb128 0x1a
 1323 07fd 04       		.byte	0x4
 1324 07fe 07       		.byte	0x7
 1325 07ff FA       		.byte	0xfa
 1326 0800 59080000 		.4byte	0x859
 1327 0804 1B       		.uleb128 0x1b
 1328 0805 22000000 		.4byte	.LASF136
 1329 0809 07       		.byte	0x7
 1330 080a 0101     		.2byte	0x101
 1331 080c 0B010000 		.4byte	0x10b
 1332 0810 1B       		.uleb128 0x1b
 1333 0811 C0000000 		.4byte	.LASF137
 1334 0815 07       		.byte	0x7
 1335 0816 0801     		.2byte	0x108
 1336 0818 0B010000 		.4byte	0x10b
 1337 081c 1B       		.uleb128 0x1b
 1338 081d D5060000 		.4byte	.LASF138
 1339 0821 07       		.byte	0x7
 1340 0822 0F01     		.2byte	0x10f
 1341 0824 3B030000 		.4byte	0x33b
 1342 0828 1B       		.uleb128 0x1b
 1343 0829 1C000000 		.4byte	.LASF139
 1344 082d 07       		.byte	0x7
 1345 082e 1601     		.2byte	0x116
 1346 0830 59080000 		.4byte	0x859
 1347 0834 1B       		.uleb128 0x1b
 1348 0835 DD020000 		.4byte	.LASF140
 1349 0839 07       		.byte	0x7
 1350 083a 1E01     		.2byte	0x11e
 1351 083c 84080000 		.4byte	0x884
 1352 0840 1B       		.uleb128 0x1b
 1353 0841 A6050000 		.4byte	.LASF141
 1354 0845 07       		.byte	0x7
 1355 0846 2701     		.2byte	0x127
 1356 0848 BB080000 		.4byte	0x8bb
 1357 084c 1B       		.uleb128 0x1b
 1358 084d 3D050000 		.4byte	.LASF142
 1359 0851 07       		.byte	0x7
 1360 0852 2F01     		.2byte	0x12f
 1361 0854 16010000 		.4byte	0x116
 1362 0858 00       		.byte	0
ARM GAS  /tmp/ccwdGqxn.s 			page 25


 1363 0859 0A       		.uleb128 0xa
 1364 085a 04       		.byte	0x4
 1365 085b 53020000 		.4byte	0x253
 1366 085f 06       		.uleb128 0x6
 1367 0860 7E050000 		.4byte	.LASF143
 1368 0864 0C       		.byte	0xc
 1369 0865 0D       		.byte	0xd
 1370 0866 34       		.byte	0x34
 1371 0867 84080000 		.4byte	0x884
 1372 086b 07       		.uleb128 0x7
 1373 086c 57020000 		.4byte	.LASF144
 1374 0870 0D       		.byte	0xd
 1375 0871 35       		.byte	0x35
 1376 0872 88020000 		.4byte	0x288
 1377 0876 00       		.byte	0
 1378 0877 07       		.uleb128 0x7
 1379 0878 03030000 		.4byte	.LASF145
 1380 087c 0D       		.byte	0xd
 1381 087d 37       		.byte	0x37
 1382 087e 21010000 		.4byte	0x121
 1383 0882 08       		.byte	0x8
 1384 0883 00       		.byte	0
 1385 0884 0A       		.uleb128 0xa
 1386 0885 04       		.byte	0x4
 1387 0886 5F080000 		.4byte	0x85f
 1388 088a 06       		.uleb128 0x6
 1389 088b A7060000 		.4byte	.LASF146
 1390 088f 10       		.byte	0x10
 1391 0890 0E       		.byte	0xe
 1392 0891 39       		.byte	0x39
 1393 0892 BB080000 		.4byte	0x8bb
 1394 0896 07       		.uleb128 0x7
 1395 0897 44010000 		.4byte	.LASF147
 1396 089b 0E       		.byte	0xe
 1397 089c 3A       		.byte	0x3a
 1398 089d 88020000 		.4byte	0x288
 1399 08a1 00       		.byte	0
 1400 08a2 07       		.uleb128 0x7
 1401 08a3 10070000 		.4byte	.LASF148
 1402 08a7 0E       		.byte	0xe
 1403 08a8 3C       		.byte	0x3c
 1404 08a9 5E020000 		.4byte	0x25e
 1405 08ad 08       		.byte	0x8
 1406 08ae 07       		.uleb128 0x7
 1407 08af 08060000 		.4byte	.LASF149
 1408 08b3 0E       		.byte	0xe
 1409 08b4 3E       		.byte	0x3e
 1410 08b5 FF080000 		.4byte	0x8ff
 1411 08b9 0C       		.byte	0xc
 1412 08ba 00       		.byte	0
 1413 08bb 0A       		.uleb128 0xa
 1414 08bc 04       		.byte	0x4
 1415 08bd 8A080000 		.4byte	0x88a
 1416 08c1 0A       		.uleb128 0xa
 1417 08c2 04       		.byte	0x4
 1418 08c3 C7080000 		.4byte	0x8c7
 1419 08c7 12       		.uleb128 0x12
ARM GAS  /tmp/ccwdGqxn.s 			page 26


 1420 08c8 CC080000 		.4byte	0x8cc
 1421 08cc 03       		.uleb128 0x3
 1422 08cd 01       		.byte	0x1
 1423 08ce 08       		.byte	0x8
 1424 08cf E0050000 		.4byte	.LASF150
 1425 08d3 0A       		.uleb128 0xa
 1426 08d4 04       		.byte	0x4
 1427 08d5 12060000 		.4byte	0x612
 1428 08d9 0A       		.uleb128 0xa
 1429 08da 04       		.byte	0x4
 1430 08db 3D030000 		.4byte	0x33d
 1431 08df 05       		.uleb128 0x5
 1432 08e0 C1080000 		.4byte	0x8c1
 1433 08e4 13       		.uleb128 0x13
 1434 08e5 12060000 		.4byte	0x612
 1435 08e9 F4080000 		.4byte	0x8f4
 1436 08ed 14       		.uleb128 0x14
 1437 08ee AA040000 		.4byte	0x4aa
 1438 08f2 1E       		.byte	0x1e
 1439 08f3 00       		.byte	0
 1440 08f4 04       		.uleb128 0x4
 1441 08f5 90020000 		.4byte	.LASF151
 1442 08f9 0E       		.byte	0xe
 1443 08fa 34       		.byte	0x34
 1444 08fb 8A080000 		.4byte	0x88a
 1445 08ff 0A       		.uleb128 0xa
 1446 0900 04       		.byte	0x4
 1447 0901 F4080000 		.4byte	0x8f4
 1448 0905 1C       		.uleb128 0x1c
 1449 0906 EE050000 		.4byte	.LASF162
 1450 090a 01       		.byte	0x1
 1451 090b 2E02     		.2byte	0x22e
 1452 090d C9000000 		.4byte	0xc9
 1453 0911 00000000 		.4byte	.LFB135
 1454 0915 0C000000 		.4byte	.LFE135-.LFB135
 1455 0919 01       		.uleb128 0x1
 1456 091a 9C       		.byte	0x9c
 1457 091b 1D       		.uleb128 0x1d
 1458 091c D4000000 		.4byte	.LASF163
 1459 0920 02       		.byte	0x2
 1460 0921 35       		.byte	0x35
 1461 0922 00000000 		.4byte	.LFB240
 1462 0926 6C000000 		.4byte	.LFE240-.LFB240
 1463 092a 01       		.uleb128 0x1
 1464 092b 9C       		.byte	0x9c
 1465 092c 5B090000 		.4byte	0x95b
 1466 0930 1E       		.uleb128 0x1e
 1467 0931 746D7000 		.ascii	"tmp\000"
 1468 0935 02       		.byte	0x2
 1469 0936 35       		.byte	0x35
 1470 0937 5B090000 		.4byte	0x95b
 1471 093b 02       		.uleb128 0x2
 1472 093c 91       		.byte	0x91
 1473 093d 7C       		.sleb128 -4
 1474 093e 1E       		.uleb128 0x1e
 1475 093f 6E6F7700 		.ascii	"now\000"
 1476 0943 02       		.byte	0x2
ARM GAS  /tmp/ccwdGqxn.s 			page 27


 1477 0944 36       		.byte	0x36
 1478 0945 C9000000 		.4byte	0xc9
 1479 0949 02       		.uleb128 0x2
 1480 094a 91       		.byte	0x91
 1481 094b 78       		.sleb128 -8
 1482 094c 1F       		.uleb128 0x1f
 1483 094d 65060000 		.4byte	.LASF124
 1484 0951 02       		.byte	0x2
 1485 0952 37       		.byte	0x37
 1486 0953 C9000000 		.4byte	0xc9
 1487 0957 02       		.uleb128 0x2
 1488 0958 91       		.byte	0x91
 1489 0959 74       		.sleb128 -12
 1490 095a 00       		.byte	0
 1491 095b 0A       		.uleb128 0xa
 1492 095c 04       		.byte	0x4
 1493 095d AD070000 		.4byte	0x7ad
 1494 0961 20       		.uleb128 0x20
 1495 0962 2A070000 		.4byte	.LASF152
 1496 0966 02       		.byte	0x2
 1497 0967 4F       		.byte	0x4f
 1498 0968 00000000 		.4byte	.LFB241
 1499 096c 38000000 		.4byte	.LFE241-.LFB241
 1500 0970 01       		.uleb128 0x1
 1501 0971 9C       		.byte	0x9c
 1502 0972 84090000 		.4byte	0x984
 1503 0976 21       		.uleb128 0x21
 1504 0977 746D00   		.ascii	"tm\000"
 1505 097a 02       		.byte	0x2
 1506 097b 50       		.byte	0x50
 1507 097c AD070000 		.4byte	0x7ad
 1508 0980 02       		.uleb128 0x2
 1509 0981 91       		.byte	0x91
 1510 0982 60       		.sleb128 -32
 1511 0983 00       		.byte	0
 1512 0984 22       		.uleb128 0x22
 1513 0985 F2000000 		.4byte	.LASF153
 1514 0989 02       		.byte	0x2
 1515 098a 63       		.byte	0x63
 1516 098b 00000000 		.4byte	.LFB242
 1517 098f 30000000 		.4byte	.LFE242-.LFB242
 1518 0993 01       		.uleb128 0x1
 1519 0994 9C       		.byte	0x9c
 1520 0995 A8090000 		.4byte	0x9a8
 1521 0999 1E       		.uleb128 0x1e
 1522 099a 746D7000 		.ascii	"tmp\000"
 1523 099e 02       		.byte	0x2
 1524 099f 63       		.byte	0x63
 1525 09a0 5B090000 		.4byte	0x95b
 1526 09a4 02       		.uleb128 0x2
 1527 09a5 91       		.byte	0x91
 1528 09a6 7C       		.sleb128 -4
 1529 09a7 00       		.byte	0
 1530 09a8 20       		.uleb128 0x20
 1531 09a9 53010000 		.4byte	.LASF154
 1532 09ad 02       		.byte	0x2
 1533 09ae 74       		.byte	0x74
ARM GAS  /tmp/ccwdGqxn.s 			page 28


 1534 09af 00000000 		.4byte	.LFB243
 1535 09b3 16000000 		.4byte	.LFE243-.LFB243
 1536 09b7 01       		.uleb128 0x1
 1537 09b8 9C       		.byte	0x9c
 1538 09b9 CC090000 		.4byte	0x9cc
 1539 09bd 1E       		.uleb128 0x1e
 1540 09be 746D7000 		.ascii	"tmp\000"
 1541 09c2 02       		.byte	0x2
 1542 09c3 74       		.byte	0x74
 1543 09c4 5B090000 		.4byte	0x95b
 1544 09c8 02       		.uleb128 0x2
 1545 09c9 91       		.byte	0x91
 1546 09ca 74       		.sleb128 -12
 1547 09cb 00       		.byte	0
 1548 09cc 20       		.uleb128 0x20
 1549 09cd 69010000 		.4byte	.LASF155
 1550 09d1 02       		.byte	0x2
 1551 09d2 81       		.byte	0x81
 1552 09d3 00000000 		.4byte	.LFB244
 1553 09d7 28000000 		.4byte	.LFE244-.LFB244
 1554 09db 01       		.uleb128 0x1
 1555 09dc 9C       		.byte	0x9c
 1556 09dd F0090000 		.4byte	0x9f0
 1557 09e1 1E       		.uleb128 0x1e
 1558 09e2 746D7000 		.ascii	"tmp\000"
 1559 09e6 02       		.byte	0x2
 1560 09e7 81       		.byte	0x81
 1561 09e8 5B090000 		.4byte	0x95b
 1562 09ec 02       		.uleb128 0x2
 1563 09ed 91       		.byte	0x91
 1564 09ee 74       		.sleb128 -12
 1565 09ef 00       		.byte	0
 1566 09f0 20       		.uleb128 0x20
 1567 09f1 94030000 		.4byte	.LASF156
 1568 09f5 02       		.byte	0x2
 1569 09f6 92       		.byte	0x92
 1570 09f7 00000000 		.4byte	.LFB245
 1571 09fb 26000000 		.4byte	.LFE245-.LFB245
 1572 09ff 01       		.uleb128 0x1
 1573 0a00 9C       		.byte	0x9c
 1574 0a01 220A0000 		.4byte	0xa22
 1575 0a05 1F       		.uleb128 0x1f
 1576 0a06 11010000 		.4byte	.LASF157
 1577 0a0a 02       		.byte	0x2
 1578 0a0b 92       		.byte	0x92
 1579 0a0c 5B090000 		.4byte	0x95b
 1580 0a10 02       		.uleb128 0x2
 1581 0a11 91       		.byte	0x91
 1582 0a12 74       		.sleb128 -12
 1583 0a13 1F       		.uleb128 0x1f
 1584 0a14 16010000 		.4byte	.LASF158
 1585 0a18 02       		.byte	0x2
 1586 0a19 93       		.byte	0x93
 1587 0a1a 5B090000 		.4byte	0x95b
 1588 0a1e 02       		.uleb128 0x2
 1589 0a1f 91       		.byte	0x91
 1590 0a20 70       		.sleb128 -16
ARM GAS  /tmp/ccwdGqxn.s 			page 29


 1591 0a21 00       		.byte	0
 1592 0a22 23       		.uleb128 0x23
 1593 0a23 EF040000 		.4byte	.LASF159
 1594 0a27 08       		.byte	0x8
 1595 0a28 FA06     		.2byte	0x6fa
 1596 0a2a BF000000 		.4byte	0xbf
 1597 0a2e 24       		.uleb128 0x24
 1598 0a2f 636800   		.ascii	"ch\000"
 1599 0a32 07       		.byte	0x7
 1600 0a33 0902     		.2byte	0x209
 1601 0a35 32040000 		.4byte	0x432
 1602 0a39 00       		.byte	0
 1603              		.section	.debug_abbrev,"",%progbits
 1604              	.Ldebug_abbrev0:
 1605 0000 01       		.uleb128 0x1
 1606 0001 11       		.uleb128 0x11
 1607 0002 01       		.byte	0x1
 1608 0003 25       		.uleb128 0x25
 1609 0004 0E       		.uleb128 0xe
 1610 0005 13       		.uleb128 0x13
 1611 0006 0B       		.uleb128 0xb
 1612 0007 03       		.uleb128 0x3
 1613 0008 0E       		.uleb128 0xe
 1614 0009 55       		.uleb128 0x55
 1615 000a 17       		.uleb128 0x17
 1616 000b 11       		.uleb128 0x11
 1617 000c 01       		.uleb128 0x1
 1618 000d 10       		.uleb128 0x10
 1619 000e 17       		.uleb128 0x17
 1620 000f 00       		.byte	0
 1621 0010 00       		.byte	0
 1622 0011 02       		.uleb128 0x2
 1623 0012 24       		.uleb128 0x24
 1624 0013 00       		.byte	0
 1625 0014 0B       		.uleb128 0xb
 1626 0015 0B       		.uleb128 0xb
 1627 0016 3E       		.uleb128 0x3e
 1628 0017 0B       		.uleb128 0xb
 1629 0018 03       		.uleb128 0x3
 1630 0019 08       		.uleb128 0x8
 1631 001a 00       		.byte	0
 1632 001b 00       		.byte	0
 1633 001c 03       		.uleb128 0x3
 1634 001d 24       		.uleb128 0x24
 1635 001e 00       		.byte	0
 1636 001f 0B       		.uleb128 0xb
 1637 0020 0B       		.uleb128 0xb
 1638 0021 3E       		.uleb128 0x3e
 1639 0022 0B       		.uleb128 0xb
 1640 0023 03       		.uleb128 0x3
 1641 0024 0E       		.uleb128 0xe
 1642 0025 00       		.byte	0
 1643 0026 00       		.byte	0
 1644 0027 04       		.uleb128 0x4
 1645 0028 16       		.uleb128 0x16
 1646 0029 00       		.byte	0
 1647 002a 03       		.uleb128 0x3
ARM GAS  /tmp/ccwdGqxn.s 			page 30


 1648 002b 0E       		.uleb128 0xe
 1649 002c 3A       		.uleb128 0x3a
 1650 002d 0B       		.uleb128 0xb
 1651 002e 3B       		.uleb128 0x3b
 1652 002f 0B       		.uleb128 0xb
 1653 0030 49       		.uleb128 0x49
 1654 0031 13       		.uleb128 0x13
 1655 0032 00       		.byte	0
 1656 0033 00       		.byte	0
 1657 0034 05       		.uleb128 0x5
 1658 0035 35       		.uleb128 0x35
 1659 0036 00       		.byte	0
 1660 0037 49       		.uleb128 0x49
 1661 0038 13       		.uleb128 0x13
 1662 0039 00       		.byte	0
 1663 003a 00       		.byte	0
 1664 003b 06       		.uleb128 0x6
 1665 003c 13       		.uleb128 0x13
 1666 003d 01       		.byte	0x1
 1667 003e 03       		.uleb128 0x3
 1668 003f 0E       		.uleb128 0xe
 1669 0040 0B       		.uleb128 0xb
 1670 0041 0B       		.uleb128 0xb
 1671 0042 3A       		.uleb128 0x3a
 1672 0043 0B       		.uleb128 0xb
 1673 0044 3B       		.uleb128 0x3b
 1674 0045 0B       		.uleb128 0xb
 1675 0046 01       		.uleb128 0x1
 1676 0047 13       		.uleb128 0x13
 1677 0048 00       		.byte	0
 1678 0049 00       		.byte	0
 1679 004a 07       		.uleb128 0x7
 1680 004b 0D       		.uleb128 0xd
 1681 004c 00       		.byte	0
 1682 004d 03       		.uleb128 0x3
 1683 004e 0E       		.uleb128 0xe
 1684 004f 3A       		.uleb128 0x3a
 1685 0050 0B       		.uleb128 0xb
 1686 0051 3B       		.uleb128 0x3b
 1687 0052 0B       		.uleb128 0xb
 1688 0053 49       		.uleb128 0x49
 1689 0054 13       		.uleb128 0x13
 1690 0055 38       		.uleb128 0x38
 1691 0056 0B       		.uleb128 0xb
 1692 0057 00       		.byte	0
 1693 0058 00       		.byte	0
 1694 0059 08       		.uleb128 0x8
 1695 005a 0D       		.uleb128 0xd
 1696 005b 00       		.byte	0
 1697 005c 03       		.uleb128 0x3
 1698 005d 08       		.uleb128 0x8
 1699 005e 3A       		.uleb128 0x3a
 1700 005f 0B       		.uleb128 0xb
 1701 0060 3B       		.uleb128 0x3b
 1702 0061 05       		.uleb128 0x5
 1703 0062 49       		.uleb128 0x49
 1704 0063 13       		.uleb128 0x13
ARM GAS  /tmp/ccwdGqxn.s 			page 31


 1705 0064 38       		.uleb128 0x38
 1706 0065 0B       		.uleb128 0xb
 1707 0066 00       		.byte	0
 1708 0067 00       		.byte	0
 1709 0068 09       		.uleb128 0x9
 1710 0069 0D       		.uleb128 0xd
 1711 006a 00       		.byte	0
 1712 006b 03       		.uleb128 0x3
 1713 006c 0E       		.uleb128 0xe
 1714 006d 3A       		.uleb128 0x3a
 1715 006e 0B       		.uleb128 0xb
 1716 006f 3B       		.uleb128 0x3b
 1717 0070 05       		.uleb128 0x5
 1718 0071 49       		.uleb128 0x49
 1719 0072 13       		.uleb128 0x13
 1720 0073 38       		.uleb128 0x38
 1721 0074 0B       		.uleb128 0xb
 1722 0075 00       		.byte	0
 1723 0076 00       		.byte	0
 1724 0077 0A       		.uleb128 0xa
 1725 0078 0F       		.uleb128 0xf
 1726 0079 00       		.byte	0
 1727 007a 0B       		.uleb128 0xb
 1728 007b 0B       		.uleb128 0xb
 1729 007c 49       		.uleb128 0x49
 1730 007d 13       		.uleb128 0x13
 1731 007e 00       		.byte	0
 1732 007f 00       		.byte	0
 1733 0080 0B       		.uleb128 0xb
 1734 0081 13       		.uleb128 0x13
 1735 0082 01       		.byte	0x1
 1736 0083 03       		.uleb128 0x3
 1737 0084 0E       		.uleb128 0xe
 1738 0085 0B       		.uleb128 0xb
 1739 0086 0B       		.uleb128 0xb
 1740 0087 3A       		.uleb128 0x3a
 1741 0088 0B       		.uleb128 0xb
 1742 0089 3B       		.uleb128 0x3b
 1743 008a 05       		.uleb128 0x5
 1744 008b 01       		.uleb128 0x1
 1745 008c 13       		.uleb128 0x13
 1746 008d 00       		.byte	0
 1747 008e 00       		.byte	0
 1748 008f 0C       		.uleb128 0xc
 1749 0090 15       		.uleb128 0x15
 1750 0091 01       		.byte	0x1
 1751 0092 27       		.uleb128 0x27
 1752 0093 19       		.uleb128 0x19
 1753 0094 01       		.uleb128 0x1
 1754 0095 13       		.uleb128 0x13
 1755 0096 00       		.byte	0
 1756 0097 00       		.byte	0
 1757 0098 0D       		.uleb128 0xd
 1758 0099 05       		.uleb128 0x5
 1759 009a 00       		.byte	0
 1760 009b 49       		.uleb128 0x49
 1761 009c 13       		.uleb128 0x13
ARM GAS  /tmp/ccwdGqxn.s 			page 32


 1762 009d 00       		.byte	0
 1763 009e 00       		.byte	0
 1764 009f 0E       		.uleb128 0xe
 1765 00a0 0F       		.uleb128 0xf
 1766 00a1 00       		.byte	0
 1767 00a2 0B       		.uleb128 0xb
 1768 00a3 0B       		.uleb128 0xb
 1769 00a4 00       		.byte	0
 1770 00a5 00       		.byte	0
 1771 00a6 0F       		.uleb128 0xf
 1772 00a7 13       		.uleb128 0x13
 1773 00a8 01       		.byte	0x1
 1774 00a9 03       		.uleb128 0x3
 1775 00aa 0E       		.uleb128 0xe
 1776 00ab 0B       		.uleb128 0xb
 1777 00ac 05       		.uleb128 0x5
 1778 00ad 3A       		.uleb128 0x3a
 1779 00ae 0B       		.uleb128 0xb
 1780 00af 3B       		.uleb128 0x3b
 1781 00b0 05       		.uleb128 0x5
 1782 00b1 01       		.uleb128 0x1
 1783 00b2 13       		.uleb128 0x13
 1784 00b3 00       		.byte	0
 1785 00b4 00       		.byte	0
 1786 00b5 10       		.uleb128 0x10
 1787 00b6 0D       		.uleb128 0xd
 1788 00b7 00       		.byte	0
 1789 00b8 03       		.uleb128 0x3
 1790 00b9 0E       		.uleb128 0xe
 1791 00ba 3A       		.uleb128 0x3a
 1792 00bb 0B       		.uleb128 0xb
 1793 00bc 3B       		.uleb128 0x3b
 1794 00bd 05       		.uleb128 0x5
 1795 00be 49       		.uleb128 0x49
 1796 00bf 13       		.uleb128 0x13
 1797 00c0 38       		.uleb128 0x38
 1798 00c1 05       		.uleb128 0x5
 1799 00c2 00       		.byte	0
 1800 00c3 00       		.byte	0
 1801 00c4 11       		.uleb128 0x11
 1802 00c5 0D       		.uleb128 0xd
 1803 00c6 00       		.byte	0
 1804 00c7 03       		.uleb128 0x3
 1805 00c8 08       		.uleb128 0x8
 1806 00c9 3A       		.uleb128 0x3a
 1807 00ca 0B       		.uleb128 0xb
 1808 00cb 3B       		.uleb128 0x3b
 1809 00cc 05       		.uleb128 0x5
 1810 00cd 49       		.uleb128 0x49
 1811 00ce 13       		.uleb128 0x13
 1812 00cf 38       		.uleb128 0x38
 1813 00d0 05       		.uleb128 0x5
 1814 00d1 00       		.byte	0
 1815 00d2 00       		.byte	0
 1816 00d3 12       		.uleb128 0x12
 1817 00d4 26       		.uleb128 0x26
 1818 00d5 00       		.byte	0
ARM GAS  /tmp/ccwdGqxn.s 			page 33


 1819 00d6 49       		.uleb128 0x49
 1820 00d7 13       		.uleb128 0x13
 1821 00d8 00       		.byte	0
 1822 00d9 00       		.byte	0
 1823 00da 13       		.uleb128 0x13
 1824 00db 01       		.uleb128 0x1
 1825 00dc 01       		.byte	0x1
 1826 00dd 49       		.uleb128 0x49
 1827 00de 13       		.uleb128 0x13
 1828 00df 01       		.uleb128 0x1
 1829 00e0 13       		.uleb128 0x13
 1830 00e1 00       		.byte	0
 1831 00e2 00       		.byte	0
 1832 00e3 14       		.uleb128 0x14
 1833 00e4 21       		.uleb128 0x21
 1834 00e5 00       		.byte	0
 1835 00e6 49       		.uleb128 0x49
 1836 00e7 13       		.uleb128 0x13
 1837 00e8 2F       		.uleb128 0x2f
 1838 00e9 0B       		.uleb128 0xb
 1839 00ea 00       		.byte	0
 1840 00eb 00       		.byte	0
 1841 00ec 15       		.uleb128 0x15
 1842 00ed 13       		.uleb128 0x13
 1843 00ee 01       		.byte	0x1
 1844 00ef 0B       		.uleb128 0xb
 1845 00f0 0B       		.uleb128 0xb
 1846 00f1 3A       		.uleb128 0x3a
 1847 00f2 0B       		.uleb128 0xb
 1848 00f3 3B       		.uleb128 0x3b
 1849 00f4 05       		.uleb128 0x5
 1850 00f5 01       		.uleb128 0x1
 1851 00f6 13       		.uleb128 0x13
 1852 00f7 00       		.byte	0
 1853 00f8 00       		.byte	0
 1854 00f9 16       		.uleb128 0x16
 1855 00fa 16       		.uleb128 0x16
 1856 00fb 00       		.byte	0
 1857 00fc 03       		.uleb128 0x3
 1858 00fd 0E       		.uleb128 0xe
 1859 00fe 3A       		.uleb128 0x3a
 1860 00ff 0B       		.uleb128 0xb
 1861 0100 3B       		.uleb128 0x3b
 1862 0101 05       		.uleb128 0x5
 1863 0102 49       		.uleb128 0x49
 1864 0103 13       		.uleb128 0x13
 1865 0104 00       		.byte	0
 1866 0105 00       		.byte	0
 1867 0106 17       		.uleb128 0x17
 1868 0107 0D       		.uleb128 0xd
 1869 0108 00       		.byte	0
 1870 0109 03       		.uleb128 0x3
 1871 010a 08       		.uleb128 0x8
 1872 010b 3A       		.uleb128 0x3a
 1873 010c 0B       		.uleb128 0xb
 1874 010d 3B       		.uleb128 0x3b
 1875 010e 0B       		.uleb128 0xb
ARM GAS  /tmp/ccwdGqxn.s 			page 34


 1876 010f 49       		.uleb128 0x49
 1877 0110 13       		.uleb128 0x13
 1878 0111 38       		.uleb128 0x38
 1879 0112 0B       		.uleb128 0xb
 1880 0113 00       		.byte	0
 1881 0114 00       		.byte	0
 1882 0115 18       		.uleb128 0x18
 1883 0116 13       		.uleb128 0x13
 1884 0117 01       		.byte	0x1
 1885 0118 0B       		.uleb128 0xb
 1886 0119 0B       		.uleb128 0xb
 1887 011a 3A       		.uleb128 0x3a
 1888 011b 0B       		.uleb128 0xb
 1889 011c 3B       		.uleb128 0x3b
 1890 011d 0B       		.uleb128 0xb
 1891 011e 01       		.uleb128 0x1
 1892 011f 13       		.uleb128 0x13
 1893 0120 00       		.byte	0
 1894 0121 00       		.byte	0
 1895 0122 19       		.uleb128 0x19
 1896 0123 13       		.uleb128 0x13
 1897 0124 01       		.byte	0x1
 1898 0125 0B       		.uleb128 0xb
 1899 0126 05       		.uleb128 0x5
 1900 0127 3A       		.uleb128 0x3a
 1901 0128 0B       		.uleb128 0xb
 1902 0129 3B       		.uleb128 0x3b
 1903 012a 0B       		.uleb128 0xb
 1904 012b 01       		.uleb128 0x1
 1905 012c 13       		.uleb128 0x13
 1906 012d 00       		.byte	0
 1907 012e 00       		.byte	0
 1908 012f 1A       		.uleb128 0x1a
 1909 0130 17       		.uleb128 0x17
 1910 0131 01       		.byte	0x1
 1911 0132 0B       		.uleb128 0xb
 1912 0133 0B       		.uleb128 0xb
 1913 0134 3A       		.uleb128 0x3a
 1914 0135 0B       		.uleb128 0xb
 1915 0136 3B       		.uleb128 0x3b
 1916 0137 0B       		.uleb128 0xb
 1917 0138 01       		.uleb128 0x1
 1918 0139 13       		.uleb128 0x13
 1919 013a 00       		.byte	0
 1920 013b 00       		.byte	0
 1921 013c 1B       		.uleb128 0x1b
 1922 013d 0D       		.uleb128 0xd
 1923 013e 00       		.byte	0
 1924 013f 03       		.uleb128 0x3
 1925 0140 0E       		.uleb128 0xe
 1926 0141 3A       		.uleb128 0x3a
 1927 0142 0B       		.uleb128 0xb
 1928 0143 3B       		.uleb128 0x3b
 1929 0144 05       		.uleb128 0x5
 1930 0145 49       		.uleb128 0x49
 1931 0146 13       		.uleb128 0x13
 1932 0147 00       		.byte	0
ARM GAS  /tmp/ccwdGqxn.s 			page 35


 1933 0148 00       		.byte	0
 1934 0149 1C       		.uleb128 0x1c
 1935 014a 2E       		.uleb128 0x2e
 1936 014b 00       		.byte	0
 1937 014c 03       		.uleb128 0x3
 1938 014d 0E       		.uleb128 0xe
 1939 014e 3A       		.uleb128 0x3a
 1940 014f 0B       		.uleb128 0xb
 1941 0150 3B       		.uleb128 0x3b
 1942 0151 05       		.uleb128 0x5
 1943 0152 27       		.uleb128 0x27
 1944 0153 19       		.uleb128 0x19
 1945 0154 49       		.uleb128 0x49
 1946 0155 13       		.uleb128 0x13
 1947 0156 11       		.uleb128 0x11
 1948 0157 01       		.uleb128 0x1
 1949 0158 12       		.uleb128 0x12
 1950 0159 06       		.uleb128 0x6
 1951 015a 40       		.uleb128 0x40
 1952 015b 18       		.uleb128 0x18
 1953 015c 9742     		.uleb128 0x2117
 1954 015e 19       		.uleb128 0x19
 1955 015f 00       		.byte	0
 1956 0160 00       		.byte	0
 1957 0161 1D       		.uleb128 0x1d
 1958 0162 2E       		.uleb128 0x2e
 1959 0163 01       		.byte	0x1
 1960 0164 03       		.uleb128 0x3
 1961 0165 0E       		.uleb128 0xe
 1962 0166 3A       		.uleb128 0x3a
 1963 0167 0B       		.uleb128 0xb
 1964 0168 3B       		.uleb128 0x3b
 1965 0169 0B       		.uleb128 0xb
 1966 016a 27       		.uleb128 0x27
 1967 016b 19       		.uleb128 0x19
 1968 016c 11       		.uleb128 0x11
 1969 016d 01       		.uleb128 0x1
 1970 016e 12       		.uleb128 0x12
 1971 016f 06       		.uleb128 0x6
 1972 0170 40       		.uleb128 0x40
 1973 0171 18       		.uleb128 0x18
 1974 0172 9742     		.uleb128 0x2117
 1975 0174 19       		.uleb128 0x19
 1976 0175 01       		.uleb128 0x1
 1977 0176 13       		.uleb128 0x13
 1978 0177 00       		.byte	0
 1979 0178 00       		.byte	0
 1980 0179 1E       		.uleb128 0x1e
 1981 017a 05       		.uleb128 0x5
 1982 017b 00       		.byte	0
 1983 017c 03       		.uleb128 0x3
 1984 017d 08       		.uleb128 0x8
 1985 017e 3A       		.uleb128 0x3a
 1986 017f 0B       		.uleb128 0xb
 1987 0180 3B       		.uleb128 0x3b
 1988 0181 0B       		.uleb128 0xb
 1989 0182 49       		.uleb128 0x49
ARM GAS  /tmp/ccwdGqxn.s 			page 36


 1990 0183 13       		.uleb128 0x13
 1991 0184 02       		.uleb128 0x2
 1992 0185 18       		.uleb128 0x18
 1993 0186 00       		.byte	0
 1994 0187 00       		.byte	0
 1995 0188 1F       		.uleb128 0x1f
 1996 0189 05       		.uleb128 0x5
 1997 018a 00       		.byte	0
 1998 018b 03       		.uleb128 0x3
 1999 018c 0E       		.uleb128 0xe
 2000 018d 3A       		.uleb128 0x3a
 2001 018e 0B       		.uleb128 0xb
 2002 018f 3B       		.uleb128 0x3b
 2003 0190 0B       		.uleb128 0xb
 2004 0191 49       		.uleb128 0x49
 2005 0192 13       		.uleb128 0x13
 2006 0193 02       		.uleb128 0x2
 2007 0194 18       		.uleb128 0x18
 2008 0195 00       		.byte	0
 2009 0196 00       		.byte	0
 2010 0197 20       		.uleb128 0x20
 2011 0198 2E       		.uleb128 0x2e
 2012 0199 01       		.byte	0x1
 2013 019a 3F       		.uleb128 0x3f
 2014 019b 19       		.uleb128 0x19
 2015 019c 03       		.uleb128 0x3
 2016 019d 0E       		.uleb128 0xe
 2017 019e 3A       		.uleb128 0x3a
 2018 019f 0B       		.uleb128 0xb
 2019 01a0 3B       		.uleb128 0x3b
 2020 01a1 0B       		.uleb128 0xb
 2021 01a2 27       		.uleb128 0x27
 2022 01a3 19       		.uleb128 0x19
 2023 01a4 11       		.uleb128 0x11
 2024 01a5 01       		.uleb128 0x1
 2025 01a6 12       		.uleb128 0x12
 2026 01a7 06       		.uleb128 0x6
 2027 01a8 40       		.uleb128 0x40
 2028 01a9 18       		.uleb128 0x18
 2029 01aa 9642     		.uleb128 0x2116
 2030 01ac 19       		.uleb128 0x19
 2031 01ad 01       		.uleb128 0x1
 2032 01ae 13       		.uleb128 0x13
 2033 01af 00       		.byte	0
 2034 01b0 00       		.byte	0
 2035 01b1 21       		.uleb128 0x21
 2036 01b2 34       		.uleb128 0x34
 2037 01b3 00       		.byte	0
 2038 01b4 03       		.uleb128 0x3
 2039 01b5 08       		.uleb128 0x8
 2040 01b6 3A       		.uleb128 0x3a
 2041 01b7 0B       		.uleb128 0xb
 2042 01b8 3B       		.uleb128 0x3b
 2043 01b9 0B       		.uleb128 0xb
 2044 01ba 49       		.uleb128 0x49
 2045 01bb 13       		.uleb128 0x13
 2046 01bc 02       		.uleb128 0x2
ARM GAS  /tmp/ccwdGqxn.s 			page 37


 2047 01bd 18       		.uleb128 0x18
 2048 01be 00       		.byte	0
 2049 01bf 00       		.byte	0
 2050 01c0 22       		.uleb128 0x22
 2051 01c1 2E       		.uleb128 0x2e
 2052 01c2 01       		.byte	0x1
 2053 01c3 3F       		.uleb128 0x3f
 2054 01c4 19       		.uleb128 0x19
 2055 01c5 03       		.uleb128 0x3
 2056 01c6 0E       		.uleb128 0xe
 2057 01c7 3A       		.uleb128 0x3a
 2058 01c8 0B       		.uleb128 0xb
 2059 01c9 3B       		.uleb128 0x3b
 2060 01ca 0B       		.uleb128 0xb
 2061 01cb 27       		.uleb128 0x27
 2062 01cc 19       		.uleb128 0x19
 2063 01cd 11       		.uleb128 0x11
 2064 01ce 01       		.uleb128 0x1
 2065 01cf 12       		.uleb128 0x12
 2066 01d0 06       		.uleb128 0x6
 2067 01d1 40       		.uleb128 0x40
 2068 01d2 18       		.uleb128 0x18
 2069 01d3 9742     		.uleb128 0x2117
 2070 01d5 19       		.uleb128 0x19
 2071 01d6 01       		.uleb128 0x1
 2072 01d7 13       		.uleb128 0x13
 2073 01d8 00       		.byte	0
 2074 01d9 00       		.byte	0
 2075 01da 23       		.uleb128 0x23
 2076 01db 34       		.uleb128 0x34
 2077 01dc 00       		.byte	0
 2078 01dd 03       		.uleb128 0x3
 2079 01de 0E       		.uleb128 0xe
 2080 01df 3A       		.uleb128 0x3a
 2081 01e0 0B       		.uleb128 0xb
 2082 01e1 3B       		.uleb128 0x3b
 2083 01e2 05       		.uleb128 0x5
 2084 01e3 49       		.uleb128 0x49
 2085 01e4 13       		.uleb128 0x13
 2086 01e5 3F       		.uleb128 0x3f
 2087 01e6 19       		.uleb128 0x19
 2088 01e7 3C       		.uleb128 0x3c
 2089 01e8 19       		.uleb128 0x19
 2090 01e9 00       		.byte	0
 2091 01ea 00       		.byte	0
 2092 01eb 24       		.uleb128 0x24
 2093 01ec 34       		.uleb128 0x34
 2094 01ed 00       		.byte	0
 2095 01ee 03       		.uleb128 0x3
 2096 01ef 08       		.uleb128 0x8
 2097 01f0 3A       		.uleb128 0x3a
 2098 01f1 0B       		.uleb128 0xb
 2099 01f2 3B       		.uleb128 0x3b
 2100 01f3 05       		.uleb128 0x5
 2101 01f4 49       		.uleb128 0x49
 2102 01f5 13       		.uleb128 0x13
 2103 01f6 3F       		.uleb128 0x3f
ARM GAS  /tmp/ccwdGqxn.s 			page 38


 2104 01f7 19       		.uleb128 0x19
 2105 01f8 3C       		.uleb128 0x3c
 2106 01f9 19       		.uleb128 0x19
 2107 01fa 00       		.byte	0
 2108 01fb 00       		.byte	0
 2109 01fc 00       		.byte	0
 2110              		.section	.debug_aranges,"",%progbits
 2111 0000 4C000000 		.4byte	0x4c
 2112 0004 0200     		.2byte	0x2
 2113 0006 00000000 		.4byte	.Ldebug_info0
 2114 000a 04       		.byte	0x4
 2115 000b 00       		.byte	0
 2116 000c 0000     		.2byte	0
 2117 000e 0000     		.2byte	0
 2118 0010 00000000 		.4byte	.LFB135
 2119 0014 0C000000 		.4byte	.LFE135-.LFB135
 2120 0018 00000000 		.4byte	.LFB240
 2121 001c 6C000000 		.4byte	.LFE240-.LFB240
 2122 0020 00000000 		.4byte	.LFB241
 2123 0024 38000000 		.4byte	.LFE241-.LFB241
 2124 0028 00000000 		.4byte	.LFB242
 2125 002c 30000000 		.4byte	.LFE242-.LFB242
 2126 0030 00000000 		.4byte	.LFB243
 2127 0034 16000000 		.4byte	.LFE243-.LFB243
 2128 0038 00000000 		.4byte	.LFB244
 2129 003c 28000000 		.4byte	.LFE244-.LFB244
 2130 0040 00000000 		.4byte	.LFB245
 2131 0044 26000000 		.4byte	.LFE245-.LFB245
 2132 0048 00000000 		.4byte	0
 2133 004c 00000000 		.4byte	0
 2134              		.section	.debug_ranges,"",%progbits
 2135              	.Ldebug_ranges0:
 2136 0000 00000000 		.4byte	.LFB135
 2137 0004 0C000000 		.4byte	.LFE135
 2138 0008 00000000 		.4byte	.LFB240
 2139 000c 6C000000 		.4byte	.LFE240
 2140 0010 00000000 		.4byte	.LFB241
 2141 0014 38000000 		.4byte	.LFE241
 2142 0018 00000000 		.4byte	.LFB242
 2143 001c 30000000 		.4byte	.LFE242
 2144 0020 00000000 		.4byte	.LFB243
 2145 0024 16000000 		.4byte	.LFE243
 2146 0028 00000000 		.4byte	.LFB244
 2147 002c 28000000 		.4byte	.LFE244
 2148 0030 00000000 		.4byte	.LFB245
 2149 0034 26000000 		.4byte	.LFE245
 2150 0038 00000000 		.4byte	0
 2151 003c 00000000 		.4byte	0
 2152              		.section	.debug_line,"",%progbits
 2153              	.Ldebug_line0:
 2154 0000 53020000 		.section	.debug_str,"MS",%progbits,1
 2154      0200B501 
 2154      00000201 
 2154      FB0E0D00 
 2154      01010101 
 2155              	.LASF121:
 2156 0000 74625F70 		.ascii	"tb_ptr\000"
ARM GAS  /tmp/ccwdGqxn.s 			page 39


 2156      747200
 2157              	.LASF54:
 2158 0007 72656164 		.ascii	"ready_list_t\000"
 2158      795F6C69 
 2158      73745F74 
 2158      00
 2159              	.LASF115:
 2160 0014 73655F74 		.ascii	"se_time\000"
 2160      696D6500 
 2161              	.LASF139:
 2162 001c 77747472 		.ascii	"wttrp\000"
 2162      7000
 2163              	.LASF136:
 2164 0022 7264796D 		.ascii	"rdymsg\000"
 2164      736700
 2165              	.LASF16:
 2166 0029 75696E74 		.ascii	"uint64_t\000"
 2166      36345F74 
 2166      00
 2167              	.LASF84:
 2168 0032 6B65726E 		.ascii	"kernel_stats\000"
 2168      656C5F73 
 2168      74617473 
 2168      00
 2169              	.LASF5:
 2170 003f 5F5F7569 		.ascii	"__uint8_t\000"
 2170      6E74385F 
 2170      7400
 2171              	.LASF114:
 2172 0049 706F7274 		.ascii	"port_intctx\000"
 2172      5F696E74 
 2172      63747800 
 2173              	.LASF53:
 2174 0055 63685F74 		.ascii	"ch_threads_queue\000"
 2174      68726561 
 2174      64735F71 
 2174      75657565 
 2174      00
 2175              	.LASF73:
 2176 0066 73797374 		.ascii	"system_debug_t\000"
 2176      656D5F64 
 2176      65627567 
 2176      5F7400
 2177              	.LASF127:
 2178 0075 776F7273 		.ascii	"worst\000"
 2178      7400
 2179              	.LASF130:
 2180 007b 74696D65 		.ascii	"time_measurement_t\000"
 2180      5F6D6561 
 2180      73757265 
 2180      6D656E74 
 2180      5F7400
 2181              	.LASF12:
 2182 008e 6C6F6E67 		.ascii	"long long unsigned int\000"
 2182      206C6F6E 
 2182      6720756E 
 2182      7369676E 
ARM GAS  /tmp/ccwdGqxn.s 			page 40


 2182      65642069 
 2183              	.LASF123:
 2184 00a5 63685F74 		.ascii	"ch_trace_buffer_t\000"
 2184      72616365 
 2184      5F627566 
 2184      6665725F 
 2184      7400
 2185              	.LASF118:
 2186 00b7 73655F73 		.ascii	"se_state\000"
 2186      74617465 
 2186      00
 2187              	.LASF137:
 2188 00c0 65786974 		.ascii	"exitcode\000"
 2188      636F6465 
 2188      00
 2189              	.LASF83:
 2190 00c9 6D61696E 		.ascii	"mainthread\000"
 2190      74687265 
 2190      616400
 2191              	.LASF163:
 2192 00d4 746D5F73 		.ascii	"tm_stop\000"
 2192      746F7000 
 2193              	.LASF70:
 2194 00dc 76697274 		.ascii	"virtual_timers_list_t\000"
 2194      75616C5F 
 2194      74696D65 
 2194      72735F6C 
 2194      6973745F 
 2195              	.LASF153:
 2196 00f2 6368544D 		.ascii	"chTMObjectInit\000"
 2196      4F626A65 
 2196      6374496E 
 2196      697400
 2197              	.LASF18:
 2198 0101 72747469 		.ascii	"rttime_t\000"
 2198      6D655F74 
 2198      00
 2199              	.LASF31:
 2200 010a 705F7072 		.ascii	"p_prio\000"
 2200      696F00
 2201              	.LASF157:
 2202 0111 746D7031 		.ascii	"tmp1\000"
 2202      00
 2203              	.LASF158:
 2204 0116 746D7032 		.ascii	"tmp2\000"
 2204      00
 2205              	.LASF10:
 2206 011b 6C6F6E67 		.ascii	"long long int\000"
 2206      206C6F6E 
 2206      6720696E 
 2206      7400
 2207              	.LASF1:
 2208 0129 7369676E 		.ascii	"signed char\000"
 2208      65642063 
 2208      68617200 
 2209              	.LASF46:
 2210 0135 705F6D70 		.ascii	"p_mpool\000"
ARM GAS  /tmp/ccwdGqxn.s 			page 41


 2210      6F6F6C00 
 2211              	.LASF89:
 2212 013d 43504943 		.ascii	"CPICNT\000"
 2212      4E5400
 2213              	.LASF147:
 2214 0144 6D5F7175 		.ascii	"m_queue\000"
 2214      65756500 
 2215              	.LASF82:
 2216 014c 76746C69 		.ascii	"vtlist\000"
 2216      737400
 2217              	.LASF154:
 2218 0153 6368544D 		.ascii	"chTMStartMeasurementX\000"
 2218      53746172 
 2218      744D6561 
 2218      73757265 
 2218      6D656E74 
 2219              	.LASF155:
 2220 0169 6368544D 		.ascii	"chTMStopMeasurementX\000"
 2220      53746F70 
 2220      4D656173 
 2220      7572656D 
 2220      656E7458 
 2221              	.LASF7:
 2222 017e 6C6F6E67 		.ascii	"long int\000"
 2222      20696E74 
 2222      00
 2223              	.LASF20:
 2224 0187 74737461 		.ascii	"tstate_t\000"
 2224      74655F74 
 2224      00
 2225              	.LASF116:
 2226 0190 73655F74 		.ascii	"se_tp\000"
 2226      7000
 2227              	.LASF91:
 2228 0196 534C4545 		.ascii	"SLEEPCNT\000"
 2228      50434E54 
 2228      00
 2229              	.LASF160:
 2230 019f 474E5520 		.ascii	"GNU C 4.8.4 20141219 (release) -mcpu=cortex-m4 -mno"
 2230      4320342E 
 2230      382E3420 
 2230      32303134 
 2230      31323139 
 2231 01d2 2D746875 		.ascii	"-thumb-interwork -mthumb -ggdb -O0 -fomit-frame-poi"
 2231      6D622D69 
 2231      6E746572 
 2231      776F726B 
 2231      202D6D74 
 2232 0205 6E746572 		.ascii	"nter -falign-functions=16 -ffunction-sections -fdat"
 2232      202D6661 
 2232      6C69676E 
 2232      2D66756E 
 2232      6374696F 
 2233 0238 612D7365 		.ascii	"a-sections -fno-common\000"
 2233      6374696F 
 2233      6E73202D 
 2233      666E6F2D 
ARM GAS  /tmp/ccwdGqxn.s 			page 42


 2233      636F6D6D 
 2234              	.LASF33:
 2235 024f 705F6E65 		.ascii	"p_newer\000"
 2235      77657200 
 2236              	.LASF144:
 2237 0257 735F7175 		.ascii	"s_queue\000"
 2237      65756500 
 2238              	.LASF120:
 2239 025f 74625F73 		.ascii	"tb_size\000"
 2239      697A6500 
 2240              	.LASF59:
 2241 0267 725F6E65 		.ascii	"r_newer\000"
 2241      77657200 
 2242              	.LASF111:
 2243 026f 72656761 		.ascii	"regarm_t\000"
 2243      726D5F74 
 2243      00
 2244              	.LASF66:
 2245 0278 76745F70 		.ascii	"vt_prev\000"
 2245      72657600 
 2246              	.LASF74:
 2247 0280 63685F73 		.ascii	"ch_system_debug\000"
 2247      79737465 
 2247      6D5F6465 
 2247      62756700 
 2248              	.LASF151:
 2249 0290 6D757465 		.ascii	"mutex_t\000"
 2249      785F7400 
 2250              	.LASF77:
 2251 0298 6C6F636B 		.ascii	"lock_cnt\000"
 2251      5F636E74 
 2251      00
 2252              	.LASF85:
 2253 02a1 69646C65 		.ascii	"idle_thread_wa\000"
 2253      5F746872 
 2253      6561645F 
 2253      776100
 2254              	.LASF25:
 2255 02b0 636E745F 		.ascii	"cnt_t\000"
 2255      7400
 2256              	.LASF96:
 2257 02b6 4D41534B 		.ascii	"MASK0\000"
 2257      3000
 2258              	.LASF0:
 2259 02bc 756E7369 		.ascii	"unsigned int\000"
 2259      676E6564 
 2259      20696E74 
 2259      00
 2260              	.LASF65:
 2261 02c9 76745F6E 		.ascii	"vt_next\000"
 2261      65787400 
 2262              	.LASF104:
 2263 02d1 4D41534B 		.ascii	"MASK2\000"
 2263      3200
 2264              	.LASF108:
 2265 02d7 4D41534B 		.ascii	"MASK3\000"
 2265      3300
ARM GAS  /tmp/ccwdGqxn.s 			page 43


 2266              	.LASF140:
 2267 02dd 77747365 		.ascii	"wtsemp\000"
 2267      6D7000
 2268              	.LASF41:
 2269 02e4 705F6D73 		.ascii	"p_msgqueue\000"
 2269      67717565 
 2269      756500
 2270              	.LASF55:
 2271 02ef 63685F72 		.ascii	"ch_ready_list\000"
 2271      65616479 
 2271      5F6C6973 
 2271      7400
 2272              	.LASF131:
 2273 02fd 6E5F6972 		.ascii	"n_irq\000"
 2273      7100
 2274              	.LASF145:
 2275 0303 735F636E 		.ascii	"s_cnt\000"
 2275      7400
 2276              	.LASF126:
 2277 0309 62657374 		.ascii	"best\000"
 2277      00
 2278              	.LASF4:
 2279 030e 73686F72 		.ascii	"short unsigned int\000"
 2279      7420756E 
 2279      7369676E 
 2279      65642069 
 2279      6E7400
 2280              	.LASF135:
 2281 0321 6B65726E 		.ascii	"kernel_stats_t\000"
 2281      656C5F73 
 2281      74617473 
 2281      5F7400
 2282              	.LASF50:
 2283 0330 63685F74 		.ascii	"ch_thread\000"
 2283      68726561 
 2283      6400
 2284              	.LASF90:
 2285 033a 45584343 		.ascii	"EXCCNT\000"
 2285      4E5400
 2286              	.LASF23:
 2287 0341 6D73675F 		.ascii	"msg_t\000"
 2287      7400
 2288              	.LASF128:
 2289 0347 6C617374 		.ascii	"last\000"
 2289      00
 2290              	.LASF26:
 2291 034c 75636E74 		.ascii	"ucnt_t\000"
 2291      5F7400
 2292              	.LASF79:
 2293 0353 63685F73 		.ascii	"ch_system_t\000"
 2293      79737465 
 2293      6D5F7400 
 2294              	.LASF122:
 2295 035f 74625F62 		.ascii	"tb_buffer\000"
 2295      75666665 
 2295      7200
 2296              	.LASF134:
ARM GAS  /tmp/ccwdGqxn.s 			page 44


 2297 0369 6D5F6372 		.ascii	"m_crit_isr\000"
 2297      69745F69 
 2297      737200
 2298              	.LASF44:
 2299 0374 705F6D74 		.ascii	"p_mtxlist\000"
 2299      786C6973 
 2299      7400
 2300              	.LASF24:
 2301 037e 6576656E 		.ascii	"eventmask_t\000"
 2301      746D6173 
 2301      6B5F7400 
 2302              	.LASF6:
 2303 038a 5F5F696E 		.ascii	"__int32_t\000"
 2303      7433325F 
 2303      7400
 2304              	.LASF156:
 2305 0394 6368544D 		.ascii	"chTMChainMeasurementToX\000"
 2305      43686169 
 2305      6E4D6561 
 2305      73757265 
 2305      6D656E74 
 2306              	.LASF112:
 2307 03ac 73746B61 		.ascii	"stkalign_t\000"
 2307      6C69676E 
 2307      5F7400
 2308              	.LASF88:
 2309 03b7 43594343 		.ascii	"CYCCNT\000"
 2309      4E5400
 2310              	.LASF40:
 2311 03be 705F7761 		.ascii	"p_waiting\000"
 2311      6974696E 
 2311      6700
 2312              	.LASF86:
 2313 03c8 73697A65 		.ascii	"sizetype\000"
 2313      74797065 
 2313      00
 2314              	.LASF48:
 2315 03d1 74687265 		.ascii	"thread_reference_t\000"
 2315      61645F72 
 2315      65666572 
 2315      656E6365 
 2315      5F7400
 2316              	.LASF125:
 2317 03e4 746D5F63 		.ascii	"tm_calibration_t\000"
 2317      616C6962 
 2317      72617469 
 2317      6F6E5F74 
 2317      00
 2318              	.LASF71:
 2319 03f5 63685F76 		.ascii	"ch_virtual_timers_list\000"
 2319      69727475 
 2319      616C5F74 
 2319      696D6572 
 2319      735F6C69 
 2320              	.LASF119:
 2321 040c 63685F73 		.ascii	"ch_swc_event_t\000"
 2321      77635F65 
ARM GAS  /tmp/ccwdGqxn.s 			page 45


 2321      76656E74 
 2321      5F7400
 2322              	.LASF72:
 2323 041b 76745F6C 		.ascii	"vt_lasttime\000"
 2323      61737474 
 2323      696D6500 
 2324              	.LASF34:
 2325 0427 705F6F6C 		.ascii	"p_older\000"
 2325      64657200 
 2326              	.LASF58:
 2327 042f 725F6374 		.ascii	"r_ctx\000"
 2327      7800
 2328              	.LASF32:
 2329 0435 705F6374 		.ascii	"p_ctx\000"
 2329      7800
 2330              	.LASF99:
 2331 043b 434F4D50 		.ascii	"COMP1\000"
 2331      3100
 2332              	.LASF103:
 2333 0441 434F4D50 		.ascii	"COMP2\000"
 2333      3200
 2334              	.LASF107:
 2335 0447 434F4D50 		.ascii	"COMP3\000"
 2335      3300
 2336              	.LASF36:
 2337 044d 705F7374 		.ascii	"p_stklimit\000"
 2337      6B6C696D 
 2337      697400
 2338              	.LASF61:
 2339 0458 725F6375 		.ascii	"r_current\000"
 2339      7272656E 
 2339      7400
 2340              	.LASF60:
 2341 0462 725F6F6C 		.ascii	"r_older\000"
 2341      64657200 
 2342              	.LASF11:
 2343 046a 5F5F7569 		.ascii	"__uint64_t\000"
 2343      6E743634 
 2343      5F7400
 2344              	.LASF129:
 2345 0475 63756D75 		.ascii	"cumulative\000"
 2345      6C617469 
 2345      766500
 2346              	.LASF21:
 2347 0480 74726566 		.ascii	"trefs_t\000"
 2347      735F7400 
 2348              	.LASF98:
 2349 0488 52455345 		.ascii	"RESERVED0\000"
 2349      52564544 
 2349      3000
 2350              	.LASF102:
 2351 0492 52455345 		.ascii	"RESERVED1\000"
 2351      52564544 
 2351      3100
 2352              	.LASF106:
 2353 049c 52455345 		.ascii	"RESERVED2\000"
 2353      52564544 
ARM GAS  /tmp/ccwdGqxn.s 			page 46


 2353      3200
 2354              	.LASF63:
 2355 04a6 76697274 		.ascii	"virtual_timer_t\000"
 2355      75616C5F 
 2355      74696D65 
 2355      725F7400 
 2356              	.LASF30:
 2357 04b6 705F7072 		.ascii	"p_prev\000"
 2357      657600
 2358              	.LASF22:
 2359 04bd 74707269 		.ascii	"tprio_t\000"
 2359      6F5F7400 
 2360              	.LASF94:
 2361 04c5 50435352 		.ascii	"PCSR\000"
 2361      00
 2362              	.LASF132:
 2363 04ca 6E5F6374 		.ascii	"n_ctxswc\000"
 2363      78737763 
 2363      00
 2364              	.LASF100:
 2365 04d3 4D41534B 		.ascii	"MASK1\000"
 2365      3100
 2366              	.LASF14:
 2367 04d9 696E7433 		.ascii	"int32_t\000"
 2367      325F7400 
 2368              	.LASF2:
 2369 04e1 756E7369 		.ascii	"unsigned char\000"
 2369      676E6564 
 2369      20636861 
 2369      7200
 2370              	.LASF159:
 2371 04ef 49544D5F 		.ascii	"ITM_RxBuffer\000"
 2371      52784275 
 2371      66666572 
 2371      00
 2372              	.LASF97:
 2373 04fc 46554E43 		.ascii	"FUNCTION0\000"
 2373      54494F4E 
 2373      3000
 2374              	.LASF101:
 2375 0506 46554E43 		.ascii	"FUNCTION1\000"
 2375      54494F4E 
 2375      3100
 2376              	.LASF105:
 2377 0510 46554E43 		.ascii	"FUNCTION2\000"
 2377      54494F4E 
 2377      3200
 2378              	.LASF109:
 2379 051a 46554E43 		.ascii	"FUNCTION3\000"
 2379      54494F4E 
 2379      3300
 2380              	.LASF3:
 2381 0524 73686F72 		.ascii	"short int\000"
 2381      7420696E 
 2381      7400
 2382              	.LASF37:
 2383 052e 705F7374 		.ascii	"p_state\000"
ARM GAS  /tmp/ccwdGqxn.s 			page 47


 2383      61746500 
 2384              	.LASF57:
 2385 0536 725F7072 		.ascii	"r_prio\000"
 2385      696F00
 2386              	.LASF142:
 2387 053d 65776D61 		.ascii	"ewmask\000"
 2387      736B00
 2388              	.LASF29:
 2389 0544 705F6E65 		.ascii	"p_next\000"
 2389      787400
 2390              	.LASF19:
 2391 054b 746D6F64 		.ascii	"tmode_t\000"
 2391      655F7400 
 2392              	.LASF38:
 2393 0553 705F666C 		.ascii	"p_flags\000"
 2393      61677300 
 2394              	.LASF47:
 2395 055b 705F7374 		.ascii	"p_stats\000"
 2395      61747300 
 2396              	.LASF80:
 2397 0563 63685F73 		.ascii	"ch_system\000"
 2397      79737465 
 2397      6D00
 2398              	.LASF64:
 2399 056d 63685F76 		.ascii	"ch_virtual_timer\000"
 2399      69727475 
 2399      616C5F74 
 2399      696D6572 
 2399      00
 2400              	.LASF143:
 2401 057e 63685F73 		.ascii	"ch_semaphore\000"
 2401      656D6170 
 2401      686F7265 
 2401      00
 2402              	.LASF43:
 2403 058b 705F6570 		.ascii	"p_epending\000"
 2403      656E6469 
 2403      6E6700
 2404              	.LASF92:
 2405 0596 4C535543 		.ascii	"LSUCNT\000"
 2405      4E5400
 2406              	.LASF15:
 2407 059d 75696E74 		.ascii	"uint32_t\000"
 2407      33325F74 
 2407      00
 2408              	.LASF141:
 2409 05a6 77746D74 		.ascii	"wtmtxp\000"
 2409      787000
 2410              	.LASF56:
 2411 05ad 725F7175 		.ascii	"r_queue\000"
 2411      65756500 
 2412              	.LASF67:
 2413 05b5 76745F64 		.ascii	"vt_delta\000"
 2413      656C7461 
 2413      00
 2414              	.LASF51:
 2415 05be 63685F74 		.ascii	"ch_threads_list\000"
ARM GAS  /tmp/ccwdGqxn.s 			page 48


 2415      68726561 
 2415      64735F6C 
 2415      69737400 
 2416              	.LASF9:
 2417 05ce 6C6F6E67 		.ascii	"long unsigned int\000"
 2417      20756E73 
 2417      69676E65 
 2417      6420696E 
 2417      7400
 2418              	.LASF150:
 2419 05e0 63686172 		.ascii	"char\000"
 2419      00
 2420              	.LASF28:
 2421 05e5 74687265 		.ascii	"thread_t\000"
 2421      61645F74 
 2421      00
 2422              	.LASF162:
 2423 05ee 706F7274 		.ascii	"port_rt_get_counter_value\000"
 2423      5F72745F 
 2423      6765745F 
 2423      636F756E 
 2423      7465725F 
 2424              	.LASF149:
 2425 0608 6D5F6E65 		.ascii	"m_next\000"
 2425      787400
 2426              	.LASF27:
 2427 060f 73797374 		.ascii	"systime_t\000"
 2427      696D655F 
 2427      7400
 2428              	.LASF45:
 2429 0619 705F7265 		.ascii	"p_realprio\000"
 2429      616C7072 
 2429      696F00
 2430              	.LASF62:
 2431 0624 76746675 		.ascii	"vtfunc_t\000"
 2431      6E635F74 
 2431      00
 2432              	.LASF8:
 2433 062d 5F5F7569 		.ascii	"__uint32_t\000"
 2433      6E743332 
 2433      5F7400
 2434              	.LASF75:
 2435 0638 70616E69 		.ascii	"panic_msg\000"
 2435      635F6D73 
 2435      6700
 2436              	.LASF161:
 2437 0642 2F686F6D 		.ascii	"/home/efe/ChibiOS/os/rt/src/chtm.c\000"
 2437      652F6566 
 2437      652F4368 
 2437      6962694F 
 2437      532F6F73 
 2438              	.LASF124:
 2439 0665 6F666673 		.ascii	"offset\000"
 2439      657400
 2440              	.LASF113:
 2441 066c 636F6E74 		.ascii	"context\000"
 2441      65787400 
ARM GAS  /tmp/ccwdGqxn.s 			page 49


 2442              	.LASF110:
 2443 0674 4457545F 		.ascii	"DWT_Type\000"
 2443      54797065 
 2443      00
 2444              	.LASF17:
 2445 067d 7274636E 		.ascii	"rtcnt_t\000"
 2445      745F7400 
 2446              	.LASF87:
 2447 0685 4354524C 		.ascii	"CTRL\000"
 2447      00
 2448              	.LASF69:
 2449 068a 76745F70 		.ascii	"vt_par\000"
 2449      617200
 2450              	.LASF95:
 2451 0691 434F4D50 		.ascii	"COMP0\000"
 2451      3000
 2452              	.LASF52:
 2453 0697 74687265 		.ascii	"threads_queue_t\000"
 2453      6164735F 
 2453      71756575 
 2453      655F7400 
 2454              	.LASF146:
 2455 06a7 63685F6D 		.ascii	"ch_mutex\000"
 2455      75746578 
 2455      00
 2456              	.LASF39:
 2457 06b0 705F7265 		.ascii	"p_refs\000"
 2457      667300
 2458              	.LASF76:
 2459 06b7 6973725F 		.ascii	"isr_cnt\000"
 2459      636E7400 
 2460              	.LASF81:
 2461 06bf 726C6973 		.ascii	"rlist\000"
 2461      7400
 2462              	.LASF13:
 2463 06c5 75696E74 		.ascii	"uint8_t\000"
 2463      385F7400 
 2464              	.LASF93:
 2465 06cd 464F4C44 		.ascii	"FOLDCNT\000"
 2465      434E5400 
 2466              	.LASF138:
 2467 06d5 77746F62 		.ascii	"wtobjp\000"
 2467      6A7000
 2468              	.LASF35:
 2469 06dc 705F6E61 		.ascii	"p_name\000"
 2469      6D6500
 2470              	.LASF49:
 2471 06e3 74687265 		.ascii	"threads_list_t\000"
 2471      6164735F 
 2471      6C697374 
 2471      5F7400
 2472              	.LASF78:
 2473 06f2 74726163 		.ascii	"trace_buffer\000"
 2473      655F6275 
 2473      66666572 
 2473      00
 2474              	.LASF42:
ARM GAS  /tmp/ccwdGqxn.s 			page 50


 2475 06ff 705F6D73 		.ascii	"p_msg\000"
 2475      6700
 2476              	.LASF133:
 2477 0705 6D5F6372 		.ascii	"m_crit_thd\000"
 2477      69745F74 
 2477      686400
 2478              	.LASF148:
 2479 0710 6D5F6F77 		.ascii	"m_owner\000"
 2479      6E657200 
 2480              	.LASF117:
 2481 0718 73655F77 		.ascii	"se_wtobjp\000"
 2481      746F626A 
 2481      7000
 2482              	.LASF68:
 2483 0722 76745F66 		.ascii	"vt_func\000"
 2483      756E6300 
 2484              	.LASF152:
 2485 072a 5F746D5F 		.ascii	"_tm_init\000"
 2485      696E6974 
 2485      00
 2486              		.ident	"GCC: (4.8.4-1+11-1) 4.8.4 20141219 (release)"
ARM GAS  /tmp/ccwdGqxn.s 			page 51


DEFINED SYMBOLS
                            *ABS*:0000000000000000 chtm.c
     /tmp/ccwdGqxn.s:19     .text.port_rt_get_counter_value:0000000000000000 $t
     /tmp/ccwdGqxn.s:24     .text.port_rt_get_counter_value:0000000000000000 port_rt_get_counter_value
     /tmp/ccwdGqxn.s:41     .text.port_rt_get_counter_value:0000000000000008 $d
     /tmp/ccwdGqxn.s:46     .text.tm_stop:0000000000000000 $t
     /tmp/ccwdGqxn.s:51     .text.tm_stop:0000000000000000 tm_stop
     /tmp/ccwdGqxn.s:125    .text._tm_init:0000000000000000 $t
     /tmp/ccwdGqxn.s:131    .text._tm_init:0000000000000000 _tm_init
     /tmp/ccwdGqxn.s:180    .text.chTMObjectInit:0000000000000000 chTMObjectInit
     /tmp/ccwdGqxn.s:225    .text.chTMStartMeasurementX:0000000000000000 chTMStartMeasurementX
     /tmp/ccwdGqxn.s:256    .text.chTMStopMeasurementX:0000000000000000 chTMStopMeasurementX
     /tmp/ccwdGqxn.s:169    .text._tm_init:0000000000000034 $d
     /tmp/ccwdGqxn.s:174    .text.chTMObjectInit:0000000000000000 $t
     /tmp/ccwdGqxn.s:219    .text.chTMStartMeasurementX:0000000000000000 $t
     /tmp/ccwdGqxn.s:250    .text.chTMStopMeasurementX:0000000000000000 $t
     /tmp/ccwdGqxn.s:284    .text.chTMStopMeasurementX:0000000000000024 $d
     /tmp/ccwdGqxn.s:289    .text.chTMChainMeasurementToX:0000000000000000 $t
     /tmp/ccwdGqxn.s:295    .text.chTMChainMeasurementToX:0000000000000000 chTMChainMeasurementToX
                     .debug_frame:0000000000000010 $d
     /tmp/ccwdGqxn.s:45     .text.port_rt_get_counter_value:000000000000000c $t
     /tmp/ccwdGqxn.s:173    .text._tm_init:0000000000000038 $t
     /tmp/ccwdGqxn.s:288    .text.chTMStopMeasurementX:0000000000000028 $t

UNDEFINED SYMBOLS
ch
