ARM GAS  /tmp/cctQFTxB.s 			page 1


   1              		.syntax unified
   2              		.cpu cortex-m4
   3              		.fpu softvfp
   4              		.eabi_attribute 20, 1
   5              		.eabi_attribute 21, 1
   6              		.eabi_attribute 23, 3
   7              		.eabi_attribute 24, 1
   8              		.eabi_attribute 25, 1
   9              		.eabi_attribute 26, 1
  10              		.eabi_attribute 30, 6
  11              		.eabi_attribute 34, 1
  12              		.eabi_attribute 18, 4
  13              		.thumb
  14              		.file	"hal_queues.c"
  15              		.text
  16              	.Ltext0:
  17              		.cfi_sections	.debug_frame
  18              	.Letext0:
  19              		.file 1 "/usr/include/newlib/machine/_default_types.h"
  20              		.file 2 "/usr/include/newlib/stdint.h"
  21              		.file 3 "/home/efe/ChibiOS/os/rt/ports/ARMCMx/compilers/GCC/chtypes.h"
  22              		.file 4 "/home/efe/ChibiOS/os/rt/include/chsystypes.h"
  23              		.file 5 "/home/efe/ChibiOS/os/rt/include/chschd.h"
  24              		.file 6 "/home/efe/ChibiOS/os/rt/ports/ARMCMx/chcore.h"
  25              		.file 7 "/home/efe/ChibiOS/os/rt/ports/ARMCMx/chcore_v7m.h"
  26              		.file 8 "/home/efe/ChibiOS/os/rt/include/chdebug.h"
  27              		.file 9 "/home/efe/ChibiOS/os/rt/include/chtm.h"
  28              		.file 10 "/home/efe/ChibiOS/os/rt/include/chstats.h"
  29              		.file 11 "/home/efe/ChibiOS/os/rt/include/chsem.h"
  30              		.file 12 "/home/efe/ChibiOS/os/rt/include/chmtx.h"
  31              		.file 13 "/home/efe/ChibiOS/os/ext/CMSIS/include/core_cm4.h"
  32              		.section	.debug_info,"",%progbits
  33              	.Ldebug_info0:
  34 0000 BD070000 		.4byte	0x7bd
  35 0004 0400     		.2byte	0x4
  36 0006 00000000 		.4byte	.Ldebug_abbrev0
  37 000a 04       		.byte	0x4
  38 000b 01       		.uleb128 0x1
  39 000c 84010000 		.4byte	.LASF130
  40 0010 01       		.byte	0x1
  41 0011 4B010000 		.4byte	.LASF131
  42 0015 00000000 		.4byte	.Ldebug_line0
  43 0019 02       		.uleb128 0x2
  44 001a 04       		.byte	0x4
  45 001b 05       		.byte	0x5
  46 001c 696E7400 		.ascii	"int\000"
  47 0020 03       		.uleb128 0x3
  48 0021 04       		.byte	0x4
  49 0022 07       		.byte	0x7
  50 0023 A6020000 		.4byte	.LASF0
  51 0027 03       		.uleb128 0x3
  52 0028 01       		.byte	0x1
  53 0029 06       		.byte	0x6
  54 002a 15010000 		.4byte	.LASF1
  55 002e 04       		.uleb128 0x4
  56 002f 3F000000 		.4byte	.LASF5
  57 0033 01       		.byte	0x1
ARM GAS  /tmp/cctQFTxB.s 			page 2


  58 0034 1D       		.byte	0x1d
  59 0035 39000000 		.4byte	0x39
  60 0039 03       		.uleb128 0x3
  61 003a 01       		.byte	0x1
  62 003b 08       		.byte	0x8
  63 003c 4C040000 		.4byte	.LASF2
  64 0040 03       		.uleb128 0x3
  65 0041 02       		.byte	0x2
  66 0042 05       		.byte	0x5
  67 0043 64040000 		.4byte	.LASF3
  68 0047 03       		.uleb128 0x3
  69 0048 02       		.byte	0x2
  70 0049 07       		.byte	0x7
  71 004a D9020000 		.4byte	.LASF4
  72 004e 04       		.uleb128 0x4
  73 004f 50030000 		.4byte	.LASF6
  74 0053 01       		.byte	0x1
  75 0054 3F       		.byte	0x3f
  76 0055 59000000 		.4byte	0x59
  77 0059 03       		.uleb128 0x3
  78 005a 04       		.byte	0x4
  79 005b 05       		.byte	0x5
  80 005c 42010000 		.4byte	.LASF7
  81 0060 04       		.uleb128 0x4
  82 0061 3F050000 		.4byte	.LASF8
  83 0065 01       		.byte	0x1
  84 0066 41       		.byte	0x41
  85 0067 6B000000 		.4byte	0x6b
  86 006b 03       		.uleb128 0x3
  87 006c 04       		.byte	0x4
  88 006d 07       		.byte	0x7
  89 006e F5040000 		.4byte	.LASF9
  90 0072 03       		.uleb128 0x3
  91 0073 08       		.byte	0x8
  92 0074 05       		.byte	0x5
  93 0075 07010000 		.4byte	.LASF10
  94 0079 04       		.uleb128 0x4
  95 007a EE030000 		.4byte	.LASF11
  96 007e 01       		.byte	0x1
  97 007f 5B       		.byte	0x5b
  98 0080 84000000 		.4byte	0x84
  99 0084 03       		.uleb128 0x3
 100 0085 08       		.byte	0x8
 101 0086 07       		.byte	0x7
 102 0087 8E000000 		.4byte	.LASF12
 103 008b 04       		.uleb128 0x4
 104 008c A0050000 		.4byte	.LASF13
 105 0090 02       		.byte	0x2
 106 0091 2A       		.byte	0x2a
 107 0092 2E000000 		.4byte	0x2e
 108 0096 04       		.uleb128 0x4
 109 0097 44040000 		.4byte	.LASF14
 110 009b 02       		.byte	0x2
 111 009c 41       		.byte	0x41
 112 009d 4E000000 		.4byte	0x4e
 113 00a1 04       		.uleb128 0x4
 114 00a2 C4040000 		.4byte	.LASF15
ARM GAS  /tmp/cctQFTxB.s 			page 3


 115 00a6 02       		.byte	0x2
 116 00a7 42       		.byte	0x42
 117 00a8 60000000 		.4byte	0x60
 118 00ac 04       		.uleb128 0x4
 119 00ad 29000000 		.4byte	.LASF16
 120 00b1 02       		.byte	0x2
 121 00b2 4E       		.byte	0x4e
 122 00b3 79000000 		.4byte	0x79
 123 00b7 05       		.uleb128 0x5
 124 00b8 96000000 		.4byte	0x96
 125 00bc 04       		.uleb128 0x4
 126 00bd 63050000 		.4byte	.LASF17
 127 00c1 03       		.byte	0x3
 128 00c2 45       		.byte	0x45
 129 00c3 A1000000 		.4byte	0xa1
 130 00c7 04       		.uleb128 0x4
 131 00c8 F7000000 		.4byte	.LASF18
 132 00cc 03       		.byte	0x3
 133 00cd 46       		.byte	0x46
 134 00ce AC000000 		.4byte	0xac
 135 00d2 04       		.uleb128 0x4
 136 00d3 23030000 		.4byte	.LASF19
 137 00d7 03       		.byte	0x3
 138 00d8 48       		.byte	0x48
 139 00d9 8B000000 		.4byte	0x8b
 140 00dd 04       		.uleb128 0x4
 141 00de 75010000 		.4byte	.LASF20
 142 00e2 03       		.byte	0x3
 143 00e3 49       		.byte	0x49
 144 00e4 8B000000 		.4byte	0x8b
 145 00e8 04       		.uleb128 0x4
 146 00e9 04040000 		.4byte	.LASF21
 147 00ed 03       		.byte	0x3
 148 00ee 4A       		.byte	0x4a
 149 00ef 8B000000 		.4byte	0x8b
 150 00f3 04       		.uleb128 0x4
 151 00f4 2D040000 		.4byte	.LASF22
 152 00f8 03       		.byte	0x3
 153 00f9 4C       		.byte	0x4c
 154 00fa A1000000 		.4byte	0xa1
 155 00fe 04       		.uleb128 0x4
 156 00ff 05030000 		.4byte	.LASF23
 157 0103 03       		.byte	0x3
 158 0104 4D       		.byte	0x4d
 159 0105 96000000 		.4byte	0x96
 160 0109 04       		.uleb128 0x4
 161 010a 44030000 		.4byte	.LASF24
 162 010e 03       		.byte	0x3
 163 010f 4F       		.byte	0x4f
 164 0110 A1000000 		.4byte	0xa1
 165 0114 04       		.uleb128 0x4
 166 0115 95020000 		.4byte	.LASF25
 167 0119 03       		.byte	0x3
 168 011a 51       		.byte	0x51
 169 011b 96000000 		.4byte	0x96
 170 011f 04       		.uleb128 0x4
 171 0120 10030000 		.4byte	.LASF26
ARM GAS  /tmp/cctQFTxB.s 			page 4


 172 0124 03       		.byte	0x3
 173 0125 52       		.byte	0x52
 174 0126 A1000000 		.4byte	0xa1
 175 012a 04       		.uleb128 0x4
 176 012b 21050000 		.4byte	.LASF27
 177 012f 04       		.byte	0x4
 178 0130 33       		.byte	0x33
 179 0131 A1000000 		.4byte	0xa1
 180 0135 04       		.uleb128 0x4
 181 0136 0C050000 		.4byte	.LASF28
 182 013a 04       		.byte	0x4
 183 013b 3F       		.byte	0x3f
 184 013c 40010000 		.4byte	0x140
 185 0140 06       		.uleb128 0x6
 186 0141 FB020000 		.4byte	.LASF50
 187 0145 60       		.byte	0x60
 188 0146 05       		.byte	0x5
 189 0147 C2       		.byte	0xc2
 190 0148 46020000 		.4byte	0x246
 191 014c 07       		.uleb128 0x7
 192 014d 84040000 		.4byte	.LASF29
 193 0151 05       		.byte	0x5
 194 0152 C3       		.byte	0xc3
 195 0153 51020000 		.4byte	0x251
 196 0157 00       		.byte	0
 197 0158 07       		.uleb128 0x7
 198 0159 26040000 		.4byte	.LASF30
 199 015d 05       		.byte	0x5
 200 015e C5       		.byte	0xc5
 201 015f 51020000 		.4byte	0x251
 202 0163 04       		.byte	0x4
 203 0164 07       		.uleb128 0x7
 204 0165 00010000 		.4byte	.LASF31
 205 0169 05       		.byte	0x5
 206 016a C7       		.byte	0xc7
 207 016b F3000000 		.4byte	0xf3
 208 016f 08       		.byte	0x8
 209 0170 07       		.uleb128 0x7
 210 0171 F5050000 		.4byte	.LASF32
 211 0175 05       		.byte	0x5
 212 0176 C8       		.byte	0xc8
 213 0177 BA040000 		.4byte	0x4ba
 214 017b 0C       		.byte	0xc
 215 017c 07       		.uleb128 0x7
 216 017d 34020000 		.4byte	.LASF33
 217 0181 05       		.byte	0x5
 218 0182 CA       		.byte	0xca
 219 0183 51020000 		.4byte	0x251
 220 0187 10       		.byte	0x10
 221 0188 07       		.uleb128 0x7
 222 0189 BD030000 		.4byte	.LASF34
 223 018d 05       		.byte	0x5
 224 018e CB       		.byte	0xcb
 225 018f 51020000 		.4byte	0x251
 226 0193 14       		.byte	0x14
 227 0194 07       		.uleb128 0x7
 228 0195 AF050000 		.4byte	.LASF35
ARM GAS  /tmp/cctQFTxB.s 			page 5


 229 0199 05       		.byte	0x5
 230 019a D2       		.byte	0xd2
 231 019b 5E070000 		.4byte	0x75e
 232 019f 18       		.byte	0x18
 233 01a0 07       		.uleb128 0x7
 234 01a1 9B020000 		.4byte	.LASF36
 235 01a5 05       		.byte	0x5
 236 01a6 D8       		.byte	0xd8
 237 01a7 70070000 		.4byte	0x770
 238 01ab 1C       		.byte	0x1c
 239 01ac 07       		.uleb128 0x7
 240 01ad 6E040000 		.4byte	.LASF37
 241 01b1 05       		.byte	0x5
 242 01b2 DD       		.byte	0xdd
 243 01b3 DD000000 		.4byte	0xdd
 244 01b7 20       		.byte	0x20
 245 01b8 07       		.uleb128 0x7
 246 01b9 8B040000 		.4byte	.LASF38
 247 01bd 05       		.byte	0x5
 248 01be E1       		.byte	0xe1
 249 01bf D2000000 		.4byte	0xd2
 250 01c3 21       		.byte	0x21
 251 01c4 07       		.uleb128 0x7
 252 01c5 8B050000 		.4byte	.LASF39
 253 01c9 05       		.byte	0x5
 254 01ca E6       		.byte	0xe6
 255 01cb E8000000 		.4byte	0xe8
 256 01cf 22       		.byte	0x22
 257 01d0 08       		.uleb128 0x8
 258 01d1 705F7500 		.ascii	"p_u\000"
 259 01d5 05       		.byte	0x5
 260 01d6 3101     		.2byte	0x131
 261 01d8 99060000 		.4byte	0x699
 262 01dc 24       		.byte	0x24
 263 01dd 09       		.uleb128 0x9
 264 01de 65030000 		.4byte	.LASF40
 265 01e2 05       		.byte	0x5
 266 01e3 3601     		.2byte	0x136
 267 01e5 57020000 		.4byte	0x257
 268 01e9 28       		.byte	0x28
 269 01ea 09       		.uleb128 0x9
 270 01eb C2020000 		.4byte	.LASF41
 271 01ef 05       		.byte	0x5
 272 01f0 3C01     		.2byte	0x13c
 273 01f2 7B020000 		.4byte	0x27b
 274 01f6 2C       		.byte	0x2c
 275 01f7 09       		.uleb128 0x9
 276 01f8 D2050000 		.4byte	.LASF42
 277 01fc 05       		.byte	0x5
 278 01fd 4001     		.2byte	0x140
 279 01ff FE000000 		.4byte	0xfe
 280 0203 34       		.byte	0x34
 281 0204 09       		.uleb128 0x9
 282 0205 B9040000 		.4byte	.LASF43
 283 0209 05       		.byte	0x5
 284 020a 4601     		.2byte	0x146
 285 020c 09010000 		.4byte	0x109
ARM GAS  /tmp/cctQFTxB.s 			page 6


 286 0210 38       		.byte	0x38
 287 0211 09       		.uleb128 0x9
 288 0212 5A040000 		.4byte	.LASF44
 289 0216 05       		.byte	0x5
 290 0217 4D01     		.2byte	0x14d
 291 0219 58070000 		.4byte	0x758
 292 021d 3C       		.byte	0x3c
 293 021e 09       		.uleb128 0x9
 294 021f 2B050000 		.4byte	.LASF45
 295 0223 05       		.byte	0x5
 296 0224 5101     		.2byte	0x151
 297 0226 F3000000 		.4byte	0xf3
 298 022a 40       		.byte	0x40
 299 022b 09       		.uleb128 0x9
 300 022c 21010000 		.4byte	.LASF46
 301 0230 05       		.byte	0x5
 302 0231 5801     		.2byte	0x158
 303 0233 2E030000 		.4byte	0x32e
 304 0237 44       		.byte	0x44
 305 0238 09       		.uleb128 0x9
 306 0239 93040000 		.4byte	.LASF47
 307 023d 05       		.byte	0x5
 308 023e 5E01     		.2byte	0x15e
 309 0240 4A060000 		.4byte	0x64a
 310 0244 48       		.byte	0x48
 311 0245 00       		.byte	0
 312 0246 04       		.uleb128 0x4
 313 0247 78030000 		.4byte	.LASF48
 314 024b 04       		.byte	0x4
 315 024c 44       		.byte	0x44
 316 024d 51020000 		.4byte	0x251
 317 0251 0A       		.uleb128 0xa
 318 0252 04       		.byte	0x4
 319 0253 35010000 		.4byte	0x135
 320 0257 04       		.uleb128 0x4
 321 0258 B6050000 		.4byte	.LASF49
 322 025c 04       		.byte	0x4
 323 025d 49       		.byte	0x49
 324 025e 62020000 		.4byte	0x262
 325 0262 06       		.uleb128 0x6
 326 0263 E5040000 		.4byte	.LASF51
 327 0267 04       		.byte	0x4
 328 0268 05       		.byte	0x5
 329 0269 B0       		.byte	0xb0
 330 026a 7B020000 		.4byte	0x27b
 331 026e 07       		.uleb128 0x7
 332 026f 84040000 		.4byte	.LASF29
 333 0273 05       		.byte	0x5
 334 0274 B1       		.byte	0xb1
 335 0275 51020000 		.4byte	0x251
 336 0279 00       		.byte	0
 337 027a 00       		.byte	0
 338 027b 04       		.uleb128 0x4
 339 027c 72050000 		.4byte	.LASF52
 340 0280 04       		.byte	0x4
 341 0281 50       		.byte	0x50
 342 0282 86020000 		.4byte	0x286
ARM GAS  /tmp/cctQFTxB.s 			page 7


 343 0286 06       		.uleb128 0x6
 344 0287 55000000 		.4byte	.LASF53
 345 028b 08       		.byte	0x8
 346 028c 05       		.byte	0x5
 347 028d B7       		.byte	0xb7
 348 028e AB020000 		.4byte	0x2ab
 349 0292 07       		.uleb128 0x7
 350 0293 84040000 		.4byte	.LASF29
 351 0297 05       		.byte	0x5
 352 0298 B8       		.byte	0xb8
 353 0299 51020000 		.4byte	0x251
 354 029d 00       		.byte	0
 355 029e 07       		.uleb128 0x7
 356 029f 26040000 		.4byte	.LASF30
 357 02a3 05       		.byte	0x5
 358 02a4 B9       		.byte	0xb9
 359 02a5 51020000 		.4byte	0x251
 360 02a9 04       		.byte	0x4
 361 02aa 00       		.byte	0
 362 02ab 04       		.uleb128 0x4
 363 02ac 07000000 		.4byte	.LASF54
 364 02b0 04       		.byte	0x4
 365 02b1 57       		.byte	0x57
 366 02b2 B6020000 		.4byte	0x2b6
 367 02b6 0B       		.uleb128 0xb
 368 02b7 36030000 		.4byte	.LASF55
 369 02bb 1C       		.byte	0x1c
 370 02bc 05       		.byte	0x5
 371 02bd 9001     		.2byte	0x190
 372 02bf 12030000 		.4byte	0x312
 373 02c3 09       		.uleb128 0x9
 374 02c4 D4040000 		.4byte	.LASF56
 375 02c8 05       		.byte	0x5
 376 02c9 9101     		.2byte	0x191
 377 02cb 7B020000 		.4byte	0x27b
 378 02cf 00       		.byte	0
 379 02d0 09       		.uleb128 0x9
 380 02d1 76040000 		.4byte	.LASF57
 381 02d5 05       		.byte	0x5
 382 02d6 9201     		.2byte	0x192
 383 02d8 F3000000 		.4byte	0xf3
 384 02dc 08       		.byte	0x8
 385 02dd 09       		.uleb128 0x9
 386 02de C5030000 		.4byte	.LASF58
 387 02e2 05       		.byte	0x5
 388 02e3 9401     		.2byte	0x194
 389 02e5 BA040000 		.4byte	0x4ba
 390 02e9 0C       		.byte	0xc
 391 02ea 09       		.uleb128 0x9
 392 02eb 4C020000 		.4byte	.LASF59
 393 02ef 05       		.byte	0x5
 394 02f0 9701     		.2byte	0x197
 395 02f2 51020000 		.4byte	0x251
 396 02f6 10       		.byte	0x10
 397 02f7 09       		.uleb128 0x9
 398 02f8 E6030000 		.4byte	.LASF60
 399 02fc 05       		.byte	0x5
ARM GAS  /tmp/cctQFTxB.s 			page 8


 400 02fd 9801     		.2byte	0x198
 401 02ff 51020000 		.4byte	0x251
 402 0303 14       		.byte	0x14
 403 0304 09       		.uleb128 0x9
 404 0305 DC030000 		.4byte	.LASF61
 405 0309 05       		.byte	0x5
 406 030a 9B01     		.2byte	0x19b
 407 030c 51020000 		.4byte	0x251
 408 0310 18       		.byte	0x18
 409 0311 00       		.byte	0
 410 0312 04       		.uleb128 0x4
 411 0313 36050000 		.4byte	.LASF62
 412 0317 04       		.byte	0x4
 413 0318 5C       		.byte	0x5c
 414 0319 1D030000 		.4byte	0x31d
 415 031d 0A       		.uleb128 0xa
 416 031e 04       		.byte	0x4
 417 031f 23030000 		.4byte	0x323
 418 0323 0C       		.uleb128 0xc
 419 0324 2E030000 		.4byte	0x32e
 420 0328 0D       		.uleb128 0xd
 421 0329 2E030000 		.4byte	0x32e
 422 032d 00       		.byte	0
 423 032e 0E       		.uleb128 0xe
 424 032f 04       		.byte	0x4
 425 0330 04       		.uleb128 0x4
 426 0331 16040000 		.4byte	.LASF63
 427 0335 04       		.byte	0x4
 428 0336 61       		.byte	0x61
 429 0337 3B030000 		.4byte	0x33b
 430 033b 0B       		.uleb128 0xb
 431 033c 9B040000 		.4byte	.LASF64
 432 0340 14       		.byte	0x14
 433 0341 05       		.byte	0x5
 434 0342 6B01     		.2byte	0x16b
 435 0344 8A030000 		.4byte	0x38a
 436 0348 09       		.uleb128 0x9
 437 0349 B3020000 		.4byte	.LASF65
 438 034d 05       		.byte	0x5
 439 034e 6C01     		.2byte	0x16c
 440 0350 76070000 		.4byte	0x776
 441 0354 00       		.byte	0
 442 0355 09       		.uleb128 0x9
 443 0356 5D020000 		.4byte	.LASF66
 444 035a 05       		.byte	0x5
 445 035b 6D01     		.2byte	0x16d
 446 035d 76070000 		.4byte	0x776
 447 0361 04       		.byte	0x4
 448 0362 09       		.uleb128 0x9
 449 0363 DC040000 		.4byte	.LASF67
 450 0367 05       		.byte	0x5
 451 0368 6E01     		.2byte	0x16e
 452 036a 2A010000 		.4byte	0x12a
 453 036e 08       		.byte	0x8
 454 036f 09       		.uleb128 0x9
 455 0370 FB050000 		.4byte	.LASF68
 456 0374 05       		.byte	0x5
ARM GAS  /tmp/cctQFTxB.s 			page 9


 457 0375 6F01     		.2byte	0x16f
 458 0377 12030000 		.4byte	0x312
 459 037b 0C       		.byte	0xc
 460 037c 09       		.uleb128 0x9
 461 037d 6B050000 		.4byte	.LASF69
 462 0381 05       		.byte	0x5
 463 0382 7101     		.2byte	0x171
 464 0384 2E030000 		.4byte	0x32e
 465 0388 10       		.byte	0x10
 466 0389 00       		.byte	0
 467 038a 04       		.uleb128 0x4
 468 038b D4000000 		.4byte	.LASF70
 469 038f 04       		.byte	0x4
 470 0390 66       		.byte	0x66
 471 0391 95030000 		.4byte	0x395
 472 0395 0B       		.uleb128 0xb
 473 0396 8B030000 		.4byte	.LASF71
 474 039a 10       		.byte	0x10
 475 039b 05       		.byte	0x5
 476 039c 7B01     		.2byte	0x17b
 477 039e D7030000 		.4byte	0x3d7
 478 03a2 09       		.uleb128 0x9
 479 03a3 B3020000 		.4byte	.LASF65
 480 03a7 05       		.byte	0x5
 481 03a8 7C01     		.2byte	0x17c
 482 03aa 76070000 		.4byte	0x776
 483 03ae 00       		.byte	0
 484 03af 09       		.uleb128 0x9
 485 03b0 5D020000 		.4byte	.LASF66
 486 03b4 05       		.byte	0x5
 487 03b5 7E01     		.2byte	0x17e
 488 03b7 76070000 		.4byte	0x776
 489 03bb 04       		.byte	0x4
 490 03bc 09       		.uleb128 0x9
 491 03bd DC040000 		.4byte	.LASF67
 492 03c1 05       		.byte	0x5
 493 03c2 8001     		.2byte	0x180
 494 03c4 2A010000 		.4byte	0x12a
 495 03c8 08       		.byte	0x8
 496 03c9 09       		.uleb128 0x9
 497 03ca B1030000 		.4byte	.LASF72
 498 03ce 05       		.byte	0x5
 499 03cf 8801     		.2byte	0x188
 500 03d1 2A010000 		.4byte	0x12a
 501 03d5 0C       		.byte	0xc
 502 03d6 00       		.byte	0
 503 03d7 04       		.uleb128 0x4
 504 03d8 66000000 		.4byte	.LASF73
 505 03dc 04       		.byte	0x4
 506 03dd 6B       		.byte	0x6b
 507 03de E2030000 		.4byte	0x3e2
 508 03e2 0F       		.uleb128 0xf
 509 03e3 65020000 		.4byte	.LASF74
 510 03e7 1404     		.2byte	0x414
 511 03e9 05       		.byte	0x5
 512 03ea A201     		.2byte	0x1a2
 513 03ec 25040000 		.4byte	0x425
ARM GAS  /tmp/cctQFTxB.s 			page 10


 514 03f0 09       		.uleb128 0x9
 515 03f1 4A050000 		.4byte	.LASF75
 516 03f5 05       		.byte	0x5
 517 03f6 AA01     		.2byte	0x1aa
 518 03f8 7C070000 		.4byte	0x77c
 519 03fc 00       		.byte	0
 520 03fd 09       		.uleb128 0x9
 521 03fe 92050000 		.4byte	.LASF76
 522 0402 05       		.byte	0x5
 523 0403 AF01     		.2byte	0x1af
 524 0405 14010000 		.4byte	0x114
 525 0409 04       		.byte	0x4
 526 040a 09       		.uleb128 0x9
 527 040b 7D020000 		.4byte	.LASF77
 528 040f 05       		.byte	0x5
 529 0410 B301     		.2byte	0x1b3
 530 0412 14010000 		.4byte	0x114
 531 0416 08       		.byte	0x8
 532 0417 09       		.uleb128 0x9
 533 0418 C5050000 		.4byte	.LASF78
 534 041c 05       		.byte	0x5
 535 041d B901     		.2byte	0x1b9
 536 041f DC050000 		.4byte	0x5dc
 537 0423 0C       		.byte	0xc
 538 0424 00       		.byte	0
 539 0425 04       		.uleb128 0x4
 540 0426 17030000 		.4byte	.LASF79
 541 042a 04       		.byte	0x4
 542 042b 70       		.byte	0x70
 543 042c 30040000 		.4byte	0x430
 544 0430 0F       		.uleb128 0xf
 545 0431 38010000 		.4byte	.LASF80
 546 0435 D805     		.2byte	0x5d8
 547 0437 05       		.byte	0x5
 548 0438 C201     		.2byte	0x1c2
 549 043a 9D040000 		.4byte	0x49d
 550 043e 09       		.uleb128 0x9
 551 043f 9A050000 		.4byte	.LASF81
 552 0443 05       		.byte	0x5
 553 0444 C601     		.2byte	0x1c6
 554 0446 AB020000 		.4byte	0x2ab
 555 044a 00       		.byte	0
 556 044b 09       		.uleb128 0x9
 557 044c 31010000 		.4byte	.LASF82
 558 0450 05       		.byte	0x5
 559 0451 CA01     		.2byte	0x1ca
 560 0453 8A030000 		.4byte	0x38a
 561 0457 1C       		.byte	0x1c
 562 0458 08       		.uleb128 0x8
 563 0459 64626700 		.ascii	"dbg\000"
 564 045d 05       		.byte	0x5
 565 045e CE01     		.2byte	0x1ce
 566 0460 D7030000 		.4byte	0x3d7
 567 0464 2C       		.byte	0x2c
 568 0465 10       		.uleb128 0x10
 569 0466 C9000000 		.4byte	.LASF83
 570 046a 05       		.byte	0x5
ARM GAS  /tmp/cctQFTxB.s 			page 11


 571 046b D201     		.2byte	0x1d2
 572 046d 35010000 		.4byte	0x135
 573 0471 4004     		.2byte	0x440
 574 0473 11       		.uleb128 0x11
 575 0474 746D00   		.ascii	"tm\000"
 576 0477 05       		.byte	0x5
 577 0478 D701     		.2byte	0x1d7
 578 047a FC050000 		.4byte	0x5fc
 579 047e A004     		.2byte	0x4a0
 580 0480 10       		.uleb128 0x10
 581 0481 32000000 		.4byte	.LASF84
 582 0485 05       		.byte	0x5
 583 0486 DD01     		.2byte	0x1dd
 584 0488 8E060000 		.4byte	0x68e
 585 048c A804     		.2byte	0x4a8
 586 048e 10       		.uleb128 0x10
 587 048f 86020000 		.4byte	.LASF85
 588 0493 05       		.byte	0x5
 589 0494 E301     		.2byte	0x1e3
 590 0496 81070000 		.4byte	0x781
 591 049a E004     		.2byte	0x4e0
 592 049c 00       		.byte	0
 593 049d 03       		.uleb128 0x3
 594 049e 04       		.byte	0x4
 595 049f 07       		.byte	0x7
 596 04a0 6F030000 		.4byte	.LASF86
 597 04a4 04       		.uleb128 0x4
 598 04a5 54020000 		.4byte	.LASF87
 599 04a9 06       		.byte	0x6
 600 04aa 65       		.byte	0x65
 601 04ab 2E030000 		.4byte	0x32e
 602 04af 04       		.uleb128 0x4
 603 04b0 5A030000 		.4byte	.LASF88
 604 04b4 06       		.byte	0x6
 605 04b5 6D       		.byte	0x6d
 606 04b6 AC000000 		.4byte	0xac
 607 04ba 06       		.uleb128 0x6
 608 04bb 5B050000 		.4byte	.LASF89
 609 04bf 04       		.byte	0x4
 610 04c0 06       		.byte	0x6
 611 04c1 89       		.byte	0x89
 612 04c2 D3040000 		.4byte	0x4d3
 613 04c6 12       		.uleb128 0x12
 614 04c7 72313300 		.ascii	"r13\000"
 615 04cb 06       		.byte	0x6
 616 04cc 8A       		.byte	0x8a
 617 04cd 4E050000 		.4byte	0x54e
 618 04d1 00       		.byte	0
 619 04d2 00       		.byte	0
 620 04d3 06       		.uleb128 0x6
 621 04d4 49000000 		.4byte	.LASF90
 622 04d8 24       		.byte	0x24
 623 04d9 07       		.byte	0x7
 624 04da FD       		.byte	0xfd
 625 04db 4E050000 		.4byte	0x54e
 626 04df 08       		.uleb128 0x8
 627 04e0 723400   		.ascii	"r4\000"
ARM GAS  /tmp/cctQFTxB.s 			page 12


 628 04e3 07       		.byte	0x7
 629 04e4 1001     		.2byte	0x110
 630 04e6 A4040000 		.4byte	0x4a4
 631 04ea 00       		.byte	0
 632 04eb 08       		.uleb128 0x8
 633 04ec 723500   		.ascii	"r5\000"
 634 04ef 07       		.byte	0x7
 635 04f0 1101     		.2byte	0x111
 636 04f2 A4040000 		.4byte	0x4a4
 637 04f6 04       		.byte	0x4
 638 04f7 08       		.uleb128 0x8
 639 04f8 723600   		.ascii	"r6\000"
 640 04fb 07       		.byte	0x7
 641 04fc 1201     		.2byte	0x112
 642 04fe A4040000 		.4byte	0x4a4
 643 0502 08       		.byte	0x8
 644 0503 08       		.uleb128 0x8
 645 0504 723700   		.ascii	"r7\000"
 646 0507 07       		.byte	0x7
 647 0508 1301     		.2byte	0x113
 648 050a A4040000 		.4byte	0x4a4
 649 050e 0C       		.byte	0xc
 650 050f 08       		.uleb128 0x8
 651 0510 723800   		.ascii	"r8\000"
 652 0513 07       		.byte	0x7
 653 0514 1401     		.2byte	0x114
 654 0516 A4040000 		.4byte	0x4a4
 655 051a 10       		.byte	0x10
 656 051b 08       		.uleb128 0x8
 657 051c 723900   		.ascii	"r9\000"
 658 051f 07       		.byte	0x7
 659 0520 1501     		.2byte	0x115
 660 0522 A4040000 		.4byte	0x4a4
 661 0526 14       		.byte	0x14
 662 0527 08       		.uleb128 0x8
 663 0528 72313000 		.ascii	"r10\000"
 664 052c 07       		.byte	0x7
 665 052d 1601     		.2byte	0x116
 666 052f A4040000 		.4byte	0x4a4
 667 0533 18       		.byte	0x18
 668 0534 08       		.uleb128 0x8
 669 0535 72313100 		.ascii	"r11\000"
 670 0539 07       		.byte	0x7
 671 053a 1701     		.2byte	0x117
 672 053c A4040000 		.4byte	0x4a4
 673 0540 1C       		.byte	0x1c
 674 0541 08       		.uleb128 0x8
 675 0542 6C7200   		.ascii	"lr\000"
 676 0545 07       		.byte	0x7
 677 0546 1801     		.2byte	0x118
 678 0548 A4040000 		.4byte	0x4a4
 679 054c 20       		.byte	0x20
 680 054d 00       		.byte	0
 681 054e 0A       		.uleb128 0xa
 682 054f 04       		.byte	0x4
 683 0550 D3040000 		.4byte	0x4d3
 684 0554 13       		.uleb128 0x13
ARM GAS  /tmp/cctQFTxB.s 			page 13


 685 0555 10       		.byte	0x10
 686 0556 08       		.byte	0x8
 687 0557 51       		.byte	0x51
 688 0558 8D050000 		.4byte	0x58d
 689 055c 07       		.uleb128 0x7
 690 055d 14000000 		.4byte	.LASF91
 691 0561 08       		.byte	0x8
 692 0562 55       		.byte	0x55
 693 0563 2A010000 		.4byte	0x12a
 694 0567 00       		.byte	0
 695 0568 07       		.uleb128 0x7
 696 0569 7E010000 		.4byte	.LASF92
 697 056d 08       		.byte	0x8
 698 056e 59       		.byte	0x59
 699 056f 51020000 		.4byte	0x251
 700 0573 04       		.byte	0x4
 701 0574 07       		.uleb128 0x7
 702 0575 EB050000 		.4byte	.LASF93
 703 0579 08       		.byte	0x8
 704 057a 5D       		.byte	0x5d
 705 057b 2E030000 		.4byte	0x32e
 706 057f 08       		.byte	0x8
 707 0580 07       		.uleb128 0x7
 708 0581 B7000000 		.4byte	.LASF94
 709 0585 08       		.byte	0x8
 710 0586 61       		.byte	0x61
 711 0587 8B000000 		.4byte	0x8b
 712 058b 0C       		.byte	0xc
 713 058c 00       		.byte	0
 714 058d 04       		.uleb128 0x4
 715 058e A2030000 		.4byte	.LASF95
 716 0592 08       		.byte	0x8
 717 0593 62       		.byte	0x62
 718 0594 54050000 		.4byte	0x554
 719 0598 14       		.uleb128 0x14
 720 0599 0804     		.2byte	0x408
 721 059b 08       		.byte	0x8
 722 059c 67       		.byte	0x67
 723 059d C6050000 		.4byte	0x5c6
 724 05a1 07       		.uleb128 0x7
 725 05a2 44020000 		.4byte	.LASF96
 726 05a6 08       		.byte	0x8
 727 05a7 6B       		.byte	0x6b
 728 05a8 20000000 		.4byte	0x20
 729 05ac 00       		.byte	0
 730 05ad 07       		.uleb128 0x7
 731 05ae 00000000 		.4byte	.LASF97
 732 05b2 08       		.byte	0x8
 733 05b3 6F       		.byte	0x6f
 734 05b4 C6050000 		.4byte	0x5c6
 735 05b8 04       		.byte	0x4
 736 05b9 07       		.uleb128 0x7
 737 05ba 0C040000 		.4byte	.LASF98
 738 05be 08       		.byte	0x8
 739 05bf 73       		.byte	0x73
 740 05c0 CC050000 		.4byte	0x5cc
 741 05c4 08       		.byte	0x8
ARM GAS  /tmp/cctQFTxB.s 			page 14


 742 05c5 00       		.byte	0
 743 05c6 0A       		.uleb128 0xa
 744 05c7 04       		.byte	0x4
 745 05c8 8D050000 		.4byte	0x58d
 746 05cc 15       		.uleb128 0x15
 747 05cd 8D050000 		.4byte	0x58d
 748 05d1 DC050000 		.4byte	0x5dc
 749 05d5 16       		.uleb128 0x16
 750 05d6 9D040000 		.4byte	0x49d
 751 05da 3F       		.byte	0x3f
 752 05db 00       		.byte	0
 753 05dc 04       		.uleb128 0x4
 754 05dd A5000000 		.4byte	.LASF99
 755 05e1 08       		.byte	0x8
 756 05e2 74       		.byte	0x74
 757 05e3 98050000 		.4byte	0x598
 758 05e7 13       		.uleb128 0x13
 759 05e8 04       		.byte	0x4
 760 05e9 09       		.byte	0x9
 761 05ea 38       		.byte	0x38
 762 05eb FC050000 		.4byte	0x5fc
 763 05ef 07       		.uleb128 0x7
 764 05f0 54050000 		.4byte	.LASF100
 765 05f4 09       		.byte	0x9
 766 05f5 3C       		.byte	0x3c
 767 05f6 BC000000 		.4byte	0xbc
 768 05fa 00       		.byte	0
 769 05fb 00       		.byte	0
 770 05fc 04       		.uleb128 0x4
 771 05fd CB030000 		.4byte	.LASF101
 772 0601 09       		.byte	0x9
 773 0602 3D       		.byte	0x3d
 774 0603 E7050000 		.4byte	0x5e7
 775 0607 13       		.uleb128 0x13
 776 0608 18       		.byte	0x18
 777 0609 09       		.byte	0x9
 778 060a 48       		.byte	0x48
 779 060b 4A060000 		.4byte	0x64a
 780 060f 07       		.uleb128 0x7
 781 0610 15050000 		.4byte	.LASF102
 782 0614 09       		.byte	0x9
 783 0615 49       		.byte	0x49
 784 0616 BC000000 		.4byte	0xbc
 785 061a 00       		.byte	0
 786 061b 07       		.uleb128 0x7
 787 061c 75000000 		.4byte	.LASF103
 788 0620 09       		.byte	0x9
 789 0621 4A       		.byte	0x4a
 790 0622 BC000000 		.4byte	0xbc
 791 0626 04       		.byte	0x4
 792 0627 07       		.uleb128 0x7
 793 0628 0B030000 		.4byte	.LASF104
 794 062c 09       		.byte	0x9
 795 062d 4B       		.byte	0x4b
 796 062e BC000000 		.4byte	0xbc
 797 0632 08       		.byte	0x8
 798 0633 12       		.uleb128 0x12
ARM GAS  /tmp/cctQFTxB.s 			page 15


 799 0634 6E00     		.ascii	"n\000"
 800 0636 09       		.byte	0x9
 801 0637 4C       		.byte	0x4c
 802 0638 1F010000 		.4byte	0x11f
 803 063c 0C       		.byte	0xc
 804 063d 07       		.uleb128 0x7
 805 063e F9030000 		.4byte	.LASF105
 806 0642 09       		.byte	0x9
 807 0643 4D       		.byte	0x4d
 808 0644 C7000000 		.4byte	0xc7
 809 0648 10       		.byte	0x10
 810 0649 00       		.byte	0
 811 064a 04       		.uleb128 0x4
 812 064b 7B000000 		.4byte	.LASF106
 813 064f 09       		.byte	0x9
 814 0650 4E       		.byte	0x4e
 815 0651 07060000 		.4byte	0x607
 816 0655 13       		.uleb128 0x13
 817 0656 38       		.byte	0x38
 818 0657 0A       		.byte	0xa
 819 0658 38       		.byte	0x38
 820 0659 8E060000 		.4byte	0x68e
 821 065d 07       		.uleb128 0x7
 822 065e CD020000 		.4byte	.LASF107
 823 0662 0A       		.byte	0xa
 824 0663 39       		.byte	0x39
 825 0664 1F010000 		.4byte	0x11f
 826 0668 00       		.byte	0
 827 0669 07       		.uleb128 0x7
 828 066a 35040000 		.4byte	.LASF108
 829 066e 0A       		.byte	0xa
 830 066f 3A       		.byte	0x3a
 831 0670 1F010000 		.4byte	0x11f
 832 0674 04       		.byte	0x4
 833 0675 07       		.uleb128 0x7
 834 0676 D8050000 		.4byte	.LASF109
 835 067a 0A       		.byte	0xa
 836 067b 3B       		.byte	0x3b
 837 067c 4A060000 		.4byte	0x64a
 838 0680 08       		.byte	0x8
 839 0681 07       		.uleb128 0x7
 840 0682 2B030000 		.4byte	.LASF110
 841 0686 0A       		.byte	0xa
 842 0687 3D       		.byte	0x3d
 843 0688 4A060000 		.4byte	0x64a
 844 068c 20       		.byte	0x20
 845 068d 00       		.byte	0
 846 068e 04       		.uleb128 0x4
 847 068f EC020000 		.4byte	.LASF111
 848 0693 0A       		.byte	0xa
 849 0694 3F       		.byte	0x3f
 850 0695 55060000 		.4byte	0x655
 851 0699 17       		.uleb128 0x17
 852 069a 04       		.byte	0x4
 853 069b 05       		.byte	0x5
 854 069c FA       		.byte	0xfa
 855 069d F6060000 		.4byte	0x6f6
ARM GAS  /tmp/cctQFTxB.s 			page 16


 856 06a1 18       		.uleb128 0x18
 857 06a2 22000000 		.4byte	.LASF112
 858 06a6 05       		.byte	0x5
 859 06a7 0101     		.2byte	0x101
 860 06a9 FE000000 		.4byte	0xfe
 861 06ad 18       		.uleb128 0x18
 862 06ae C0000000 		.4byte	.LASF113
 863 06b2 05       		.byte	0x5
 864 06b3 0801     		.2byte	0x108
 865 06b5 FE000000 		.4byte	0xfe
 866 06b9 18       		.uleb128 0x18
 867 06ba A8050000 		.4byte	.LASF114
 868 06be 05       		.byte	0x5
 869 06bf 0F01     		.2byte	0x10f
 870 06c1 2E030000 		.4byte	0x32e
 871 06c5 18       		.uleb128 0x18
 872 06c6 1C000000 		.4byte	.LASF115
 873 06ca 05       		.byte	0x5
 874 06cb 1601     		.2byte	0x116
 875 06cd F6060000 		.4byte	0x6f6
 876 06d1 18       		.uleb128 0x18
 877 06d2 BB020000 		.4byte	.LASF116
 878 06d6 05       		.byte	0x5
 879 06d7 1E01     		.2byte	0x11e
 880 06d9 21070000 		.4byte	0x721
 881 06dd 18       		.uleb128 0x18
 882 06de CD040000 		.4byte	.LASF117
 883 06e2 05       		.byte	0x5
 884 06e3 2701     		.2byte	0x127
 885 06e5 58070000 		.4byte	0x758
 886 06e9 18       		.uleb128 0x18
 887 06ea 7D040000 		.4byte	.LASF118
 888 06ee 05       		.byte	0x5
 889 06ef 2F01     		.2byte	0x12f
 890 06f1 09010000 		.4byte	0x109
 891 06f5 00       		.byte	0
 892 06f6 0A       		.uleb128 0xa
 893 06f7 04       		.byte	0x4
 894 06f8 46020000 		.4byte	0x246
 895 06fc 06       		.uleb128 0x6
 896 06fd AC040000 		.4byte	.LASF119
 897 0701 0C       		.byte	0xc
 898 0702 0B       		.byte	0xb
 899 0703 34       		.byte	0x34
 900 0704 21070000 		.4byte	0x721
 901 0708 07       		.uleb128 0x7
 902 0709 3C020000 		.4byte	.LASF120
 903 070d 0B       		.byte	0xb
 904 070e 35       		.byte	0x35
 905 070f 7B020000 		.4byte	0x27b
 906 0713 00       		.byte	0
 907 0714 07       		.uleb128 0x7
 908 0715 D3020000 		.4byte	.LASF121
 909 0719 0B       		.byte	0xb
 910 071a 37       		.byte	0x37
 911 071b 14010000 		.4byte	0x114
 912 071f 08       		.byte	0x8
ARM GAS  /tmp/cctQFTxB.s 			page 17


 913 0720 00       		.byte	0
 914 0721 0A       		.uleb128 0xa
 915 0722 04       		.byte	0x4
 916 0723 FC060000 		.4byte	0x6fc
 917 0727 06       		.uleb128 0x6
 918 0728 82050000 		.4byte	.LASF122
 919 072c 10       		.byte	0x10
 920 072d 0C       		.byte	0xc
 921 072e 39       		.byte	0x39
 922 072f 58070000 		.4byte	0x758
 923 0733 07       		.uleb128 0x7
 924 0734 29010000 		.4byte	.LASF123
 925 0738 0C       		.byte	0xc
 926 0739 3A       		.byte	0x3a
 927 073a 7B020000 		.4byte	0x27b
 928 073e 00       		.byte	0
 929 073f 07       		.uleb128 0x7
 930 0740 E3050000 		.4byte	.LASF124
 931 0744 0C       		.byte	0xc
 932 0745 3C       		.byte	0x3c
 933 0746 51020000 		.4byte	0x251
 934 074a 08       		.byte	0x8
 935 074b 07       		.uleb128 0x7
 936 074c 1A050000 		.4byte	.LASF125
 937 0750 0C       		.byte	0xc
 938 0751 3E       		.byte	0x3e
 939 0752 9C070000 		.4byte	0x79c
 940 0756 0C       		.byte	0xc
 941 0757 00       		.byte	0
 942 0758 0A       		.uleb128 0xa
 943 0759 04       		.byte	0x4
 944 075a 27070000 		.4byte	0x727
 945 075e 0A       		.uleb128 0xa
 946 075f 04       		.byte	0x4
 947 0760 64070000 		.4byte	0x764
 948 0764 19       		.uleb128 0x19
 949 0765 69070000 		.4byte	0x769
 950 0769 03       		.uleb128 0x3
 951 076a 01       		.byte	0x1
 952 076b 08       		.byte	0x8
 953 076c 07050000 		.4byte	.LASF126
 954 0770 0A       		.uleb128 0xa
 955 0771 04       		.byte	0x4
 956 0772 AF040000 		.4byte	0x4af
 957 0776 0A       		.uleb128 0xa
 958 0777 04       		.byte	0x4
 959 0778 30030000 		.4byte	0x330
 960 077c 05       		.uleb128 0x5
 961 077d 5E070000 		.4byte	0x75e
 962 0781 15       		.uleb128 0x15
 963 0782 AF040000 		.4byte	0x4af
 964 0786 91070000 		.4byte	0x791
 965 078a 16       		.uleb128 0x16
 966 078b 9D040000 		.4byte	0x49d
 967 078f 1E       		.byte	0x1e
 968 0790 00       		.byte	0
 969 0791 04       		.uleb128 0x4
ARM GAS  /tmp/cctQFTxB.s 			page 18


 970 0792 75020000 		.4byte	.LASF127
 971 0796 0C       		.byte	0xc
 972 0797 34       		.byte	0x34
 973 0798 27070000 		.4byte	0x727
 974 079c 0A       		.uleb128 0xa
 975 079d 04       		.byte	0x4
 976 079e 91070000 		.4byte	0x791
 977 07a2 03       		.uleb128 0x3
 978 07a3 01       		.byte	0x1
 979 07a4 02       		.byte	0x2
 980 07a5 3E040000 		.4byte	.LASF128
 981 07a9 1A       		.uleb128 0x1a
 982 07aa EA000000 		.4byte	.LASF129
 983 07ae 0D       		.byte	0xd
 984 07af FA06     		.2byte	0x6fa
 985 07b1 B7000000 		.4byte	0xb7
 986 07b5 1B       		.uleb128 0x1b
 987 07b6 636800   		.ascii	"ch\000"
 988 07b9 05       		.byte	0x5
 989 07ba 0902     		.2byte	0x209
 990 07bc 25040000 		.4byte	0x425
 991 07c0 00       		.byte	0
 992              		.section	.debug_abbrev,"",%progbits
 993              	.Ldebug_abbrev0:
 994 0000 01       		.uleb128 0x1
 995 0001 11       		.uleb128 0x11
 996 0002 01       		.byte	0x1
 997 0003 25       		.uleb128 0x25
 998 0004 0E       		.uleb128 0xe
 999 0005 13       		.uleb128 0x13
 1000 0006 0B       		.uleb128 0xb
 1001 0007 03       		.uleb128 0x3
 1002 0008 0E       		.uleb128 0xe
 1003 0009 10       		.uleb128 0x10
 1004 000a 17       		.uleb128 0x17
 1005 000b 00       		.byte	0
 1006 000c 00       		.byte	0
 1007 000d 02       		.uleb128 0x2
 1008 000e 24       		.uleb128 0x24
 1009 000f 00       		.byte	0
 1010 0010 0B       		.uleb128 0xb
 1011 0011 0B       		.uleb128 0xb
 1012 0012 3E       		.uleb128 0x3e
 1013 0013 0B       		.uleb128 0xb
 1014 0014 03       		.uleb128 0x3
 1015 0015 08       		.uleb128 0x8
 1016 0016 00       		.byte	0
 1017 0017 00       		.byte	0
 1018 0018 03       		.uleb128 0x3
 1019 0019 24       		.uleb128 0x24
 1020 001a 00       		.byte	0
 1021 001b 0B       		.uleb128 0xb
 1022 001c 0B       		.uleb128 0xb
 1023 001d 3E       		.uleb128 0x3e
 1024 001e 0B       		.uleb128 0xb
 1025 001f 03       		.uleb128 0x3
 1026 0020 0E       		.uleb128 0xe
ARM GAS  /tmp/cctQFTxB.s 			page 19


 1027 0021 00       		.byte	0
 1028 0022 00       		.byte	0
 1029 0023 04       		.uleb128 0x4
 1030 0024 16       		.uleb128 0x16
 1031 0025 00       		.byte	0
 1032 0026 03       		.uleb128 0x3
 1033 0027 0E       		.uleb128 0xe
 1034 0028 3A       		.uleb128 0x3a
 1035 0029 0B       		.uleb128 0xb
 1036 002a 3B       		.uleb128 0x3b
 1037 002b 0B       		.uleb128 0xb
 1038 002c 49       		.uleb128 0x49
 1039 002d 13       		.uleb128 0x13
 1040 002e 00       		.byte	0
 1041 002f 00       		.byte	0
 1042 0030 05       		.uleb128 0x5
 1043 0031 35       		.uleb128 0x35
 1044 0032 00       		.byte	0
 1045 0033 49       		.uleb128 0x49
 1046 0034 13       		.uleb128 0x13
 1047 0035 00       		.byte	0
 1048 0036 00       		.byte	0
 1049 0037 06       		.uleb128 0x6
 1050 0038 13       		.uleb128 0x13
 1051 0039 01       		.byte	0x1
 1052 003a 03       		.uleb128 0x3
 1053 003b 0E       		.uleb128 0xe
 1054 003c 0B       		.uleb128 0xb
 1055 003d 0B       		.uleb128 0xb
 1056 003e 3A       		.uleb128 0x3a
 1057 003f 0B       		.uleb128 0xb
 1058 0040 3B       		.uleb128 0x3b
 1059 0041 0B       		.uleb128 0xb
 1060 0042 01       		.uleb128 0x1
 1061 0043 13       		.uleb128 0x13
 1062 0044 00       		.byte	0
 1063 0045 00       		.byte	0
 1064 0046 07       		.uleb128 0x7
 1065 0047 0D       		.uleb128 0xd
 1066 0048 00       		.byte	0
 1067 0049 03       		.uleb128 0x3
 1068 004a 0E       		.uleb128 0xe
 1069 004b 3A       		.uleb128 0x3a
 1070 004c 0B       		.uleb128 0xb
 1071 004d 3B       		.uleb128 0x3b
 1072 004e 0B       		.uleb128 0xb
 1073 004f 49       		.uleb128 0x49
 1074 0050 13       		.uleb128 0x13
 1075 0051 38       		.uleb128 0x38
 1076 0052 0B       		.uleb128 0xb
 1077 0053 00       		.byte	0
 1078 0054 00       		.byte	0
 1079 0055 08       		.uleb128 0x8
 1080 0056 0D       		.uleb128 0xd
 1081 0057 00       		.byte	0
 1082 0058 03       		.uleb128 0x3
 1083 0059 08       		.uleb128 0x8
ARM GAS  /tmp/cctQFTxB.s 			page 20


 1084 005a 3A       		.uleb128 0x3a
 1085 005b 0B       		.uleb128 0xb
 1086 005c 3B       		.uleb128 0x3b
 1087 005d 05       		.uleb128 0x5
 1088 005e 49       		.uleb128 0x49
 1089 005f 13       		.uleb128 0x13
 1090 0060 38       		.uleb128 0x38
 1091 0061 0B       		.uleb128 0xb
 1092 0062 00       		.byte	0
 1093 0063 00       		.byte	0
 1094 0064 09       		.uleb128 0x9
 1095 0065 0D       		.uleb128 0xd
 1096 0066 00       		.byte	0
 1097 0067 03       		.uleb128 0x3
 1098 0068 0E       		.uleb128 0xe
 1099 0069 3A       		.uleb128 0x3a
 1100 006a 0B       		.uleb128 0xb
 1101 006b 3B       		.uleb128 0x3b
 1102 006c 05       		.uleb128 0x5
 1103 006d 49       		.uleb128 0x49
 1104 006e 13       		.uleb128 0x13
 1105 006f 38       		.uleb128 0x38
 1106 0070 0B       		.uleb128 0xb
 1107 0071 00       		.byte	0
 1108 0072 00       		.byte	0
 1109 0073 0A       		.uleb128 0xa
 1110 0074 0F       		.uleb128 0xf
 1111 0075 00       		.byte	0
 1112 0076 0B       		.uleb128 0xb
 1113 0077 0B       		.uleb128 0xb
 1114 0078 49       		.uleb128 0x49
 1115 0079 13       		.uleb128 0x13
 1116 007a 00       		.byte	0
 1117 007b 00       		.byte	0
 1118 007c 0B       		.uleb128 0xb
 1119 007d 13       		.uleb128 0x13
 1120 007e 01       		.byte	0x1
 1121 007f 03       		.uleb128 0x3
 1122 0080 0E       		.uleb128 0xe
 1123 0081 0B       		.uleb128 0xb
 1124 0082 0B       		.uleb128 0xb
 1125 0083 3A       		.uleb128 0x3a
 1126 0084 0B       		.uleb128 0xb
 1127 0085 3B       		.uleb128 0x3b
 1128 0086 05       		.uleb128 0x5
 1129 0087 01       		.uleb128 0x1
 1130 0088 13       		.uleb128 0x13
 1131 0089 00       		.byte	0
 1132 008a 00       		.byte	0
 1133 008b 0C       		.uleb128 0xc
 1134 008c 15       		.uleb128 0x15
 1135 008d 01       		.byte	0x1
 1136 008e 27       		.uleb128 0x27
 1137 008f 19       		.uleb128 0x19
 1138 0090 01       		.uleb128 0x1
 1139 0091 13       		.uleb128 0x13
 1140 0092 00       		.byte	0
ARM GAS  /tmp/cctQFTxB.s 			page 21


 1141 0093 00       		.byte	0
 1142 0094 0D       		.uleb128 0xd
 1143 0095 05       		.uleb128 0x5
 1144 0096 00       		.byte	0
 1145 0097 49       		.uleb128 0x49
 1146 0098 13       		.uleb128 0x13
 1147 0099 00       		.byte	0
 1148 009a 00       		.byte	0
 1149 009b 0E       		.uleb128 0xe
 1150 009c 0F       		.uleb128 0xf
 1151 009d 00       		.byte	0
 1152 009e 0B       		.uleb128 0xb
 1153 009f 0B       		.uleb128 0xb
 1154 00a0 00       		.byte	0
 1155 00a1 00       		.byte	0
 1156 00a2 0F       		.uleb128 0xf
 1157 00a3 13       		.uleb128 0x13
 1158 00a4 01       		.byte	0x1
 1159 00a5 03       		.uleb128 0x3
 1160 00a6 0E       		.uleb128 0xe
 1161 00a7 0B       		.uleb128 0xb
 1162 00a8 05       		.uleb128 0x5
 1163 00a9 3A       		.uleb128 0x3a
 1164 00aa 0B       		.uleb128 0xb
 1165 00ab 3B       		.uleb128 0x3b
 1166 00ac 05       		.uleb128 0x5
 1167 00ad 01       		.uleb128 0x1
 1168 00ae 13       		.uleb128 0x13
 1169 00af 00       		.byte	0
 1170 00b0 00       		.byte	0
 1171 00b1 10       		.uleb128 0x10
 1172 00b2 0D       		.uleb128 0xd
 1173 00b3 00       		.byte	0
 1174 00b4 03       		.uleb128 0x3
 1175 00b5 0E       		.uleb128 0xe
 1176 00b6 3A       		.uleb128 0x3a
 1177 00b7 0B       		.uleb128 0xb
 1178 00b8 3B       		.uleb128 0x3b
 1179 00b9 05       		.uleb128 0x5
 1180 00ba 49       		.uleb128 0x49
 1181 00bb 13       		.uleb128 0x13
 1182 00bc 38       		.uleb128 0x38
 1183 00bd 05       		.uleb128 0x5
 1184 00be 00       		.byte	0
 1185 00bf 00       		.byte	0
 1186 00c0 11       		.uleb128 0x11
 1187 00c1 0D       		.uleb128 0xd
 1188 00c2 00       		.byte	0
 1189 00c3 03       		.uleb128 0x3
 1190 00c4 08       		.uleb128 0x8
 1191 00c5 3A       		.uleb128 0x3a
 1192 00c6 0B       		.uleb128 0xb
 1193 00c7 3B       		.uleb128 0x3b
 1194 00c8 05       		.uleb128 0x5
 1195 00c9 49       		.uleb128 0x49
 1196 00ca 13       		.uleb128 0x13
 1197 00cb 38       		.uleb128 0x38
ARM GAS  /tmp/cctQFTxB.s 			page 22


 1198 00cc 05       		.uleb128 0x5
 1199 00cd 00       		.byte	0
 1200 00ce 00       		.byte	0
 1201 00cf 12       		.uleb128 0x12
 1202 00d0 0D       		.uleb128 0xd
 1203 00d1 00       		.byte	0
 1204 00d2 03       		.uleb128 0x3
 1205 00d3 08       		.uleb128 0x8
 1206 00d4 3A       		.uleb128 0x3a
 1207 00d5 0B       		.uleb128 0xb
 1208 00d6 3B       		.uleb128 0x3b
 1209 00d7 0B       		.uleb128 0xb
 1210 00d8 49       		.uleb128 0x49
 1211 00d9 13       		.uleb128 0x13
 1212 00da 38       		.uleb128 0x38
 1213 00db 0B       		.uleb128 0xb
 1214 00dc 00       		.byte	0
 1215 00dd 00       		.byte	0
 1216 00de 13       		.uleb128 0x13
 1217 00df 13       		.uleb128 0x13
 1218 00e0 01       		.byte	0x1
 1219 00e1 0B       		.uleb128 0xb
 1220 00e2 0B       		.uleb128 0xb
 1221 00e3 3A       		.uleb128 0x3a
 1222 00e4 0B       		.uleb128 0xb
 1223 00e5 3B       		.uleb128 0x3b
 1224 00e6 0B       		.uleb128 0xb
 1225 00e7 01       		.uleb128 0x1
 1226 00e8 13       		.uleb128 0x13
 1227 00e9 00       		.byte	0
 1228 00ea 00       		.byte	0
 1229 00eb 14       		.uleb128 0x14
 1230 00ec 13       		.uleb128 0x13
 1231 00ed 01       		.byte	0x1
 1232 00ee 0B       		.uleb128 0xb
 1233 00ef 05       		.uleb128 0x5
 1234 00f0 3A       		.uleb128 0x3a
 1235 00f1 0B       		.uleb128 0xb
 1236 00f2 3B       		.uleb128 0x3b
 1237 00f3 0B       		.uleb128 0xb
 1238 00f4 01       		.uleb128 0x1
 1239 00f5 13       		.uleb128 0x13
 1240 00f6 00       		.byte	0
 1241 00f7 00       		.byte	0
 1242 00f8 15       		.uleb128 0x15
 1243 00f9 01       		.uleb128 0x1
 1244 00fa 01       		.byte	0x1
 1245 00fb 49       		.uleb128 0x49
 1246 00fc 13       		.uleb128 0x13
 1247 00fd 01       		.uleb128 0x1
 1248 00fe 13       		.uleb128 0x13
 1249 00ff 00       		.byte	0
 1250 0100 00       		.byte	0
 1251 0101 16       		.uleb128 0x16
 1252 0102 21       		.uleb128 0x21
 1253 0103 00       		.byte	0
 1254 0104 49       		.uleb128 0x49
ARM GAS  /tmp/cctQFTxB.s 			page 23


 1255 0105 13       		.uleb128 0x13
 1256 0106 2F       		.uleb128 0x2f
 1257 0107 0B       		.uleb128 0xb
 1258 0108 00       		.byte	0
 1259 0109 00       		.byte	0
 1260 010a 17       		.uleb128 0x17
 1261 010b 17       		.uleb128 0x17
 1262 010c 01       		.byte	0x1
 1263 010d 0B       		.uleb128 0xb
 1264 010e 0B       		.uleb128 0xb
 1265 010f 3A       		.uleb128 0x3a
 1266 0110 0B       		.uleb128 0xb
 1267 0111 3B       		.uleb128 0x3b
 1268 0112 0B       		.uleb128 0xb
 1269 0113 01       		.uleb128 0x1
 1270 0114 13       		.uleb128 0x13
 1271 0115 00       		.byte	0
 1272 0116 00       		.byte	0
 1273 0117 18       		.uleb128 0x18
 1274 0118 0D       		.uleb128 0xd
 1275 0119 00       		.byte	0
 1276 011a 03       		.uleb128 0x3
 1277 011b 0E       		.uleb128 0xe
 1278 011c 3A       		.uleb128 0x3a
 1279 011d 0B       		.uleb128 0xb
 1280 011e 3B       		.uleb128 0x3b
 1281 011f 05       		.uleb128 0x5
 1282 0120 49       		.uleb128 0x49
 1283 0121 13       		.uleb128 0x13
 1284 0122 00       		.byte	0
 1285 0123 00       		.byte	0
 1286 0124 19       		.uleb128 0x19
 1287 0125 26       		.uleb128 0x26
 1288 0126 00       		.byte	0
 1289 0127 49       		.uleb128 0x49
 1290 0128 13       		.uleb128 0x13
 1291 0129 00       		.byte	0
 1292 012a 00       		.byte	0
 1293 012b 1A       		.uleb128 0x1a
 1294 012c 34       		.uleb128 0x34
 1295 012d 00       		.byte	0
 1296 012e 03       		.uleb128 0x3
 1297 012f 0E       		.uleb128 0xe
 1298 0130 3A       		.uleb128 0x3a
 1299 0131 0B       		.uleb128 0xb
 1300 0132 3B       		.uleb128 0x3b
 1301 0133 05       		.uleb128 0x5
 1302 0134 49       		.uleb128 0x49
 1303 0135 13       		.uleb128 0x13
 1304 0136 3F       		.uleb128 0x3f
 1305 0137 19       		.uleb128 0x19
 1306 0138 3C       		.uleb128 0x3c
 1307 0139 19       		.uleb128 0x19
 1308 013a 00       		.byte	0
 1309 013b 00       		.byte	0
 1310 013c 1B       		.uleb128 0x1b
 1311 013d 34       		.uleb128 0x34
ARM GAS  /tmp/cctQFTxB.s 			page 24


 1312 013e 00       		.byte	0
 1313 013f 03       		.uleb128 0x3
 1314 0140 08       		.uleb128 0x8
 1315 0141 3A       		.uleb128 0x3a
 1316 0142 0B       		.uleb128 0xb
 1317 0143 3B       		.uleb128 0x3b
 1318 0144 05       		.uleb128 0x5
 1319 0145 49       		.uleb128 0x49
 1320 0146 13       		.uleb128 0x13
 1321 0147 3F       		.uleb128 0x3f
 1322 0148 19       		.uleb128 0x19
 1323 0149 3C       		.uleb128 0x3c
 1324 014a 19       		.uleb128 0x19
 1325 014b 00       		.byte	0
 1326 014c 00       		.byte	0
 1327 014d 00       		.byte	0
 1328              		.section	.debug_aranges,"",%progbits
 1329 0000 14000000 		.4byte	0x14
 1330 0004 0200     		.2byte	0x2
 1331 0006 00000000 		.4byte	.Ldebug_info0
 1332 000a 04       		.byte	0x4
 1333 000b 00       		.byte	0
 1334 000c 0000     		.2byte	0
 1335 000e 0000     		.2byte	0
 1336 0010 00000000 		.4byte	0
 1337 0014 00000000 		.4byte	0
 1338              		.section	.debug_line,"",%progbits
 1339              	.Ldebug_line0:
 1340 0000 95010000 		.section	.debug_str,"MS",%progbits,1
 1340      02008F01 
 1340      00000201 
 1340      FB0E0D00 
 1340      01010101 
 1341              	.LASF97:
 1342 0000 74625F70 		.ascii	"tb_ptr\000"
 1342      747200
 1343              	.LASF54:
 1344 0007 72656164 		.ascii	"ready_list_t\000"
 1344      795F6C69 
 1344      73745F74 
 1344      00
 1345              	.LASF91:
 1346 0014 73655F74 		.ascii	"se_time\000"
 1346      696D6500 
 1347              	.LASF115:
 1348 001c 77747472 		.ascii	"wttrp\000"
 1348      7000
 1349              	.LASF112:
 1350 0022 7264796D 		.ascii	"rdymsg\000"
 1350      736700
 1351              	.LASF16:
 1352 0029 75696E74 		.ascii	"uint64_t\000"
 1352      36345F74 
 1352      00
 1353              	.LASF84:
 1354 0032 6B65726E 		.ascii	"kernel_stats\000"
 1354      656C5F73 
ARM GAS  /tmp/cctQFTxB.s 			page 25


 1354      74617473 
 1354      00
 1355              	.LASF5:
 1356 003f 5F5F7569 		.ascii	"__uint8_t\000"
 1356      6E74385F 
 1356      7400
 1357              	.LASF90:
 1358 0049 706F7274 		.ascii	"port_intctx\000"
 1358      5F696E74 
 1358      63747800 
 1359              	.LASF53:
 1360 0055 63685F74 		.ascii	"ch_threads_queue\000"
 1360      68726561 
 1360      64735F71 
 1360      75657565 
 1360      00
 1361              	.LASF73:
 1362 0066 73797374 		.ascii	"system_debug_t\000"
 1362      656D5F64 
 1362      65627567 
 1362      5F7400
 1363              	.LASF103:
 1364 0075 776F7273 		.ascii	"worst\000"
 1364      7400
 1365              	.LASF106:
 1366 007b 74696D65 		.ascii	"time_measurement_t\000"
 1366      5F6D6561 
 1366      73757265 
 1366      6D656E74 
 1366      5F7400
 1367              	.LASF12:
 1368 008e 6C6F6E67 		.ascii	"long long unsigned int\000"
 1368      206C6F6E 
 1368      6720756E 
 1368      7369676E 
 1368      65642069 
 1369              	.LASF99:
 1370 00a5 63685F74 		.ascii	"ch_trace_buffer_t\000"
 1370      72616365 
 1370      5F627566 
 1370      6665725F 
 1370      7400
 1371              	.LASF94:
 1372 00b7 73655F73 		.ascii	"se_state\000"
 1372      74617465 
 1372      00
 1373              	.LASF113:
 1374 00c0 65786974 		.ascii	"exitcode\000"
 1374      636F6465 
 1374      00
 1375              	.LASF83:
 1376 00c9 6D61696E 		.ascii	"mainthread\000"
 1376      74687265 
 1376      616400
 1377              	.LASF70:
 1378 00d4 76697274 		.ascii	"virtual_timers_list_t\000"
 1378      75616C5F 
ARM GAS  /tmp/cctQFTxB.s 			page 26


 1378      74696D65 
 1378      72735F6C 
 1378      6973745F 
 1379              	.LASF129:
 1380 00ea 49544D5F 		.ascii	"ITM_RxBuffer\000"
 1380      52784275 
 1380      66666572 
 1380      00
 1381              	.LASF18:
 1382 00f7 72747469 		.ascii	"rttime_t\000"
 1382      6D655F74 
 1382      00
 1383              	.LASF31:
 1384 0100 705F7072 		.ascii	"p_prio\000"
 1384      696F00
 1385              	.LASF10:
 1386 0107 6C6F6E67 		.ascii	"long long int\000"
 1386      206C6F6E 
 1386      6720696E 
 1386      7400
 1387              	.LASF1:
 1388 0115 7369676E 		.ascii	"signed char\000"
 1388      65642063 
 1388      68617200 
 1389              	.LASF46:
 1390 0121 705F6D70 		.ascii	"p_mpool\000"
 1390      6F6F6C00 
 1391              	.LASF123:
 1392 0129 6D5F7175 		.ascii	"m_queue\000"
 1392      65756500 
 1393              	.LASF82:
 1394 0131 76746C69 		.ascii	"vtlist\000"
 1394      737400
 1395              	.LASF80:
 1396 0138 63685F73 		.ascii	"ch_system\000"
 1396      79737465 
 1396      6D00
 1397              	.LASF7:
 1398 0142 6C6F6E67 		.ascii	"long int\000"
 1398      20696E74 
 1398      00
 1399              	.LASF131:
 1400 014b 2F686F6D 		.ascii	"/home/efe/ChibiOS/os/hal/src/hal_queues.c\000"
 1400      652F6566 
 1400      652F4368 
 1400      6962694F 
 1400      532F6F73 
 1401              	.LASF20:
 1402 0175 74737461 		.ascii	"tstate_t\000"
 1402      74655F74 
 1402      00
 1403              	.LASF92:
 1404 017e 73655F74 		.ascii	"se_tp\000"
 1404      7000
 1405              	.LASF130:
 1406 0184 474E5520 		.ascii	"GNU C 4.8.4 20141219 (release) -mcpu=cortex-m4 -mno"
 1406      4320342E 
ARM GAS  /tmp/cctQFTxB.s 			page 27


 1406      382E3420 
 1406      32303134 
 1406      31323139 
 1407 01b7 2D746875 		.ascii	"-thumb-interwork -mthumb -ggdb -O0 -fomit-frame-poi"
 1407      6D622D69 
 1407      6E746572 
 1407      776F726B 
 1407      202D6D74 
 1408 01ea 6E746572 		.ascii	"nter -falign-functions=16 -ffunction-sections -fdat"
 1408      202D6661 
 1408      6C69676E 
 1408      2D66756E 
 1408      6374696F 
 1409 021d 612D7365 		.ascii	"a-sections -fno-common\000"
 1409      6374696F 
 1409      6E73202D 
 1409      666E6F2D 
 1409      636F6D6D 
 1410              	.LASF33:
 1411 0234 705F6E65 		.ascii	"p_newer\000"
 1411      77657200 
 1412              	.LASF120:
 1413 023c 735F7175 		.ascii	"s_queue\000"
 1413      65756500 
 1414              	.LASF96:
 1415 0244 74625F73 		.ascii	"tb_size\000"
 1415      697A6500 
 1416              	.LASF59:
 1417 024c 725F6E65 		.ascii	"r_newer\000"
 1417      77657200 
 1418              	.LASF87:
 1419 0254 72656761 		.ascii	"regarm_t\000"
 1419      726D5F74 
 1419      00
 1420              	.LASF66:
 1421 025d 76745F70 		.ascii	"vt_prev\000"
 1421      72657600 
 1422              	.LASF74:
 1423 0265 63685F73 		.ascii	"ch_system_debug\000"
 1423      79737465 
 1423      6D5F6465 
 1423      62756700 
 1424              	.LASF127:
 1425 0275 6D757465 		.ascii	"mutex_t\000"
 1425      785F7400 
 1426              	.LASF77:
 1427 027d 6C6F636B 		.ascii	"lock_cnt\000"
 1427      5F636E74 
 1427      00
 1428              	.LASF85:
 1429 0286 69646C65 		.ascii	"idle_thread_wa\000"
 1429      5F746872 
 1429      6561645F 
 1429      776100
 1430              	.LASF25:
 1431 0295 636E745F 		.ascii	"cnt_t\000"
 1431      7400
ARM GAS  /tmp/cctQFTxB.s 			page 28


 1432              	.LASF36:
 1433 029b 705F7374 		.ascii	"p_stklimit\000"
 1433      6B6C696D 
 1433      697400
 1434              	.LASF0:
 1435 02a6 756E7369 		.ascii	"unsigned int\000"
 1435      676E6564 
 1435      20696E74 
 1435      00
 1436              	.LASF65:
 1437 02b3 76745F6E 		.ascii	"vt_next\000"
 1437      65787400 
 1438              	.LASF116:
 1439 02bb 77747365 		.ascii	"wtsemp\000"
 1439      6D7000
 1440              	.LASF41:
 1441 02c2 705F6D73 		.ascii	"p_msgqueue\000"
 1441      67717565 
 1441      756500
 1442              	.LASF107:
 1443 02cd 6E5F6972 		.ascii	"n_irq\000"
 1443      7100
 1444              	.LASF121:
 1445 02d3 735F636E 		.ascii	"s_cnt\000"
 1445      7400
 1446              	.LASF4:
 1447 02d9 73686F72 		.ascii	"short unsigned int\000"
 1447      7420756E 
 1447      7369676E 
 1447      65642069 
 1447      6E7400
 1448              	.LASF111:
 1449 02ec 6B65726E 		.ascii	"kernel_stats_t\000"
 1449      656C5F73 
 1449      74617473 
 1449      5F7400
 1450              	.LASF50:
 1451 02fb 63685F74 		.ascii	"ch_thread\000"
 1451      68726561 
 1451      6400
 1452              	.LASF23:
 1453 0305 6D73675F 		.ascii	"msg_t\000"
 1453      7400
 1454              	.LASF104:
 1455 030b 6C617374 		.ascii	"last\000"
 1455      00
 1456              	.LASF26:
 1457 0310 75636E74 		.ascii	"ucnt_t\000"
 1457      5F7400
 1458              	.LASF79:
 1459 0317 63685F73 		.ascii	"ch_system_t\000"
 1459      79737465 
 1459      6D5F7400 
 1460              	.LASF19:
 1461 0323 746D6F64 		.ascii	"tmode_t\000"
 1461      655F7400 
 1462              	.LASF110:
ARM GAS  /tmp/cctQFTxB.s 			page 29


 1463 032b 6D5F6372 		.ascii	"m_crit_isr\000"
 1463      69745F69 
 1463      737200
 1464              	.LASF55:
 1465 0336 63685F72 		.ascii	"ch_ready_list\000"
 1465      65616479 
 1465      5F6C6973 
 1465      7400
 1466              	.LASF24:
 1467 0344 6576656E 		.ascii	"eventmask_t\000"
 1467      746D6173 
 1467      6B5F7400 
 1468              	.LASF6:
 1469 0350 5F5F696E 		.ascii	"__int32_t\000"
 1469      7433325F 
 1469      7400
 1470              	.LASF88:
 1471 035a 73746B61 		.ascii	"stkalign_t\000"
 1471      6C69676E 
 1471      5F7400
 1472              	.LASF40:
 1473 0365 705F7761 		.ascii	"p_waiting\000"
 1473      6974696E 
 1473      6700
 1474              	.LASF86:
 1475 036f 73697A65 		.ascii	"sizetype\000"
 1475      74797065 
 1475      00
 1476              	.LASF48:
 1477 0378 74687265 		.ascii	"thread_reference_t\000"
 1477      61645F72 
 1477      65666572 
 1477      656E6365 
 1477      5F7400
 1478              	.LASF71:
 1479 038b 63685F76 		.ascii	"ch_virtual_timers_list\000"
 1479      69727475 
 1479      616C5F74 
 1479      696D6572 
 1479      735F6C69 
 1480              	.LASF95:
 1481 03a2 63685F73 		.ascii	"ch_swc_event_t\000"
 1481      77635F65 
 1481      76656E74 
 1481      5F7400
 1482              	.LASF72:
 1483 03b1 76745F6C 		.ascii	"vt_lasttime\000"
 1483      61737474 
 1483      696D6500 
 1484              	.LASF34:
 1485 03bd 705F6F6C 		.ascii	"p_older\000"
 1485      64657200 
 1486              	.LASF58:
 1487 03c5 725F6374 		.ascii	"r_ctx\000"
 1487      7800
 1488              	.LASF101:
 1489 03cb 746D5F63 		.ascii	"tm_calibration_t\000"
ARM GAS  /tmp/cctQFTxB.s 			page 30


 1489      616C6962 
 1489      72617469 
 1489      6F6E5F74 
 1489      00
 1490              	.LASF61:
 1491 03dc 725F6375 		.ascii	"r_current\000"
 1491      7272656E 
 1491      7400
 1492              	.LASF60:
 1493 03e6 725F6F6C 		.ascii	"r_older\000"
 1493      64657200 
 1494              	.LASF11:
 1495 03ee 5F5F7569 		.ascii	"__uint64_t\000"
 1495      6E743634 
 1495      5F7400
 1496              	.LASF105:
 1497 03f9 63756D75 		.ascii	"cumulative\000"
 1497      6C617469 
 1497      766500
 1498              	.LASF21:
 1499 0404 74726566 		.ascii	"trefs_t\000"
 1499      735F7400 
 1500              	.LASF98:
 1501 040c 74625F62 		.ascii	"tb_buffer\000"
 1501      75666665 
 1501      7200
 1502              	.LASF63:
 1503 0416 76697274 		.ascii	"virtual_timer_t\000"
 1503      75616C5F 
 1503      74696D65 
 1503      725F7400 
 1504              	.LASF30:
 1505 0426 705F7072 		.ascii	"p_prev\000"
 1505      657600
 1506              	.LASF22:
 1507 042d 74707269 		.ascii	"tprio_t\000"
 1507      6F5F7400 
 1508              	.LASF108:
 1509 0435 6E5F6374 		.ascii	"n_ctxswc\000"
 1509      78737763 
 1509      00
 1510              	.LASF128:
 1511 043e 5F426F6F 		.ascii	"_Bool\000"
 1511      6C00
 1512              	.LASF14:
 1513 0444 696E7433 		.ascii	"int32_t\000"
 1513      325F7400 
 1514              	.LASF2:
 1515 044c 756E7369 		.ascii	"unsigned char\000"
 1515      676E6564 
 1515      20636861 
 1515      7200
 1516              	.LASF44:
 1517 045a 705F6D74 		.ascii	"p_mtxlist\000"
 1517      786C6973 
 1517      7400
 1518              	.LASF3:
ARM GAS  /tmp/cctQFTxB.s 			page 31


 1519 0464 73686F72 		.ascii	"short int\000"
 1519      7420696E 
 1519      7400
 1520              	.LASF37:
 1521 046e 705F7374 		.ascii	"p_state\000"
 1521      61746500 
 1522              	.LASF57:
 1523 0476 725F7072 		.ascii	"r_prio\000"
 1523      696F00
 1524              	.LASF118:
 1525 047d 65776D61 		.ascii	"ewmask\000"
 1525      736B00
 1526              	.LASF29:
 1527 0484 705F6E65 		.ascii	"p_next\000"
 1527      787400
 1528              	.LASF38:
 1529 048b 705F666C 		.ascii	"p_flags\000"
 1529      61677300 
 1530              	.LASF47:
 1531 0493 705F7374 		.ascii	"p_stats\000"
 1531      61747300 
 1532              	.LASF64:
 1533 049b 63685F76 		.ascii	"ch_virtual_timer\000"
 1533      69727475 
 1533      616C5F74 
 1533      696D6572 
 1533      00
 1534              	.LASF119:
 1535 04ac 63685F73 		.ascii	"ch_semaphore\000"
 1535      656D6170 
 1535      686F7265 
 1535      00
 1536              	.LASF43:
 1537 04b9 705F6570 		.ascii	"p_epending\000"
 1537      656E6469 
 1537      6E6700
 1538              	.LASF15:
 1539 04c4 75696E74 		.ascii	"uint32_t\000"
 1539      33325F74 
 1539      00
 1540              	.LASF117:
 1541 04cd 77746D74 		.ascii	"wtmtxp\000"
 1541      787000
 1542              	.LASF56:
 1543 04d4 725F7175 		.ascii	"r_queue\000"
 1543      65756500 
 1544              	.LASF67:
 1545 04dc 76745F64 		.ascii	"vt_delta\000"
 1545      656C7461 
 1545      00
 1546              	.LASF51:
 1547 04e5 63685F74 		.ascii	"ch_threads_list\000"
 1547      68726561 
 1547      64735F6C 
 1547      69737400 
 1548              	.LASF9:
 1549 04f5 6C6F6E67 		.ascii	"long unsigned int\000"
ARM GAS  /tmp/cctQFTxB.s 			page 32


 1549      20756E73 
 1549      69676E65 
 1549      6420696E 
 1549      7400
 1550              	.LASF126:
 1551 0507 63686172 		.ascii	"char\000"
 1551      00
 1552              	.LASF28:
 1553 050c 74687265 		.ascii	"thread_t\000"
 1553      61645F74 
 1553      00
 1554              	.LASF102:
 1555 0515 62657374 		.ascii	"best\000"
 1555      00
 1556              	.LASF125:
 1557 051a 6D5F6E65 		.ascii	"m_next\000"
 1557      787400
 1558              	.LASF27:
 1559 0521 73797374 		.ascii	"systime_t\000"
 1559      696D655F 
 1559      7400
 1560              	.LASF45:
 1561 052b 705F7265 		.ascii	"p_realprio\000"
 1561      616C7072 
 1561      696F00
 1562              	.LASF62:
 1563 0536 76746675 		.ascii	"vtfunc_t\000"
 1563      6E635F74 
 1563      00
 1564              	.LASF8:
 1565 053f 5F5F7569 		.ascii	"__uint32_t\000"
 1565      6E743332 
 1565      5F7400
 1566              	.LASF75:
 1567 054a 70616E69 		.ascii	"panic_msg\000"
 1567      635F6D73 
 1567      6700
 1568              	.LASF100:
 1569 0554 6F666673 		.ascii	"offset\000"
 1569      657400
 1570              	.LASF89:
 1571 055b 636F6E74 		.ascii	"context\000"
 1571      65787400 
 1572              	.LASF17:
 1573 0563 7274636E 		.ascii	"rtcnt_t\000"
 1573      745F7400 
 1574              	.LASF69:
 1575 056b 76745F70 		.ascii	"vt_par\000"
 1575      617200
 1576              	.LASF52:
 1577 0572 74687265 		.ascii	"threads_queue_t\000"
 1577      6164735F 
 1577      71756575 
 1577      655F7400 
 1578              	.LASF122:
 1579 0582 63685F6D 		.ascii	"ch_mutex\000"
 1579      75746578 
ARM GAS  /tmp/cctQFTxB.s 			page 33


 1579      00
 1580              	.LASF39:
 1581 058b 705F7265 		.ascii	"p_refs\000"
 1581      667300
 1582              	.LASF76:
 1583 0592 6973725F 		.ascii	"isr_cnt\000"
 1583      636E7400 
 1584              	.LASF81:
 1585 059a 726C6973 		.ascii	"rlist\000"
 1585      7400
 1586              	.LASF13:
 1587 05a0 75696E74 		.ascii	"uint8_t\000"
 1587      385F7400 
 1588              	.LASF114:
 1589 05a8 77746F62 		.ascii	"wtobjp\000"
 1589      6A7000
 1590              	.LASF35:
 1591 05af 705F6E61 		.ascii	"p_name\000"
 1591      6D6500
 1592              	.LASF49:
 1593 05b6 74687265 		.ascii	"threads_list_t\000"
 1593      6164735F 
 1593      6C697374 
 1593      5F7400
 1594              	.LASF78:
 1595 05c5 74726163 		.ascii	"trace_buffer\000"
 1595      655F6275 
 1595      66666572 
 1595      00
 1596              	.LASF42:
 1597 05d2 705F6D73 		.ascii	"p_msg\000"
 1597      6700
 1598              	.LASF109:
 1599 05d8 6D5F6372 		.ascii	"m_crit_thd\000"
 1599      69745F74 
 1599      686400
 1600              	.LASF124:
 1601 05e3 6D5F6F77 		.ascii	"m_owner\000"
 1601      6E657200 
 1602              	.LASF93:
 1603 05eb 73655F77 		.ascii	"se_wtobjp\000"
 1603      746F626A 
 1603      7000
 1604              	.LASF32:
 1605 05f5 705F6374 		.ascii	"p_ctx\000"
 1605      7800
 1606              	.LASF68:
 1607 05fb 76745F66 		.ascii	"vt_func\000"
 1607      756E6300 
 1608              		.ident	"GCC: (4.8.4-1+11-1) 4.8.4 20141219 (release)"
ARM GAS  /tmp/cctQFTxB.s 			page 34


DEFINED SYMBOLS
                            *ABS*:0000000000000000 hal_queues.c

NO UNDEFINED SYMBOLS
