ARM GAS  /tmp/cc0FHC0V.s 			page 1


   1              		.syntax unified
   2              		.cpu cortex-m4
   3              		.fpu softvfp
   4              		.eabi_attribute 20, 1
   5              		.eabi_attribute 21, 1
   6              		.eabi_attribute 23, 3
   7              		.eabi_attribute 24, 1
   8              		.eabi_attribute 25, 1
   9              		.eabi_attribute 26, 1
  10              		.eabi_attribute 30, 6
  11              		.eabi_attribute 34, 1
  12              		.eabi_attribute 18, 4
  13              		.thumb
  14              		.file	"main.c"
  15              		.text
  16              	.Ltext0:
  17              		.cfi_sections	.debug_frame
  18              		.section	.bss.serialListen,"aw",%nobits
  19              		.align	3
  20              		.type	serialListen, %object
  21              		.size	serialListen, 296
  22              	serialListen:
  23 0000 00000000 		.space	296
  23      00000000 
  23      00000000 
  23      00000000 
  23      00000000 
  24              		.section	.bss.serialTalk,"aw",%nobits
  25              		.align	3
  26              		.type	serialTalk, %object
  27              		.size	serialTalk, 296
  28              	serialTalk:
  29 0000 00000000 		.space	296
  29      00000000 
  29      00000000 
  29      00000000 
  29      00000000 
  30              		.global	cca_exp_io_mode
  31              		.section	.bss.cca_exp_io_mode,"aw",%nobits
  32              		.type	cca_exp_io_mode, %object
  33              		.size	cca_exp_io_mode, 1
  34              	cca_exp_io_mode:
  35 0000 00       		.space	1
  36              		.section	.text.main,"ax",%progbits
  37              		.align	2
  38              		.p2align 4,,15
  39              		.global	main
  40              		.thumb
  41              		.thumb_func
  42              		.type	main, %function
  43              	main:
  44              	.LFB271:
  45              		.file 1 "main.c"
  46              		.loc 1 6 0
  47              		.cfi_startproc
  48              		@ args = 0, pretend = 0, frame = 8
  49              		@ frame_needed = 0, uses_anonymous_args = 0
ARM GAS  /tmp/cc0FHC0V.s 			page 2


  50 0000 00B5     		push	{lr}
  51              		.cfi_def_cfa_offset 4
  52              		.cfi_offset 14, -4
  53 0002 85B0     		sub	sp, sp, #20
  54              		.cfi_def_cfa_offset 24
  55              		.loc 1 7 0
  56 0004 FFF7FEFF 		bl	halInit
  57              		.loc 1 8 0
  58 0008 FFF7FEFF 		bl	chSysInit
  59              		.loc 1 12 0
  60 000c 114B     		ldr	r3, .L3
  61 000e 124A     		ldr	r2, .L3+4
  62 0010 9A61     		str	r2, [r3, #24]
  63              		.loc 1 13 0
  64 0012 4020     		movs	r0, #64
  65 0014 FFF7FEFF 		bl	chThdSetPriority
  66              		.loc 1 14 0
  67 0018 FFF7FEFF 		bl	init_IO
  68              		.loc 1 15 0
  69 001c FFF7FEFF 		bl	init_protocol
  70              		.loc 1 16 0
  71 0020 0023     		movs	r3, #0
  72 0022 0093     		str	r3, [sp]
  73 0024 0D48     		ldr	r0, .L3+8
  74 0026 4FF49471 		mov	r1, #296
  75 002a 0222     		movs	r2, #2
  76 002c 0C4B     		ldr	r3, .L3+12
  77 002e FFF7FEFF 		bl	chThdCreateStatic
  78 0032 0390     		str	r0, [sp, #12]
  79              	.L2:
  80              		.loc 1 21 0 discriminator 1
  81 0034 074B     		ldr	r3, .L3
  82 0036 4FF6FF72 		movw	r2, #65535
  83 003a 9A61     		str	r2, [r3, #24]
  84              		.loc 1 22 0 discriminator 1
  85 003c 42F21070 		movw	r0, #10000
  86 0040 FFF7FEFF 		bl	chThdSleep
  87              		.loc 1 23 0 discriminator 1
  88 0044 034B     		ldr	r3, .L3
  89 0046 044A     		ldr	r2, .L3+4
  90 0048 9A61     		str	r2, [r3, #24]
  91              		.loc 1 24 0 discriminator 1
  92 004a 42F21070 		movw	r0, #10000
  93 004e FFF7FEFF 		bl	chThdSleep
  94              		.loc 1 25 0 discriminator 1
  95 0052 EFE7     		b	.L2
  96              	.L4:
  97              		.align	2
  98              	.L3:
  99 0054 000C0240 		.word	1073875968
 100 0058 0000FFFF 		.word	-65536
 101 005c 00000000 		.word	serialListen
 102 0060 00000000 		.word	rxListen
 103              		.cfi_endproc
 104              	.LFE271:
 105              		.size	main, .-main
 106 0064 AFF30080 		.section	.text.init_IO,"ax",%progbits
ARM GAS  /tmp/cc0FHC0V.s 			page 3


 106      AFF30080 
 106      AFF30080 
 107              		.align	2
 108              		.p2align 4,,15
 109              		.global	init_IO
 110              		.thumb
 111              		.thumb_func
 112              		.type	init_IO, %function
 113              	init_IO:
 114              	.LFB272:
 115              		.loc 1 32 0
 116              		.cfi_startproc
 117              		@ args = 0, pretend = 0, frame = 0
 118              		@ frame_needed = 0, uses_anonymous_args = 0
 119 0000 08B5     		push	{r3, lr}
 120              		.cfi_def_cfa_offset 8
 121              		.cfi_offset 3, -8
 122              		.cfi_offset 14, -4
 123              		.loc 1 35 0
 124 0002 1448     		ldr	r0, .L9
 125 0004 4FF6FF71 		movw	r1, #65535
 126 0008 2022     		movs	r2, #32
 127 000a FFF7FEFF 		bl	_pal_lld_setgroupmode
 128              		.loc 1 39 0
 129 000e 124B     		ldr	r3, .L9+4
 130 0010 1B78     		ldrb	r3, [r3]	@ zero_extendqisi2
 131 0012 002B     		cmp	r3, #0
 132 0014 0CD1     		bne	.L6
 133              		.loc 1 41 0
 134 0016 1148     		ldr	r0, .L9+8
 135 0018 4FF6FF71 		movw	r1, #65535
 136 001c 0122     		movs	r2, #1
 137 001e FFF7FEFF 		bl	_pal_lld_setgroupmode
 138              		.loc 1 42 0
 139 0022 0F48     		ldr	r0, .L9+12
 140 0024 4FF6FF71 		movw	r1, #65535
 141 0028 0122     		movs	r2, #1
 142 002a FFF7FEFF 		bl	_pal_lld_setgroupmode
 143 002e 0FE0     		b	.L7
 144              	.L6:
 145              		.loc 1 44 0
 146 0030 094B     		ldr	r3, .L9+4
 147 0032 1B78     		ldrb	r3, [r3]	@ zero_extendqisi2
 148 0034 012B     		cmp	r3, #1
 149 0036 0BD1     		bne	.L7
 150              		.loc 1 46 0
 151 0038 0848     		ldr	r0, .L9+8
 152 003a 4FF6FF71 		movw	r1, #65535
 153 003e 2022     		movs	r2, #32
 154 0040 FFF7FEFF 		bl	_pal_lld_setgroupmode
 155              		.loc 1 47 0
 156 0044 0648     		ldr	r0, .L9+12
 157 0046 4FF6FF71 		movw	r1, #65535
 158 004a 2022     		movs	r2, #32
 159 004c FFF7FEFF 		bl	_pal_lld_setgroupmode
 160              	.L7:
 161              		.loc 1 53 0
ARM GAS  /tmp/cc0FHC0V.s 			page 4


 162 0050 00BF     		nop
 163              		.loc 1 54 0
 164 0052 08BD     		pop	{r3, pc}
 165              	.L10:
 166              		.align	2
 167              	.L9:
 168 0054 00040240 		.word	1073873920
 169 0058 00000000 		.word	cca_exp_io_mode
 170 005c 000C0240 		.word	1073875968
 171 0060 00100240 		.word	1073876992
 172              		.cfi_endproc
 173              	.LFE272:
 174              		.size	init_IO, .-init_IO
 175 0064 AFF30080 		.section	.text.set_cca_exp_io_mode,"ax",%progbits
 175      AFF30080 
 175      AFF30080 
 176              		.align	2
 177              		.p2align 4,,15
 178              		.global	set_cca_exp_io_mode
 179              		.thumb
 180              		.thumb_func
 181              		.type	set_cca_exp_io_mode, %function
 182              	set_cca_exp_io_mode:
 183              	.LFB273:
 184              		.loc 1 57 0
 185              		.cfi_startproc
 186              		@ args = 0, pretend = 0, frame = 0
 187              		@ frame_needed = 0, uses_anonymous_args = 0
 188              		@ link register save eliminated.
 189              		.loc 1 59 0
 190 0000 024B     		ldr	r3, .L13
 191 0002 0022     		movs	r2, #0
 192 0004 1A70     		strb	r2, [r3]
 193              		.loc 1 63 0
 194 0006 00BF     		nop
 195              		.loc 1 64 0
 196 0008 7047     		bx	lr
 197              	.L14:
 198 000a 00BF     		.align	2
 199              	.L13:
 200 000c 00000000 		.word	cca_exp_io_mode
 201              		.cfi_endproc
 202              	.LFE273:
 203              		.size	set_cca_exp_io_mode, .-set_cca_exp_io_mode
 204              		.section	.text.init_globals,"ax",%progbits
 205              		.align	2
 206              		.p2align 4,,15
 207              		.global	init_globals
 208              		.thumb
 209              		.thumb_func
 210              		.type	init_globals, %function
 211              	init_globals:
 212              	.LFB274:
 213              		.loc 1 67 0
 214              		.cfi_startproc
 215              		@ args = 0, pretend = 0, frame = 0
 216              		@ frame_needed = 0, uses_anonymous_args = 0
ARM GAS  /tmp/cc0FHC0V.s 			page 5


 217              		@ link register save eliminated.
 218              		.loc 1 72 0
 219 0000 00BF     		nop
 220              		.loc 1 73 0
 221 0002 7047     		bx	lr
 222              		.cfi_endproc
 223              	.LFE274:
 224              		.size	init_globals, .-init_globals
 225 0004 AFF30080 		.text
 225      AFF30080 
 225      AFF30080 
 226              	.Letext0:
 227              		.file 2 "/usr/lib/gcc/arm-none-eabi/4.8/include/stddef.h"
 228              		.file 3 "/usr/include/newlib/machine/_default_types.h"
 229              		.file 4 "/usr/include/newlib/stdint.h"
 230              		.file 5 "/home/efe/ChibiOS/os/rt/ports/ARMCMx/compilers/GCC/chtypes.h"
 231              		.file 6 "/home/efe/ChibiOS/os/rt/include/chsystypes.h"
 232              		.file 7 "/home/efe/ChibiOS/os/rt/include/chschd.h"
 233              		.file 8 "/home/efe/ChibiOS/os/rt/ports/ARMCMx/chcore.h"
 234              		.file 9 "/home/efe/ChibiOS/os/rt/ports/ARMCMx/chcore_v7m.h"
 235              		.file 10 "/home/efe/ChibiOS/os/rt/include/chdebug.h"
 236              		.file 11 "/home/efe/ChibiOS/os/rt/include/chtm.h"
 237              		.file 12 "/home/efe/ChibiOS/os/rt/include/chstats.h"
 238              		.file 13 "/home/efe/ChibiOS/os/rt/include/chsem.h"
 239              		.file 14 "/home/efe/ChibiOS/os/rt/include/chmtx.h"
 240              		.file 15 "/home/efe/ChibiOS/os/hal/ports/STM32/LLD/GPIOv2/pal_lld.h"
 241              		.file 16 "main.h"
 242              		.file 17 "/home/efe/ChibiOS/os/ext/CMSIS/include/core_cm4.h"
 243              		.section	.debug_info,"",%progbits
 244              	.Ldebug_info0:
 245 0000 7D090000 		.4byte	0x97d
 246 0004 0400     		.2byte	0x4
 247 0006 00000000 		.4byte	.Ldebug_abbrev0
 248 000a 04       		.byte	0x4
 249 000b 01       		.uleb128 0x1
 250 000c AA010000 		.4byte	.LASF151
 251 0010 01       		.byte	0x1
 252 0011 9D030000 		.4byte	.LASF152
 253 0015 04030000 		.4byte	.LASF153
 254 0019 00000000 		.4byte	.Ldebug_ranges0+0
 255 001d 00000000 		.4byte	0
 256 0021 00000000 		.4byte	.Ldebug_line0
 257 0025 02       		.uleb128 0x2
 258 0026 04       		.byte	0x4
 259 0027 05       		.byte	0x5
 260 0028 696E7400 		.ascii	"int\000"
 261 002c 03       		.uleb128 0x3
 262 002d 1C000000 		.4byte	.LASF2
 263 0031 02       		.byte	0x2
 264 0032 D4       		.byte	0xd4
 265 0033 37000000 		.4byte	0x37
 266 0037 04       		.uleb128 0x4
 267 0038 04       		.byte	0x4
 268 0039 07       		.byte	0x7
 269 003a DF020000 		.4byte	.LASF0
 270 003e 04       		.uleb128 0x4
 271 003f 01       		.byte	0x1
ARM GAS  /tmp/cc0FHC0V.s 			page 6


 272 0040 06       		.byte	0x6
 273 0041 36010000 		.4byte	.LASF1
 274 0045 03       		.uleb128 0x3
 275 0046 40000000 		.4byte	.LASF3
 276 004a 03       		.byte	0x3
 277 004b 1D       		.byte	0x1d
 278 004c 50000000 		.4byte	0x50
 279 0050 04       		.uleb128 0x4
 280 0051 01       		.byte	0x1
 281 0052 08       		.byte	0x8
 282 0053 FB040000 		.4byte	.LASF4
 283 0057 04       		.uleb128 0x4
 284 0058 02       		.byte	0x2
 285 0059 05       		.byte	0x5
 286 005a 13050000 		.4byte	.LASF5
 287 005e 03       		.uleb128 0x3
 288 005f C8050000 		.4byte	.LASF6
 289 0063 03       		.byte	0x3
 290 0064 2B       		.byte	0x2b
 291 0065 69000000 		.4byte	0x69
 292 0069 04       		.uleb128 0x4
 293 006a 02       		.byte	0x2
 294 006b 07       		.byte	0x7
 295 006c 4C030000 		.4byte	.LASF7
 296 0070 03       		.uleb128 0x3
 297 0071 D1030000 		.4byte	.LASF8
 298 0075 03       		.byte	0x3
 299 0076 3F       		.byte	0x3f
 300 0077 7B000000 		.4byte	0x7b
 301 007b 04       		.uleb128 0x4
 302 007c 04       		.byte	0x4
 303 007d 05       		.byte	0x5
 304 007e 6E010000 		.4byte	.LASF9
 305 0082 03       		.uleb128 0x3
 306 0083 06060000 		.4byte	.LASF10
 307 0087 03       		.byte	0x3
 308 0088 41       		.byte	0x41
 309 0089 8D000000 		.4byte	0x8d
 310 008d 04       		.uleb128 0x4
 311 008e 04       		.byte	0x4
 312 008f 07       		.byte	0x7
 313 0090 B1050000 		.4byte	.LASF11
 314 0094 04       		.uleb128 0x4
 315 0095 08       		.byte	0x8
 316 0096 05       		.byte	0x5
 317 0097 28010000 		.4byte	.LASF12
 318 009b 03       		.uleb128 0x3
 319 009c 93040000 		.4byte	.LASF13
 320 00a0 03       		.byte	0x3
 321 00a1 5B       		.byte	0x5b
 322 00a2 A6000000 		.4byte	0xa6
 323 00a6 04       		.uleb128 0x4
 324 00a7 08       		.byte	0x8
 325 00a8 07       		.byte	0x7
 326 00a9 A9000000 		.4byte	.LASF14
 327 00ad 03       		.uleb128 0x3
 328 00ae 74060000 		.4byte	.LASF15
ARM GAS  /tmp/cc0FHC0V.s 			page 7


 329 00b2 04       		.byte	0x4
 330 00b3 2A       		.byte	0x2a
 331 00b4 45000000 		.4byte	0x45
 332 00b8 03       		.uleb128 0x3
 333 00b9 F4020000 		.4byte	.LASF16
 334 00bd 04       		.byte	0x4
 335 00be 36       		.byte	0x36
 336 00bf 5E000000 		.4byte	0x5e
 337 00c3 03       		.uleb128 0x3
 338 00c4 F3040000 		.4byte	.LASF17
 339 00c8 04       		.byte	0x4
 340 00c9 41       		.byte	0x41
 341 00ca 70000000 		.4byte	0x70
 342 00ce 03       		.uleb128 0x3
 343 00cf 80050000 		.4byte	.LASF18
 344 00d3 04       		.byte	0x4
 345 00d4 42       		.byte	0x42
 346 00d5 82000000 		.4byte	0x82
 347 00d9 03       		.uleb128 0x3
 348 00da 2A000000 		.4byte	.LASF19
 349 00de 04       		.byte	0x4
 350 00df 4E       		.byte	0x4e
 351 00e0 9B000000 		.4byte	0x9b
 352 00e4 05       		.uleb128 0x5
 353 00e5 C3000000 		.4byte	0xc3
 354 00e9 05       		.uleb128 0x5
 355 00ea CE000000 		.4byte	0xce
 356 00ee 03       		.uleb128 0x3
 357 00ef 37060000 		.4byte	.LASF20
 358 00f3 05       		.byte	0x5
 359 00f4 45       		.byte	0x45
 360 00f5 CE000000 		.4byte	0xce
 361 00f9 03       		.uleb128 0x3
 362 00fa 18010000 		.4byte	.LASF21
 363 00fe 05       		.byte	0x5
 364 00ff 46       		.byte	0x46
 365 0100 D9000000 		.4byte	0xd9
 366 0104 03       		.uleb128 0x3
 367 0105 A4030000 		.4byte	.LASF22
 368 0109 05       		.byte	0x5
 369 010a 48       		.byte	0x48
 370 010b AD000000 		.4byte	0xad
 371 010f 03       		.uleb128 0x3
 372 0110 77010000 		.4byte	.LASF23
 373 0114 05       		.byte	0x5
 374 0115 49       		.byte	0x49
 375 0116 AD000000 		.4byte	0xad
 376 011a 03       		.uleb128 0x3
 377 011b B3040000 		.4byte	.LASF24
 378 011f 05       		.byte	0x5
 379 0120 4A       		.byte	0x4a
 380 0121 AD000000 		.4byte	0xad
 381 0125 03       		.uleb128 0x3
 382 0126 DC040000 		.4byte	.LASF25
 383 012a 05       		.byte	0x5
 384 012b 4C       		.byte	0x4c
 385 012c CE000000 		.4byte	0xce
ARM GAS  /tmp/cc0FHC0V.s 			page 8


 386 0130 03       		.uleb128 0x3
 387 0131 78030000 		.4byte	.LASF26
 388 0135 05       		.byte	0x5
 389 0136 4D       		.byte	0x4d
 390 0137 C3000000 		.4byte	0xc3
 391 013b 03       		.uleb128 0x3
 392 013c C5030000 		.4byte	.LASF27
 393 0140 05       		.byte	0x5
 394 0141 4F       		.byte	0x4f
 395 0142 CE000000 		.4byte	0xce
 396 0146 03       		.uleb128 0x3
 397 0147 CE020000 		.4byte	.LASF28
 398 014b 05       		.byte	0x5
 399 014c 51       		.byte	0x51
 400 014d C3000000 		.4byte	0xc3
 401 0151 03       		.uleb128 0x3
 402 0152 83030000 		.4byte	.LASF29
 403 0156 05       		.byte	0x5
 404 0157 52       		.byte	0x52
 405 0158 CE000000 		.4byte	0xce
 406 015c 03       		.uleb128 0x3
 407 015d E8050000 		.4byte	.LASF30
 408 0161 06       		.byte	0x6
 409 0162 33       		.byte	0x33
 410 0163 CE000000 		.4byte	0xce
 411 0167 03       		.uleb128 0x3
 412 0168 D3050000 		.4byte	.LASF31
 413 016c 06       		.byte	0x6
 414 016d 3F       		.byte	0x3f
 415 016e 72010000 		.4byte	0x172
 416 0172 06       		.uleb128 0x6
 417 0173 6E030000 		.4byte	.LASF53
 418 0177 60       		.byte	0x60
 419 0178 07       		.byte	0x7
 420 0179 C2       		.byte	0xc2
 421 017a 78020000 		.4byte	0x278
 422 017e 07       		.uleb128 0x7
 423 017f 40050000 		.4byte	.LASF32
 424 0183 07       		.byte	0x7
 425 0184 C3       		.byte	0xc3
 426 0185 83020000 		.4byte	0x283
 427 0189 00       		.byte	0
 428 018a 07       		.uleb128 0x7
 429 018b D5040000 		.4byte	.LASF33
 430 018f 07       		.byte	0x7
 431 0190 C5       		.byte	0xc5
 432 0191 83020000 		.4byte	0x283
 433 0195 04       		.byte	0x4
 434 0196 07       		.uleb128 0x7
 435 0197 21010000 		.4byte	.LASF34
 436 019b 07       		.byte	0x7
 437 019c C7       		.byte	0xc7
 438 019d 25010000 		.4byte	0x125
 439 01a1 08       		.byte	0x8
 440 01a2 07       		.uleb128 0x7
 441 01a3 CE060000 		.4byte	.LASF35
 442 01a7 07       		.byte	0x7
ARM GAS  /tmp/cc0FHC0V.s 			page 9


 443 01a8 C8       		.byte	0xc8
 444 01a9 EC040000 		.4byte	0x4ec
 445 01ad 0C       		.byte	0xc
 446 01ae 07       		.uleb128 0x7
 447 01af 5A020000 		.4byte	.LASF36
 448 01b3 07       		.byte	0x7
 449 01b4 CA       		.byte	0xca
 450 01b5 83020000 		.4byte	0x283
 451 01b9 10       		.byte	0x10
 452 01ba 07       		.uleb128 0x7
 453 01bb 55040000 		.4byte	.LASF37
 454 01bf 07       		.byte	0x7
 455 01c0 CB       		.byte	0xcb
 456 01c1 83020000 		.4byte	0x283
 457 01c5 14       		.byte	0x14
 458 01c6 07       		.uleb128 0x7
 459 01c7 83060000 		.4byte	.LASF38
 460 01cb 07       		.byte	0x7
 461 01cc D2       		.byte	0xd2
 462 01cd 90070000 		.4byte	0x790
 463 01d1 18       		.byte	0x18
 464 01d2 07       		.uleb128 0x7
 465 01d3 D4020000 		.4byte	.LASF39
 466 01d7 07       		.byte	0x7
 467 01d8 D8       		.byte	0xd8
 468 01d9 A2070000 		.4byte	0x7a2
 469 01dd 1C       		.byte	0x1c
 470 01de 07       		.uleb128 0x7
 471 01df 1D050000 		.4byte	.LASF40
 472 01e3 07       		.byte	0x7
 473 01e4 DD       		.byte	0xdd
 474 01e5 0F010000 		.4byte	0x10f
 475 01e9 20       		.byte	0x20
 476 01ea 07       		.uleb128 0x7
 477 01eb 47050000 		.4byte	.LASF41
 478 01ef 07       		.byte	0x7
 479 01f0 E1       		.byte	0xe1
 480 01f1 04010000 		.4byte	0x104
 481 01f5 21       		.byte	0x21
 482 01f6 07       		.uleb128 0x7
 483 01f7 5F060000 		.4byte	.LASF42
 484 01fb 07       		.byte	0x7
 485 01fc E6       		.byte	0xe6
 486 01fd 1A010000 		.4byte	0x11a
 487 0201 22       		.byte	0x22
 488 0202 08       		.uleb128 0x8
 489 0203 705F7500 		.ascii	"p_u\000"
 490 0207 07       		.byte	0x7
 491 0208 3101     		.2byte	0x131
 492 020a CB060000 		.4byte	0x6cb
 493 020e 24       		.byte	0x24
 494 020f 09       		.uleb128 0x9
 495 0210 EE030000 		.4byte	.LASF43
 496 0214 07       		.byte	0x7
 497 0215 3601     		.2byte	0x136
 498 0217 89020000 		.4byte	0x289
 499 021b 28       		.byte	0x28
ARM GAS  /tmp/cc0FHC0V.s 			page 10


 500 021c 09       		.uleb128 0x9
 501 021d 30030000 		.4byte	.LASF44
 502 0221 07       		.byte	0x7
 503 0222 3C01     		.2byte	0x13c
 504 0224 AD020000 		.4byte	0x2ad
 505 0228 2C       		.byte	0x2c
 506 0229 09       		.uleb128 0x9
 507 022a A6060000 		.4byte	.LASF45
 508 022e 07       		.byte	0x7
 509 022f 4001     		.2byte	0x140
 510 0231 30010000 		.4byte	0x130
 511 0235 34       		.byte	0x34
 512 0236 09       		.uleb128 0x9
 513 0237 75050000 		.4byte	.LASF46
 514 023b 07       		.byte	0x7
 515 023c 4601     		.2byte	0x146
 516 023e 3B010000 		.4byte	0x13b
 517 0242 38       		.byte	0x38
 518 0243 09       		.uleb128 0x9
 519 0244 09050000 		.4byte	.LASF47
 520 0248 07       		.byte	0x7
 521 0249 4D01     		.2byte	0x14d
 522 024b 8A070000 		.4byte	0x78a
 523 024f 3C       		.byte	0x3c
 524 0250 09       		.uleb128 0x9
 525 0251 F2050000 		.4byte	.LASF48
 526 0255 07       		.byte	0x7
 527 0256 5101     		.2byte	0x151
 528 0258 25010000 		.4byte	0x125
 529 025c 40       		.byte	0x40
 530 025d 09       		.uleb128 0x9
 531 025e 47010000 		.4byte	.LASF49
 532 0262 07       		.byte	0x7
 533 0263 5801     		.2byte	0x158
 534 0265 60030000 		.4byte	0x360
 535 0269 44       		.byte	0x44
 536 026a 09       		.uleb128 0x9
 537 026b 4F050000 		.4byte	.LASF50
 538 026f 07       		.byte	0x7
 539 0270 5E01     		.2byte	0x15e
 540 0272 7C060000 		.4byte	0x67c
 541 0276 48       		.byte	0x48
 542 0277 00       		.byte	0
 543 0278 03       		.uleb128 0x3
 544 0279 01040000 		.4byte	.LASF51
 545 027d 06       		.byte	0x6
 546 027e 44       		.byte	0x44
 547 027f 83020000 		.4byte	0x283
 548 0283 0A       		.uleb128 0xa
 549 0284 04       		.byte	0x4
 550 0285 67010000 		.4byte	0x167
 551 0289 03       		.uleb128 0x3
 552 028a 8A060000 		.4byte	.LASF52
 553 028e 06       		.byte	0x6
 554 028f 49       		.byte	0x49
 555 0290 94020000 		.4byte	0x294
 556 0294 06       		.uleb128 0x6
ARM GAS  /tmp/cc0FHC0V.s 			page 11


 557 0295 A1050000 		.4byte	.LASF54
 558 0299 04       		.byte	0x4
 559 029a 07       		.byte	0x7
 560 029b B0       		.byte	0xb0
 561 029c AD020000 		.4byte	0x2ad
 562 02a0 07       		.uleb128 0x7
 563 02a1 40050000 		.4byte	.LASF32
 564 02a5 07       		.byte	0x7
 565 02a6 B1       		.byte	0xb1
 566 02a7 83020000 		.4byte	0x283
 567 02ab 00       		.byte	0
 568 02ac 00       		.byte	0
 569 02ad 03       		.uleb128 0x3
 570 02ae 46060000 		.4byte	.LASF55
 571 02b2 06       		.byte	0x6
 572 02b3 50       		.byte	0x50
 573 02b4 B8020000 		.4byte	0x2b8
 574 02b8 06       		.uleb128 0x6
 575 02b9 5D000000 		.4byte	.LASF56
 576 02bd 08       		.byte	0x8
 577 02be 07       		.byte	0x7
 578 02bf B7       		.byte	0xb7
 579 02c0 DD020000 		.4byte	0x2dd
 580 02c4 07       		.uleb128 0x7
 581 02c5 40050000 		.4byte	.LASF32
 582 02c9 07       		.byte	0x7
 583 02ca B8       		.byte	0xb8
 584 02cb 83020000 		.4byte	0x283
 585 02cf 00       		.byte	0
 586 02d0 07       		.uleb128 0x7
 587 02d1 D5040000 		.4byte	.LASF33
 588 02d5 07       		.byte	0x7
 589 02d6 B9       		.byte	0xb9
 590 02d7 83020000 		.4byte	0x283
 591 02db 04       		.byte	0x4
 592 02dc 00       		.byte	0
 593 02dd 03       		.uleb128 0x3
 594 02de 07000000 		.4byte	.LASF57
 595 02e2 06       		.byte	0x6
 596 02e3 57       		.byte	0x57
 597 02e4 E8020000 		.4byte	0x2e8
 598 02e8 0B       		.uleb128 0xb
 599 02e9 B7030000 		.4byte	.LASF58
 600 02ed 1C       		.byte	0x1c
 601 02ee 07       		.byte	0x7
 602 02ef 9001     		.2byte	0x190
 603 02f1 44030000 		.4byte	0x344
 604 02f5 09       		.uleb128 0x9
 605 02f6 90050000 		.4byte	.LASF59
 606 02fa 07       		.byte	0x7
 607 02fb 9101     		.2byte	0x191
 608 02fd AD020000 		.4byte	0x2ad
 609 0301 00       		.byte	0
 610 0302 09       		.uleb128 0x9
 611 0303 32050000 		.4byte	.LASF60
 612 0307 07       		.byte	0x7
 613 0308 9201     		.2byte	0x192
ARM GAS  /tmp/cc0FHC0V.s 			page 12


 614 030a 25010000 		.4byte	0x125
 615 030e 08       		.byte	0x8
 616 030f 09       		.uleb128 0x9
 617 0310 5D040000 		.4byte	.LASF61
 618 0314 07       		.byte	0x7
 619 0315 9401     		.2byte	0x194
 620 0317 EC040000 		.4byte	0x4ec
 621 031b 0C       		.byte	0xc
 622 031c 09       		.uleb128 0x9
 623 031d 7A020000 		.4byte	.LASF62
 624 0321 07       		.byte	0x7
 625 0322 9701     		.2byte	0x197
 626 0324 83020000 		.4byte	0x283
 627 0328 10       		.byte	0x10
 628 0329 09       		.uleb128 0x9
 629 032a 8B040000 		.4byte	.LASF63
 630 032e 07       		.byte	0x7
 631 032f 9801     		.2byte	0x198
 632 0331 83020000 		.4byte	0x283
 633 0335 14       		.byte	0x14
 634 0336 09       		.uleb128 0x9
 635 0337 81040000 		.4byte	.LASF64
 636 033b 07       		.byte	0x7
 637 033c 9B01     		.2byte	0x19b
 638 033e 83020000 		.4byte	0x283
 639 0342 18       		.byte	0x18
 640 0343 00       		.byte	0
 641 0344 03       		.uleb128 0x3
 642 0345 FD050000 		.4byte	.LASF65
 643 0349 06       		.byte	0x6
 644 034a 5C       		.byte	0x5c
 645 034b 4F030000 		.4byte	0x34f
 646 034f 0A       		.uleb128 0xa
 647 0350 04       		.byte	0x4
 648 0351 55030000 		.4byte	0x355
 649 0355 0C       		.uleb128 0xc
 650 0356 60030000 		.4byte	0x360
 651 035a 0D       		.uleb128 0xd
 652 035b 60030000 		.4byte	0x360
 653 035f 00       		.byte	0
 654 0360 0E       		.uleb128 0xe
 655 0361 04       		.byte	0x4
 656 0362 03       		.uleb128 0x3
 657 0363 C5040000 		.4byte	.LASF66
 658 0367 06       		.byte	0x6
 659 0368 61       		.byte	0x61
 660 0369 6D030000 		.4byte	0x36d
 661 036d 0B       		.uleb128 0xb
 662 036e 57050000 		.4byte	.LASF67
 663 0372 14       		.byte	0x14
 664 0373 07       		.byte	0x7
 665 0374 6B01     		.2byte	0x16b
 666 0376 BC030000 		.4byte	0x3bc
 667 037a 09       		.uleb128 0x9
 668 037b EC020000 		.4byte	.LASF68
 669 037f 07       		.byte	0x7
 670 0380 6C01     		.2byte	0x16c
ARM GAS  /tmp/cc0FHC0V.s 			page 13


 671 0382 A8070000 		.4byte	0x7a8
 672 0386 00       		.byte	0
 673 0387 09       		.uleb128 0x9
 674 0388 8B020000 		.4byte	.LASF69
 675 038c 07       		.byte	0x7
 676 038d 6D01     		.2byte	0x16d
 677 038f A8070000 		.4byte	0x7a8
 678 0393 04       		.byte	0x4
 679 0394 09       		.uleb128 0x9
 680 0395 98050000 		.4byte	.LASF70
 681 0399 07       		.byte	0x7
 682 039a 6E01     		.2byte	0x16e
 683 039c 5C010000 		.4byte	0x15c
 684 03a0 08       		.byte	0x8
 685 03a1 09       		.uleb128 0x9
 686 03a2 D4060000 		.4byte	.LASF71
 687 03a6 07       		.byte	0x7
 688 03a7 6F01     		.2byte	0x16f
 689 03a9 44030000 		.4byte	0x344
 690 03ad 0C       		.byte	0xc
 691 03ae 09       		.uleb128 0x9
 692 03af 3F060000 		.4byte	.LASF72
 693 03b3 07       		.byte	0x7
 694 03b4 7101     		.2byte	0x171
 695 03b6 60030000 		.4byte	0x360
 696 03ba 10       		.byte	0x10
 697 03bb 00       		.byte	0
 698 03bc 03       		.uleb128 0x3
 699 03bd F5000000 		.4byte	.LASF73
 700 03c1 06       		.byte	0x6
 701 03c2 66       		.byte	0x66
 702 03c3 C7030000 		.4byte	0x3c7
 703 03c7 0B       		.uleb128 0xb
 704 03c8 1D040000 		.4byte	.LASF74
 705 03cc 10       		.byte	0x10
 706 03cd 07       		.byte	0x7
 707 03ce 7B01     		.2byte	0x17b
 708 03d0 09040000 		.4byte	0x409
 709 03d4 09       		.uleb128 0x9
 710 03d5 EC020000 		.4byte	.LASF68
 711 03d9 07       		.byte	0x7
 712 03da 7C01     		.2byte	0x17c
 713 03dc A8070000 		.4byte	0x7a8
 714 03e0 00       		.byte	0
 715 03e1 09       		.uleb128 0x9
 716 03e2 8B020000 		.4byte	.LASF69
 717 03e6 07       		.byte	0x7
 718 03e7 7E01     		.2byte	0x17e
 719 03e9 A8070000 		.4byte	0x7a8
 720 03ed 04       		.byte	0x4
 721 03ee 09       		.uleb128 0x9
 722 03ef 98050000 		.4byte	.LASF70
 723 03f3 07       		.byte	0x7
 724 03f4 8001     		.2byte	0x180
 725 03f6 5C010000 		.4byte	0x15c
 726 03fa 08       		.byte	0x8
 727 03fb 09       		.uleb128 0x9
ARM GAS  /tmp/cc0FHC0V.s 			page 14


 728 03fc 49040000 		.4byte	.LASF75
 729 0400 07       		.byte	0x7
 730 0401 8801     		.2byte	0x188
 731 0403 5C010000 		.4byte	0x15c
 732 0407 0C       		.byte	0xc
 733 0408 00       		.byte	0
 734 0409 03       		.uleb128 0x3
 735 040a 6E000000 		.4byte	.LASF76
 736 040e 06       		.byte	0x6
 737 040f 6B       		.byte	0x6b
 738 0410 14040000 		.4byte	0x414
 739 0414 0F       		.uleb128 0xf
 740 0415 93020000 		.4byte	.LASF77
 741 0419 1404     		.2byte	0x414
 742 041b 07       		.byte	0x7
 743 041c A201     		.2byte	0x1a2
 744 041e 57040000 		.4byte	0x457
 745 0422 09       		.uleb128 0x9
 746 0423 1E060000 		.4byte	.LASF78
 747 0427 07       		.byte	0x7
 748 0428 AA01     		.2byte	0x1aa
 749 042a AE070000 		.4byte	0x7ae
 750 042e 00       		.byte	0
 751 042f 09       		.uleb128 0x9
 752 0430 66060000 		.4byte	.LASF79
 753 0434 07       		.byte	0x7
 754 0435 AF01     		.2byte	0x1af
 755 0437 46010000 		.4byte	0x146
 756 043b 04       		.byte	0x4
 757 043c 09       		.uleb128 0x9
 758 043d B6020000 		.4byte	.LASF80
 759 0441 07       		.byte	0x7
 760 0442 B301     		.2byte	0x1b3
 761 0444 46010000 		.4byte	0x146
 762 0448 08       		.byte	0x8
 763 0449 09       		.uleb128 0x9
 764 044a 99060000 		.4byte	.LASF81
 765 044e 07       		.byte	0x7
 766 044f B901     		.2byte	0x1b9
 767 0451 0E060000 		.4byte	0x60e
 768 0455 0C       		.byte	0xc
 769 0456 00       		.byte	0
 770 0457 03       		.uleb128 0x3
 771 0458 8A030000 		.4byte	.LASF82
 772 045c 06       		.byte	0x6
 773 045d 70       		.byte	0x70
 774 045e 62040000 		.4byte	0x462
 775 0462 0F       		.uleb128 0xf
 776 0463 64010000 		.4byte	.LASF83
 777 0467 D805     		.2byte	0x5d8
 778 0469 07       		.byte	0x7
 779 046a C201     		.2byte	0x1c2
 780 046c CF040000 		.4byte	0x4cf
 781 0470 09       		.uleb128 0x9
 782 0471 6E060000 		.4byte	.LASF84
 783 0475 07       		.byte	0x7
 784 0476 C601     		.2byte	0x1c6
ARM GAS  /tmp/cc0FHC0V.s 			page 15


 785 0478 DD020000 		.4byte	0x2dd
 786 047c 00       		.byte	0
 787 047d 09       		.uleb128 0x9
 788 047e 57010000 		.4byte	.LASF85
 789 0482 07       		.byte	0x7
 790 0483 CA01     		.2byte	0x1ca
 791 0485 BC030000 		.4byte	0x3bc
 792 0489 1C       		.byte	0x1c
 793 048a 08       		.uleb128 0x8
 794 048b 64626700 		.ascii	"dbg\000"
 795 048f 07       		.byte	0x7
 796 0490 CE01     		.2byte	0x1ce
 797 0492 09040000 		.4byte	0x409
 798 0496 2C       		.byte	0x2c
 799 0497 10       		.uleb128 0x10
 800 0498 EA000000 		.4byte	.LASF86
 801 049c 07       		.byte	0x7
 802 049d D201     		.2byte	0x1d2
 803 049f 67010000 		.4byte	0x167
 804 04a3 4004     		.2byte	0x440
 805 04a5 11       		.uleb128 0x11
 806 04a6 746D00   		.ascii	"tm\000"
 807 04a9 07       		.byte	0x7
 808 04aa D701     		.2byte	0x1d7
 809 04ac 2E060000 		.4byte	0x62e
 810 04b0 A004     		.2byte	0x4a0
 811 04b2 10       		.uleb128 0x10
 812 04b3 33000000 		.4byte	.LASF87
 813 04b7 07       		.byte	0x7
 814 04b8 DD01     		.2byte	0x1dd
 815 04ba C0060000 		.4byte	0x6c0
 816 04be A804     		.2byte	0x4a8
 817 04c0 10       		.uleb128 0x10
 818 04c1 BF020000 		.4byte	.LASF88
 819 04c5 07       		.byte	0x7
 820 04c6 E301     		.2byte	0x1e3
 821 04c8 B3070000 		.4byte	0x7b3
 822 04cc E004     		.2byte	0x4e0
 823 04ce 00       		.byte	0
 824 04cf 04       		.uleb128 0x4
 825 04d0 04       		.byte	0x4
 826 04d1 07       		.byte	0x7
 827 04d2 F8030000 		.4byte	.LASF89
 828 04d6 03       		.uleb128 0x3
 829 04d7 82020000 		.4byte	.LASF90
 830 04db 08       		.byte	0x8
 831 04dc 65       		.byte	0x65
 832 04dd 60030000 		.4byte	0x360
 833 04e1 03       		.uleb128 0x3
 834 04e2 DB030000 		.4byte	.LASF91
 835 04e6 08       		.byte	0x8
 836 04e7 6D       		.byte	0x6d
 837 04e8 D9000000 		.4byte	0xd9
 838 04ec 06       		.uleb128 0x6
 839 04ed 2F060000 		.4byte	.LASF92
 840 04f1 04       		.byte	0x4
 841 04f2 08       		.byte	0x8
ARM GAS  /tmp/cc0FHC0V.s 			page 16


 842 04f3 89       		.byte	0x89
 843 04f4 05050000 		.4byte	0x505
 844 04f8 12       		.uleb128 0x12
 845 04f9 72313300 		.ascii	"r13\000"
 846 04fd 08       		.byte	0x8
 847 04fe 8A       		.byte	0x8a
 848 04ff 80050000 		.4byte	0x580
 849 0503 00       		.byte	0
 850 0504 00       		.byte	0
 851 0505 06       		.uleb128 0x6
 852 0506 51000000 		.4byte	.LASF93
 853 050a 24       		.byte	0x24
 854 050b 09       		.byte	0x9
 855 050c FD       		.byte	0xfd
 856 050d 80050000 		.4byte	0x580
 857 0511 08       		.uleb128 0x8
 858 0512 723400   		.ascii	"r4\000"
 859 0515 09       		.byte	0x9
 860 0516 1001     		.2byte	0x110
 861 0518 D6040000 		.4byte	0x4d6
 862 051c 00       		.byte	0
 863 051d 08       		.uleb128 0x8
 864 051e 723500   		.ascii	"r5\000"
 865 0521 09       		.byte	0x9
 866 0522 1101     		.2byte	0x111
 867 0524 D6040000 		.4byte	0x4d6
 868 0528 04       		.byte	0x4
 869 0529 08       		.uleb128 0x8
 870 052a 723600   		.ascii	"r6\000"
 871 052d 09       		.byte	0x9
 872 052e 1201     		.2byte	0x112
 873 0530 D6040000 		.4byte	0x4d6
 874 0534 08       		.byte	0x8
 875 0535 08       		.uleb128 0x8
 876 0536 723700   		.ascii	"r7\000"
 877 0539 09       		.byte	0x9
 878 053a 1301     		.2byte	0x113
 879 053c D6040000 		.4byte	0x4d6
 880 0540 0C       		.byte	0xc
 881 0541 08       		.uleb128 0x8
 882 0542 723800   		.ascii	"r8\000"
 883 0545 09       		.byte	0x9
 884 0546 1401     		.2byte	0x114
 885 0548 D6040000 		.4byte	0x4d6
 886 054c 10       		.byte	0x10
 887 054d 08       		.uleb128 0x8
 888 054e 723900   		.ascii	"r9\000"
 889 0551 09       		.byte	0x9
 890 0552 1501     		.2byte	0x115
 891 0554 D6040000 		.4byte	0x4d6
 892 0558 14       		.byte	0x14
 893 0559 08       		.uleb128 0x8
 894 055a 72313000 		.ascii	"r10\000"
 895 055e 09       		.byte	0x9
 896 055f 1601     		.2byte	0x116
 897 0561 D6040000 		.4byte	0x4d6
 898 0565 18       		.byte	0x18
ARM GAS  /tmp/cc0FHC0V.s 			page 17


 899 0566 08       		.uleb128 0x8
 900 0567 72313100 		.ascii	"r11\000"
 901 056b 09       		.byte	0x9
 902 056c 1701     		.2byte	0x117
 903 056e D6040000 		.4byte	0x4d6
 904 0572 1C       		.byte	0x1c
 905 0573 08       		.uleb128 0x8
 906 0574 6C7200   		.ascii	"lr\000"
 907 0577 09       		.byte	0x9
 908 0578 1801     		.2byte	0x118
 909 057a D6040000 		.4byte	0x4d6
 910 057e 20       		.byte	0x20
 911 057f 00       		.byte	0
 912 0580 0A       		.uleb128 0xa
 913 0581 04       		.byte	0x4
 914 0582 05050000 		.4byte	0x505
 915 0586 13       		.uleb128 0x13
 916 0587 10       		.byte	0x10
 917 0588 0A       		.byte	0xa
 918 0589 51       		.byte	0x51
 919 058a BF050000 		.4byte	0x5bf
 920 058e 07       		.uleb128 0x7
 921 058f 14000000 		.4byte	.LASF94
 922 0593 0A       		.byte	0xa
 923 0594 55       		.byte	0x55
 924 0595 5C010000 		.4byte	0x15c
 925 0599 00       		.byte	0
 926 059a 07       		.uleb128 0x7
 927 059b 80010000 		.4byte	.LASF95
 928 059f 0A       		.byte	0xa
 929 05a0 59       		.byte	0x59
 930 05a1 83020000 		.4byte	0x283
 931 05a5 04       		.byte	0x4
 932 05a6 07       		.uleb128 0x7
 933 05a7 C4060000 		.4byte	.LASF96
 934 05ab 0A       		.byte	0xa
 935 05ac 5D       		.byte	0x5d
 936 05ad 60030000 		.4byte	0x360
 937 05b1 08       		.byte	0x8
 938 05b2 07       		.uleb128 0x7
 939 05b3 D2000000 		.4byte	.LASF97
 940 05b7 0A       		.byte	0xa
 941 05b8 61       		.byte	0x61
 942 05b9 AD000000 		.4byte	0xad
 943 05bd 0C       		.byte	0xc
 944 05be 00       		.byte	0
 945 05bf 03       		.uleb128 0x3
 946 05c0 3A040000 		.4byte	.LASF98
 947 05c4 0A       		.byte	0xa
 948 05c5 62       		.byte	0x62
 949 05c6 86050000 		.4byte	0x586
 950 05ca 14       		.uleb128 0x14
 951 05cb 0804     		.2byte	0x408
 952 05cd 0A       		.byte	0xa
 953 05ce 67       		.byte	0x67
 954 05cf F8050000 		.4byte	0x5f8
 955 05d3 07       		.uleb128 0x7
ARM GAS  /tmp/cc0FHC0V.s 			page 18


 956 05d4 6A020000 		.4byte	.LASF99
 957 05d8 0A       		.byte	0xa
 958 05d9 6B       		.byte	0x6b
 959 05da 37000000 		.4byte	0x37
 960 05de 00       		.byte	0
 961 05df 07       		.uleb128 0x7
 962 05e0 00000000 		.4byte	.LASF100
 963 05e4 0A       		.byte	0xa
 964 05e5 6F       		.byte	0x6f
 965 05e6 F8050000 		.4byte	0x5f8
 966 05ea 04       		.byte	0x4
 967 05eb 07       		.uleb128 0x7
 968 05ec BB040000 		.4byte	.LASF101
 969 05f0 0A       		.byte	0xa
 970 05f1 73       		.byte	0x73
 971 05f2 FE050000 		.4byte	0x5fe
 972 05f6 08       		.byte	0x8
 973 05f7 00       		.byte	0
 974 05f8 0A       		.uleb128 0xa
 975 05f9 04       		.byte	0x4
 976 05fa BF050000 		.4byte	0x5bf
 977 05fe 15       		.uleb128 0x15
 978 05ff BF050000 		.4byte	0x5bf
 979 0603 0E060000 		.4byte	0x60e
 980 0607 16       		.uleb128 0x16
 981 0608 CF040000 		.4byte	0x4cf
 982 060c 3F       		.byte	0x3f
 983 060d 00       		.byte	0
 984 060e 03       		.uleb128 0x3
 985 060f C0000000 		.4byte	.LASF102
 986 0613 0A       		.byte	0xa
 987 0614 74       		.byte	0x74
 988 0615 CA050000 		.4byte	0x5ca
 989 0619 13       		.uleb128 0x13
 990 061a 04       		.byte	0x4
 991 061b 0B       		.byte	0xb
 992 061c 38       		.byte	0x38
 993 061d 2E060000 		.4byte	0x62e
 994 0621 07       		.uleb128 0x7
 995 0622 28060000 		.4byte	.LASF103
 996 0626 0B       		.byte	0xb
 997 0627 3C       		.byte	0x3c
 998 0628 EE000000 		.4byte	0xee
 999 062c 00       		.byte	0
 1000 062d 00       		.byte	0
 1001 062e 03       		.uleb128 0x3
 1002 062f 63040000 		.4byte	.LASF104
 1003 0633 0B       		.byte	0xb
 1004 0634 3D       		.byte	0x3d
 1005 0635 19060000 		.4byte	0x619
 1006 0639 13       		.uleb128 0x13
 1007 063a 18       		.byte	0x18
 1008 063b 0B       		.byte	0xb
 1009 063c 48       		.byte	0x48
 1010 063d 7C060000 		.4byte	0x67c
 1011 0641 07       		.uleb128 0x7
 1012 0642 DC050000 		.4byte	.LASF105
ARM GAS  /tmp/cc0FHC0V.s 			page 19


 1013 0646 0B       		.byte	0xb
 1014 0647 49       		.byte	0x49
 1015 0648 EE000000 		.4byte	0xee
 1016 064c 00       		.byte	0
 1017 064d 07       		.uleb128 0x7
 1018 064e 8A000000 		.4byte	.LASF106
 1019 0652 0B       		.byte	0xb
 1020 0653 4A       		.byte	0x4a
 1021 0654 EE000000 		.4byte	0xee
 1022 0658 04       		.byte	0x4
 1023 0659 07       		.uleb128 0x7
 1024 065a 7E030000 		.4byte	.LASF107
 1025 065e 0B       		.byte	0xb
 1026 065f 4B       		.byte	0x4b
 1027 0660 EE000000 		.4byte	0xee
 1028 0664 08       		.byte	0x8
 1029 0665 12       		.uleb128 0x12
 1030 0666 6E00     		.ascii	"n\000"
 1031 0668 0B       		.byte	0xb
 1032 0669 4C       		.byte	0x4c
 1033 066a 51010000 		.4byte	0x151
 1034 066e 0C       		.byte	0xc
 1035 066f 07       		.uleb128 0x7
 1036 0670 A3040000 		.4byte	.LASF108
 1037 0674 0B       		.byte	0xb
 1038 0675 4D       		.byte	0x4d
 1039 0676 F9000000 		.4byte	0xf9
 1040 067a 10       		.byte	0x10
 1041 067b 00       		.byte	0
 1042 067c 03       		.uleb128 0x3
 1043 067d 90000000 		.4byte	.LASF109
 1044 0681 0B       		.byte	0xb
 1045 0682 4E       		.byte	0x4e
 1046 0683 39060000 		.4byte	0x639
 1047 0687 13       		.uleb128 0x13
 1048 0688 38       		.byte	0x38
 1049 0689 0C       		.byte	0xc
 1050 068a 38       		.byte	0x38
 1051 068b C0060000 		.4byte	0x6c0
 1052 068f 07       		.uleb128 0x7
 1053 0690 40030000 		.4byte	.LASF110
 1054 0694 0C       		.byte	0xc
 1055 0695 39       		.byte	0x39
 1056 0696 51010000 		.4byte	0x151
 1057 069a 00       		.byte	0
 1058 069b 07       		.uleb128 0x7
 1059 069c E4040000 		.4byte	.LASF111
 1060 06a0 0C       		.byte	0xc
 1061 06a1 3A       		.byte	0x3a
 1062 06a2 51010000 		.4byte	0x151
 1063 06a6 04       		.byte	0x4
 1064 06a7 07       		.uleb128 0x7
 1065 06a8 B1060000 		.4byte	.LASF112
 1066 06ac 0C       		.byte	0xc
 1067 06ad 3B       		.byte	0x3b
 1068 06ae 7C060000 		.4byte	0x67c
 1069 06b2 08       		.byte	0x8
ARM GAS  /tmp/cc0FHC0V.s 			page 20


 1070 06b3 07       		.uleb128 0x7
 1071 06b4 AC030000 		.4byte	.LASF113
 1072 06b8 0C       		.byte	0xc
 1073 06b9 3D       		.byte	0x3d
 1074 06ba 7C060000 		.4byte	0x67c
 1075 06be 20       		.byte	0x20
 1076 06bf 00       		.byte	0
 1077 06c0 03       		.uleb128 0x3
 1078 06c1 5F030000 		.4byte	.LASF114
 1079 06c5 0C       		.byte	0xc
 1080 06c6 3F       		.byte	0x3f
 1081 06c7 87060000 		.4byte	0x687
 1082 06cb 17       		.uleb128 0x17
 1083 06cc 04       		.byte	0x4
 1084 06cd 07       		.byte	0x7
 1085 06ce FA       		.byte	0xfa
 1086 06cf 28070000 		.4byte	0x728
 1087 06d3 18       		.uleb128 0x18
 1088 06d4 23000000 		.4byte	.LASF115
 1089 06d8 07       		.byte	0x7
 1090 06d9 0101     		.2byte	0x101
 1091 06db 30010000 		.4byte	0x130
 1092 06df 18       		.uleb128 0x18
 1093 06e0 E1000000 		.4byte	.LASF116
 1094 06e4 07       		.byte	0x7
 1095 06e5 0801     		.2byte	0x108
 1096 06e7 30010000 		.4byte	0x130
 1097 06eb 18       		.uleb128 0x18
 1098 06ec 7C060000 		.4byte	.LASF117
 1099 06f0 07       		.byte	0x7
 1100 06f1 0F01     		.2byte	0x10f
 1101 06f3 60030000 		.4byte	0x360
 1102 06f7 18       		.uleb128 0x18
 1103 06f8 5E010000 		.4byte	.LASF118
 1104 06fc 07       		.byte	0x7
 1105 06fd 1601     		.2byte	0x116
 1106 06ff 28070000 		.4byte	0x728
 1107 0703 18       		.uleb128 0x18
 1108 0704 FD020000 		.4byte	.LASF119
 1109 0708 07       		.byte	0x7
 1110 0709 1E01     		.2byte	0x11e
 1111 070b 53070000 		.4byte	0x753
 1112 070f 18       		.uleb128 0x18
 1113 0710 89050000 		.4byte	.LASF120
 1114 0714 07       		.byte	0x7
 1115 0715 2701     		.2byte	0x127
 1116 0717 8A070000 		.4byte	0x78a
 1117 071b 18       		.uleb128 0x18
 1118 071c 39050000 		.4byte	.LASF121
 1119 0720 07       		.byte	0x7
 1120 0721 2F01     		.2byte	0x12f
 1121 0723 3B010000 		.4byte	0x13b
 1122 0727 00       		.byte	0
 1123 0728 0A       		.uleb128 0xa
 1124 0729 04       		.byte	0x4
 1125 072a 78020000 		.4byte	0x278
 1126 072e 06       		.uleb128 0x6
ARM GAS  /tmp/cc0FHC0V.s 			page 21


 1127 072f 68050000 		.4byte	.LASF122
 1128 0733 0C       		.byte	0xc
 1129 0734 0D       		.byte	0xd
 1130 0735 34       		.byte	0x34
 1131 0736 53070000 		.4byte	0x753
 1132 073a 07       		.uleb128 0x7
 1133 073b 62020000 		.4byte	.LASF123
 1134 073f 0D       		.byte	0xd
 1135 0740 35       		.byte	0x35
 1136 0741 AD020000 		.4byte	0x2ad
 1137 0745 00       		.byte	0
 1138 0746 07       		.uleb128 0x7
 1139 0747 46030000 		.4byte	.LASF124
 1140 074b 0D       		.byte	0xd
 1141 074c 37       		.byte	0x37
 1142 074d 46010000 		.4byte	0x146
 1143 0751 08       		.byte	0x8
 1144 0752 00       		.byte	0
 1145 0753 0A       		.uleb128 0xa
 1146 0754 04       		.byte	0x4
 1147 0755 2E070000 		.4byte	0x72e
 1148 0759 06       		.uleb128 0x6
 1149 075a 56060000 		.4byte	.LASF125
 1150 075e 10       		.byte	0x10
 1151 075f 0E       		.byte	0xe
 1152 0760 39       		.byte	0x39
 1153 0761 8A070000 		.4byte	0x78a
 1154 0765 07       		.uleb128 0x7
 1155 0766 4F010000 		.4byte	.LASF126
 1156 076a 0E       		.byte	0xe
 1157 076b 3A       		.byte	0x3a
 1158 076c AD020000 		.4byte	0x2ad
 1159 0770 00       		.byte	0
 1160 0771 07       		.uleb128 0x7
 1161 0772 BC060000 		.4byte	.LASF127
 1162 0776 0E       		.byte	0xe
 1163 0777 3C       		.byte	0x3c
 1164 0778 83020000 		.4byte	0x283
 1165 077c 08       		.byte	0x8
 1166 077d 07       		.uleb128 0x7
 1167 077e E1050000 		.4byte	.LASF128
 1168 0782 0E       		.byte	0xe
 1169 0783 3E       		.byte	0x3e
 1170 0784 CE070000 		.4byte	0x7ce
 1171 0788 0C       		.byte	0xc
 1172 0789 00       		.byte	0
 1173 078a 0A       		.uleb128 0xa
 1174 078b 04       		.byte	0x4
 1175 078c 59070000 		.4byte	0x759
 1176 0790 0A       		.uleb128 0xa
 1177 0791 04       		.byte	0x4
 1178 0792 96070000 		.4byte	0x796
 1179 0796 19       		.uleb128 0x19
 1180 0797 9B070000 		.4byte	0x79b
 1181 079b 04       		.uleb128 0x4
 1182 079c 01       		.byte	0x1
 1183 079d 08       		.byte	0x8
ARM GAS  /tmp/cc0FHC0V.s 			page 22


 1184 079e C3050000 		.4byte	.LASF129
 1185 07a2 0A       		.uleb128 0xa
 1186 07a3 04       		.byte	0x4
 1187 07a4 E1040000 		.4byte	0x4e1
 1188 07a8 0A       		.uleb128 0xa
 1189 07a9 04       		.byte	0x4
 1190 07aa 62030000 		.4byte	0x362
 1191 07ae 05       		.uleb128 0x5
 1192 07af 90070000 		.4byte	0x790
 1193 07b3 15       		.uleb128 0x15
 1194 07b4 E1040000 		.4byte	0x4e1
 1195 07b8 C3070000 		.4byte	0x7c3
 1196 07bc 16       		.uleb128 0x16
 1197 07bd CF040000 		.4byte	0x4cf
 1198 07c1 1E       		.byte	0x1e
 1199 07c2 00       		.byte	0
 1200 07c3 03       		.uleb128 0x3
 1201 07c4 AE020000 		.4byte	.LASF130
 1202 07c8 0E       		.byte	0xe
 1203 07c9 34       		.byte	0x34
 1204 07ca 59070000 		.4byte	0x759
 1205 07ce 0A       		.uleb128 0xa
 1206 07cf 04       		.byte	0x4
 1207 07d0 C3070000 		.4byte	0x7c3
 1208 07d4 04       		.uleb128 0x4
 1209 07d5 01       		.byte	0x1
 1210 07d6 02       		.byte	0x2
 1211 07d7 ED040000 		.4byte	.LASF131
 1212 07db 13       		.uleb128 0x13
 1213 07dc 04       		.byte	0x4
 1214 07dd 0F       		.byte	0xf
 1215 07de B7       		.byte	0xb7
 1216 07df FC070000 		.4byte	0x7fc
 1217 07e3 12       		.uleb128 0x12
 1218 07e4 73657400 		.ascii	"set\000"
 1219 07e8 0F       		.byte	0xf
 1220 07e9 B8       		.byte	0xb8
 1221 07ea B8000000 		.4byte	0xb8
 1222 07ee 00       		.byte	0
 1223 07ef 07       		.uleb128 0x7
 1224 07f0 34040000 		.4byte	.LASF132
 1225 07f4 0F       		.byte	0xf
 1226 07f5 B9       		.byte	0xb9
 1227 07f6 B8000000 		.4byte	0xb8
 1228 07fa 02       		.byte	0x2
 1229 07fb 00       		.byte	0
 1230 07fc 17       		.uleb128 0x17
 1231 07fd 04       		.byte	0x4
 1232 07fe 0F       		.byte	0xf
 1233 07ff B5       		.byte	0xb5
 1234 0800 17080000 		.4byte	0x817
 1235 0804 1A       		.uleb128 0x1a
 1236 0805 5700     		.ascii	"W\000"
 1237 0807 0F       		.byte	0xf
 1238 0808 B6       		.byte	0xb6
 1239 0809 CE000000 		.4byte	0xce
 1240 080d 1A       		.uleb128 0x1a
ARM GAS  /tmp/cc0FHC0V.s 			page 23


 1241 080e 4800     		.ascii	"H\000"
 1242 0810 0F       		.byte	0xf
 1243 0811 BA       		.byte	0xba
 1244 0812 DB070000 		.4byte	0x7db
 1245 0816 00       		.byte	0
 1246 0817 13       		.uleb128 0x13
 1247 0818 2C       		.byte	0x2c
 1248 0819 0F       		.byte	0xf
 1249 081a AD       		.byte	0xad
 1250 081b A4080000 		.4byte	0x8a4
 1251 081f 07       		.uleb128 0x7
 1252 0820 A3000000 		.4byte	.LASF133
 1253 0824 0F       		.byte	0xf
 1254 0825 AF       		.byte	0xaf
 1255 0826 E9000000 		.4byte	0xe9
 1256 082a 00       		.byte	0
 1257 082b 07       		.uleb128 0x7
 1258 082c 4A000000 		.4byte	.LASF134
 1259 0830 0F       		.byte	0xf
 1260 0831 B0       		.byte	0xb0
 1261 0832 E9000000 		.4byte	0xe9
 1262 0836 04       		.byte	0x4
 1263 0837 07       		.uleb128 0x7
 1264 0838 72020000 		.4byte	.LASF135
 1265 083c 0F       		.byte	0xf
 1266 083d B1       		.byte	0xb1
 1267 083e E9000000 		.4byte	0xe9
 1268 0842 08       		.byte	0x8
 1269 0843 07       		.uleb128 0x7
 1270 0844 DB000000 		.4byte	.LASF136
 1271 0848 0F       		.byte	0xf
 1272 0849 B2       		.byte	0xb2
 1273 084a E9000000 		.4byte	0xe9
 1274 084e 0C       		.byte	0xc
 1275 084f 12       		.uleb128 0x12
 1276 0850 49445200 		.ascii	"IDR\000"
 1277 0854 0F       		.byte	0xf
 1278 0855 B3       		.byte	0xb3
 1279 0856 E9000000 		.4byte	0xe9
 1280 085a 10       		.byte	0x10
 1281 085b 12       		.uleb128 0x12
 1282 085c 4F445200 		.ascii	"ODR\000"
 1283 0860 0F       		.byte	0xf
 1284 0861 B4       		.byte	0xb4
 1285 0862 E9000000 		.4byte	0xe9
 1286 0866 14       		.byte	0x14
 1287 0867 07       		.uleb128 0x7
 1288 0868 42010000 		.4byte	.LASF137
 1289 086c 0F       		.byte	0xf
 1290 086d BB       		.byte	0xbb
 1291 086e A4080000 		.4byte	0x8a4
 1292 0872 18       		.byte	0x18
 1293 0873 07       		.uleb128 0x7
 1294 0874 3B030000 		.4byte	.LASF138
 1295 0878 0F       		.byte	0xf
 1296 0879 BC       		.byte	0xbc
 1297 087a E9000000 		.4byte	0xe9
ARM GAS  /tmp/cc0FHC0V.s 			page 24


 1298 087e 1C       		.byte	0x1c
 1299 087f 07       		.uleb128 0x7
 1300 0880 AE040000 		.4byte	.LASF139
 1301 0884 0F       		.byte	0xf
 1302 0885 BD       		.byte	0xbd
 1303 0886 E9000000 		.4byte	0xe9
 1304 088a 20       		.byte	0x20
 1305 088b 07       		.uleb128 0x7
 1306 088c 9E040000 		.4byte	.LASF140
 1307 0890 0F       		.byte	0xf
 1308 0891 BE       		.byte	0xbe
 1309 0892 E9000000 		.4byte	0xe9
 1310 0896 24       		.byte	0x24
 1311 0897 12       		.uleb128 0x12
 1312 0898 42525200 		.ascii	"BRR\000"
 1313 089c 0F       		.byte	0xf
 1314 089d BF       		.byte	0xbf
 1315 089e E9000000 		.4byte	0xe9
 1316 08a2 28       		.byte	0x28
 1317 08a3 00       		.byte	0
 1318 08a4 05       		.uleb128 0x5
 1319 08a5 FC070000 		.4byte	0x7fc
 1320 08a9 03       		.uleb128 0x3
 1321 08aa 25050000 		.4byte	.LASF141
 1322 08ae 0F       		.byte	0xf
 1323 08af C0       		.byte	0xc0
 1324 08b0 17080000 		.4byte	0x817
 1325 08b4 1B       		.uleb128 0x1b
 1326 08b5 7D000000 		.4byte	.LASF142
 1327 08b9 0F       		.byte	0xf
 1328 08ba 1A01     		.2byte	0x11a
 1329 08bc CE000000 		.4byte	0xce
 1330 08c0 1C       		.uleb128 0x1c
 1331 08c1 AC060000 		.4byte	.LASF154
 1332 08c5 01       		.byte	0x1
 1333 08c6 06       		.byte	0x6
 1334 08c7 25000000 		.4byte	0x25
 1335 08cb 00000000 		.4byte	.LFB271
 1336 08cf 64000000 		.4byte	.LFE271-.LFB271
 1337 08d3 01       		.uleb128 0x1
 1338 08d4 9C       		.byte	0x9c
 1339 08d5 F3080000 		.4byte	0x8f3
 1340 08d9 1D       		.uleb128 0x1d
 1341 08da 14040000 		.4byte	.LASF146
 1342 08de 01       		.byte	0x1
 1343 08df 09       		.byte	0x9
 1344 08e0 83020000 		.4byte	0x283
 1345 08e4 02       		.uleb128 0x2
 1346 08e5 91       		.byte	0x91
 1347 08e6 74       		.sleb128 -12
 1348 08e7 1E       		.uleb128 0x1e
 1349 08e8 96030000 		.4byte	.LASF155
 1350 08ec 01       		.byte	0x1
 1351 08ed 09       		.byte	0x9
 1352 08ee 83020000 		.4byte	0x283
 1353 08f2 00       		.byte	0
 1354 08f3 1F       		.uleb128 0x1f
ARM GAS  /tmp/cc0FHC0V.s 			page 25


 1355 08f4 E6030000 		.4byte	.LASF143
 1356 08f8 01       		.byte	0x1
 1357 08f9 1F       		.byte	0x1f
 1358 08fa 00000000 		.4byte	.LFB272
 1359 08fe 64000000 		.4byte	.LFE272-.LFB272
 1360 0902 01       		.uleb128 0x1
 1361 0903 9C       		.byte	0x9c
 1362 0904 20       		.uleb128 0x20
 1363 0905 86010000 		.4byte	.LASF144
 1364 0909 01       		.byte	0x1
 1365 090a 38       		.byte	0x38
 1366 090b 00000000 		.4byte	.LFB273
 1367 090f 10000000 		.4byte	.LFE273-.LFB273
 1368 0913 01       		.uleb128 0x1
 1369 0914 9C       		.byte	0x9c
 1370 0915 20       		.uleb128 0x20
 1371 0916 74040000 		.4byte	.LASF145
 1372 091a 01       		.byte	0x1
 1373 091b 42       		.byte	0x42
 1374 091c 00000000 		.4byte	.LFB274
 1375 0920 04000000 		.4byte	.LFE274-.LFB274
 1376 0924 01       		.uleb128 0x1
 1377 0925 9C       		.byte	0x9c
 1378 0926 15       		.uleb128 0x15
 1379 0927 E1040000 		.4byte	0x4e1
 1380 092b 36090000 		.4byte	0x936
 1381 092f 16       		.uleb128 0x16
 1382 0930 CF040000 		.4byte	0x4cf
 1383 0934 24       		.byte	0x24
 1384 0935 00       		.byte	0
 1385 0936 1D       		.uleb128 0x1d
 1386 0937 11060000 		.4byte	.LASF147
 1387 093b 10       		.byte	0x10
 1388 093c 0E       		.byte	0xe
 1389 093d 26090000 		.4byte	0x926
 1390 0941 05       		.uleb128 0x5
 1391 0942 03       		.byte	0x3
 1392 0943 00000000 		.4byte	serialListen
 1393 0947 1D       		.uleb128 0x1d
 1394 0948 A3020000 		.4byte	.LASF148
 1395 094c 10       		.byte	0x10
 1396 094d 0F       		.byte	0xf
 1397 094e 26090000 		.4byte	0x926
 1398 0952 05       		.uleb128 0x5
 1399 0953 03       		.byte	0x3
 1400 0954 00000000 		.4byte	serialTalk
 1401 0958 21       		.uleb128 0x21
 1402 0959 0B010000 		.4byte	.LASF149
 1403 095d 11       		.byte	0x11
 1404 095e FA06     		.2byte	0x6fa
 1405 0960 E4000000 		.4byte	0xe4
 1406 0964 22       		.uleb128 0x22
 1407 0965 636800   		.ascii	"ch\000"
 1408 0968 07       		.byte	0x7
 1409 0969 0902     		.2byte	0x209
 1410 096b 57040000 		.4byte	0x457
 1411 096f 23       		.uleb128 0x23
ARM GAS  /tmp/cc0FHC0V.s 			page 26


 1412 0970 9A010000 		.4byte	.LASF150
 1413 0974 01       		.byte	0x1
 1414 0975 03       		.byte	0x3
 1415 0976 AD000000 		.4byte	0xad
 1416 097a 05       		.uleb128 0x5
 1417 097b 03       		.byte	0x3
 1418 097c 00000000 		.4byte	cca_exp_io_mode
 1419 0980 00       		.byte	0
 1420              		.section	.debug_abbrev,"",%progbits
 1421              	.Ldebug_abbrev0:
 1422 0000 01       		.uleb128 0x1
 1423 0001 11       		.uleb128 0x11
 1424 0002 01       		.byte	0x1
 1425 0003 25       		.uleb128 0x25
 1426 0004 0E       		.uleb128 0xe
 1427 0005 13       		.uleb128 0x13
 1428 0006 0B       		.uleb128 0xb
 1429 0007 03       		.uleb128 0x3
 1430 0008 0E       		.uleb128 0xe
 1431 0009 1B       		.uleb128 0x1b
 1432 000a 0E       		.uleb128 0xe
 1433 000b 55       		.uleb128 0x55
 1434 000c 17       		.uleb128 0x17
 1435 000d 11       		.uleb128 0x11
 1436 000e 01       		.uleb128 0x1
 1437 000f 10       		.uleb128 0x10
 1438 0010 17       		.uleb128 0x17
 1439 0011 00       		.byte	0
 1440 0012 00       		.byte	0
 1441 0013 02       		.uleb128 0x2
 1442 0014 24       		.uleb128 0x24
 1443 0015 00       		.byte	0
 1444 0016 0B       		.uleb128 0xb
 1445 0017 0B       		.uleb128 0xb
 1446 0018 3E       		.uleb128 0x3e
 1447 0019 0B       		.uleb128 0xb
 1448 001a 03       		.uleb128 0x3
 1449 001b 08       		.uleb128 0x8
 1450 001c 00       		.byte	0
 1451 001d 00       		.byte	0
 1452 001e 03       		.uleb128 0x3
 1453 001f 16       		.uleb128 0x16
 1454 0020 00       		.byte	0
 1455 0021 03       		.uleb128 0x3
 1456 0022 0E       		.uleb128 0xe
 1457 0023 3A       		.uleb128 0x3a
 1458 0024 0B       		.uleb128 0xb
 1459 0025 3B       		.uleb128 0x3b
 1460 0026 0B       		.uleb128 0xb
 1461 0027 49       		.uleb128 0x49
 1462 0028 13       		.uleb128 0x13
 1463 0029 00       		.byte	0
 1464 002a 00       		.byte	0
 1465 002b 04       		.uleb128 0x4
 1466 002c 24       		.uleb128 0x24
 1467 002d 00       		.byte	0
 1468 002e 0B       		.uleb128 0xb
ARM GAS  /tmp/cc0FHC0V.s 			page 27


 1469 002f 0B       		.uleb128 0xb
 1470 0030 3E       		.uleb128 0x3e
 1471 0031 0B       		.uleb128 0xb
 1472 0032 03       		.uleb128 0x3
 1473 0033 0E       		.uleb128 0xe
 1474 0034 00       		.byte	0
 1475 0035 00       		.byte	0
 1476 0036 05       		.uleb128 0x5
 1477 0037 35       		.uleb128 0x35
 1478 0038 00       		.byte	0
 1479 0039 49       		.uleb128 0x49
 1480 003a 13       		.uleb128 0x13
 1481 003b 00       		.byte	0
 1482 003c 00       		.byte	0
 1483 003d 06       		.uleb128 0x6
 1484 003e 13       		.uleb128 0x13
 1485 003f 01       		.byte	0x1
 1486 0040 03       		.uleb128 0x3
 1487 0041 0E       		.uleb128 0xe
 1488 0042 0B       		.uleb128 0xb
 1489 0043 0B       		.uleb128 0xb
 1490 0044 3A       		.uleb128 0x3a
 1491 0045 0B       		.uleb128 0xb
 1492 0046 3B       		.uleb128 0x3b
 1493 0047 0B       		.uleb128 0xb
 1494 0048 01       		.uleb128 0x1
 1495 0049 13       		.uleb128 0x13
 1496 004a 00       		.byte	0
 1497 004b 00       		.byte	0
 1498 004c 07       		.uleb128 0x7
 1499 004d 0D       		.uleb128 0xd
 1500 004e 00       		.byte	0
 1501 004f 03       		.uleb128 0x3
 1502 0050 0E       		.uleb128 0xe
 1503 0051 3A       		.uleb128 0x3a
 1504 0052 0B       		.uleb128 0xb
 1505 0053 3B       		.uleb128 0x3b
 1506 0054 0B       		.uleb128 0xb
 1507 0055 49       		.uleb128 0x49
 1508 0056 13       		.uleb128 0x13
 1509 0057 38       		.uleb128 0x38
 1510 0058 0B       		.uleb128 0xb
 1511 0059 00       		.byte	0
 1512 005a 00       		.byte	0
 1513 005b 08       		.uleb128 0x8
 1514 005c 0D       		.uleb128 0xd
 1515 005d 00       		.byte	0
 1516 005e 03       		.uleb128 0x3
 1517 005f 08       		.uleb128 0x8
 1518 0060 3A       		.uleb128 0x3a
 1519 0061 0B       		.uleb128 0xb
 1520 0062 3B       		.uleb128 0x3b
 1521 0063 05       		.uleb128 0x5
 1522 0064 49       		.uleb128 0x49
 1523 0065 13       		.uleb128 0x13
 1524 0066 38       		.uleb128 0x38
 1525 0067 0B       		.uleb128 0xb
ARM GAS  /tmp/cc0FHC0V.s 			page 28


 1526 0068 00       		.byte	0
 1527 0069 00       		.byte	0
 1528 006a 09       		.uleb128 0x9
 1529 006b 0D       		.uleb128 0xd
 1530 006c 00       		.byte	0
 1531 006d 03       		.uleb128 0x3
 1532 006e 0E       		.uleb128 0xe
 1533 006f 3A       		.uleb128 0x3a
 1534 0070 0B       		.uleb128 0xb
 1535 0071 3B       		.uleb128 0x3b
 1536 0072 05       		.uleb128 0x5
 1537 0073 49       		.uleb128 0x49
 1538 0074 13       		.uleb128 0x13
 1539 0075 38       		.uleb128 0x38
 1540 0076 0B       		.uleb128 0xb
 1541 0077 00       		.byte	0
 1542 0078 00       		.byte	0
 1543 0079 0A       		.uleb128 0xa
 1544 007a 0F       		.uleb128 0xf
 1545 007b 00       		.byte	0
 1546 007c 0B       		.uleb128 0xb
 1547 007d 0B       		.uleb128 0xb
 1548 007e 49       		.uleb128 0x49
 1549 007f 13       		.uleb128 0x13
 1550 0080 00       		.byte	0
 1551 0081 00       		.byte	0
 1552 0082 0B       		.uleb128 0xb
 1553 0083 13       		.uleb128 0x13
 1554 0084 01       		.byte	0x1
 1555 0085 03       		.uleb128 0x3
 1556 0086 0E       		.uleb128 0xe
 1557 0087 0B       		.uleb128 0xb
 1558 0088 0B       		.uleb128 0xb
 1559 0089 3A       		.uleb128 0x3a
 1560 008a 0B       		.uleb128 0xb
 1561 008b 3B       		.uleb128 0x3b
 1562 008c 05       		.uleb128 0x5
 1563 008d 01       		.uleb128 0x1
 1564 008e 13       		.uleb128 0x13
 1565 008f 00       		.byte	0
 1566 0090 00       		.byte	0
 1567 0091 0C       		.uleb128 0xc
 1568 0092 15       		.uleb128 0x15
 1569 0093 01       		.byte	0x1
 1570 0094 27       		.uleb128 0x27
 1571 0095 19       		.uleb128 0x19
 1572 0096 01       		.uleb128 0x1
 1573 0097 13       		.uleb128 0x13
 1574 0098 00       		.byte	0
 1575 0099 00       		.byte	0
 1576 009a 0D       		.uleb128 0xd
 1577 009b 05       		.uleb128 0x5
 1578 009c 00       		.byte	0
 1579 009d 49       		.uleb128 0x49
 1580 009e 13       		.uleb128 0x13
 1581 009f 00       		.byte	0
 1582 00a0 00       		.byte	0
ARM GAS  /tmp/cc0FHC0V.s 			page 29


 1583 00a1 0E       		.uleb128 0xe
 1584 00a2 0F       		.uleb128 0xf
 1585 00a3 00       		.byte	0
 1586 00a4 0B       		.uleb128 0xb
 1587 00a5 0B       		.uleb128 0xb
 1588 00a6 00       		.byte	0
 1589 00a7 00       		.byte	0
 1590 00a8 0F       		.uleb128 0xf
 1591 00a9 13       		.uleb128 0x13
 1592 00aa 01       		.byte	0x1
 1593 00ab 03       		.uleb128 0x3
 1594 00ac 0E       		.uleb128 0xe
 1595 00ad 0B       		.uleb128 0xb
 1596 00ae 05       		.uleb128 0x5
 1597 00af 3A       		.uleb128 0x3a
 1598 00b0 0B       		.uleb128 0xb
 1599 00b1 3B       		.uleb128 0x3b
 1600 00b2 05       		.uleb128 0x5
 1601 00b3 01       		.uleb128 0x1
 1602 00b4 13       		.uleb128 0x13
 1603 00b5 00       		.byte	0
 1604 00b6 00       		.byte	0
 1605 00b7 10       		.uleb128 0x10
 1606 00b8 0D       		.uleb128 0xd
 1607 00b9 00       		.byte	0
 1608 00ba 03       		.uleb128 0x3
 1609 00bb 0E       		.uleb128 0xe
 1610 00bc 3A       		.uleb128 0x3a
 1611 00bd 0B       		.uleb128 0xb
 1612 00be 3B       		.uleb128 0x3b
 1613 00bf 05       		.uleb128 0x5
 1614 00c0 49       		.uleb128 0x49
 1615 00c1 13       		.uleb128 0x13
 1616 00c2 38       		.uleb128 0x38
 1617 00c3 05       		.uleb128 0x5
 1618 00c4 00       		.byte	0
 1619 00c5 00       		.byte	0
 1620 00c6 11       		.uleb128 0x11
 1621 00c7 0D       		.uleb128 0xd
 1622 00c8 00       		.byte	0
 1623 00c9 03       		.uleb128 0x3
 1624 00ca 08       		.uleb128 0x8
 1625 00cb 3A       		.uleb128 0x3a
 1626 00cc 0B       		.uleb128 0xb
 1627 00cd 3B       		.uleb128 0x3b
 1628 00ce 05       		.uleb128 0x5
 1629 00cf 49       		.uleb128 0x49
 1630 00d0 13       		.uleb128 0x13
 1631 00d1 38       		.uleb128 0x38
 1632 00d2 05       		.uleb128 0x5
 1633 00d3 00       		.byte	0
 1634 00d4 00       		.byte	0
 1635 00d5 12       		.uleb128 0x12
 1636 00d6 0D       		.uleb128 0xd
 1637 00d7 00       		.byte	0
 1638 00d8 03       		.uleb128 0x3
 1639 00d9 08       		.uleb128 0x8
ARM GAS  /tmp/cc0FHC0V.s 			page 30


 1640 00da 3A       		.uleb128 0x3a
 1641 00db 0B       		.uleb128 0xb
 1642 00dc 3B       		.uleb128 0x3b
 1643 00dd 0B       		.uleb128 0xb
 1644 00de 49       		.uleb128 0x49
 1645 00df 13       		.uleb128 0x13
 1646 00e0 38       		.uleb128 0x38
 1647 00e1 0B       		.uleb128 0xb
 1648 00e2 00       		.byte	0
 1649 00e3 00       		.byte	0
 1650 00e4 13       		.uleb128 0x13
 1651 00e5 13       		.uleb128 0x13
 1652 00e6 01       		.byte	0x1
 1653 00e7 0B       		.uleb128 0xb
 1654 00e8 0B       		.uleb128 0xb
 1655 00e9 3A       		.uleb128 0x3a
 1656 00ea 0B       		.uleb128 0xb
 1657 00eb 3B       		.uleb128 0x3b
 1658 00ec 0B       		.uleb128 0xb
 1659 00ed 01       		.uleb128 0x1
 1660 00ee 13       		.uleb128 0x13
 1661 00ef 00       		.byte	0
 1662 00f0 00       		.byte	0
 1663 00f1 14       		.uleb128 0x14
 1664 00f2 13       		.uleb128 0x13
 1665 00f3 01       		.byte	0x1
 1666 00f4 0B       		.uleb128 0xb
 1667 00f5 05       		.uleb128 0x5
 1668 00f6 3A       		.uleb128 0x3a
 1669 00f7 0B       		.uleb128 0xb
 1670 00f8 3B       		.uleb128 0x3b
 1671 00f9 0B       		.uleb128 0xb
 1672 00fa 01       		.uleb128 0x1
 1673 00fb 13       		.uleb128 0x13
 1674 00fc 00       		.byte	0
 1675 00fd 00       		.byte	0
 1676 00fe 15       		.uleb128 0x15
 1677 00ff 01       		.uleb128 0x1
 1678 0100 01       		.byte	0x1
 1679 0101 49       		.uleb128 0x49
 1680 0102 13       		.uleb128 0x13
 1681 0103 01       		.uleb128 0x1
 1682 0104 13       		.uleb128 0x13
 1683 0105 00       		.byte	0
 1684 0106 00       		.byte	0
 1685 0107 16       		.uleb128 0x16
 1686 0108 21       		.uleb128 0x21
 1687 0109 00       		.byte	0
 1688 010a 49       		.uleb128 0x49
 1689 010b 13       		.uleb128 0x13
 1690 010c 2F       		.uleb128 0x2f
 1691 010d 0B       		.uleb128 0xb
 1692 010e 00       		.byte	0
 1693 010f 00       		.byte	0
 1694 0110 17       		.uleb128 0x17
 1695 0111 17       		.uleb128 0x17
 1696 0112 01       		.byte	0x1
ARM GAS  /tmp/cc0FHC0V.s 			page 31


 1697 0113 0B       		.uleb128 0xb
 1698 0114 0B       		.uleb128 0xb
 1699 0115 3A       		.uleb128 0x3a
 1700 0116 0B       		.uleb128 0xb
 1701 0117 3B       		.uleb128 0x3b
 1702 0118 0B       		.uleb128 0xb
 1703 0119 01       		.uleb128 0x1
 1704 011a 13       		.uleb128 0x13
 1705 011b 00       		.byte	0
 1706 011c 00       		.byte	0
 1707 011d 18       		.uleb128 0x18
 1708 011e 0D       		.uleb128 0xd
 1709 011f 00       		.byte	0
 1710 0120 03       		.uleb128 0x3
 1711 0121 0E       		.uleb128 0xe
 1712 0122 3A       		.uleb128 0x3a
 1713 0123 0B       		.uleb128 0xb
 1714 0124 3B       		.uleb128 0x3b
 1715 0125 05       		.uleb128 0x5
 1716 0126 49       		.uleb128 0x49
 1717 0127 13       		.uleb128 0x13
 1718 0128 00       		.byte	0
 1719 0129 00       		.byte	0
 1720 012a 19       		.uleb128 0x19
 1721 012b 26       		.uleb128 0x26
 1722 012c 00       		.byte	0
 1723 012d 49       		.uleb128 0x49
 1724 012e 13       		.uleb128 0x13
 1725 012f 00       		.byte	0
 1726 0130 00       		.byte	0
 1727 0131 1A       		.uleb128 0x1a
 1728 0132 0D       		.uleb128 0xd
 1729 0133 00       		.byte	0
 1730 0134 03       		.uleb128 0x3
 1731 0135 08       		.uleb128 0x8
 1732 0136 3A       		.uleb128 0x3a
 1733 0137 0B       		.uleb128 0xb
 1734 0138 3B       		.uleb128 0x3b
 1735 0139 0B       		.uleb128 0xb
 1736 013a 49       		.uleb128 0x49
 1737 013b 13       		.uleb128 0x13
 1738 013c 00       		.byte	0
 1739 013d 00       		.byte	0
 1740 013e 1B       		.uleb128 0x1b
 1741 013f 16       		.uleb128 0x16
 1742 0140 00       		.byte	0
 1743 0141 03       		.uleb128 0x3
 1744 0142 0E       		.uleb128 0xe
 1745 0143 3A       		.uleb128 0x3a
 1746 0144 0B       		.uleb128 0xb
 1747 0145 3B       		.uleb128 0x3b
 1748 0146 05       		.uleb128 0x5
 1749 0147 49       		.uleb128 0x49
 1750 0148 13       		.uleb128 0x13
 1751 0149 00       		.byte	0
 1752 014a 00       		.byte	0
 1753 014b 1C       		.uleb128 0x1c
ARM GAS  /tmp/cc0FHC0V.s 			page 32


 1754 014c 2E       		.uleb128 0x2e
 1755 014d 01       		.byte	0x1
 1756 014e 3F       		.uleb128 0x3f
 1757 014f 19       		.uleb128 0x19
 1758 0150 03       		.uleb128 0x3
 1759 0151 0E       		.uleb128 0xe
 1760 0152 3A       		.uleb128 0x3a
 1761 0153 0B       		.uleb128 0xb
 1762 0154 3B       		.uleb128 0x3b
 1763 0155 0B       		.uleb128 0xb
 1764 0156 27       		.uleb128 0x27
 1765 0157 19       		.uleb128 0x19
 1766 0158 49       		.uleb128 0x49
 1767 0159 13       		.uleb128 0x13
 1768 015a 11       		.uleb128 0x11
 1769 015b 01       		.uleb128 0x1
 1770 015c 12       		.uleb128 0x12
 1771 015d 06       		.uleb128 0x6
 1772 015e 40       		.uleb128 0x40
 1773 015f 18       		.uleb128 0x18
 1774 0160 9642     		.uleb128 0x2116
 1775 0162 19       		.uleb128 0x19
 1776 0163 01       		.uleb128 0x1
 1777 0164 13       		.uleb128 0x13
 1778 0165 00       		.byte	0
 1779 0166 00       		.byte	0
 1780 0167 1D       		.uleb128 0x1d
 1781 0168 34       		.uleb128 0x34
 1782 0169 00       		.byte	0
 1783 016a 03       		.uleb128 0x3
 1784 016b 0E       		.uleb128 0xe
 1785 016c 3A       		.uleb128 0x3a
 1786 016d 0B       		.uleb128 0xb
 1787 016e 3B       		.uleb128 0x3b
 1788 016f 0B       		.uleb128 0xb
 1789 0170 49       		.uleb128 0x49
 1790 0171 13       		.uleb128 0x13
 1791 0172 02       		.uleb128 0x2
 1792 0173 18       		.uleb128 0x18
 1793 0174 00       		.byte	0
 1794 0175 00       		.byte	0
 1795 0176 1E       		.uleb128 0x1e
 1796 0177 34       		.uleb128 0x34
 1797 0178 00       		.byte	0
 1798 0179 03       		.uleb128 0x3
 1799 017a 0E       		.uleb128 0xe
 1800 017b 3A       		.uleb128 0x3a
 1801 017c 0B       		.uleb128 0xb
 1802 017d 3B       		.uleb128 0x3b
 1803 017e 0B       		.uleb128 0xb
 1804 017f 49       		.uleb128 0x49
 1805 0180 13       		.uleb128 0x13
 1806 0181 00       		.byte	0
 1807 0182 00       		.byte	0
 1808 0183 1F       		.uleb128 0x1f
 1809 0184 2E       		.uleb128 0x2e
 1810 0185 00       		.byte	0
ARM GAS  /tmp/cc0FHC0V.s 			page 33


 1811 0186 3F       		.uleb128 0x3f
 1812 0187 19       		.uleb128 0x19
 1813 0188 03       		.uleb128 0x3
 1814 0189 0E       		.uleb128 0xe
 1815 018a 3A       		.uleb128 0x3a
 1816 018b 0B       		.uleb128 0xb
 1817 018c 3B       		.uleb128 0x3b
 1818 018d 0B       		.uleb128 0xb
 1819 018e 27       		.uleb128 0x27
 1820 018f 19       		.uleb128 0x19
 1821 0190 11       		.uleb128 0x11
 1822 0191 01       		.uleb128 0x1
 1823 0192 12       		.uleb128 0x12
 1824 0193 06       		.uleb128 0x6
 1825 0194 40       		.uleb128 0x40
 1826 0195 18       		.uleb128 0x18
 1827 0196 9642     		.uleb128 0x2116
 1828 0198 19       		.uleb128 0x19
 1829 0199 00       		.byte	0
 1830 019a 00       		.byte	0
 1831 019b 20       		.uleb128 0x20
 1832 019c 2E       		.uleb128 0x2e
 1833 019d 00       		.byte	0
 1834 019e 3F       		.uleb128 0x3f
 1835 019f 19       		.uleb128 0x19
 1836 01a0 03       		.uleb128 0x3
 1837 01a1 0E       		.uleb128 0xe
 1838 01a2 3A       		.uleb128 0x3a
 1839 01a3 0B       		.uleb128 0xb
 1840 01a4 3B       		.uleb128 0x3b
 1841 01a5 0B       		.uleb128 0xb
 1842 01a6 27       		.uleb128 0x27
 1843 01a7 19       		.uleb128 0x19
 1844 01a8 11       		.uleb128 0x11
 1845 01a9 01       		.uleb128 0x1
 1846 01aa 12       		.uleb128 0x12
 1847 01ab 06       		.uleb128 0x6
 1848 01ac 40       		.uleb128 0x40
 1849 01ad 18       		.uleb128 0x18
 1850 01ae 9742     		.uleb128 0x2117
 1851 01b0 19       		.uleb128 0x19
 1852 01b1 00       		.byte	0
 1853 01b2 00       		.byte	0
 1854 01b3 21       		.uleb128 0x21
 1855 01b4 34       		.uleb128 0x34
 1856 01b5 00       		.byte	0
 1857 01b6 03       		.uleb128 0x3
 1858 01b7 0E       		.uleb128 0xe
 1859 01b8 3A       		.uleb128 0x3a
 1860 01b9 0B       		.uleb128 0xb
 1861 01ba 3B       		.uleb128 0x3b
 1862 01bb 05       		.uleb128 0x5
 1863 01bc 49       		.uleb128 0x49
 1864 01bd 13       		.uleb128 0x13
 1865 01be 3F       		.uleb128 0x3f
 1866 01bf 19       		.uleb128 0x19
 1867 01c0 3C       		.uleb128 0x3c
ARM GAS  /tmp/cc0FHC0V.s 			page 34


 1868 01c1 19       		.uleb128 0x19
 1869 01c2 00       		.byte	0
 1870 01c3 00       		.byte	0
 1871 01c4 22       		.uleb128 0x22
 1872 01c5 34       		.uleb128 0x34
 1873 01c6 00       		.byte	0
 1874 01c7 03       		.uleb128 0x3
 1875 01c8 08       		.uleb128 0x8
 1876 01c9 3A       		.uleb128 0x3a
 1877 01ca 0B       		.uleb128 0xb
 1878 01cb 3B       		.uleb128 0x3b
 1879 01cc 05       		.uleb128 0x5
 1880 01cd 49       		.uleb128 0x49
 1881 01ce 13       		.uleb128 0x13
 1882 01cf 3F       		.uleb128 0x3f
 1883 01d0 19       		.uleb128 0x19
 1884 01d1 3C       		.uleb128 0x3c
 1885 01d2 19       		.uleb128 0x19
 1886 01d3 00       		.byte	0
 1887 01d4 00       		.byte	0
 1888 01d5 23       		.uleb128 0x23
 1889 01d6 34       		.uleb128 0x34
 1890 01d7 00       		.byte	0
 1891 01d8 03       		.uleb128 0x3
 1892 01d9 0E       		.uleb128 0xe
 1893 01da 3A       		.uleb128 0x3a
 1894 01db 0B       		.uleb128 0xb
 1895 01dc 3B       		.uleb128 0x3b
 1896 01dd 0B       		.uleb128 0xb
 1897 01de 49       		.uleb128 0x49
 1898 01df 13       		.uleb128 0x13
 1899 01e0 3F       		.uleb128 0x3f
 1900 01e1 19       		.uleb128 0x19
 1901 01e2 02       		.uleb128 0x2
 1902 01e3 18       		.uleb128 0x18
 1903 01e4 00       		.byte	0
 1904 01e5 00       		.byte	0
 1905 01e6 00       		.byte	0
 1906              		.section	.debug_aranges,"",%progbits
 1907 0000 34000000 		.4byte	0x34
 1908 0004 0200     		.2byte	0x2
 1909 0006 00000000 		.4byte	.Ldebug_info0
 1910 000a 04       		.byte	0x4
 1911 000b 00       		.byte	0
 1912 000c 0000     		.2byte	0
 1913 000e 0000     		.2byte	0
 1914 0010 00000000 		.4byte	.LFB271
 1915 0014 64000000 		.4byte	.LFE271-.LFB271
 1916 0018 00000000 		.4byte	.LFB272
 1917 001c 64000000 		.4byte	.LFE272-.LFB272
 1918 0020 00000000 		.4byte	.LFB273
 1919 0024 10000000 		.4byte	.LFE273-.LFB273
 1920 0028 00000000 		.4byte	.LFB274
 1921 002c 04000000 		.4byte	.LFE274-.LFB274
 1922 0030 00000000 		.4byte	0
 1923 0034 00000000 		.4byte	0
 1924              		.section	.debug_ranges,"",%progbits
ARM GAS  /tmp/cc0FHC0V.s 			page 35


 1925              	.Ldebug_ranges0:
 1926 0000 00000000 		.4byte	.LFB271
 1927 0004 64000000 		.4byte	.LFE271
 1928 0008 00000000 		.4byte	.LFB272
 1929 000c 64000000 		.4byte	.LFE272
 1930 0010 00000000 		.4byte	.LFB273
 1931 0014 10000000 		.4byte	.LFE273
 1932 0018 00000000 		.4byte	.LFB274
 1933 001c 04000000 		.4byte	.LFE274
 1934 0020 00000000 		.4byte	0
 1935 0024 00000000 		.4byte	0
 1936              		.section	.debug_line,"",%progbits
 1937              	.Ldebug_line0:
 1938 0000 82020000 		.section	.debug_str,"MS",%progbits,1
 1938      02001302 
 1938      00000201 
 1938      FB0E0D00 
 1938      01010101 
 1939              	.LASF100:
 1940 0000 74625F70 		.ascii	"tb_ptr\000"
 1940      747200
 1941              	.LASF57:
 1942 0007 72656164 		.ascii	"ready_list_t\000"
 1942      795F6C69 
 1942      73745F74 
 1942      00
 1943              	.LASF94:
 1944 0014 73655F74 		.ascii	"se_time\000"
 1944      696D6500 
 1945              	.LASF2:
 1946 001c 73697A65 		.ascii	"size_t\000"
 1946      5F7400
 1947              	.LASF115:
 1948 0023 7264796D 		.ascii	"rdymsg\000"
 1948      736700
 1949              	.LASF19:
 1950 002a 75696E74 		.ascii	"uint64_t\000"
 1950      36345F74 
 1950      00
 1951              	.LASF87:
 1952 0033 6B65726E 		.ascii	"kernel_stats\000"
 1952      656C5F73 
 1952      74617473 
 1952      00
 1953              	.LASF3:
 1954 0040 5F5F7569 		.ascii	"__uint8_t\000"
 1954      6E74385F 
 1954      7400
 1955              	.LASF134:
 1956 004a 4F545950 		.ascii	"OTYPER\000"
 1956      455200
 1957              	.LASF93:
 1958 0051 706F7274 		.ascii	"port_intctx\000"
 1958      5F696E74 
 1958      63747800 
 1959              	.LASF56:
 1960 005d 63685F74 		.ascii	"ch_threads_queue\000"
ARM GAS  /tmp/cc0FHC0V.s 			page 36


 1960      68726561 
 1960      64735F71 
 1960      75657565 
 1960      00
 1961              	.LASF76:
 1962 006e 73797374 		.ascii	"system_debug_t\000"
 1962      656D5F64 
 1962      65627567 
 1962      5F7400
 1963              	.LASF142:
 1964 007d 696F706F 		.ascii	"ioportmask_t\000"
 1964      72746D61 
 1964      736B5F74 
 1964      00
 1965              	.LASF106:
 1966 008a 776F7273 		.ascii	"worst\000"
 1966      7400
 1967              	.LASF109:
 1968 0090 74696D65 		.ascii	"time_measurement_t\000"
 1968      5F6D6561 
 1968      73757265 
 1968      6D656E74 
 1968      5F7400
 1969              	.LASF133:
 1970 00a3 4D4F4445 		.ascii	"MODER\000"
 1970      5200
 1971              	.LASF14:
 1972 00a9 6C6F6E67 		.ascii	"long long unsigned int\000"
 1972      206C6F6E 
 1972      6720756E 
 1972      7369676E 
 1972      65642069 
 1973              	.LASF102:
 1974 00c0 63685F74 		.ascii	"ch_trace_buffer_t\000"
 1974      72616365 
 1974      5F627566 
 1974      6665725F 
 1974      7400
 1975              	.LASF97:
 1976 00d2 73655F73 		.ascii	"se_state\000"
 1976      74617465 
 1976      00
 1977              	.LASF136:
 1978 00db 50555044 		.ascii	"PUPDR\000"
 1978      5200
 1979              	.LASF116:
 1980 00e1 65786974 		.ascii	"exitcode\000"
 1980      636F6465 
 1980      00
 1981              	.LASF86:
 1982 00ea 6D61696E 		.ascii	"mainthread\000"
 1982      74687265 
 1982      616400
 1983              	.LASF73:
 1984 00f5 76697274 		.ascii	"virtual_timers_list_t\000"
 1984      75616C5F 
 1984      74696D65 
ARM GAS  /tmp/cc0FHC0V.s 			page 37


 1984      72735F6C 
 1984      6973745F 
 1985              	.LASF149:
 1986 010b 49544D5F 		.ascii	"ITM_RxBuffer\000"
 1986      52784275 
 1986      66666572 
 1986      00
 1987              	.LASF21:
 1988 0118 72747469 		.ascii	"rttime_t\000"
 1988      6D655F74 
 1988      00
 1989              	.LASF34:
 1990 0121 705F7072 		.ascii	"p_prio\000"
 1990      696F00
 1991              	.LASF12:
 1992 0128 6C6F6E67 		.ascii	"long long int\000"
 1992      206C6F6E 
 1992      6720696E 
 1992      7400
 1993              	.LASF1:
 1994 0136 7369676E 		.ascii	"signed char\000"
 1994      65642063 
 1994      68617200 
 1995              	.LASF137:
 1996 0142 42535252 		.ascii	"BSRR\000"
 1996      00
 1997              	.LASF49:
 1998 0147 705F6D70 		.ascii	"p_mpool\000"
 1998      6F6F6C00 
 1999              	.LASF126:
 2000 014f 6D5F7175 		.ascii	"m_queue\000"
 2000      65756500 
 2001              	.LASF85:
 2002 0157 76746C69 		.ascii	"vtlist\000"
 2002      737400
 2003              	.LASF118:
 2004 015e 77747472 		.ascii	"wttrp\000"
 2004      7000
 2005              	.LASF83:
 2006 0164 63685F73 		.ascii	"ch_system\000"
 2006      79737465 
 2006      6D00
 2007              	.LASF9:
 2008 016e 6C6F6E67 		.ascii	"long int\000"
 2008      20696E74 
 2008      00
 2009              	.LASF23:
 2010 0177 74737461 		.ascii	"tstate_t\000"
 2010      74655F74 
 2010      00
 2011              	.LASF95:
 2012 0180 73655F74 		.ascii	"se_tp\000"
 2012      7000
 2013              	.LASF144:
 2014 0186 7365745F 		.ascii	"set_cca_exp_io_mode\000"
 2014      6363615F 
 2014      6578705F 
ARM GAS  /tmp/cc0FHC0V.s 			page 38


 2014      696F5F6D 
 2014      6F646500 
 2015              	.LASF150:
 2016 019a 6363615F 		.ascii	"cca_exp_io_mode\000"
 2016      6578705F 
 2016      696F5F6D 
 2016      6F646500 
 2017              	.LASF151:
 2018 01aa 474E5520 		.ascii	"GNU C 4.8.4 20141219 (release) -mcpu=cortex-m4 -mno"
 2018      4320342E 
 2018      382E3420 
 2018      32303134 
 2018      31323139 
 2019 01dd 2D746875 		.ascii	"-thumb-interwork -mthumb -ggdb -O0 -fomit-frame-poi"
 2019      6D622D69 
 2019      6E746572 
 2019      776F726B 
 2019      202D6D74 
 2020 0210 6E746572 		.ascii	"nter -falign-functions=16 -ffunction-sections -fdat"
 2020      202D6661 
 2020      6C69676E 
 2020      2D66756E 
 2020      6374696F 
 2021 0243 612D7365 		.ascii	"a-sections -fno-common\000"
 2021      6374696F 
 2021      6E73202D 
 2021      666E6F2D 
 2021      636F6D6D 
 2022              	.LASF36:
 2023 025a 705F6E65 		.ascii	"p_newer\000"
 2023      77657200 
 2024              	.LASF123:
 2025 0262 735F7175 		.ascii	"s_queue\000"
 2025      65756500 
 2026              	.LASF99:
 2027 026a 74625F73 		.ascii	"tb_size\000"
 2027      697A6500 
 2028              	.LASF135:
 2029 0272 4F535045 		.ascii	"OSPEEDR\000"
 2029      45445200 
 2030              	.LASF62:
 2031 027a 725F6E65 		.ascii	"r_newer\000"
 2031      77657200 
 2032              	.LASF90:
 2033 0282 72656761 		.ascii	"regarm_t\000"
 2033      726D5F74 
 2033      00
 2034              	.LASF69:
 2035 028b 76745F70 		.ascii	"vt_prev\000"
 2035      72657600 
 2036              	.LASF77:
 2037 0293 63685F73 		.ascii	"ch_system_debug\000"
 2037      79737465 
 2037      6D5F6465 
 2037      62756700 
 2038              	.LASF148:
 2039 02a3 73657269 		.ascii	"serialTalk\000"
ARM GAS  /tmp/cc0FHC0V.s 			page 39


 2039      616C5461 
 2039      6C6B00
 2040              	.LASF130:
 2041 02ae 6D757465 		.ascii	"mutex_t\000"
 2041      785F7400 
 2042              	.LASF80:
 2043 02b6 6C6F636B 		.ascii	"lock_cnt\000"
 2043      5F636E74 
 2043      00
 2044              	.LASF88:
 2045 02bf 69646C65 		.ascii	"idle_thread_wa\000"
 2045      5F746872 
 2045      6561645F 
 2045      776100
 2046              	.LASF28:
 2047 02ce 636E745F 		.ascii	"cnt_t\000"
 2047      7400
 2048              	.LASF39:
 2049 02d4 705F7374 		.ascii	"p_stklimit\000"
 2049      6B6C696D 
 2049      697400
 2050              	.LASF0:
 2051 02df 756E7369 		.ascii	"unsigned int\000"
 2051      676E6564 
 2051      20696E74 
 2051      00
 2052              	.LASF68:
 2053 02ec 76745F6E 		.ascii	"vt_next\000"
 2053      65787400 
 2054              	.LASF16:
 2055 02f4 75696E74 		.ascii	"uint16_t\000"
 2055      31365F74 
 2055      00
 2056              	.LASF119:
 2057 02fd 77747365 		.ascii	"wtsemp\000"
 2057      6D7000
 2058              	.LASF153:
 2059 0304 2F686F6D 		.ascii	"/home/efe/projeler/io-expander.dev.efe-rev2\000"
 2059      652F6566 
 2059      652F7072 
 2059      6F6A656C 
 2059      65722F69 
 2060              	.LASF44:
 2061 0330 705F6D73 		.ascii	"p_msgqueue\000"
 2061      67717565 
 2061      756500
 2062              	.LASF138:
 2063 033b 4C434B52 		.ascii	"LCKR\000"
 2063      00
 2064              	.LASF110:
 2065 0340 6E5F6972 		.ascii	"n_irq\000"
 2065      7100
 2066              	.LASF124:
 2067 0346 735F636E 		.ascii	"s_cnt\000"
 2067      7400
 2068              	.LASF7:
 2069 034c 73686F72 		.ascii	"short unsigned int\000"
ARM GAS  /tmp/cc0FHC0V.s 			page 40


 2069      7420756E 
 2069      7369676E 
 2069      65642069 
 2069      6E7400
 2070              	.LASF114:
 2071 035f 6B65726E 		.ascii	"kernel_stats_t\000"
 2071      656C5F73 
 2071      74617473 
 2071      5F7400
 2072              	.LASF53:
 2073 036e 63685F74 		.ascii	"ch_thread\000"
 2073      68726561 
 2073      6400
 2074              	.LASF26:
 2075 0378 6D73675F 		.ascii	"msg_t\000"
 2075      7400
 2076              	.LASF107:
 2077 037e 6C617374 		.ascii	"last\000"
 2077      00
 2078              	.LASF29:
 2079 0383 75636E74 		.ascii	"ucnt_t\000"
 2079      5F7400
 2080              	.LASF82:
 2081 038a 63685F73 		.ascii	"ch_system_t\000"
 2081      79737465 
 2081      6D5F7400 
 2082              	.LASF155:
 2083 0396 77726974 		.ascii	"writer\000"
 2083      657200
 2084              	.LASF152:
 2085 039d 6D61696E 		.ascii	"main.c\000"
 2085      2E6300
 2086              	.LASF22:
 2087 03a4 746D6F64 		.ascii	"tmode_t\000"
 2087      655F7400 
 2088              	.LASF113:
 2089 03ac 6D5F6372 		.ascii	"m_crit_isr\000"
 2089      69745F69 
 2089      737200
 2090              	.LASF58:
 2091 03b7 63685F72 		.ascii	"ch_ready_list\000"
 2091      65616479 
 2091      5F6C6973 
 2091      7400
 2092              	.LASF27:
 2093 03c5 6576656E 		.ascii	"eventmask_t\000"
 2093      746D6173 
 2093      6B5F7400 
 2094              	.LASF8:
 2095 03d1 5F5F696E 		.ascii	"__int32_t\000"
 2095      7433325F 
 2095      7400
 2096              	.LASF91:
 2097 03db 73746B61 		.ascii	"stkalign_t\000"
 2097      6C69676E 
 2097      5F7400
 2098              	.LASF143:
ARM GAS  /tmp/cc0FHC0V.s 			page 41


 2099 03e6 696E6974 		.ascii	"init_IO\000"
 2099      5F494F00 
 2100              	.LASF43:
 2101 03ee 705F7761 		.ascii	"p_waiting\000"
 2101      6974696E 
 2101      6700
 2102              	.LASF89:
 2103 03f8 73697A65 		.ascii	"sizetype\000"
 2103      74797065 
 2103      00
 2104              	.LASF51:
 2105 0401 74687265 		.ascii	"thread_reference_t\000"
 2105      61645F72 
 2105      65666572 
 2105      656E6365 
 2105      5F7400
 2106              	.LASF146:
 2107 0414 6C697374 		.ascii	"listener\000"
 2107      656E6572 
 2107      00
 2108              	.LASF74:
 2109 041d 63685F76 		.ascii	"ch_virtual_timers_list\000"
 2109      69727475 
 2109      616C5F74 
 2109      696D6572 
 2109      735F6C69 
 2110              	.LASF132:
 2111 0434 636C6561 		.ascii	"clear\000"
 2111      7200
 2112              	.LASF98:
 2113 043a 63685F73 		.ascii	"ch_swc_event_t\000"
 2113      77635F65 
 2113      76656E74 
 2113      5F7400
 2114              	.LASF75:
 2115 0449 76745F6C 		.ascii	"vt_lasttime\000"
 2115      61737474 
 2115      696D6500 
 2116              	.LASF37:
 2117 0455 705F6F6C 		.ascii	"p_older\000"
 2117      64657200 
 2118              	.LASF61:
 2119 045d 725F6374 		.ascii	"r_ctx\000"
 2119      7800
 2120              	.LASF104:
 2121 0463 746D5F63 		.ascii	"tm_calibration_t\000"
 2121      616C6962 
 2121      72617469 
 2121      6F6E5F74 
 2121      00
 2122              	.LASF145:
 2123 0474 696E6974 		.ascii	"init_globals\000"
 2123      5F676C6F 
 2123      62616C73 
 2123      00
 2124              	.LASF64:
 2125 0481 725F6375 		.ascii	"r_current\000"
ARM GAS  /tmp/cc0FHC0V.s 			page 42


 2125      7272656E 
 2125      7400
 2126              	.LASF63:
 2127 048b 725F6F6C 		.ascii	"r_older\000"
 2127      64657200 
 2128              	.LASF13:
 2129 0493 5F5F7569 		.ascii	"__uint64_t\000"
 2129      6E743634 
 2129      5F7400
 2130              	.LASF140:
 2131 049e 41465248 		.ascii	"AFRH\000"
 2131      00
 2132              	.LASF108:
 2133 04a3 63756D75 		.ascii	"cumulative\000"
 2133      6C617469 
 2133      766500
 2134              	.LASF139:
 2135 04ae 4146524C 		.ascii	"AFRL\000"
 2135      00
 2136              	.LASF24:
 2137 04b3 74726566 		.ascii	"trefs_t\000"
 2137      735F7400 
 2138              	.LASF101:
 2139 04bb 74625F62 		.ascii	"tb_buffer\000"
 2139      75666665 
 2139      7200
 2140              	.LASF66:
 2141 04c5 76697274 		.ascii	"virtual_timer_t\000"
 2141      75616C5F 
 2141      74696D65 
 2141      725F7400 
 2142              	.LASF33:
 2143 04d5 705F7072 		.ascii	"p_prev\000"
 2143      657600
 2144              	.LASF25:
 2145 04dc 74707269 		.ascii	"tprio_t\000"
 2145      6F5F7400 
 2146              	.LASF111:
 2147 04e4 6E5F6374 		.ascii	"n_ctxswc\000"
 2147      78737763 
 2147      00
 2148              	.LASF131:
 2149 04ed 5F426F6F 		.ascii	"_Bool\000"
 2149      6C00
 2150              	.LASF17:
 2151 04f3 696E7433 		.ascii	"int32_t\000"
 2151      325F7400 
 2152              	.LASF4:
 2153 04fb 756E7369 		.ascii	"unsigned char\000"
 2153      676E6564 
 2153      20636861 
 2153      7200
 2154              	.LASF47:
 2155 0509 705F6D74 		.ascii	"p_mtxlist\000"
 2155      786C6973 
 2155      7400
 2156              	.LASF5:
ARM GAS  /tmp/cc0FHC0V.s 			page 43


 2157 0513 73686F72 		.ascii	"short int\000"
 2157      7420696E 
 2157      7400
 2158              	.LASF40:
 2159 051d 705F7374 		.ascii	"p_state\000"
 2159      61746500 
 2160              	.LASF141:
 2161 0525 73746D33 		.ascii	"stm32_gpio_t\000"
 2161      325F6770 
 2161      696F5F74 
 2161      00
 2162              	.LASF60:
 2163 0532 725F7072 		.ascii	"r_prio\000"
 2163      696F00
 2164              	.LASF121:
 2165 0539 65776D61 		.ascii	"ewmask\000"
 2165      736B00
 2166              	.LASF32:
 2167 0540 705F6E65 		.ascii	"p_next\000"
 2167      787400
 2168              	.LASF41:
 2169 0547 705F666C 		.ascii	"p_flags\000"
 2169      61677300 
 2170              	.LASF50:
 2171 054f 705F7374 		.ascii	"p_stats\000"
 2171      61747300 
 2172              	.LASF67:
 2173 0557 63685F76 		.ascii	"ch_virtual_timer\000"
 2173      69727475 
 2173      616C5F74 
 2173      696D6572 
 2173      00
 2174              	.LASF122:
 2175 0568 63685F73 		.ascii	"ch_semaphore\000"
 2175      656D6170 
 2175      686F7265 
 2175      00
 2176              	.LASF46:
 2177 0575 705F6570 		.ascii	"p_epending\000"
 2177      656E6469 
 2177      6E6700
 2178              	.LASF18:
 2179 0580 75696E74 		.ascii	"uint32_t\000"
 2179      33325F74 
 2179      00
 2180              	.LASF120:
 2181 0589 77746D74 		.ascii	"wtmtxp\000"
 2181      787000
 2182              	.LASF59:
 2183 0590 725F7175 		.ascii	"r_queue\000"
 2183      65756500 
 2184              	.LASF70:
 2185 0598 76745F64 		.ascii	"vt_delta\000"
 2185      656C7461 
 2185      00
 2186              	.LASF54:
 2187 05a1 63685F74 		.ascii	"ch_threads_list\000"
ARM GAS  /tmp/cc0FHC0V.s 			page 44


 2187      68726561 
 2187      64735F6C 
 2187      69737400 
 2188              	.LASF11:
 2189 05b1 6C6F6E67 		.ascii	"long unsigned int\000"
 2189      20756E73 
 2189      69676E65 
 2189      6420696E 
 2189      7400
 2190              	.LASF129:
 2191 05c3 63686172 		.ascii	"char\000"
 2191      00
 2192              	.LASF6:
 2193 05c8 5F5F7569 		.ascii	"__uint16_t\000"
 2193      6E743136 
 2193      5F7400
 2194              	.LASF31:
 2195 05d3 74687265 		.ascii	"thread_t\000"
 2195      61645F74 
 2195      00
 2196              	.LASF105:
 2197 05dc 62657374 		.ascii	"best\000"
 2197      00
 2198              	.LASF128:
 2199 05e1 6D5F6E65 		.ascii	"m_next\000"
 2199      787400
 2200              	.LASF30:
 2201 05e8 73797374 		.ascii	"systime_t\000"
 2201      696D655F 
 2201      7400
 2202              	.LASF48:
 2203 05f2 705F7265 		.ascii	"p_realprio\000"
 2203      616C7072 
 2203      696F00
 2204              	.LASF65:
 2205 05fd 76746675 		.ascii	"vtfunc_t\000"
 2205      6E635F74 
 2205      00
 2206              	.LASF10:
 2207 0606 5F5F7569 		.ascii	"__uint32_t\000"
 2207      6E743332 
 2207      5F7400
 2208              	.LASF147:
 2209 0611 73657269 		.ascii	"serialListen\000"
 2209      616C4C69 
 2209      7374656E 
 2209      00
 2210              	.LASF78:
 2211 061e 70616E69 		.ascii	"panic_msg\000"
 2211      635F6D73 
 2211      6700
 2212              	.LASF103:
 2213 0628 6F666673 		.ascii	"offset\000"
 2213      657400
 2214              	.LASF92:
 2215 062f 636F6E74 		.ascii	"context\000"
 2215      65787400 
ARM GAS  /tmp/cc0FHC0V.s 			page 45


 2216              	.LASF20:
 2217 0637 7274636E 		.ascii	"rtcnt_t\000"
 2217      745F7400 
 2218              	.LASF72:
 2219 063f 76745F70 		.ascii	"vt_par\000"
 2219      617200
 2220              	.LASF55:
 2221 0646 74687265 		.ascii	"threads_queue_t\000"
 2221      6164735F 
 2221      71756575 
 2221      655F7400 
 2222              	.LASF125:
 2223 0656 63685F6D 		.ascii	"ch_mutex\000"
 2223      75746578 
 2223      00
 2224              	.LASF42:
 2225 065f 705F7265 		.ascii	"p_refs\000"
 2225      667300
 2226              	.LASF79:
 2227 0666 6973725F 		.ascii	"isr_cnt\000"
 2227      636E7400 
 2228              	.LASF84:
 2229 066e 726C6973 		.ascii	"rlist\000"
 2229      7400
 2230              	.LASF15:
 2231 0674 75696E74 		.ascii	"uint8_t\000"
 2231      385F7400 
 2232              	.LASF117:
 2233 067c 77746F62 		.ascii	"wtobjp\000"
 2233      6A7000
 2234              	.LASF38:
 2235 0683 705F6E61 		.ascii	"p_name\000"
 2235      6D6500
 2236              	.LASF52:
 2237 068a 74687265 		.ascii	"threads_list_t\000"
 2237      6164735F 
 2237      6C697374 
 2237      5F7400
 2238              	.LASF81:
 2239 0699 74726163 		.ascii	"trace_buffer\000"
 2239      655F6275 
 2239      66666572 
 2239      00
 2240              	.LASF45:
 2241 06a6 705F6D73 		.ascii	"p_msg\000"
 2241      6700
 2242              	.LASF154:
 2243 06ac 6D61696E 		.ascii	"main\000"
 2243      00
 2244              	.LASF112:
 2245 06b1 6D5F6372 		.ascii	"m_crit_thd\000"
 2245      69745F74 
 2245      686400
 2246              	.LASF127:
 2247 06bc 6D5F6F77 		.ascii	"m_owner\000"
 2247      6E657200 
 2248              	.LASF96:
ARM GAS  /tmp/cc0FHC0V.s 			page 46


 2249 06c4 73655F77 		.ascii	"se_wtobjp\000"
 2249      746F626A 
 2249      7000
 2250              	.LASF35:
 2251 06ce 705F6374 		.ascii	"p_ctx\000"
 2251      7800
 2252              	.LASF71:
 2253 06d4 76745F66 		.ascii	"vt_func\000"
 2253      756E6300 
 2254              		.ident	"GCC: (4.8.4-1+11-1) 4.8.4 20141219 (release)"
ARM GAS  /tmp/cc0FHC0V.s 			page 47


DEFINED SYMBOLS
                            *ABS*:0000000000000000 main.c
     /tmp/cc0FHC0V.s:19     .bss.serialListen:0000000000000000 $d
     /tmp/cc0FHC0V.s:22     .bss.serialListen:0000000000000000 serialListen
     /tmp/cc0FHC0V.s:25     .bss.serialTalk:0000000000000000 $d
     /tmp/cc0FHC0V.s:28     .bss.serialTalk:0000000000000000 serialTalk
     /tmp/cc0FHC0V.s:34     .bss.cca_exp_io_mode:0000000000000000 cca_exp_io_mode
     /tmp/cc0FHC0V.s:35     .bss.cca_exp_io_mode:0000000000000000 $d
     /tmp/cc0FHC0V.s:37     .text.main:0000000000000000 $t
     /tmp/cc0FHC0V.s:43     .text.main:0000000000000000 main
     /tmp/cc0FHC0V.s:113    .text.init_IO:0000000000000000 init_IO
     /tmp/cc0FHC0V.s:99     .text.main:0000000000000054 $d
     /tmp/cc0FHC0V.s:107    .text.init_IO:0000000000000000 $t
     /tmp/cc0FHC0V.s:168    .text.init_IO:0000000000000054 $d
     /tmp/cc0FHC0V.s:176    .text.set_cca_exp_io_mode:0000000000000000 $t
     /tmp/cc0FHC0V.s:182    .text.set_cca_exp_io_mode:0000000000000000 set_cca_exp_io_mode
     /tmp/cc0FHC0V.s:200    .text.set_cca_exp_io_mode:000000000000000c $d
     /tmp/cc0FHC0V.s:205    .text.init_globals:0000000000000000 $t
     /tmp/cc0FHC0V.s:211    .text.init_globals:0000000000000000 init_globals
                     .debug_frame:0000000000000010 $d
     /tmp/cc0FHC0V.s:106    .text.main:0000000000000064 $t
     /tmp/cc0FHC0V.s:175    .text.init_IO:0000000000000064 $t

UNDEFINED SYMBOLS
halInit
chSysInit
chThdSetPriority
init_protocol
chThdCreateStatic
chThdSleep
rxListen
_pal_lld_setgroupmode
